2025-11-30 00:22:29.931 | INFO | 找到 5 个可用字体
2025-11-30 00:22:29.937 | INFO | ============================================================
2025-11-30 00:22:29.939 | INFO | PCR OCR 高精度训练（字体合成数据方案）
2025-11-30 00:22:29.940 | INFO | ============================================================
2025-11-30 00:22:29.941 | INFO | 合成数据数量: 5000
2025-11-30 00:22:29.942 | INFO | 真实数据: train_data/timer_manual_20251129_143812
2025-11-30 00:22:29.943 | INFO | 
2025-11-30 00:22:29.956 | INFO | 生成 5000 张合成图像...
2025-11-30 00:22:30.507 | INFO |   已生成: 500/5000
2025-11-30 00:22:31.198 | INFO |   已生成: 1000/5000
2025-11-30 00:22:31.808 | INFO |   已生成: 1500/5000
2025-11-30 00:22:32.468 | INFO |   已生成: 2000/5000
2025-11-30 00:22:33.085 | INFO |   已生成: 2500/5000
2025-11-30 00:22:33.725 | INFO |   已生成: 3000/5000
2025-11-30 00:22:34.389 | INFO |   已生成: 3500/5000
2025-11-30 00:22:35.027 | INFO |   已生成: 4000/5000
2025-11-30 00:22:35.627 | INFO |   已生成: 4500/5000
2025-11-30 00:22:36.293 | INFO |   已生成: 5000/5000
2025-11-30 00:22:36.298 | INFO | 合成数据集生成完成: train_data/synth_20251130_002229
2025-11-30 00:22:36.299 | INFO |   图像: 5000 张
2025-11-30 00:22:36.301 | INFO |   标注: train_data/synth_20251130_002229\labels.txt
2025-11-30 00:22:36.303 | INFO | ============================================================
2025-11-30 00:22:36.304 | INFO | 合并数据集
2025-11-30 00:22:36.305 | INFO | ============================================================
2025-11-30 00:22:36.306 | INFO | 真实数据: train_data/timer_manual_20251129_143812
2025-11-30 00:22:36.307 | INFO | 合成数据: train_data/synth_20251130_002229
2025-11-30 00:22:36.308 | INFO | 输出目录: train_data/synth_mixed_20251130_002229
2025-11-30 00:22:36.309 | INFO | 真实数据占比: 15%
2025-11-30 00:22:36.311 | INFO | 
2025-11-30 00:22:36.318 | INFO | 真实数据: 243 张
2025-11-30 00:22:36.320 | INFO | 合成数据: 5000 张
2025-11-30 00:22:36.321 | INFO | 使用真实数据: 243 张 (15%)
2025-11-30 00:22:36.322 | INFO | 使用合成数据: 1377 张 (85%)
2025-11-30 00:22:36.323 | INFO | 
2025-11-30 00:22:37.638 | INFO | 数据集合并完成！
2025-11-30 00:22:37.640 | INFO | 总样本数: 1620 张
2025-11-30 00:22:37.641 | INFO | 输出目录: train_data/synth_mixed_20251130_002229
2025-11-30 00:22:37.642 | INFO | 
2025-11-30 00:22:37.643 | INFO | ============================================================
2025-11-30 00:22:37.644 | INFO | 准备 PaddleOCR 训练格式
2025-11-30 00:22:37.645 | INFO | ============================================================
2025-11-30 00:22:37.648 | INFO | 训练集: 1458 张
2025-11-30 00:22:37.649 | INFO | 验证集: 162 张
2025-11-30 00:22:38.904 | INFO | PaddleOCR 数据已准备到: models/pcr_timer_paddle_20251130_002229
2025-11-30 00:22:38.905 | INFO | 
2025-11-30 00:22:38.906 | INFO | ============================================================
2025-11-30 00:22:38.907 | INFO | PaddleOCR 训练步骤
2025-11-30 00:22:38.908 | INFO | ============================================================
2025-11-30 00:22:38.909 | INFO | 
2025-11-30 00:22:38.910 | INFO | 1. 克隆 PaddleOCR 仓库（如果还没有）:
2025-11-30 00:22:38.911 | INFO |    git clone https://github.com/PaddlePaddle/PaddleOCR.git
2025-11-30 00:22:38.912 | INFO |    cd PaddleOCR
2025-11-30 00:22:38.913 | INFO | 
2025-11-30 00:22:38.913 | INFO | 2. 安装依赖:
2025-11-30 00:22:38.915 | INFO |    pip install -r requirements.txt
2025-11-30 00:22:38.915 | INFO | 
2025-11-30 00:22:38.916 | INFO | 3. 训练命令:
2025-11-30 00:22:38.917 | INFO | 
2025-11-30 00:22:38.918 | INFO | python tools/train.py \
    -c configs/rec/rec_r34_vd_none_bilstm_ctc.yml \
    -o Global.character_dict_path=E:\BaiduSyncdisk\GameScript\PCR_GBA_Tool\models\pcr_timer_paddle_20251130_002229/rec_dict.txt \
    -o Global.save_model_dir=./output/pcr_timer \
    -o Global.epoch_num=100 \
    -o Global.eval_batch_step=[0,100] \
    -o Train.dataset.data_dir=E:\BaiduSyncdisk\GameScript\PCR_GBA_Tool\models\pcr_timer_paddle_20251130_002229 \
    -o Train.dataset.label_file_list=[E:\BaiduSyncdisk\GameScript\PCR_GBA_Tool\models\pcr_timer_paddle_20251130_002229/train_list.txt] \
    -o Eval.dataset.data_dir=E:\BaiduSyncdisk\GameScript\PCR_GBA_Tool\models\pcr_timer_paddle_20251130_002229 \
    -o Eval.dataset.label_file_list=[E:\BaiduSyncdisk\GameScript\PCR_GBA_Tool\models\pcr_timer_paddle_20251130_002229/val_list.txt]
2025-11-30 00:22:38.926 | INFO | 
2025-11-30 00:22:38.928 | INFO | 4. 导出模型:
2025-11-30 00:22:38.929 | INFO |    python tools/export_model.py \
2025-11-30 00:22:38.930 | INFO |        -c configs/rec/rec_r34_vd_none_bilstm_ctc.yml \
2025-11-30 00:22:38.931 | INFO |        -o Global.pretrained_model=./output/pcr_timer/best_accuracy \
2025-11-30 00:22:38.932 | INFO |        -o Global.save_inference_dir=./inference/pcr_timer
2025-11-30 00:22:38.933 | INFO | 
2025-11-30 00:22:38.934 | INFO | 详细文档:
2025-11-30 00:22:38.935 | INFO |   https://github.com/PaddlePaddle/PaddleOCR/blob/main/doc/doc_ch/recognition.md
2025-11-30 00:22:38.935 | INFO | 
