2025-11-28 22:29:48.373 | INFO | Bind task ['Pcr']
2025-11-28 22:29:48.378 | INFO | Current config: Serial='127.0.0.1:16384', PackageName='auto'
2025-11-28 22:29:53.448 | INFO | Found 0 devices total
2025-11-28 22:29:53.449 | INFO | Available devices: []
2025-11-28 22:29:53.451 | INFO | Found 0 devices total
2025-11-28 22:29:53.452 | INFO | Available devices: []
2025-11-28 22:29:53.453 | INFO | Attempting to connect to 127.0.0.1:16384
2025-11-28 22:29:54.480 | INFO | Found device: 127.0.0.1:16384 (device)
2025-11-28 22:29:54.481 | INFO | Found 1 devices total
2025-11-28 22:29:54.482 | INFO |   [1] 127.0.0.1:16384 - Status: device
2025-11-28 22:29:54.484 | INFO | Available devices (status='device'): 1
2025-11-28 22:29:54.485 | INFO | Selected device: 127.0.0.1:16384
2025-11-28 22:29:54.487 | INFO | Found device: 127.0.0.1:16384 (device)
2025-11-28 22:29:54.487 | INFO | Connecting to 127.0.0.1:16384 (trial 1/3)
2025-11-28 22:29:55.490 | INFO | Connected to device: 127.0.0.1:16384
2025-11-28 22:29:55.491 | INFO | AdbDevice = AdbDevice(serial=127.0.0.1:16384)
2025-11-28 22:29:55.509 | INFO | Detected package: com.bilibili.priconne
2025-11-28 22:29:55.510 | INFO | PackageName = com.bilibili.priconne
2025-11-28 22:29:55.512 | INFO | Device initialized successfully
2025-11-28 22:29:55.513 | INFO | Early initializing MaaTouch
2025-11-28 22:29:55.514 | INFO | [bold]<<< MAATOUCH INIT >>>[/bold]
2025-11-28 22:29:55.515 | INFO | Disable stuck detection
2025-11-28 22:29:55.517 | INFO | 当前游戏倍速: 1x
2025-11-28 22:29:55.519 | INFO | 倒计时识别区域: (1050, 18, 1120, 48)
2025-11-28 22:29:55.520 | INFO | 截图间隔: 1.00 秒
2025-11-28 22:29:55.523 | INFO | 错误截图保存到: tests/ocr_errors/
2025-11-28 22:29:55.524 | INFO | 开始实时识别倒计时...
2025-11-28 22:29:55.525 | INFO | 按 Ctrl+C 停止测试
2025-11-28 22:29:55.526 | INFO | 
2025-11-28 22:29:55.527 | INFO | Update droidcast resolution
2025-11-28 22:29:55.536 | INFO | Device Orientation = 1 (HOME key on the right)
2025-11-28 22:29:55.951 | INFO | ^ 10 1280 720 255
2025-11-28 22:29:55.953 | INFO | $ 255
2025-11-28 22:29:55.954 | INFO | MaaTouch stream connected
2025-11-28 22:29:55.955 | INFO | max_contact: 10; max_x: 1280; max_y: 720; max_pressure: 255
2025-11-28 22:29:56.327 | INFO | Device Orientation = 1 (HOME key on the right)
2025-11-28 22:29:56.329 | INFO | Droidcast resolution: (720, 1280)
2025-11-28 22:29:56.331 | INFO | Create forward: ForwardItem(serial='127.0.0.1:16384', local='tcp:20753', remote='tcp:53516')
2025-11-28 22:29:56.335 | ERROR | ConnectionError: ('Connection aborted.', RemoteDisconnected('Remote end closed connection without response'))
2025-11-28 22:29:59.338 | INFO | [bold]<<< DROIDCAST INIT >>>[/bold]
2025-11-28 22:29:59.339 | INFO | Stopping DroidCast
2025-11-28 22:29:59.350 | INFO | Update droidcast resolution
2025-11-28 22:29:59.369 | INFO | Device Orientation = 1 (HOME key on the right)
2025-11-28 22:29:59.370 | INFO | Droidcast resolution: (720, 1280)
2025-11-28 22:29:59.372 | INFO | Pushing DroidCast apk
2025-11-28 22:29:59.429 | INFO | Starting DroidCast apk
2025-11-28 22:29:59.435 | INFO | ShellBackgroundResponse(success=True, pid=5198, description='Successfully started program: CLASSPATH=/data/local/tmp/DroidCast_raw.apk app_process / ink.mol.droidcast_raw.Main > /dev/null')
2025-11-28 22:29:59.438 | INFO | Reuse forward: ForwardItem(serial='127.0.0.1:16384', local='tcp:20753', remote='tcp:53516')
2025-11-28 22:29:59.440 | INFO | DroidCast_raw = http://127.0.0.1:20753/screenshot?width=1280&height=720
2025-11-28 22:29:59.708 | INFO | DroidCast = online
2025-11-28 22:29:59.953 | INFO | Loading OCR dependencies
2025-11-28 22:30:02.438 | INFO | GPU not available, using CPU for OCR (reason: MXNetError)
2025-11-28 22:30:02.452 | INFO | Loading OCR model: ./bin/cnocr_models/pcr
2025-11-28 22:30:02.506 | INFO | BattleTimer 2.557s = 1:27
2025-11-28 22:30:02.508 | INFO | [0000] 1:27 ( 87秒)
2025-11-28 22:30:02.637 | INFO | BattleTimer 0.013s = 1:25
2025-11-28 22:30:02.639 | INFO | [0001] 1:25 ( 85秒)  跳过 1 秒
2025-11-28 22:30:03.613 | INFO | BattleTimer 0.013s = 1:24
2025-11-28 22:30:03.615 | INFO | [0002] 1:24 ( 84秒)
2025-11-28 22:30:04.617 | INFO | BattleTimer 0.013s = 1:23
2025-11-28 22:30:04.620 | INFO | [0003] 1:23 ( 83秒)
2025-11-28 22:30:05.632 | INFO | BattleTimer 0.013s = 1:22
2025-11-28 22:30:05.633 | INFO | [0004] 1:22 ( 82秒)
2025-11-28 22:30:06.624 | INFO | BattleTimer 0.013s = 1:21
2025-11-28 22:30:06.627 | INFO | [0005] 1:21 ( 81秒)
2025-11-28 22:30:07.610 | INFO | BattleTimer 0.013s = 1:20
2025-11-28 22:30:07.612 | INFO | [0006] 1:20 ( 80秒)
2025-11-28 22:30:08.602 | INFO | BattleTimer 0.011s = 1:19
2025-11-28 22:30:08.604 | INFO | [0007] 1:19 ( 79秒)
2025-11-28 22:30:09.618 | INFO | BattleTimer 0.013s = 1:18
2025-11-28 22:30:09.620 | INFO | [0008] 1:18 ( 78秒)
2025-11-28 22:30:10.605 | INFO | BattleTimer 0.013s = 1:17
2025-11-28 22:30:10.607 | INFO | [0009] 1:17 ( 77秒)
2025-11-28 22:30:11.607 | INFO | BattleTimer 0.013s = 1:16
2025-11-28 22:30:11.610 | INFO | [0010] 1:16 ( 76秒)
2025-11-28 22:30:12.601 | INFO | BattleTimer 0.011s = 1:16
2025-11-28 22:30:13.605 | INFO | BattleTimer 0.013s = 1:15
2025-11-28 22:30:13.607 | INFO | [0011] 1:15 ( 75秒)
2025-11-28 22:30:14.609 | INFO | BattleTimer 0.013s = 1:15
2025-11-28 22:30:15.589 | INFO | BattleTimer 0.011s = 1:15
2025-11-28 22:30:16.601 | INFO | BattleTimer 0.012s = 1:15
2025-11-28 22:30:17.608 | INFO | BattleTimer 0.012s = 1:15
2025-11-28 22:30:18.603 | INFO | BattleTimer 0.012s = 1:16
2025-11-28 22:30:18.622 | WARNING | OCR 错误 (1): 识别为 76秒 (1:16)，原因: 时间倒退 (-1)
2025-11-28 22:30:18.625 | INFO |   已保存截图: tests/ocr_errors/error_001_223018_crop.png
2025-11-28 22:30:19.611 | INFO | BattleTimer 0.012s = 1:15
2025-11-28 22:30:20.601 | INFO | BattleTimer 0.012s = 1:15
2025-11-28 22:30:21.595 | INFO | BattleTimer 0.012s = 1:15
2025-11-28 22:30:22.605 | INFO | BattleTimer 0.010s = 1:15
2025-11-28 22:30:23.610 | INFO | BattleTimer 0.013s = 1:15
2025-11-28 22:30:24.607 | INFO | BattleTimer 0.012s = 1:15
2025-11-28 22:30:25.600 | INFO | BattleTimer 0.011s = 1:14
2025-11-28 22:30:25.602 | INFO | [0012] 1:14 ( 74秒)
2025-11-28 22:30:26.606 | INFO | BattleTimer 0.012s = 1:113
2025-11-28 22:30:26.636 | WARNING | OCR 错误 (2): 识别为 71秒 (1:11)，原因: 跳秒过多 (3)
2025-11-28 22:30:26.641 | INFO |   已保存截图: tests/ocr_errors/error_002_223026_crop.png
2025-11-28 22:30:27.608 | INFO | BattleTimer 0.013s = 1:12
2025-11-28 22:30:27.610 | INFO | [0013] 1:12 ( 72秒)  跳过 1 秒
2025-11-28 22:30:28.604 | INFO | BattleTimer 0.011s = 1:11
2025-11-28 22:30:28.606 | INFO | [0014] 1:11 ( 71秒)
2025-11-28 22:30:29.603 | INFO | BattleTimer 0.011s = 1:10
2025-11-28 22:30:29.606 | INFO | [0015] 1:10 ( 70秒)
2025-11-28 22:30:30.605 | INFO | BattleTimer 0.012s = 1:09
2025-11-28 22:30:30.607 | INFO | [0016] 1:09 ( 69秒)
2025-11-28 22:30:31.597 | INFO | BattleTimer 0.012s = 1:08
2025-11-28 22:30:31.600 | INFO | [0017] 1:08 ( 68秒)
2025-11-28 22:30:32.603 | INFO | BattleTimer 0.012s = 1:08
2025-11-28 22:30:33.605 | INFO | BattleTimer 0.012s = 1:08
2025-11-28 22:30:34.610 | INFO | BattleTimer 0.012s = 1:08
2025-11-28 22:30:35.598 | INFO | BattleTimer 0.011s = 1:08
2025-11-28 22:30:36.595 | INFO | BattleTimer 0.011s = 1:08
2025-11-28 22:30:37.601 | INFO | BattleTimer 0.013s = 1:08
2025-11-28 22:30:38.610 | INFO | BattleTimer 0.013s = 1:07
2025-11-28 22:30:38.613 | INFO | [0018] 1:07 ( 67秒)
2025-11-28 22:30:39.627 | INFO | BattleTimer 0.013s = 1:06
2025-11-28 22:30:39.629 | INFO | [0019] 1:06 ( 66秒)
2025-11-28 22:30:40.629 | INFO | BattleTimer 0.014s = 1:06
2025-11-28 22:30:41.615 | INFO | BattleTimer 0.012s = 1:06
2025-11-28 22:30:42.605 | INFO | BattleTimer 0.011s = 1:06
2025-11-28 22:30:43.600 | INFO | BattleTimer 0.011s = 1:06
2025-11-28 22:30:44.597 | INFO | BattleTimer 0.012s = 1:06
2025-11-28 22:30:45.594 | INFO | BattleTimer 0.012s = 1:06
2025-11-28 22:30:46.608 | INFO | BattleTimer 0.012s = 1:06
2025-11-28 22:30:47.598 | INFO | BattleTimer 0.012s = 1:06
2025-11-28 22:30:48.599 | INFO | BattleTimer 0.011s = 1:06
2025-11-28 22:30:49.605 | INFO | BattleTimer 0.011s = 1:06
2025-11-28 22:30:50.613 | INFO | BattleTimer 0.011s = 1:06
2025-11-28 22:30:51.601 | INFO | BattleTimer 0.012s = 1:06
2025-11-28 22:30:52.597 | INFO | BattleTimer 0.011s = 1:06
2025-11-28 22:30:53.602 | INFO | BattleTimer 0.011s = 1:06
2025-11-28 22:30:54.612 | INFO | BattleTimer 0.012s = 1:06
2025-11-28 22:30:55.596 | INFO | BattleTimer 0.013s = 1:06
2025-11-28 22:30:56.616 | INFO | BattleTimer 0.012s = 1:05
2025-11-28 22:30:56.619 | INFO | [0020] 1:05 ( 65秒)
2025-11-28 22:30:57.594 | INFO | BattleTimer 0.013s = 1:04
2025-11-28 22:30:57.596 | INFO | [0021] 1:04 ( 64秒)
2025-11-28 22:30:58.607 | INFO | BattleTimer 0.011s = 1:03
2025-11-28 22:30:58.610 | INFO | [0022] 1:03 ( 63秒)
2025-11-28 22:30:59.600 | INFO | BattleTimer 0.012s = 1:03
2025-11-28 22:31:00.597 | INFO | BattleTimer 0.011s = 1:03
2025-11-28 22:31:01.592 | INFO | BattleTimer 0.012s = 1:03
2025-11-28 22:31:02.610 | INFO | BattleTimer 0.012s = 1:03
2025-11-28 22:31:03.593 | INFO | BattleTimer 0.013s = 1:03
2025-11-28 22:31:04.603 | INFO | BattleTimer 0.013s = 1:03
2025-11-28 22:31:05.607 | INFO | BattleTimer 0.012s = 1:02
2025-11-28 22:31:05.610 | INFO | [0023] 1:02 ( 62秒)
2025-11-28 22:31:06.596 | INFO | BattleTimer 0.012s = 1:01
2025-11-28 22:31:06.598 | INFO | [0024] 1:01 ( 61秒)
2025-11-28 22:31:07.603 | INFO | BattleTimer 0.013s = 1:00
2025-11-28 22:31:07.605 | INFO | [0025] 1:00 ( 60秒)
2025-11-28 22:31:08.614 | INFO | BattleTimer 0.011s = 0:59
2025-11-28 22:31:08.616 | INFO | [0026] 0:59 ( 59秒)
2025-11-28 22:31:09.605 | INFO | BattleTimer 0.012s = 0:58
2025-11-28 22:31:09.608 | INFO | [0027] 0:58 ( 58秒)
2025-11-28 22:31:10.613 | INFO | BattleTimer 0.015s = 0:57
2025-11-28 22:31:10.615 | INFO | [0028] 0:57 ( 57秒)
2025-11-28 22:31:11.604 | INFO | BattleTimer 0.011s = 0:56
2025-11-28 22:31:11.605 | INFO | [0029] 0:56 ( 56秒)
2025-11-28 22:31:12.607 | INFO | BattleTimer 0.011s = 0:55
2025-11-28 22:31:12.610 | INFO | [0030] 0:55 ( 55秒)
2025-11-28 22:31:13.592 | INFO | BattleTimer 0.013s = 0:54
2025-11-28 22:31:13.594 | INFO | [0031] 0:54 ( 54秒)
2025-11-28 22:31:14.608 | INFO | BattleTimer 0.013s = 0:53
2025-11-28 22:31:14.610 | INFO | [0032] 0:53 ( 53秒)
2025-11-28 22:31:15.593 | INFO | BattleTimer 0.013s = 0:52
2025-11-28 22:31:15.595 | INFO | [0033] 0:52 ( 52秒)
2025-11-28 22:31:16.602 | INFO | BattleTimer 0.011s = 0:51
2025-11-28 22:31:16.604 | INFO | [0034] 0:51 ( 51秒)
2025-11-28 22:31:17.600 | INFO | BattleTimer 0.012s = 0:50
2025-11-28 22:31:17.603 | INFO | [0035] 0:50 ( 50秒)
2025-11-28 22:31:18.606 | INFO | BattleTimer 0.012s = 0:49
2025-11-28 22:31:18.608 | INFO | [0036] 0:49 ( 49秒)
2025-11-28 22:31:19.611 | INFO | BattleTimer 0.014s = 0:48
2025-11-28 22:31:19.612 | INFO | [0037] 0:48 ( 48秒)
2025-11-28 22:31:20.599 | INFO | BattleTimer 0.012s = 0:47
2025-11-28 22:31:20.601 | INFO | [0038] 0:47 ( 47秒)
2025-11-28 22:31:21.608 | INFO | BattleTimer 0.012s = 0:46
2025-11-28 22:31:21.610 | INFO | [0039] 0:46 ( 46秒)
2025-11-28 22:31:22.612 | INFO | BattleTimer 0.012s = 0:45
2025-11-28 22:31:22.614 | INFO | [0040] 0:45 ( 45秒)
2025-11-28 22:31:23.609 | INFO | BattleTimer 0.013s = 0:44
2025-11-28 22:31:23.611 | INFO | [0041] 0:44 ( 44秒)
2025-11-28 22:31:24.604 | INFO | BattleTimer 0.011s = 0:43
2025-11-28 22:31:24.607 | INFO | [0042] 0:43 ( 43秒)
2025-11-28 22:31:25.609 | INFO | BattleTimer 0.013s = 0:42
2025-11-28 22:31:25.611 | INFO | [0043] 0:42 ( 42秒)
2025-11-28 22:31:26.601 | INFO | BattleTimer 0.012s = 0:41
2025-11-28 22:31:26.603 | INFO | [0044] 0:41 ( 41秒)
2025-11-28 22:31:27.603 | INFO | BattleTimer 0.012s = 0:40
2025-11-28 22:31:27.606 | INFO | [0045] 0:40 ( 40秒)
2025-11-28 22:31:28.604 | INFO | BattleTimer 0.011s = 0:39
2025-11-28 22:31:28.606 | INFO | [0046] 0:39 ( 39秒)
2025-11-28 22:31:29.610 | INFO | BattleTimer 0.013s = 0:38
2025-11-28 22:31:29.612 | INFO | [0047] 0:38 ( 38秒)
2025-11-28 22:31:30.602 | INFO | BattleTimer 0.012s = 0:37
2025-11-28 22:31:30.602 | INFO | [0048] 0:37 ( 37秒)
2025-11-28 22:31:31.599 | INFO | BattleTimer 0.012s = 0:36
2025-11-28 22:31:31.602 | INFO | [0049] 0:36 ( 36秒)
2025-11-28 22:31:32.605 | INFO | BattleTimer 0.011s = 0:35
2025-11-28 22:31:32.608 | INFO | [0050] 0:35 ( 35秒)
2025-11-28 22:31:33.610 | INFO | BattleTimer 0.012s = 0:34
2025-11-28 22:31:33.612 | INFO | [0051] 0:34 ( 34秒)
2025-11-28 22:31:34.596 | INFO | BattleTimer 0.011s = 0:33
2025-11-28 22:31:34.598 | INFO | [0052] 0:33 ( 33秒)
2025-11-28 22:31:35.596 | INFO | BattleTimer 0.011s = 0:32
2025-11-28 22:31:35.599 | INFO | [0053] 0:32 ( 32秒)
2025-11-28 22:31:36.605 | INFO | BattleTimer 0.012s = 0:32
2025-11-28 22:31:37.607 | INFO | BattleTimer 0.011s = 0:32
2025-11-28 22:31:38.595 | INFO | BattleTimer 0.011s = 0:32
2025-11-28 22:31:39.612 | INFO | BattleTimer 0.012s = 0:32
2025-11-28 22:31:40.608 | INFO | BattleTimer 0.012s = 0:31
2025-11-28 22:31:40.611 | INFO | [0054] 0:31 ( 31秒)
2025-11-28 22:31:41.600 | INFO | BattleTimer 0.011s = 0:30
2025-11-28 22:31:41.603 | INFO | [0055] 0:30 ( 30秒)
2025-11-28 22:31:42.605 | INFO | BattleTimer 0.011s = 0:29
2025-11-28 22:31:42.607 | INFO | [0056] 0:29 ( 29秒)
2025-11-28 22:31:43.592 | INFO | BattleTimer 0.013s = 0:28
2025-11-28 22:31:43.594 | INFO | [0057] 0:28 ( 28秒)
2025-11-28 22:31:44.607 | INFO | BattleTimer 0.012s = 0:27
2025-11-28 22:31:44.609 | INFO | [0058] 0:27 ( 27秒)
2025-11-28 22:31:45.607 | INFO | BattleTimer 0.012s = 0:26
2025-11-28 22:31:45.609 | INFO | [0059] 0:26 ( 26秒)
2025-11-28 22:31:46.601 | INFO | BattleTimer 0.012s = 0:25
2025-11-28 22:31:46.603 | INFO | [0060] 0:25 ( 25秒)
2025-11-28 22:31:47.604 | INFO | BattleTimer 0.012s = 0:24
2025-11-28 22:31:47.607 | INFO | [0061] 0:24 ( 24秒)
2025-11-28 22:31:48.599 | INFO | BattleTimer 0.011s = 0:23
2025-11-28 22:31:48.602 | INFO | [0062] 0:23 ( 23秒)
2025-11-28 22:31:49.603 | INFO | BattleTimer 0.012s = 0:22
2025-11-28 22:31:49.605 | INFO | [0063] 0:22 ( 22秒)
2025-11-28 22:31:50.618 | INFO | BattleTimer 0.012s = 0:21
2025-11-28 22:31:50.620 | INFO | [0064] 0:21 ( 21秒)
2025-11-28 22:31:51.598 | INFO | BattleTimer 0.012s = 0:20
2025-11-28 22:31:51.601 | INFO | [0065] 0:20 ( 20秒)
2025-11-28 22:31:52.603 | INFO | BattleTimer 0.010s = 0:19
2025-11-28 22:31:52.605 | INFO | [0066] 0:19 ( 19秒)
2025-11-28 22:31:53.611 | INFO | BattleTimer 0.012s = 0:18
2025-11-28 22:31:53.613 | INFO | [0067] 0:18 ( 18秒)
2025-11-28 22:31:54.615 | INFO | BattleTimer 0.011s = 0:17
2025-11-28 22:31:54.617 | INFO | [0068] 0:17 ( 17秒)
2025-11-28 22:31:55.601 | INFO | BattleTimer 0.011s = 0:16
2025-11-28 22:31:55.603 | INFO | [0069] 0:16 ( 16秒)
2025-11-28 22:31:56.613 | INFO | BattleTimer 0.012s = 0:15
2025-11-28 22:31:56.616 | INFO | [0070] 0:15 ( 15秒)
2025-11-28 22:31:57.602 | INFO | BattleTimer 0.012s = 0:14
2025-11-28 22:31:57.604 | INFO | [0071] 0:14 ( 14秒)
2025-11-28 22:31:58.606 | INFO | BattleTimer 0.011s = 0:13
2025-11-28 22:31:58.609 | INFO | [0072] 0:13 ( 13秒)
2025-11-28 22:31:59.602 | INFO | BattleTimer 0.013s = 0:12
2025-11-28 22:31:59.605 | INFO | [0073] 0:12 ( 12秒)
2025-11-28 22:32:00.607 | INFO | BattleTimer 0.014s = 0:11
2025-11-28 22:32:00.609 | INFO | [0074] 0:11 ( 11秒)
2025-11-28 22:32:01.595 | INFO | BattleTimer 0.011s = 0:10
2025-11-28 22:32:01.597 | INFO | [0075] 0:10 ( 10秒)
2025-11-28 22:32:02.608 | INFO | BattleTimer 0.013s = 0:09
2025-11-28 22:32:02.610 | INFO | [0076] 0:09 (  9秒)
2025-11-28 22:32:03.596 | INFO | BattleTimer 0.012s = 0:08
2025-11-28 22:32:03.598 | INFO | [0077] 0:08 (  8秒)
2025-11-28 22:32:04.598 | INFO | BattleTimer 0.012s = 0:07
2025-11-28 22:32:04.600 | INFO | [0078] 0:07 (  7秒)
2025-11-28 22:32:05.595 | INFO | BattleTimer 0.012s = 0:06
2025-11-28 22:32:05.598 | INFO | [0079] 0:06 (  6秒)
2025-11-28 22:32:06.600 | INFO | BattleTimer 0.011s = 0:05
2025-11-28 22:32:06.602 | INFO | [0080] 0:05 (  5秒)
2025-11-28 22:32:07.609 | INFO | BattleTimer 0.013s = 0:04
2025-11-28 22:32:07.612 | INFO | [0081] 0:04 (  4秒)
2025-11-28 22:32:08.597 | INFO | BattleTimer 0.012s = 0:03
2025-11-28 22:32:08.599 | INFO | [0082] 0:03 (  3秒)
2025-11-28 22:32:09.598 | INFO | BattleTimer 0.012s = 0:02
2025-11-28 22:32:09.601 | INFO | [0083] 0:02 (  2秒)
2025-11-28 22:32:10.612 | INFO | BattleTimer 0.012s = 0:01
2025-11-28 22:32:10.614 | INFO | [0084] 0:01 (  1秒)
2025-11-28 22:32:11.627 | INFO | BattleTimer 0.012s = 
2025-11-28 22:32:11.629 | WARNING | Invalid duration: 
2025-11-28 22:32:12.643 | INFO | BattleTimer 0.012s = 
2025-11-28 22:32:12.645 | WARNING | Invalid duration: 
2025-11-28 22:32:13.605 | INFO | BattleTimer 0.012s = 
2025-11-28 22:32:13.608 | WARNING | Invalid duration: 
2025-11-28 22:32:14.603 | INFO | BattleTimer 0.012s = 5:
2025-11-28 22:32:14.605 | WARNING | Invalid duration: 5:
2025-11-28 22:32:15.606 | INFO | BattleTimer 0.012s = 
2025-11-28 22:32:15.607 | WARNING | Invalid duration: 
2025-11-28 22:32:16.609 | INFO | BattleTimer 0.011s = 
2025-11-28 22:32:16.611 | WARNING | Invalid duration: 
2025-11-28 22:32:17.600 | INFO | BattleTimer 0.011s = 
2025-11-28 22:32:17.602 | WARNING | Invalid duration: 
2025-11-28 22:32:18.607 | INFO | BattleTimer 0.012s = 
2025-11-28 22:32:18.609 | WARNING | Invalid duration: 
2025-11-28 22:32:19.601 | INFO | BattleTimer 0.012s = 
2025-11-28 22:32:19.603 | WARNING | Invalid duration: 
2025-11-28 22:32:20.608 | INFO | BattleTimer 0.012s = 
2025-11-28 22:32:20.610 | WARNING | Invalid duration: 
2025-11-28 22:32:21.595 | INFO | BattleTimer 0.011s = 
2025-11-28 22:32:21.597 | WARNING | Invalid duration: 
2025-11-28 22:32:22.611 | INFO | BattleTimer 0.011s = 
2025-11-28 22:32:22.613 | WARNING | Invalid duration: 
2025-11-28 22:32:23.595 | INFO | BattleTimer 0.011s = 
2025-11-28 22:32:23.597 | WARNING | Invalid duration: 
2025-11-28 22:32:24.596 | INFO | BattleTimer 0.010s = 
2025-11-28 22:32:24.598 | WARNING | Invalid duration: 
2025-11-28 22:32:25.592 | INFO | BattleTimer 0.012s = 
2025-11-28 22:32:25.594 | WARNING | Invalid duration: 
2025-11-28 22:32:26.605 | INFO | BattleTimer 0.011s = 
2025-11-28 22:32:26.606 | WARNING | Invalid duration: 
2025-11-28 22:32:27.606 | INFO | BattleTimer 0.011s = 
2025-11-28 22:32:27.607 | WARNING | Invalid duration: 
2025-11-28 22:32:28.594 | INFO | BattleTimer 0.011s = 
2025-11-28 22:32:28.596 | WARNING | Invalid duration: 
2025-11-28 22:32:29.606 | INFO | BattleTimer 0.012s = 
2025-11-28 22:32:29.608 | WARNING | Invalid duration: 
2025-11-28 22:32:30.612 | INFO | BattleTimer 0.011s = 
2025-11-28 22:32:30.613 | WARNING | Invalid duration: 
2025-11-28 22:32:31.600 | INFO | BattleTimer 0.012s = 
2025-11-28 22:32:31.602 | WARNING | Invalid duration: 
2025-11-28 22:32:32.610 | INFO | BattleTimer 0.011s = 
2025-11-28 22:32:32.612 | WARNING | Invalid duration: 
2025-11-28 22:32:33.599 | INFO | BattleTimer 0.012s = 
2025-11-28 22:32:33.601 | WARNING | Invalid duration: 
2025-11-28 22:32:34.608 | INFO | BattleTimer 0.012s = 
2025-11-28 22:32:34.610 | WARNING | Invalid duration: 
2025-11-28 22:32:35.599 | INFO | BattleTimer 0.012s = 
2025-11-28 22:32:35.602 | WARNING | Invalid duration: 
2025-11-28 22:32:36.603 | INFO | BattleTimer 0.011s = 
2025-11-28 22:32:36.605 | WARNING | Invalid duration: 
2025-11-28 22:32:37.611 | INFO | BattleTimer 0.011s = 
2025-11-28 22:32:37.613 | WARNING | Invalid duration: 
2025-11-28 22:32:38.603 | INFO | BattleTimer 0.011s = 
2025-11-28 22:32:38.606 | WARNING | Invalid duration: 
2025-11-28 22:32:39.605 | INFO | BattleTimer 0.012s = 
2025-11-28 22:32:39.610 | WARNING | Invalid duration: 
2025-11-28 22:32:40.597 | INFO | BattleTimer 0.011s = 5:
2025-11-28 22:32:40.599 | WARNING | Invalid duration: 5:
2025-11-28 22:32:41.597 | INFO | BattleTimer 0.011s = 
2025-11-28 22:32:41.601 | WARNING | Invalid duration: 
2025-11-28 22:32:42.602 | INFO | BattleTimer 0.012s = 
2025-11-28 22:32:42.604 | WARNING | Invalid duration: 
2025-11-28 22:32:43.601 | INFO | BattleTimer 0.012s = 
2025-11-28 22:32:43.603 | WARNING | Invalid duration: 
2025-11-28 22:32:44.609 | INFO | BattleTimer 0.011s = 1:30
2025-11-28 22:32:44.639 | WARNING | OCR 错误 (3): 识别为 90秒 (1:30)，原因: 时间倒退 (-89)
2025-11-28 22:32:44.642 | INFO |   已保存截图: tests/ocr_errors/error_003_223244_crop.png
2025-11-28 22:32:45.610 | INFO | BattleTimer 0.012s = 1:29
2025-11-28 22:32:45.637 | WARNING | OCR 错误 (4): 识别为 89秒 (1:29)，原因: 时间倒退 (-88)
2025-11-28 22:32:45.640 | INFO |   已保存截图: tests/ocr_errors/error_004_223245_crop.png
2025-11-28 22:32:46.601 | INFO | BattleTimer 0.013s = 1:28
2025-11-28 22:32:46.631 | WARNING | OCR 错误 (5): 识别为 88秒 (1:28)，原因: 时间倒退 (-87)
2025-11-28 22:32:46.634 | INFO |   已保存截图: tests/ocr_errors/error_005_223246_crop.png
2025-11-28 22:32:47.604 | INFO | BattleTimer 0.013s = 1:27
2025-11-28 22:32:47.635 | WARNING | OCR 错误 (6): 识别为 87秒 (1:27)，原因: 时间倒退 (-86)
2025-11-28 22:32:47.638 | INFO |   已保存截图: tests/ocr_errors/error_006_223247_crop.png
2025-11-28 22:32:48.604 | INFO | BattleTimer 0.012s = 1:26
2025-11-28 22:32:48.636 | WARNING | OCR 错误 (7): 识别为 86秒 (1:26)，原因: 时间倒退 (-85)
2025-11-28 22:32:48.638 | INFO |   已保存截图: tests/ocr_errors/error_007_223248_crop.png
2025-11-28 22:32:49.619 | INFO | BattleTimer 0.015s = 1:25
2025-11-28 22:32:49.649 | WARNING | OCR 错误 (8): 识别为 85秒 (1:25)，原因: 时间倒退 (-84)
2025-11-28 22:32:49.652 | INFO |   已保存截图: tests/ocr_errors/error_008_223249_crop.png
2025-11-28 22:32:50.357 | INFO | 
2025-11-28 22:32:50.359 | INFO | ============================================================
2025-11-28 22:32:50.360 | INFO | 测试统计
2025-11-28 22:32:50.362 | INFO | ============================================================
2025-11-28 22:32:50.363 | INFO | 游戏倍速: 1x
2025-11-28 22:32:50.364 | INFO | 总识别次数: 85 (有效时间变化)
2025-11-28 22:32:50.366 | INFO | OCR 错误次数: 8 (已自动忽略)
2025-11-28 22:32:50.367 | INFO | 正常识别: 82/87 (94.3%)
2025-11-28 22:32:50.371 | INFO | 跳秒次数: 2
2025-11-28 22:32:50.372 | WARNING |  OCR 识别错误率: 8/93 (8.6%)
2025-11-28 22:33:20.727 | INFO | Bind task ['Pcr']
2025-11-28 22:33:20.732 | INFO | Current config: Serial='127.0.0.1:16384', PackageName='auto'
2025-11-28 22:33:20.733 | INFO | Found device: 127.0.0.1:16384 (device)
2025-11-28 22:33:20.735 | INFO | Found 1 devices total
2025-11-28 22:33:20.736 | INFO | Available devices: ['127.0.0.1:16384']
2025-11-28 22:33:20.737 | INFO | Attempting to connect to 127.0.0.1:16384
2025-11-28 22:33:21.740 | INFO | Found device: 127.0.0.1:16384 (device)
2025-11-28 22:33:21.742 | INFO | Found 1 devices total
2025-11-28 22:33:21.743 | INFO |   [1] 127.0.0.1:16384 - Status: device
2025-11-28 22:33:21.744 | INFO | Available devices (status='device'): 1
2025-11-28 22:33:21.745 | INFO | Selected device: 127.0.0.1:16384
2025-11-28 22:33:21.747 | INFO | Found device: 127.0.0.1:16384 (device)
2025-11-28 22:33:21.748 | INFO | Connecting to 127.0.0.1:16384 (trial 1/3)
2025-11-28 22:33:22.751 | INFO | Connected to device: 127.0.0.1:16384
2025-11-28 22:33:22.752 | INFO | AdbDevice = AdbDevice(serial=127.0.0.1:16384)
2025-11-28 22:33:22.769 | INFO | Detected package: com.bilibili.priconne
2025-11-28 22:33:22.773 | INFO | PackageName = com.bilibili.priconne
2025-11-28 22:33:22.775 | INFO | Device initialized successfully
2025-11-28 22:33:22.776 | INFO | Early initializing MaaTouch
2025-11-28 22:33:22.777 | INFO | [bold]<<< MAATOUCH INIT >>>[/bold]
2025-11-28 22:33:22.778 | INFO | Disable stuck detection
2025-11-28 22:33:22.779 | INFO | 当前游戏倍速: 1x
2025-11-28 22:33:22.781 | INFO | 倒计时识别区域: (1050, 18, 1120, 48)
2025-11-28 22:33:22.782 | INFO | 截图间隔: 1.00 秒
2025-11-28 22:33:22.785 | INFO | 错误截图保存到: tests/ocr_errors/
2025-11-28 22:33:22.786 | INFO | 开始实时识别倒计时...
2025-11-28 22:33:22.787 | INFO | 按 Ctrl+C 停止测试
2025-11-28 22:33:22.788 | INFO | 
2025-11-28 22:33:22.789 | INFO | Update droidcast resolution
2025-11-28 22:33:22.796 | INFO | Device Orientation = 1 (HOME key on the right)
2025-11-28 22:33:22.816 | INFO | Device Orientation = 1 (HOME key on the right)
2025-11-28 22:33:22.817 | INFO | Droidcast resolution: (720, 1280)
2025-11-28 22:33:22.819 | INFO | Reuse forward: ForwardItem(serial='127.0.0.1:16384', local='tcp:20753', remote='tcp:53516')
2025-11-28 22:33:22.930 | INFO | Loading OCR dependencies
2025-11-28 22:33:23.087 | INFO | ^ 10 1280 720 255
2025-11-28 22:33:23.095 | INFO | $ 255
2025-11-28 22:33:23.102 | INFO | MaaTouch stream connected
2025-11-28 22:33:23.111 | INFO | max_contact: 10; max_x: 1280; max_y: 720; max_pressure: 255
2025-11-28 22:33:23.881 | INFO | GPU not available, using CPU for OCR (reason: MXNetError)
2025-11-28 22:33:23.894 | INFO | Loading OCR model: ./bin/cnocr_models/pcr
2025-11-28 22:33:23.938 | INFO | BattleTimer 1.009s = 
2025-11-28 22:33:23.941 | WARNING | Invalid duration: 
2025-11-28 22:33:24.035 | INFO | BattleTimer 0.012s = 
2025-11-28 22:33:24.037 | WARNING | Invalid duration: 
2025-11-28 22:33:24.884 | INFO | BattleTimer 0.013s = 
2025-11-28 22:33:24.886 | WARNING | Invalid duration: 
2025-11-28 22:33:25.878 | INFO | BattleTimer 0.012s = 
2025-11-28 22:33:25.880 | WARNING | Invalid duration: 
2025-11-28 22:33:26.874 | INFO | BattleTimer 0.013s = 1:29
2025-11-28 22:33:26.877 | INFO | [0000] 1:29 ( 89秒)
2025-11-28 22:33:27.866 | INFO | BattleTimer 0.011s = 1:28
2025-11-28 22:33:27.868 | INFO | [0001] 1:28 ( 88秒)
2025-11-28 22:33:28.866 | INFO | BattleTimer 0.011s = 1:27
2025-11-28 22:33:28.868 | INFO | [0002] 1:27 ( 87秒)
2025-11-28 22:33:29.868 | INFO | BattleTimer 0.012s = 1:26
2025-11-28 22:33:29.870 | INFO | [0003] 1:26 ( 86秒)
2025-11-28 22:33:30.871 | INFO | BattleTimer 0.011s = 1:25
2025-11-28 22:33:30.874 | INFO | [0004] 1:25 ( 85秒)
2025-11-28 22:33:31.871 | INFO | BattleTimer 0.012s = 1:24
2025-11-28 22:33:31.874 | INFO | [0005] 1:24 ( 84秒)
2025-11-28 22:33:32.871 | INFO | BattleTimer 0.011s = 1:23
2025-11-28 22:33:32.874 | INFO | [0006] 1:23 ( 83秒)
2025-11-28 22:33:33.867 | INFO | BattleTimer 0.012s = 1:22
2025-11-28 22:33:33.869 | INFO | [0007] 1:22 ( 82秒)
2025-11-28 22:33:34.196 | INFO | 
2025-11-28 22:33:34.198 | INFO | ============================================================
2025-11-28 22:33:34.200 | INFO | 测试统计
2025-11-28 22:33:34.201 | INFO | ============================================================
2025-11-28 22:33:34.202 | INFO | 游戏倍速: 1x
2025-11-28 22:33:34.204 | INFO | 总识别次数: 8 (有效时间变化)
2025-11-28 22:33:34.205 | INFO | OCR 错误次数: 0 (已自动忽略)
2025-11-28 22:33:34.206 | INFO | 正常识别: 7/8 (87.5%)
2025-11-28 22:33:34.209 | INFO | 跳秒次数: 0
2025-11-28 22:40:27.861 | INFO | ============================================================
2025-11-28 22:40:27.866 | INFO | 测试 OCR 模型基本功能（测试时间：1:13 = 73 秒）
2025-11-28 22:40:27.867 | INFO | ============================================================
2025-11-28 22:40:27.870 | INFO | 创建合成图像: tests/test_synthetic_113.png
2025-11-28 22:40:27.871 | INFO | 
使用合成图像（黑底白字，时间 1:13）
2025-11-28 22:40:27.874 | INFO | Loading OCR dependencies
2025-11-28 22:40:29.076 | INFO | GPU not available, using CPU for OCR (reason: MXNetError)
2025-11-28 22:40:29.089 | INFO | Loading OCR model: ./bin/cnocr_models/pcr
2025-11-28 22:40:29.141 | INFO | SyntheticTest_113 1.269s = 1:15
2025-11-28 22:40:29.144 | INFO |   识别结果: 0:01:15
2025-11-28 22:40:29.146 | WARNING |    合成图像识别不准确: 0:01:15（期望 73 秒）
2025-11-28 22:40:29.147 | INFO | 
使用灰度图（黑底白字，时间 1:13）
2025-11-28 22:40:29.150 | INFO | 创建灰度图像: tests/test_synthetic_gray_113.png
2025-11-28 22:40:29.168 | INFO | SyntheticTest_113 0.016s = 1:15
2025-11-28 22:40:29.171 | INFO |   识别结果: 0:01:15
2025-11-28 22:40:29.173 | WARNING |    灰度图识别不准确: 0:01:15（期望 73 秒）
2025-11-28 22:40:29.175 | INFO | 
使用反色图（白底黑字，时间 1:13）
2025-11-28 22:40:29.178 | INFO | 创建反色图像: tests/test_synthetic_inv_113.png
2025-11-28 22:40:29.194 | INFO | InverseTest_113 0.014s = 1:15
2025-11-28 22:40:29.196 | INFO |   识别结果: 0:01:15
2025-11-28 22:40:29.197 | WARNING |    反色图识别不准确: 0:01:15（期望 73 秒）
2025-11-28 22:40:29.200 | INFO | 
测试大字体（时间 1:13）
2025-11-28 22:40:29.203 | INFO | 创建大字体图像: tests/test_synthetic_large_113.png
2025-11-28 22:40:29.222 | INFO | LargeTest_113 0.018s = 1:15
2025-11-28 22:40:29.225 | INFO |   识别结果: 0:01:15
2025-11-28 22:40:29.227 | WARNING |    大字体识别不准确: 0:01:15（期望 73 秒）
2025-11-28 22:40:29.228 | INFO | 
============================================================
2025-11-28 22:40:29.229 | INFO | OCR 模型测试完成（测试时间：1:13 = 73 秒）
2025-11-28 22:40:29.231 | INFO | 如果合成图像测试失败，说明 OCR 模型配置有问题
2025-11-28 22:40:29.233 | INFO | 如果合成图像测试通过但实际图像失败，说明预处理有问题
2025-11-28 22:40:29.236 | INFO | ============================================================
2025-11-28 22:49:56.146 | INFO | Bind task ['Pcr']
2025-11-28 22:49:56.151 | INFO | Current config: Serial='127.0.0.1:16384', PackageName='auto'
2025-11-28 22:49:56.153 | INFO | Found device: 127.0.0.1:16384 (device)
2025-11-28 22:49:56.155 | INFO | Found 1 devices total
2025-11-28 22:49:56.156 | INFO | Available devices: ['127.0.0.1:16384']
2025-11-28 22:49:56.158 | INFO | Attempting to connect to 127.0.0.1:16384
2025-11-28 22:49:57.160 | INFO | Found device: 127.0.0.1:16384 (device)
2025-11-28 22:49:57.161 | INFO | Found 1 devices total
2025-11-28 22:49:57.162 | INFO |   [1] 127.0.0.1:16384 - Status: device
2025-11-28 22:49:57.164 | INFO | Available devices (status='device'): 1
2025-11-28 22:49:57.165 | INFO | Selected device: 127.0.0.1:16384
2025-11-28 22:49:57.167 | INFO | Found device: 127.0.0.1:16384 (device)
2025-11-28 22:49:57.168 | INFO | Connecting to 127.0.0.1:16384 (trial 1/3)
2025-11-28 22:49:58.171 | INFO | Connected to device: 127.0.0.1:16384
2025-11-28 22:49:58.172 | INFO | AdbDevice = AdbDevice(serial=127.0.0.1:16384)
2025-11-28 22:49:58.185 | INFO | Detected package: com.bilibili.priconne
2025-11-28 22:49:58.187 | INFO | PackageName = com.bilibili.priconne
2025-11-28 22:49:58.188 | INFO | Device initialized successfully
2025-11-28 22:49:58.190 | INFO | Early initializing MaaTouch
2025-11-28 22:49:58.191 | INFO | [bold]<<< MAATOUCH INIT >>>[/bold]
2025-11-28 22:49:58.193 | INFO | Disable stuck detection
2025-11-28 22:49:58.194 | INFO | 当前游戏倍速: 1x
2025-11-28 22:49:58.195 | INFO | 倒计时识别区域: (1050, 18, 1120, 48)
2025-11-28 22:49:58.197 | INFO | 截图间隔: 1.00 秒
2025-11-28 22:49:58.199 | INFO | 错误截图保存到: tests/ocr_errors/
2025-11-28 22:49:58.200 | INFO | 开始实时识别倒计时...
2025-11-28 22:49:58.202 | INFO | 按 Ctrl+C 停止测试
2025-11-28 22:49:58.204 | INFO | 
2025-11-28 22:49:58.205 | INFO | Update droidcast resolution
2025-11-28 22:49:58.215 | INFO | Device Orientation = 1 (HOME key on the right)
2025-11-28 22:49:58.252 | INFO | Device Orientation = 1 (HOME key on the right)
2025-11-28 22:49:58.254 | INFO | Droidcast resolution: (720, 1280)
2025-11-28 22:49:58.256 | INFO | Reuse forward: ForwardItem(serial='127.0.0.1:16384', local='tcp:20753', remote='tcp:53516')
2025-11-28 22:49:58.430 | INFO | Loading OCR dependencies
2025-11-28 22:49:58.989 | INFO | ^ 10 1280 720 255
2025-11-28 22:49:58.991 | INFO | $ 255
2025-11-28 22:49:58.993 | INFO | MaaTouch stream connected
2025-11-28 22:49:58.994 | INFO | max_contact: 10; max_x: 1280; max_y: 720; max_pressure: 255
2025-11-28 22:49:59.395 | INFO | GPU not available, using CPU for OCR (reason: MXNetError)
2025-11-28 22:49:59.408 | INFO | Loading OCR model: ./bin/cnocr_models/pcr
2025-11-28 22:49:59.454 | INFO | BattleTimer 1.024s = 
2025-11-28 22:49:59.455 | WARNING | Invalid duration: 
2025-11-28 22:49:59.551 | INFO | BattleTimer 0.012s = 
2025-11-28 22:49:59.554 | WARNING | Invalid duration: 
2025-11-28 22:50:00.288 | INFO | BattleTimer 0.013s = 
2025-11-28 22:50:00.290 | WARNING | Invalid duration: 
2025-11-28 22:50:01.290 | INFO | BattleTimer 0.013s = 81
2025-11-28 22:50:01.292 | WARNING | Invalid duration: 81
2025-11-28 22:50:02.285 | INFO | BattleTimer 0.011s = :
2025-11-28 22:50:02.287 | WARNING | Invalid duration: :
2025-11-28 22:50:03.283 | INFO | BattleTimer 0.011s = 2:
2025-11-28 22:50:03.285 | WARNING | Invalid duration: 2:
2025-11-28 22:50:04.281 | INFO | BattleTimer 0.012s = :
2025-11-28 22:50:04.284 | WARNING | Invalid duration: :
2025-11-28 22:50:05.281 | INFO | BattleTimer 0.011s = :
2025-11-28 22:50:05.283 | WARNING | Invalid duration: :
2025-11-28 22:50:06.282 | INFO | BattleTimer 0.011s = :
2025-11-28 22:50:06.284 | WARNING | Invalid duration: :
2025-11-28 22:50:07.281 | INFO | BattleTimer 0.012s = :
2025-11-28 22:50:07.284 | WARNING | Invalid duration: :
2025-11-28 22:50:08.276 | INFO | BattleTimer 0.012s = 
2025-11-28 22:50:08.278 | WARNING | Invalid duration: 
2025-11-28 22:50:09.287 | INFO | BattleTimer 0.011s = 
2025-11-28 22:50:09.289 | WARNING | Invalid duration: 
2025-11-28 22:50:10.292 | INFO | BattleTimer 0.013s = 3
2025-11-28 22:50:10.294 | WARNING | Invalid duration: 3
2025-11-28 22:50:11.031 | INFO | 
2025-11-28 22:50:11.033 | INFO | ============================================================
2025-11-28 22:50:11.035 | INFO | 测试统计
2025-11-28 22:50:11.036 | INFO | ============================================================
2025-11-28 22:50:11.037 | INFO | 游戏倍速: 1x
2025-11-28 22:50:11.038 | INFO | 总识别次数: 0 (有效时间变化)
2025-11-28 22:50:11.039 | INFO | OCR 错误次数: 0 (已自动忽略)
2025-11-28 22:50:11.040 | WARNING | 未识别到任何倒计时
