2025-10-25 18:40:56.458 | INFO | Found device: 127.0.0.1:16384 (device)
2025-10-25 18:40:56.461 | INFO | Connected to device: auto
2025-10-25 18:40:56.463 | INFO | AdbDevice = AdbDevice(serial=auto)
2025-10-25 18:40:56.464 | INFO | Current config: Serial='auto', PackageName='auto'
2025-10-25 18:40:56.467 | INFO | Found device: 127.0.0.1:16384 (device)
2025-10-25 18:40:56.468 | INFO | Found 1 devices total
2025-10-25 18:40:56.469 | INFO |   [1] 127.0.0.1:16384 - Status: device
2025-10-25 18:40:56.470 | INFO | Available devices (status='device'): 1
2025-10-25 18:40:56.471 | INFO | Using AUTO mode to select device
2025-10-25 18:40:56.472 | INFO |  Auto selected device: 127.0.0.1:16384 (only one available)
2025-10-25 18:40:56.473 | INFO | Selected device: 127.0.0.1:16384
2025-10-25 18:40:56.475 | ERROR | Failed to list packages: device 'auto' not found
2025-10-25 18:40:56.476 | ERROR | Benchmark failed: device 'auto' not found
2025-10-25 18:41:25.681 | INFO | Found device: 127.0.0.1:16384 (device)
2025-10-25 18:41:25.686 | INFO | Connected to device: auto
2025-10-25 18:41:25.687 | INFO | AdbDevice = AdbDevice(serial=auto)
2025-10-25 18:41:25.689 | INFO | Current config: Serial='auto', PackageName='auto'
2025-10-25 18:41:25.691 | INFO | Found device: 127.0.0.1:16384 (device)
2025-10-25 18:41:25.692 | INFO | Found 1 devices total
2025-10-25 18:41:25.693 | INFO |   [1] 127.0.0.1:16384 - Status: device
2025-10-25 18:41:25.694 | INFO | Available devices (status='device'): 1
2025-10-25 18:41:25.695 | INFO | Using AUTO mode to select device
2025-10-25 18:41:25.697 | INFO |  Auto selected device: 127.0.0.1:16384 (only one available)
2025-10-25 18:41:25.698 | INFO | Selected device: 127.0.0.1:16384
2025-10-25 18:41:25.700 | ERROR | Failed to list packages: device 'auto' not found
2025-10-25 18:41:25.701 | ERROR | Benchmark failed: device 'auto' not found
2025-10-25 18:44:50.215 | INFO | Found device: 127.0.0.1:16384 (device)
2025-10-25 18:44:50.219 | INFO | Connected to device: auto
2025-10-25 18:44:50.220 | INFO | AdbDevice = AdbDevice(serial=auto)
2025-10-25 18:44:50.223 | INFO | Current config: Serial='auto', PackageName='auto'
2025-10-25 18:44:50.225 | INFO | Found device: 127.0.0.1:16384 (device)
2025-10-25 18:44:50.226 | INFO | Found 1 devices total
2025-10-25 18:44:50.227 | INFO |   [1] 127.0.0.1:16384 - Status: device
2025-10-25 18:44:50.228 | INFO | Available devices (status='device'): 1
2025-10-25 18:44:50.230 | INFO | Using AUTO mode to select device
2025-10-25 18:44:50.232 | INFO |  Auto selected device: 127.0.0.1:16384 (only one available)
2025-10-25 18:44:50.232 | INFO | Selected device: 127.0.0.1:16384
2025-10-25 18:44:50.234 | ERROR | Failed to list packages: device 'auto' not found
2025-10-25 18:44:50.235 | ERROR | Benchmark failed: device 'auto' not found
2025-10-25 18:45:12.375 | INFO | Found device: 127.0.0.1:16384 (device)
2025-10-25 18:45:12.378 | INFO | Connected to device: auto
2025-10-25 18:45:12.380 | INFO | AdbDevice = AdbDevice(serial=auto)
2025-10-25 18:45:12.382 | INFO | Current config: Serial='auto', PackageName='auto'
2025-10-25 18:45:12.384 | INFO | Found device: 127.0.0.1:16384 (device)
2025-10-25 18:45:12.386 | INFO | Found 1 devices total
2025-10-25 18:45:12.387 | INFO |   [1] 127.0.0.1:16384 - Status: device
2025-10-25 18:45:12.387 | INFO | Available devices (status='device'): 1
2025-10-25 18:45:12.388 | INFO | Using AUTO mode to select device
2025-10-25 18:45:12.389 | INFO |  Auto selected device: 127.0.0.1:16384 (only one available)
2025-10-25 18:45:12.391 | INFO | Selected device: 127.0.0.1:16384
2025-10-25 18:45:12.393 | ERROR | Failed to list packages: device 'auto' not found
2025-10-25 18:45:12.395 | ERROR | Benchmark failed: device 'auto' not found
2025-10-25 20:15:36.945 | INFO | 配置文件：cwj.json
2025-10-25 20:15:36.948 | INFO | 截图方式：DroidCast_raw
2025-10-25 20:15:36.949 | INFO | 点击方式：ADB
2025-10-25 20:15:36.962 | INFO | Connecting to 127.0.0.1:16384 (trial 1/3)
2025-10-25 20:15:38.071 | INFO | Connected to device: 127.0.0.1:16384
2025-10-25 20:15:38.073 | INFO | AdbDevice = AdbDevice(serial=127.0.0.1:16384)
2025-10-25 20:15:38.075 | INFO | Current config: Serial='127.0.0.1:16384', PackageName='auto'
2025-10-25 20:15:38.077 | INFO | Found device: 127.0.0.1:16384 (device)
2025-10-25 20:15:38.079 | INFO | Found 1 devices total
2025-10-25 20:15:38.080 | INFO |   [1] 127.0.0.1:16384 - Status: device
2025-10-25 20:15:38.082 | INFO | Available devices (status='device'): 1
2025-10-25 20:15:38.084 | INFO | Selected device: 127.0.0.1:16384
2025-10-25 20:15:38.116 | INFO | Detected package: com.bilibili.priconne
2025-10-25 20:15:38.119 | INFO | PackageName = com.bilibili.priconne
2025-10-25 20:15:38.121 | INFO | Device initialized successfully
2025-10-25 20:15:38.122 | INFO | Scheduler: Start task `Start`
2025-10-25 20:15:38.125 | INFO | App start: com.bilibili.priconne
2025-10-25 20:15:38.127 | INFO | Starting app via AM: com.bilibili.priconne/com.bilibili.permission.PermissionActivity
2025-10-25 20:15:38.418 | INFO | App started successfully
2025-10-25 20:15:38.421 | INFO | Update droidcast resolution
2025-10-25 20:15:40.553 | INFO | Device Orientation = 1 (HOME key on the right)
2025-10-25 20:15:40.554 | INFO | Droidcast resolution: (720, 1280)
2025-10-25 20:15:40.556 | INFO | Create forward: ForwardItem(serial='127.0.0.1:16384', local='tcp:20255', remote='tcp:53516')
2025-10-25 20:15:40.562 | ERROR | ConnectionError: ('Connection aborted.', RemoteDisconnected('Remote end closed connection without response'))
2025-10-25 20:15:43.564 | INFO | [bold]<<< DROIDCAST INIT >>>[/bold]
2025-10-25 20:15:43.565 | INFO | Stopping DroidCast
2025-10-25 20:15:43.663 | INFO | Update droidcast resolution
2025-10-25 20:15:43.695 | INFO | Device Orientation = 1 (HOME key on the right)
2025-10-25 20:15:43.696 | INFO | Droidcast resolution: (720, 1280)
2025-10-25 20:15:43.698 | INFO | Pushing DroidCast apk
2025-10-25 20:15:43.808 | INFO | Starting DroidCast apk
2025-10-25 20:15:43.817 | INFO | ShellBackgroundResponse(success=True, pid=3150, description='Successfully started program: CLASSPATH=/data/local/tmp/DroidCast_raw.apk app_process / ink.mol.droidcast_raw.Main > /dev/null')
2025-10-25 20:15:43.820 | INFO | Reuse forward: ForwardItem(serial='127.0.0.1:16384', local='tcp:20255', remote='tcp:53516')
2025-10-25 20:15:43.823 | INFO | DroidCast_raw = http://127.0.0.1:20255/screenshot?width=1280&height=720
2025-10-25 20:15:44.085 | INFO | DroidCast = offline
2025-10-25 20:15:44.338 | INFO | DroidCast = offline
2025-10-25 20:15:44.598 | INFO | DroidCast = online
2025-10-25 20:15:44.917 | DEBUG | MAIN_CHECK 加载模板图像: ./assets/handler/MAIN_CHECK.png
2025-10-25 20:15:44.956 | DEBUG | MAIN_CHECK 模板图像加载成功, shape: (45, 43, 3)
2025-10-25 20:15:44.981 | DEBUG | MAIN_CHECK 模板匹配相似度: 0.0647, 阈值: 0.85, 匹配位置: (20, 11)
2025-10-25 20:15:44.983 | DEBUG | MAIN_CHECK 模板匹配结果: False
2025-10-25 20:15:45.583 | DEBUG | MAIN_CHECK 模板匹配相似度: 0.0732, 阈值: 0.85, 匹配位置: (7, 12)
2025-10-25 20:15:45.584 | DEBUG | MAIN_CHECK 模板匹配结果: False
2025-10-25 20:15:45.781 | DEBUG | MAIN_CHECK 模板匹配相似度: 0.0647, 阈值: 0.85, 匹配位置: (20, 11)
2025-10-25 20:15:45.783 | DEBUG | MAIN_CHECK 模板匹配结果: False
2025-10-25 20:15:45.916 | DEBUG | MAIN_CHECK 模板匹配相似度: 0.0647, 阈值: 0.85, 匹配位置: (20, 11)
2025-10-25 20:15:45.917 | DEBUG | MAIN_CHECK 模板匹配结果: False
2025-10-25 20:15:46.041 | DEBUG | MAIN_CHECK 模板匹配相似度: 0.0647, 阈值: 0.85, 匹配位置: (20, 11)
2025-10-25 20:15:46.044 | DEBUG | MAIN_CHECK 模板匹配结果: False
2025-10-25 20:15:46.168 | DEBUG | MAIN_CHECK 模板匹配相似度: 0.0647, 阈值: 0.85, 匹配位置: (20, 11)
2025-10-25 20:15:46.170 | DEBUG | MAIN_CHECK 模板匹配结果: False
2025-10-25 20:15:46.309 | DEBUG | MAIN_CHECK 模板匹配相似度: 0.0647, 阈值: 0.85, 匹配位置: (20, 11)
2025-10-25 20:15:46.310 | DEBUG | MAIN_CHECK 模板匹配结果: False
2025-10-25 20:15:46.437 | DEBUG | MAIN_CHECK 模板匹配相似度: 0.0647, 阈值: 0.85, 匹配位置: (20, 11)
2025-10-25 20:15:46.438 | DEBUG | MAIN_CHECK 模板匹配结果: False
2025-10-25 20:15:46.561 | DEBUG | MAIN_CHECK 模板匹配相似度: 0.0647, 阈值: 0.85, 匹配位置: (20, 11)
2025-10-25 20:15:46.562 | DEBUG | MAIN_CHECK 模板匹配结果: False
2025-10-25 20:15:46.690 | DEBUG | MAIN_CHECK 模板匹配相似度: 0.0647, 阈值: 0.85, 匹配位置: (20, 11)
2025-10-25 20:15:46.691 | DEBUG | MAIN_CHECK 模板匹配结果: False
2025-10-25 20:15:46.824 | DEBUG | MAIN_CHECK 模板匹配相似度: 0.0647, 阈值: 0.85, 匹配位置: (20, 11)
2025-10-25 20:15:46.824 | DEBUG | MAIN_CHECK 模板匹配结果: False
2025-10-25 20:15:46.960 | DEBUG | MAIN_CHECK 模板匹配相似度: 0.0647, 阈值: 0.85, 匹配位置: (20, 11)
2025-10-25 20:15:46.962 | DEBUG | MAIN_CHECK 模板匹配结果: False
2025-10-25 20:15:47.122 | DEBUG | MAIN_CHECK 模板匹配相似度: 0.0647, 阈值: 0.85, 匹配位置: (20, 11)
2025-10-25 20:15:47.123 | DEBUG | MAIN_CHECK 模板匹配结果: False
2025-10-25 20:15:47.246 | DEBUG | MAIN_CHECK 模板匹配相似度: 0.0647, 阈值: 0.85, 匹配位置: (20, 11)
2025-10-25 20:15:47.247 | DEBUG | MAIN_CHECK 模板匹配结果: False
2025-10-25 20:15:47.367 | DEBUG | MAIN_CHECK 模板匹配相似度: 0.0647, 阈值: 0.85, 匹配位置: (20, 11)
2025-10-25 20:15:47.369 | DEBUG | MAIN_CHECK 模板匹配结果: False
2025-10-25 20:15:47.506 | DEBUG | MAIN_CHECK 模板匹配相似度: 0.0647, 阈值: 0.85, 匹配位置: (20, 11)
2025-10-25 20:15:47.508 | DEBUG | MAIN_CHECK 模板匹配结果: False
2025-10-25 20:15:47.664 | DEBUG | MAIN_CHECK 模板匹配相似度: 0.0647, 阈值: 0.85, 匹配位置: (20, 11)
2025-10-25 20:15:47.665 | DEBUG | MAIN_CHECK 模板匹配结果: False
2025-10-25 20:15:47.791 | DEBUG | MAIN_CHECK 模板匹配相似度: 0.0647, 阈值: 0.85, 匹配位置: (20, 11)
2025-10-25 20:15:47.792 | DEBUG | MAIN_CHECK 模板匹配结果: False
2025-10-25 20:15:47.908 | DEBUG | MAIN_CHECK 模板匹配相似度: 0.0647, 阈值: 0.85, 匹配位置: (20, 11)
2025-10-25 20:15:47.910 | DEBUG | MAIN_CHECK 模板匹配结果: False
2025-10-25 20:15:48.045 | DEBUG | MAIN_CHECK 模板匹配相似度: 0.0647, 阈值: 0.85, 匹配位置: (20, 11)
2025-10-25 20:15:48.046 | DEBUG | MAIN_CHECK 模板匹配结果: False
2025-10-25 20:15:48.175 | DEBUG | MAIN_CHECK 模板匹配相似度: 0.0647, 阈值: 0.85, 匹配位置: (20, 11)
2025-10-25 20:15:48.176 | DEBUG | MAIN_CHECK 模板匹配结果: False
2025-10-25 20:15:48.325 | DEBUG | MAIN_CHECK 模板匹配相似度: 0.0647, 阈值: 0.85, 匹配位置: (20, 11)
2025-10-25 20:15:48.327 | DEBUG | MAIN_CHECK 模板匹配结果: False
2025-10-25 20:15:48.468 | DEBUG | MAIN_CHECK 模板匹配相似度: 0.0647, 阈值: 0.85, 匹配位置: (20, 11)
2025-10-25 20:15:48.469 | DEBUG | MAIN_CHECK 模板匹配结果: False
2025-10-25 20:15:48.596 | DEBUG | MAIN_CHECK 模板匹配相似度: 0.0647, 阈值: 0.85, 匹配位置: (20, 11)
2025-10-25 20:15:48.597 | DEBUG | MAIN_CHECK 模板匹配结果: False
2025-10-25 20:15:48.720 | DEBUG | MAIN_CHECK 模板匹配相似度: 0.0647, 阈值: 0.85, 匹配位置: (20, 11)
2025-10-25 20:15:48.722 | DEBUG | MAIN_CHECK 模板匹配结果: False
2025-10-25 20:15:48.868 | DEBUG | MAIN_CHECK 模板匹配相似度: 0.0647, 阈值: 0.85, 匹配位置: (20, 11)
2025-10-25 20:15:48.870 | DEBUG | MAIN_CHECK 模板匹配结果: False
2025-10-25 20:15:48.988 | DEBUG | MAIN_CHECK 模板匹配相似度: 0.0647, 阈值: 0.85, 匹配位置: (20, 11)
2025-10-25 20:15:48.990 | DEBUG | MAIN_CHECK 模板匹配结果: False
2025-10-25 20:15:49.160 | DEBUG | MAIN_CHECK 模板匹配相似度: 0.0647, 阈值: 0.85, 匹配位置: (20, 11)
2025-10-25 20:15:49.162 | DEBUG | MAIN_CHECK 模板匹配结果: False
2025-10-25 20:15:49.339 | DEBUG | MAIN_CHECK 模板匹配相似度: 0.0732, 阈值: 0.85, 匹配位置: (7, 12)
2025-10-25 20:15:49.340 | DEBUG | MAIN_CHECK 模板匹配结果: False
2025-10-25 20:15:49.507 | DEBUG | MAIN_CHECK 模板匹配相似度: 0.0647, 阈值: 0.85, 匹配位置: (20, 11)
2025-10-25 20:15:49.509 | DEBUG | MAIN_CHECK 模板匹配结果: False
2025-10-25 20:15:49.762 | DEBUG | MAIN_CHECK 模板匹配相似度: 0.0647, 阈值: 0.85, 匹配位置: (20, 11)
2025-10-25 20:15:49.764 | DEBUG | MAIN_CHECK 模板匹配结果: False
2025-10-25 20:15:49.965 | DEBUG | MAIN_CHECK 模板匹配相似度: 0.0647, 阈值: 0.85, 匹配位置: (20, 11)
2025-10-25 20:15:49.967 | DEBUG | MAIN_CHECK 模板匹配结果: False
2025-10-25 20:15:50.174 | DEBUG | MAIN_CHECK 模板匹配相似度: 0.0732, 阈值: 0.85, 匹配位置: (7, 12)
2025-10-25 20:15:50.176 | DEBUG | MAIN_CHECK 模板匹配结果: False
2025-10-25 20:15:50.321 | DEBUG | MAIN_CHECK 模板匹配相似度: 0.0647, 阈值: 0.85, 匹配位置: (20, 11)
2025-10-25 20:15:50.323 | DEBUG | MAIN_CHECK 模板匹配结果: False
2025-10-25 20:15:50.457 | DEBUG | MAIN_CHECK 模板匹配相似度: 0.0647, 阈值: 0.85, 匹配位置: (20, 11)
2025-10-25 20:15:50.460 | DEBUG | MAIN_CHECK 模板匹配结果: False
2025-10-25 20:15:50.595 | DEBUG | MAIN_CHECK 模板匹配相似度: 0.0732, 阈值: 0.85, 匹配位置: (7, 12)
2025-10-25 20:15:50.596 | DEBUG | MAIN_CHECK 模板匹配结果: False
2025-10-25 20:15:50.739 | DEBUG | MAIN_CHECK 模板匹配相似度: 0.0647, 阈值: 0.85, 匹配位置: (20, 11)
2025-10-25 20:15:50.740 | DEBUG | MAIN_CHECK 模板匹配结果: False
2025-10-25 20:15:50.869 | DEBUG | MAIN_CHECK 模板匹配相似度: 0.0647, 阈值: 0.85, 匹配位置: (20, 11)
2025-10-25 20:15:50.870 | DEBUG | MAIN_CHECK 模板匹配结果: False
2025-10-25 20:15:50.999 | DEBUG | MAIN_CHECK 模板匹配相似度: 0.0647, 阈值: 0.85, 匹配位置: (20, 11)
2025-10-25 20:15:51.001 | DEBUG | MAIN_CHECK 模板匹配结果: False
2025-10-25 20:15:51.178 | DEBUG | MAIN_CHECK 模板匹配相似度: 0.0647, 阈值: 0.85, 匹配位置: (20, 11)
2025-10-25 20:15:51.180 | DEBUG | MAIN_CHECK 模板匹配结果: False
2025-10-25 20:15:51.336 | DEBUG | MAIN_CHECK 模板匹配相似度: 0.0647, 阈值: 0.85, 匹配位置: (20, 11)
2025-10-25 20:15:51.338 | DEBUG | MAIN_CHECK 模板匹配结果: False
2025-10-25 20:15:51.954 | DEBUG | MAIN_CHECK 模板匹配相似度: 0.0732, 阈值: 0.85, 匹配位置: (7, 12)
2025-10-25 20:15:51.955 | DEBUG | MAIN_CHECK 模板匹配结果: False
2025-10-25 20:15:52.074 | DEBUG | MAIN_CHECK 模板匹配相似度: 0.0647, 阈值: 0.85, 匹配位置: (20, 11)
2025-10-25 20:15:52.075 | DEBUG | MAIN_CHECK 模板匹配结果: False
2025-10-25 20:15:52.217 | DEBUG | MAIN_CHECK 模板匹配相似度: 0.0647, 阈值: 0.85, 匹配位置: (20, 11)
2025-10-25 20:15:52.219 | DEBUG | MAIN_CHECK 模板匹配结果: False
2025-10-25 20:15:52.451 | DEBUG | MAIN_CHECK 模板匹配相似度: 0.0732, 阈值: 0.85, 匹配位置: (7, 12)
2025-10-25 20:15:52.452 | DEBUG | MAIN_CHECK 模板匹配结果: False
2025-10-25 20:15:52.591 | DEBUG | MAIN_CHECK 模板匹配相似度: 0.0711, 阈值: 0.85, 匹配位置: (20, 11)
2025-10-25 20:15:52.592 | DEBUG | MAIN_CHECK 模板匹配结果: False
2025-10-25 20:15:52.728 | DEBUG | MAIN_CHECK 模板匹配相似度: 0.0833, 阈值: 0.85, 匹配位置: (20, 11)
2025-10-25 20:15:52.730 | DEBUG | MAIN_CHECK 模板匹配结果: False
2025-10-25 20:15:52.858 | DEBUG | MAIN_CHECK 模板匹配相似度: 0.0747, 阈值: 0.85, 匹配位置: (20, 11)
2025-10-25 20:15:52.860 | DEBUG | MAIN_CHECK 模板匹配结果: False
2025-10-25 20:15:53.032 | DEBUG | MAIN_CHECK 模板匹配相似度: 0.0665, 阈值: 0.85, 匹配位置: (20, 11)
2025-10-25 20:15:53.033 | DEBUG | MAIN_CHECK 模板匹配结果: False
2025-10-25 20:15:53.154 | DEBUG | MAIN_CHECK 模板匹配相似度: 0.0647, 阈值: 0.85, 匹配位置: (20, 11)
2025-10-25 20:15:53.155 | DEBUG | MAIN_CHECK 模板匹配结果: False
2025-10-25 20:15:53.281 | DEBUG | MAIN_CHECK 模板匹配相似度: 0.0647, 阈值: 0.85, 匹配位置: (20, 11)
2025-10-25 20:15:53.282 | DEBUG | MAIN_CHECK 模板匹配结果: False
2025-10-25 20:15:53.475 | DEBUG | MAIN_CHECK 模板匹配相似度: 0.0647, 阈值: 0.85, 匹配位置: (20, 11)
2025-10-25 20:15:53.476 | DEBUG | MAIN_CHECK 模板匹配结果: False
2025-10-25 20:15:53.641 | DEBUG | MAIN_CHECK 模板匹配相似度: 0.0647, 阈值: 0.85, 匹配位置: (20, 11)
2025-10-25 20:15:53.642 | DEBUG | MAIN_CHECK 模板匹配结果: False
2025-10-25 20:15:53.775 | DEBUG | MAIN_CHECK 模板匹配相似度: 0.1364, 阈值: 0.85, 匹配位置: (33, 19)
2025-10-25 20:15:53.777 | DEBUG | MAIN_CHECK 模板匹配结果: False
2025-10-25 20:15:53.912 | DEBUG | MAIN_CHECK 模板匹配相似度: 0.2318, 阈值: 0.85, 匹配位置: (46, 46)
2025-10-25 20:15:53.913 | DEBUG | MAIN_CHECK 模板匹配结果: False
2025-10-25 20:15:54.042 | DEBUG | MAIN_CHECK 模板匹配相似度: 0.1396, 阈值: 0.85, 匹配位置: (33, 19)
2025-10-25 20:15:54.044 | DEBUG | MAIN_CHECK 模板匹配结果: False
2025-10-25 20:15:54.161 | DEBUG | MAIN_CHECK 模板匹配相似度: 0.1618, 阈值: 0.85, 匹配位置: (39, 58)
2025-10-25 20:15:54.163 | DEBUG | MAIN_CHECK 模板匹配结果: False
2025-10-25 20:15:54.326 | DEBUG | MAIN_CHECK 模板匹配相似度: 0.1472, 阈值: 0.85, 匹配位置: (33, 19)
2025-10-25 20:15:54.328 | DEBUG | MAIN_CHECK 模板匹配结果: False
2025-10-25 20:15:54.476 | DEBUG | MAIN_CHECK 模板匹配相似度: 0.1572, 阈值: 0.85, 匹配位置: (33, 20)
2025-10-25 20:15:54.477 | DEBUG | MAIN_CHECK 模板匹配结果: False
2025-10-25 20:15:54.603 | DEBUG | MAIN_CHECK 模板匹配相似度: 0.1291, 阈值: 0.85, 匹配位置: (33, 20)
2025-10-25 20:15:54.605 | DEBUG | MAIN_CHECK 模板匹配结果: False
2025-10-25 20:15:54.755 | DEBUG | MAIN_CHECK 模板匹配相似度: 0.1565, 阈值: 0.85, 匹配位置: (39, 53)
2025-10-25 20:15:54.757 | DEBUG | MAIN_CHECK 模板匹配结果: False
2025-10-25 20:15:55.076 | DEBUG | MAIN_CHECK 模板匹配相似度: 0.1565, 阈值: 0.85, 匹配位置: (39, 53)
2025-10-25 20:15:55.078 | DEBUG | MAIN_CHECK 模板匹配结果: False
2025-10-25 20:15:55.202 | DEBUG | MAIN_CHECK 模板匹配相似度: 0.1572, 阈值: 0.85, 匹配位置: (39, 53)
2025-10-25 20:15:55.204 | DEBUG | MAIN_CHECK 模板匹配结果: False
2025-10-25 20:15:55.336 | DEBUG | MAIN_CHECK 模板匹配相似度: 0.1581, 阈值: 0.85, 匹配位置: (39, 53)
2025-10-25 20:15:55.338 | DEBUG | MAIN_CHECK 模板匹配结果: False
2025-10-25 20:15:55.461 | DEBUG | MAIN_CHECK 模板匹配相似度: 0.1581, 阈值: 0.85, 匹配位置: (39, 53)
2025-10-25 20:15:55.462 | DEBUG | MAIN_CHECK 模板匹配结果: False
2025-10-25 20:15:55.580 | DEBUG | MAIN_CHECK 模板匹配相似度: 0.1581, 阈值: 0.85, 匹配位置: (39, 53)
2025-10-25 20:15:55.582 | DEBUG | MAIN_CHECK 模板匹配结果: False
2025-10-25 20:15:55.695 | DEBUG | MAIN_CHECK 模板匹配相似度: 0.1581, 阈值: 0.85, 匹配位置: (39, 53)
2025-10-25 20:15:55.697 | DEBUG | MAIN_CHECK 模板匹配结果: False
2025-10-25 20:15:55.810 | DEBUG | MAIN_CHECK 模板匹配相似度: 0.1581, 阈值: 0.85, 匹配位置: (39, 53)
2025-10-25 20:15:55.812 | DEBUG | MAIN_CHECK 模板匹配结果: False
2025-10-25 20:15:56.148 | DEBUG | MAIN_CHECK 模板匹配相似度: 0.1581, 阈值: 0.85, 匹配位置: (39, 53)
2025-10-25 20:15:56.149 | DEBUG | MAIN_CHECK 模板匹配结果: False
2025-10-25 20:15:56.408 | DEBUG | MAIN_CHECK 模板匹配相似度: 0.1581, 阈值: 0.85, 匹配位置: (39, 53)
2025-10-25 20:15:56.410 | DEBUG | MAIN_CHECK 模板匹配结果: False
2025-10-25 20:15:56.563 | DEBUG | MAIN_CHECK 模板匹配相似度: 0.0599, 阈值: 0.85, 匹配位置: (0, 15)
2025-10-25 20:15:56.565 | DEBUG | MAIN_CHECK 模板匹配结果: False
2025-10-25 20:15:56.686 | DEBUG | MAIN_CHECK 模板匹配相似度: 0.0599, 阈值: 0.85, 匹配位置: (0, 15)
2025-10-25 20:15:56.688 | DEBUG | MAIN_CHECK 模板匹配结果: False
2025-10-25 20:15:56.814 | DEBUG | MAIN_CHECK 模板匹配相似度: 0.0599, 阈值: 0.85, 匹配位置: (0, 15)
2025-10-25 20:15:56.815 | DEBUG | MAIN_CHECK 模板匹配结果: False
2025-10-25 20:15:56.938 | DEBUG | MAIN_CHECK 模板匹配相似度: 0.0599, 阈值: 0.85, 匹配位置: (0, 15)
2025-10-25 20:15:56.939 | DEBUG | MAIN_CHECK 模板匹配结果: False
2025-10-25 20:15:57.059 | DEBUG | MAIN_CHECK 模板匹配相似度: 0.0599, 阈值: 0.85, 匹配位置: (0, 15)
2025-10-25 20:15:57.061 | DEBUG | MAIN_CHECK 模板匹配结果: False
2025-10-25 20:15:57.190 | DEBUG | MAIN_CHECK 模板匹配相似度: 0.0599, 阈值: 0.85, 匹配位置: (0, 15)
2025-10-25 20:15:57.191 | DEBUG | MAIN_CHECK 模板匹配结果: False
2025-10-25 20:15:57.320 | DEBUG | MAIN_CHECK 模板匹配相似度: 0.0599, 阈值: 0.85, 匹配位置: (0, 15)
2025-10-25 20:15:57.322 | DEBUG | MAIN_CHECK 模板匹配结果: False
2025-10-25 20:15:57.444 | DEBUG | MAIN_CHECK 模板匹配相似度: 0.0599, 阈值: 0.85, 匹配位置: (0, 15)
2025-10-25 20:15:57.446 | DEBUG | MAIN_CHECK 模板匹配结果: False
2025-10-25 20:15:57.567 | DEBUG | MAIN_CHECK 模板匹配相似度: 0.0599, 阈值: 0.85, 匹配位置: (0, 15)
2025-10-25 20:15:57.569 | DEBUG | MAIN_CHECK 模板匹配结果: False
2025-10-25 20:15:57.680 | DEBUG | MAIN_CHECK 模板匹配相似度: 0.0599, 阈值: 0.85, 匹配位置: (0, 15)
2025-10-25 20:15:57.681 | DEBUG | MAIN_CHECK 模板匹配结果: False
2025-10-25 20:15:57.791 | DEBUG | MAIN_CHECK 模板匹配相似度: 0.0599, 阈值: 0.85, 匹配位置: (0, 15)
2025-10-25 20:15:57.793 | DEBUG | MAIN_CHECK 模板匹配结果: False
2025-10-25 20:15:57.913 | DEBUG | MAIN_CHECK 模板匹配相似度: 0.0599, 阈值: 0.85, 匹配位置: (0, 15)
2025-10-25 20:15:57.914 | DEBUG | MAIN_CHECK 模板匹配结果: False
2025-10-25 20:15:58.030 | DEBUG | MAIN_CHECK 模板匹配相似度: 0.0599, 阈值: 0.85, 匹配位置: (0, 15)
2025-10-25 20:15:58.031 | DEBUG | MAIN_CHECK 模板匹配结果: False
2025-10-25 20:15:58.146 | DEBUG | MAIN_CHECK 模板匹配相似度: 0.0599, 阈值: 0.85, 匹配位置: (0, 15)
2025-10-25 20:15:58.147 | DEBUG | MAIN_CHECK 模板匹配结果: False
2025-10-25 20:15:58.267 | DEBUG | MAIN_CHECK 模板匹配相似度: 0.0599, 阈值: 0.85, 匹配位置: (0, 15)
2025-10-25 20:15:58.269 | DEBUG | MAIN_CHECK 模板匹配结果: False
2025-10-25 20:15:58.386 | DEBUG | MAIN_CHECK 模板匹配相似度: 0.0599, 阈值: 0.85, 匹配位置: (0, 15)
2025-10-25 20:15:58.387 | DEBUG | MAIN_CHECK 模板匹配结果: False
2025-10-25 20:15:58.508 | DEBUG | MAIN_CHECK 模板匹配相似度: 0.0599, 阈值: 0.85, 匹配位置: (0, 15)
2025-10-25 20:15:58.509 | DEBUG | MAIN_CHECK 模板匹配结果: False
2025-10-25 20:15:58.642 | DEBUG | MAIN_CHECK 模板匹配相似度: 0.0599, 阈值: 0.85, 匹配位置: (0, 15)
2025-10-25 20:15:58.643 | DEBUG | MAIN_CHECK 模板匹配结果: False
2025-10-25 20:15:58.762 | DEBUG | MAIN_CHECK 模板匹配相似度: 0.0599, 阈值: 0.85, 匹配位置: (0, 15)
2025-10-25 20:15:58.764 | DEBUG | MAIN_CHECK 模板匹配结果: False
2025-10-25 20:15:58.883 | DEBUG | MAIN_CHECK 模板匹配相似度: 0.0599, 阈值: 0.85, 匹配位置: (0, 15)
2025-10-25 20:15:58.885 | DEBUG | MAIN_CHECK 模板匹配结果: False
2025-10-25 20:15:58.996 | DEBUG | MAIN_CHECK 模板匹配相似度: 0.0599, 阈值: 0.85, 匹配位置: (0, 15)
2025-10-25 20:15:58.997 | DEBUG | MAIN_CHECK 模板匹配结果: False
2025-10-25 20:15:59.110 | DEBUG | MAIN_CHECK 模板匹配相似度: 0.0599, 阈值: 0.85, 匹配位置: (0, 15)
2025-10-25 20:15:59.112 | DEBUG | MAIN_CHECK 模板匹配结果: False
2025-10-25 20:15:59.390 | DEBUG | MAIN_CHECK 模板匹配相似度: 0.0721, 阈值: 0.85, 匹配位置: (2, 15)
2025-10-25 20:15:59.392 | DEBUG | MAIN_CHECK 模板匹配结果: False
2025-10-25 20:15:59.706 | DEBUG | MAIN_CHECK 模板匹配相似度: 0.1581, 阈值: 0.85, 匹配位置: (39, 53)
2025-10-25 20:15:59.708 | DEBUG | MAIN_CHECK 模板匹配结果: False
2025-10-25 20:15:59.870 | DEBUG | MAIN_CHECK 模板匹配相似度: 0.1930, 阈值: 0.85, 匹配位置: (43, 42)
2025-10-25 20:15:59.872 | DEBUG | MAIN_CHECK 模板匹配结果: False
2025-10-25 20:16:00.184 | DEBUG | MAIN_CHECK 模板匹配相似度: 0.2788, 阈值: 0.85, 匹配位置: (11, 60)
2025-10-25 20:16:00.186 | DEBUG | MAIN_CHECK 模板匹配结果: False
2025-10-25 20:16:00.313 | DEBUG | MAIN_CHECK 模板匹配相似度: 0.3034, 阈值: 0.85, 匹配位置: (1, 54)
2025-10-25 20:16:00.315 | DEBUG | MAIN_CHECK 模板匹配结果: False
2025-10-25 20:16:00.448 | DEBUG | MAIN_CHECK 模板匹配相似度: 0.3033, 阈值: 0.85, 匹配位置: (4, 59)
2025-10-25 20:16:00.450 | DEBUG | MAIN_CHECK 模板匹配结果: False
2025-10-25 20:16:00.580 | DEBUG | MAIN_CHECK 模板匹配相似度: 0.2125, 阈值: 0.85, 匹配位置: (4, 60)
2025-10-25 20:16:00.581 | DEBUG | MAIN_CHECK 模板匹配结果: False
2025-10-25 20:16:00.698 | DEBUG | MAIN_CHECK 模板匹配相似度: 0.1065, 阈值: 0.85, 匹配位置: (22, 27)
2025-10-25 20:16:00.700 | DEBUG | MAIN_CHECK 模板匹配结果: False
2025-10-25 20:16:00.818 | DEBUG | MAIN_CHECK 模板匹配相似度: 0.1223, 阈值: 0.85, 匹配位置: (33, 20)
2025-10-25 20:16:00.820 | DEBUG | MAIN_CHECK 模板匹配结果: False
2025-10-25 20:16:00.945 | DEBUG | MAIN_CHECK 模板匹配相似度: 0.1287, 阈值: 0.85, 匹配位置: (26, 32)
2025-10-25 20:16:00.947 | DEBUG | MAIN_CHECK 模板匹配结果: False
2025-10-25 20:16:01.076 | DEBUG | MAIN_CHECK 模板匹配相似度: 0.1471, 阈值: 0.85, 匹配位置: (0, 59)
2025-10-25 20:16:01.078 | DEBUG | MAIN_CHECK 模板匹配结果: False
2025-10-25 20:16:01.208 | DEBUG | MAIN_CHECK 模板匹配相似度: 0.1238, 阈值: 0.85, 匹配位置: (35, 42)
2025-10-25 20:16:01.209 | DEBUG | MAIN_CHECK 模板匹配结果: False
2025-10-25 20:16:01.333 | DEBUG | MAIN_CHECK 模板匹配相似度: 0.1459, 阈值: 0.85, 匹配位置: (33, 19)
2025-10-25 20:16:01.335 | DEBUG | MAIN_CHECK 模板匹配结果: False
2025-10-25 20:16:01.450 | DEBUG | MAIN_CHECK 模板匹配相似度: 0.1462, 阈值: 0.85, 匹配位置: (33, 19)
2025-10-25 20:16:01.452 | DEBUG | MAIN_CHECK 模板匹配结果: False
2025-10-25 20:16:01.575 | DEBUG | MAIN_CHECK 模板匹配相似度: 0.1454, 阈值: 0.85, 匹配位置: (33, 19)
2025-10-25 20:16:01.577 | DEBUG | MAIN_CHECK 模板匹配结果: False
2025-10-25 20:16:01.693 | DEBUG | MAIN_CHECK 模板匹配相似度: 0.1457, 阈值: 0.85, 匹配位置: (33, 19)
2025-10-25 20:16:01.694 | DEBUG | MAIN_CHECK 模板匹配结果: False
2025-10-25 20:16:01.815 | DEBUG | MAIN_CHECK 模板匹配相似度: 0.1456, 阈值: 0.85, 匹配位置: (33, 19)
2025-10-25 20:16:01.816 | DEBUG | MAIN_CHECK 模板匹配结果: False
2025-10-25 20:16:01.941 | DEBUG | MAIN_CHECK 模板匹配相似度: 0.1460, 阈值: 0.85, 匹配位置: (33, 19)
2025-10-25 20:16:01.942 | DEBUG | MAIN_CHECK 模板匹配结果: False
2025-10-25 20:16:02.064 | DEBUG | MAIN_CHECK 模板匹配相似度: 0.1460, 阈值: 0.85, 匹配位置: (33, 19)
2025-10-25 20:16:02.066 | DEBUG | MAIN_CHECK 模板匹配结果: False
2025-10-25 20:16:02.180 | DEBUG | MAIN_CHECK 模板匹配相似度: 0.1460, 阈值: 0.85, 匹配位置: (33, 19)
2025-10-25 20:16:02.182 | DEBUG | MAIN_CHECK 模板匹配结果: False
2025-10-25 20:16:02.313 | DEBUG | MAIN_CHECK 模板匹配相似度: 0.1460, 阈值: 0.85, 匹配位置: (33, 19)
2025-10-25 20:16:02.315 | DEBUG | MAIN_CHECK 模板匹配结果: False
2025-10-25 20:16:02.489 | DEBUG | MAIN_CHECK 模板匹配相似度: 0.1426, 阈值: 0.85, 匹配位置: (21, 42)
2025-10-25 20:16:02.491 | DEBUG | MAIN_CHECK 模板匹配结果: False
2025-10-25 20:16:02.636 | DEBUG | MAIN_CHECK 模板匹配相似度: 0.1435, 阈值: 0.85, 匹配位置: (21, 42)
2025-10-25 20:16:02.638 | DEBUG | MAIN_CHECK 模板匹配结果: False
2025-10-25 20:16:02.766 | DEBUG | MAIN_CHECK 模板匹配相似度: 0.1440, 阈值: 0.85, 匹配位置: (21, 42)
2025-10-25 20:16:02.768 | DEBUG | MAIN_CHECK 模板匹配结果: False
2025-10-25 20:16:02.887 | DEBUG | MAIN_CHECK 模板匹配相似度: 0.1440, 阈值: 0.85, 匹配位置: (21, 42)
2025-10-25 20:16:02.888 | DEBUG | MAIN_CHECK 模板匹配结果: False
2025-10-25 20:16:03.005 | DEBUG | MAIN_CHECK 模板匹配相似度: 0.1440, 阈值: 0.85, 匹配位置: (21, 42)
2025-10-25 20:16:03.007 | DEBUG | MAIN_CHECK 模板匹配结果: False
2025-10-25 20:16:03.119 | DEBUG | MAIN_CHECK 模板匹配相似度: 0.1440, 阈值: 0.85, 匹配位置: (21, 42)
2025-10-25 20:16:03.121 | DEBUG | MAIN_CHECK 模板匹配结果: False
2025-10-25 20:16:03.256 | DEBUG | MAIN_CHECK 模板匹配相似度: 0.1440, 阈值: 0.85, 匹配位置: (21, 42)
2025-10-25 20:16:03.257 | DEBUG | MAIN_CHECK 模板匹配结果: False
2025-10-25 20:16:03.372 | DEBUG | MAIN_CHECK 模板匹配相似度: 0.1443, 阈值: 0.85, 匹配位置: (21, 42)
2025-10-25 20:16:03.373 | DEBUG | MAIN_CHECK 模板匹配结果: False
2025-10-25 20:16:03.487 | DEBUG | MAIN_CHECK 模板匹配相似度: 0.1443, 阈值: 0.85, 匹配位置: (21, 42)
2025-10-25 20:16:03.488 | DEBUG | MAIN_CHECK 模板匹配结果: False
2025-10-25 20:16:03.600 | DEBUG | MAIN_CHECK 模板匹配相似度: 0.1443, 阈值: 0.85, 匹配位置: (21, 42)
2025-10-25 20:16:03.601 | DEBUG | MAIN_CHECK 模板匹配结果: False
2025-10-25 20:16:03.712 | DEBUG | MAIN_CHECK 模板匹配相似度: 0.1443, 阈值: 0.85, 匹配位置: (21, 42)
2025-10-25 20:16:03.713 | DEBUG | MAIN_CHECK 模板匹配结果: False
2025-10-25 20:16:03.833 | DEBUG | MAIN_CHECK 模板匹配相似度: 0.1443, 阈值: 0.85, 匹配位置: (21, 42)
2025-10-25 20:16:03.836 | DEBUG | MAIN_CHECK 模板匹配结果: False
2025-10-25 20:16:03.958 | DEBUG | MAIN_CHECK 模板匹配相似度: 0.1443, 阈值: 0.85, 匹配位置: (21, 42)
2025-10-25 20:16:03.959 | DEBUG | MAIN_CHECK 模板匹配结果: False
2025-10-25 20:16:04.075 | DEBUG | MAIN_CHECK 模板匹配相似度: 0.1443, 阈值: 0.85, 匹配位置: (21, 42)
2025-10-25 20:16:04.076 | DEBUG | MAIN_CHECK 模板匹配结果: False
2025-10-25 20:16:04.200 | DEBUG | MAIN_CHECK 模板匹配相似度: 0.1443, 阈值: 0.85, 匹配位置: (21, 42)
2025-10-25 20:16:04.201 | DEBUG | MAIN_CHECK 模板匹配结果: False
2025-10-25 20:16:04.355 | DEBUG | MAIN_CHECK 模板匹配相似度: 0.1443, 阈值: 0.85, 匹配位置: (21, 42)
2025-10-25 20:16:04.356 | DEBUG | MAIN_CHECK 模板匹配结果: False
2025-10-25 20:16:04.494 | DEBUG | MAIN_CHECK 模板匹配相似度: 0.1443, 阈值: 0.85, 匹配位置: (21, 42)
2025-10-25 20:16:04.495 | DEBUG | MAIN_CHECK 模板匹配结果: False
2025-10-25 20:16:04.620 | DEBUG | MAIN_CHECK 模板匹配相似度: 0.1443, 阈值: 0.85, 匹配位置: (21, 42)
2025-10-25 20:16:04.621 | DEBUG | MAIN_CHECK 模板匹配结果: False
2025-10-25 20:16:04.741 | DEBUG | MAIN_CHECK 模板匹配相似度: 0.1443, 阈值: 0.85, 匹配位置: (21, 42)
2025-10-25 20:16:04.742 | DEBUG | MAIN_CHECK 模板匹配结果: False
2025-10-25 20:16:04.861 | DEBUG | MAIN_CHECK 模板匹配相似度: 0.1443, 阈值: 0.85, 匹配位置: (21, 42)
2025-10-25 20:16:04.862 | DEBUG | MAIN_CHECK 模板匹配结果: False
2025-10-25 20:16:04.977 | DEBUG | MAIN_CHECK 模板匹配相似度: 0.1443, 阈值: 0.85, 匹配位置: (21, 42)
2025-10-25 20:16:04.979 | DEBUG | MAIN_CHECK 模板匹配结果: False
2025-10-25 20:16:05.095 | DEBUG | MAIN_CHECK 模板匹配相似度: 0.1443, 阈值: 0.85, 匹配位置: (21, 42)
2025-10-25 20:16:05.097 | DEBUG | MAIN_CHECK 模板匹配结果: False
2025-10-25 20:16:05.220 | DEBUG | MAIN_CHECK 模板匹配相似度: 0.1443, 阈值: 0.85, 匹配位置: (21, 42)
2025-10-25 20:16:05.222 | DEBUG | MAIN_CHECK 模板匹配结果: False
2025-10-25 20:16:05.334 | DEBUG | MAIN_CHECK 模板匹配相似度: 0.1443, 阈值: 0.85, 匹配位置: (21, 42)
2025-10-25 20:16:05.336 | DEBUG | MAIN_CHECK 模板匹配结果: False
2025-10-25 20:16:05.465 | DEBUG | MAIN_CHECK 模板匹配相似度: 0.1443, 阈值: 0.85, 匹配位置: (21, 42)
2025-10-25 20:16:05.466 | DEBUG | MAIN_CHECK 模板匹配结果: False
2025-10-25 20:16:05.586 | DEBUG | MAIN_CHECK 模板匹配相似度: 0.1443, 阈值: 0.85, 匹配位置: (21, 42)
2025-10-25 20:16:05.587 | DEBUG | MAIN_CHECK 模板匹配结果: False
2025-10-25 20:16:05.706 | DEBUG | MAIN_CHECK 模板匹配相似度: 0.1443, 阈值: 0.85, 匹配位置: (21, 42)
2025-10-25 20:16:05.708 | DEBUG | MAIN_CHECK 模板匹配结果: False
2025-10-25 20:16:05.823 | DEBUG | MAIN_CHECK 模板匹配相似度: 0.1443, 阈值: 0.85, 匹配位置: (21, 42)
2025-10-25 20:16:05.825 | DEBUG | MAIN_CHECK 模板匹配结果: False
2025-10-25 20:16:05.942 | DEBUG | MAIN_CHECK 模板匹配相似度: 0.1443, 阈值: 0.85, 匹配位置: (21, 42)
2025-10-25 20:16:05.943 | DEBUG | MAIN_CHECK 模板匹配结果: False
2025-10-25 20:16:06.060 | DEBUG | MAIN_CHECK 模板匹配相似度: 0.1443, 阈值: 0.85, 匹配位置: (21, 42)
2025-10-25 20:16:06.062 | DEBUG | MAIN_CHECK 模板匹配结果: False
2025-10-25 20:16:06.177 | DEBUG | MAIN_CHECK 模板匹配相似度: 0.1443, 阈值: 0.85, 匹配位置: (21, 42)
2025-10-25 20:16:06.178 | DEBUG | MAIN_CHECK 模板匹配结果: False
2025-10-25 20:16:06.299 | DEBUG | MAIN_CHECK 模板匹配相似度: 0.1443, 阈值: 0.85, 匹配位置: (21, 42)
2025-10-25 20:16:06.300 | DEBUG | MAIN_CHECK 模板匹配结果: False
2025-10-25 20:16:06.418 | DEBUG | MAIN_CHECK 模板匹配相似度: 0.1443, 阈值: 0.85, 匹配位置: (21, 42)
2025-10-25 20:16:06.419 | DEBUG | MAIN_CHECK 模板匹配结果: False
2025-10-25 20:16:06.539 | DEBUG | MAIN_CHECK 模板匹配相似度: 0.1443, 阈值: 0.85, 匹配位置: (21, 42)
2025-10-25 20:16:06.540 | DEBUG | MAIN_CHECK 模板匹配结果: False
2025-10-25 20:16:06.659 | DEBUG | MAIN_CHECK 模板匹配相似度: 0.1443, 阈值: 0.85, 匹配位置: (21, 42)
2025-10-25 20:16:06.661 | DEBUG | MAIN_CHECK 模板匹配结果: False
2025-10-25 20:16:06.784 | DEBUG | MAIN_CHECK 模板匹配相似度: 0.1443, 阈值: 0.85, 匹配位置: (21, 42)
2025-10-25 20:16:06.785 | DEBUG | MAIN_CHECK 模板匹配结果: False
2025-10-25 20:16:06.915 | DEBUG | MAIN_CHECK 模板匹配相似度: 0.1443, 阈值: 0.85, 匹配位置: (21, 42)
2025-10-25 20:16:06.917 | DEBUG | MAIN_CHECK 模板匹配结果: False
2025-10-25 20:16:07.037 | DEBUG | MAIN_CHECK 模板匹配相似度: 0.1443, 阈值: 0.85, 匹配位置: (21, 42)
2025-10-25 20:16:07.038 | DEBUG | MAIN_CHECK 模板匹配结果: False
2025-10-25 20:16:07.166 | DEBUG | MAIN_CHECK 模板匹配相似度: 0.1443, 阈值: 0.85, 匹配位置: (21, 42)
2025-10-25 20:16:07.168 | DEBUG | MAIN_CHECK 模板匹配结果: False
2025-10-25 20:16:07.295 | DEBUG | MAIN_CHECK 模板匹配相似度: 0.1443, 阈值: 0.85, 匹配位置: (21, 42)
2025-10-25 20:16:07.296 | DEBUG | MAIN_CHECK 模板匹配结果: False
2025-10-25 20:16:07.439 | DEBUG | MAIN_CHECK 模板匹配相似度: 0.1439, 阈值: 0.85, 匹配位置: (21, 42)
2025-10-25 20:16:07.441 | DEBUG | MAIN_CHECK 模板匹配结果: False
2025-10-25 20:16:07.601 | DEBUG | MAIN_CHECK 模板匹配相似度: 0.1521, 阈值: 0.85, 匹配位置: (38, 56)
2025-10-25 20:16:07.602 | DEBUG | MAIN_CHECK 模板匹配结果: False
2025-10-25 20:16:07.733 | DEBUG | MAIN_CHECK 模板匹配相似度: 0.1314, 阈值: 0.85, 匹配位置: (12, 43)
2025-10-25 20:16:07.735 | DEBUG | MAIN_CHECK 模板匹配结果: False
2025-10-25 20:16:07.858 | DEBUG | MAIN_CHECK 模板匹配相似度: 0.1313, 阈值: 0.85, 匹配位置: (12, 43)
2025-10-25 20:16:07.860 | DEBUG | MAIN_CHECK 模板匹配结果: False
2025-10-25 20:16:07.983 | DEBUG | MAIN_CHECK 模板匹配相似度: 0.1580, 阈值: 0.85, 匹配位置: (12, 43)
2025-10-25 20:16:07.984 | DEBUG | MAIN_CHECK 模板匹配结果: False
2025-10-25 20:16:08.108 | DEBUG | MAIN_CHECK 模板匹配相似度: 0.1468, 阈值: 0.85, 匹配位置: (35, 33)
2025-10-25 20:16:08.109 | DEBUG | MAIN_CHECK 模板匹配结果: False
2025-10-25 20:16:08.239 | DEBUG | MAIN_CHECK 模板匹配相似度: 0.1492, 阈值: 0.85, 匹配位置: (35, 33)
2025-10-25 20:16:08.240 | DEBUG | MAIN_CHECK 模板匹配结果: False
2025-10-25 20:16:08.357 | DEBUG | MAIN_CHECK 模板匹配相似度: 0.1455, 阈值: 0.85, 匹配位置: (34, 33)
2025-10-25 20:16:08.359 | DEBUG | MAIN_CHECK 模板匹配结果: False
2025-10-25 20:16:08.480 | DEBUG | MAIN_CHECK 模板匹配相似度: 0.1576, 阈值: 0.85, 匹配位置: (34, 32)
2025-10-25 20:16:08.481 | DEBUG | MAIN_CHECK 模板匹配结果: False
2025-10-25 20:16:08.613 | DEBUG | MAIN_CHECK 模板匹配相似度: 0.1484, 阈值: 0.85, 匹配位置: (35, 33)
2025-10-25 20:16:08.615 | DEBUG | MAIN_CHECK 模板匹配结果: False
2025-10-25 20:16:08.750 | DEBUG | MAIN_CHECK 模板匹配相似度: 0.1350, 阈值: 0.85, 匹配位置: (35, 33)
2025-10-25 20:16:08.752 | DEBUG | MAIN_CHECK 模板匹配结果: False
2025-10-25 20:16:08.890 | DEBUG | MAIN_CHECK 模板匹配相似度: 0.1327, 阈值: 0.85, 匹配位置: (35, 33)
2025-10-25 20:16:08.893 | DEBUG | MAIN_CHECK 模板匹配结果: False
2025-10-25 20:16:09.021 | DEBUG | MAIN_CHECK 模板匹配相似度: 0.1294, 阈值: 0.85, 匹配位置: (35, 33)
2025-10-25 20:16:09.023 | DEBUG | MAIN_CHECK 模板匹配结果: False
2025-10-25 20:16:09.155 | DEBUG | MAIN_CHECK 模板匹配相似度: 0.1276, 阈值: 0.85, 匹配位置: (36, 33)
2025-10-25 20:16:09.158 | DEBUG | MAIN_CHECK 模板匹配结果: False
2025-10-25 20:16:09.281 | DEBUG | MAIN_CHECK 模板匹配相似度: 0.1322, 阈值: 0.85, 匹配位置: (35, 33)
2025-10-25 20:16:09.282 | DEBUG | MAIN_CHECK 模板匹配结果: False
2025-10-25 20:16:09.430 | DEBUG | MAIN_CHECK 模板匹配相似度: 0.1647, 阈值: 0.85, 匹配位置: (23, 44)
2025-10-25 20:16:09.432 | DEBUG | MAIN_CHECK 模板匹配结果: False
2025-10-25 20:16:09.575 | DEBUG | MAIN_CHECK 模板匹配相似度: 0.1783, 阈值: 0.85, 匹配位置: (23, 44)
2025-10-25 20:16:09.577 | DEBUG | MAIN_CHECK 模板匹配结果: False
2025-10-25 20:16:09.702 | DEBUG | MAIN_CHECK 模板匹配相似度: 0.1784, 阈值: 0.85, 匹配位置: (23, 43)
2025-10-25 20:16:09.704 | DEBUG | MAIN_CHECK 模板匹配结果: False
2025-10-25 20:16:09.829 | DEBUG | MAIN_CHECK 模板匹配相似度: 0.1829, 阈值: 0.85, 匹配位置: (21, 43)
2025-10-25 20:16:09.830 | DEBUG | MAIN_CHECK 模板匹配结果: False
2025-10-25 20:16:09.963 | DEBUG | MAIN_CHECK 模板匹配相似度: 0.1432, 阈值: 0.85, 匹配位置: (21, 42)
2025-10-25 20:16:09.965 | DEBUG | MAIN_CHECK 模板匹配结果: False
2025-10-25 20:16:10.095 | DEBUG | MAIN_CHECK 模板匹配相似度: 0.1447, 阈值: 0.85, 匹配位置: (21, 42)
2025-10-25 20:16:10.097 | DEBUG | MAIN_CHECK 模板匹配结果: False
2025-10-25 20:16:10.223 | DEBUG | MAIN_CHECK 模板匹配相似度: 0.1446, 阈值: 0.85, 匹配位置: (37, 21)
2025-10-25 20:16:10.225 | DEBUG | MAIN_CHECK 模板匹配结果: False
2025-10-25 20:16:10.355 | DEBUG | MAIN_CHECK 模板匹配相似度: 0.0647, 阈值: 0.85, 匹配位置: (20, 11)
2025-10-25 20:16:10.357 | DEBUG | MAIN_CHECK 模板匹配结果: False
2025-10-25 20:16:10.512 | DEBUG | MAIN_CHECK 模板匹配相似度: 0.0647, 阈值: 0.85, 匹配位置: (20, 11)
2025-10-25 20:16:10.513 | DEBUG | MAIN_CHECK 模板匹配结果: False
2025-10-25 20:16:10.653 | DEBUG | MAIN_CHECK 模板匹配相似度: 0.1586, 阈值: 0.85, 匹配位置: (0, 60)
2025-10-25 20:16:10.655 | DEBUG | MAIN_CHECK 模板匹配结果: False
2025-10-25 20:16:10.800 | DEBUG | MAIN_CHECK 模板匹配相似度: 0.1619, 阈值: 0.85, 匹配位置: (0, 60)
2025-10-25 20:16:10.802 | DEBUG | MAIN_CHECK 模板匹配结果: False
2025-10-25 20:16:10.931 | DEBUG | MAIN_CHECK 模板匹配相似度: 0.1666, 阈值: 0.85, 匹配位置: (0, 59)
2025-10-25 20:16:10.933 | DEBUG | MAIN_CHECK 模板匹配结果: False
2025-10-25 20:16:11.076 | DEBUG | MAIN_CHECK 模板匹配相似度: 0.1627, 阈值: 0.85, 匹配位置: (0, 59)
2025-10-25 20:16:11.079 | DEBUG | MAIN_CHECK 模板匹配结果: False
2025-10-25 20:16:11.228 | DEBUG | MAIN_CHECK 模板匹配相似度: 0.1702, 阈值: 0.85, 匹配位置: (1, 58)
2025-10-25 20:16:11.230 | DEBUG | MAIN_CHECK 模板匹配结果: False
2025-10-25 20:16:11.397 | DEBUG | MAIN_CHECK 模板匹配相似度: 0.1661, 阈值: 0.85, 匹配位置: (1, 57)
2025-10-25 20:16:11.399 | DEBUG | MAIN_CHECK 模板匹配结果: False
2025-10-25 20:16:11.566 | DEBUG | MAIN_CHECK 模板匹配相似度: 0.1725, 阈值: 0.85, 匹配位置: (2, 57)
2025-10-25 20:16:11.567 | DEBUG | MAIN_CHECK 模板匹配结果: False
2025-10-25 20:16:11.703 | DEBUG | MAIN_CHECK 模板匹配相似度: 0.1660, 阈值: 0.85, 匹配位置: (2, 56)
2025-10-25 20:16:11.705 | DEBUG | MAIN_CHECK 模板匹配结果: False
2025-10-25 20:16:11.862 | DEBUG | MAIN_CHECK 模板匹配相似度: 0.1675, 阈值: 0.85, 匹配位置: (3, 56)
2025-10-25 20:16:11.863 | DEBUG | MAIN_CHECK 模板匹配结果: False
2025-10-25 20:16:11.994 | DEBUG | MAIN_CHECK 模板匹配相似度: 0.1681, 阈值: 0.85, 匹配位置: (3, 55)
2025-10-25 20:16:11.995 | DEBUG | MAIN_CHECK 模板匹配结果: False
2025-10-25 20:16:12.136 | DEBUG | MAIN_CHECK 模板匹配相似度: 0.1663, 阈值: 0.85, 匹配位置: (4, 54)
2025-10-25 20:16:12.138 | DEBUG | MAIN_CHECK 模板匹配结果: False
2025-10-25 20:16:12.269 | DEBUG | MAIN_CHECK 模板匹配相似度: 0.1676, 阈值: 0.85, 匹配位置: (4, 54)
2025-10-25 20:16:12.271 | DEBUG | MAIN_CHECK 模板匹配结果: False
2025-10-25 20:16:12.388 | DEBUG | MAIN_CHECK 模板匹配相似度: 0.1677, 阈值: 0.85, 匹配位置: (5, 54)
2025-10-25 20:16:12.389 | DEBUG | MAIN_CHECK 模板匹配结果: False
2025-10-25 20:16:12.511 | DEBUG | MAIN_CHECK 模板匹配相似度: 0.1647, 阈值: 0.85, 匹配位置: (5, 53)
2025-10-25 20:16:12.513 | DEBUG | MAIN_CHECK 模板匹配结果: False
2025-10-25 20:16:12.625 | DEBUG | MAIN_CHECK 模板匹配相似度: 0.1781, 阈值: 0.85, 匹配位置: (6, 53)
2025-10-25 20:16:12.626 | DEBUG | MAIN_CHECK 模板匹配结果: False
2025-10-25 20:16:12.774 | DEBUG | MAIN_CHECK 模板匹配相似度: 0.1633, 阈值: 0.85, 匹配位置: (5, 52)
2025-10-25 20:16:12.776 | DEBUG | MAIN_CHECK 模板匹配结果: False
2025-10-25 20:16:12.901 | DEBUG | MAIN_CHECK 模板匹配相似度: 0.1843, 阈值: 0.85, 匹配位置: (6, 52)
2025-10-25 20:16:12.902 | DEBUG | MAIN_CHECK 模板匹配结果: False
2025-10-25 20:16:13.014 | DEBUG | MAIN_CHECK 模板匹配相似度: 0.1821, 阈值: 0.85, 匹配位置: (7, 52)
2025-10-25 20:16:13.016 | DEBUG | MAIN_CHECK 模板匹配结果: False
2025-10-25 20:16:13.135 | DEBUG | MAIN_CHECK 模板匹配相似度: 0.1817, 阈值: 0.85, 匹配位置: (7, 51)
2025-10-25 20:16:13.137 | DEBUG | MAIN_CHECK 模板匹配结果: False
2025-10-25 20:16:13.256 | DEBUG | MAIN_CHECK 模板匹配相似度: 0.0647, 阈值: 0.85, 匹配位置: (20, 11)
2025-10-25 20:16:13.257 | DEBUG | MAIN_CHECK 模板匹配结果: False
2025-10-25 20:16:13.373 | DEBUG | MAIN_CHECK 模板匹配相似度: 0.0647, 阈值: 0.85, 匹配位置: (20, 11)
2025-10-25 20:16:13.375 | DEBUG | MAIN_CHECK 模板匹配结果: False
2025-10-25 20:16:13.493 | DEBUG | MAIN_CHECK 模板匹配相似度: 0.0647, 阈值: 0.85, 匹配位置: (20, 11)
2025-10-25 20:16:13.494 | DEBUG | MAIN_CHECK 模板匹配结果: False
2025-10-25 20:16:13.609 | DEBUG | MAIN_CHECK 模板匹配相似度: 0.0647, 阈值: 0.85, 匹配位置: (20, 11)
2025-10-25 20:16:13.611 | DEBUG | MAIN_CHECK 模板匹配结果: False
2025-10-25 20:16:13.728 | DEBUG | MAIN_CHECK 模板匹配相似度: 0.0647, 阈值: 0.85, 匹配位置: (20, 11)
2025-10-25 20:16:13.729 | DEBUG | MAIN_CHECK 模板匹配结果: False
2025-10-25 20:16:13.853 | DEBUG | MAIN_CHECK 模板匹配相似度: 0.0647, 阈值: 0.85, 匹配位置: (20, 11)
2025-10-25 20:16:13.854 | DEBUG | MAIN_CHECK 模板匹配结果: False
2025-10-25 20:16:13.974 | DEBUG | MAIN_CHECK 模板匹配相似度: 0.0647, 阈值: 0.85, 匹配位置: (20, 11)
2025-10-25 20:16:13.975 | DEBUG | MAIN_CHECK 模板匹配结果: False
2025-10-25 20:16:14.088 | DEBUG | MAIN_CHECK 模板匹配相似度: 0.0647, 阈值: 0.85, 匹配位置: (20, 11)
2025-10-25 20:16:14.090 | DEBUG | MAIN_CHECK 模板匹配结果: False
2025-10-25 20:16:14.205 | DEBUG | MAIN_CHECK 模板匹配相似度: 0.0647, 阈值: 0.85, 匹配位置: (20, 11)
2025-10-25 20:16:14.208 | DEBUG | MAIN_CHECK 模板匹配结果: False
2025-10-25 20:16:14.321 | DEBUG | MAIN_CHECK 模板匹配相似度: 0.0647, 阈值: 0.85, 匹配位置: (20, 11)
2025-10-25 20:16:14.323 | DEBUG | MAIN_CHECK 模板匹配结果: False
2025-10-25 20:16:14.438 | DEBUG | MAIN_CHECK 模板匹配相似度: 0.0647, 阈值: 0.85, 匹配位置: (20, 11)
2025-10-25 20:16:14.439 | DEBUG | MAIN_CHECK 模板匹配结果: False
2025-10-25 20:16:14.554 | DEBUG | MAIN_CHECK 模板匹配相似度: 0.0647, 阈值: 0.85, 匹配位置: (20, 11)
2025-10-25 20:16:14.555 | DEBUG | MAIN_CHECK 模板匹配结果: False
2025-10-25 20:16:14.672 | DEBUG | MAIN_CHECK 模板匹配相似度: 0.0647, 阈值: 0.85, 匹配位置: (20, 11)
2025-10-25 20:16:14.673 | DEBUG | MAIN_CHECK 模板匹配结果: False
2025-10-25 20:16:14.789 | DEBUG | MAIN_CHECK 模板匹配相似度: 0.0647, 阈值: 0.85, 匹配位置: (20, 11)
2025-10-25 20:16:14.791 | DEBUG | MAIN_CHECK 模板匹配结果: False
2025-10-25 20:16:14.901 | DEBUG | MAIN_CHECK 模板匹配相似度: 0.0647, 阈值: 0.85, 匹配位置: (20, 11)
2025-10-25 20:16:14.903 | DEBUG | MAIN_CHECK 模板匹配结果: False
2025-10-25 20:16:15.019 | DEBUG | MAIN_CHECK 模板匹配相似度: 0.0647, 阈值: 0.85, 匹配位置: (20, 11)
2025-10-25 20:16:15.020 | DEBUG | MAIN_CHECK 模板匹配结果: False
2025-10-25 20:16:15.135 | DEBUG | MAIN_CHECK 模板匹配相似度: 0.0647, 阈值: 0.85, 匹配位置: (20, 11)
2025-10-25 20:16:15.137 | DEBUG | MAIN_CHECK 模板匹配结果: False
2025-10-25 20:16:15.252 | DEBUG | MAIN_CHECK 模板匹配相似度: 0.0647, 阈值: 0.85, 匹配位置: (20, 11)
2025-10-25 20:16:15.253 | DEBUG | MAIN_CHECK 模板匹配结果: False
2025-10-25 20:16:15.367 | DEBUG | MAIN_CHECK 模板匹配相似度: 0.0647, 阈值: 0.85, 匹配位置: (20, 11)
2025-10-25 20:16:15.369 | DEBUG | MAIN_CHECK 模板匹配结果: False
2025-10-25 20:16:15.479 | DEBUG | MAIN_CHECK 模板匹配相似度: 0.0647, 阈值: 0.85, 匹配位置: (20, 11)
2025-10-25 20:16:15.480 | DEBUG | MAIN_CHECK 模板匹配结果: False
2025-10-25 20:16:15.594 | DEBUG | MAIN_CHECK 模板匹配相似度: 0.0647, 阈值: 0.85, 匹配位置: (20, 11)
2025-10-25 20:16:15.595 | DEBUG | MAIN_CHECK 模板匹配结果: False
2025-10-25 20:16:15.711 | DEBUG | MAIN_CHECK 模板匹配相似度: 0.0647, 阈值: 0.85, 匹配位置: (20, 11)
2025-10-25 20:16:15.712 | DEBUG | MAIN_CHECK 模板匹配结果: False
2025-10-25 20:16:15.824 | DEBUG | MAIN_CHECK 模板匹配相似度: 0.0647, 阈值: 0.85, 匹配位置: (20, 11)
2025-10-25 20:16:15.826 | DEBUG | MAIN_CHECK 模板匹配结果: False
2025-10-25 20:16:15.940 | DEBUG | MAIN_CHECK 模板匹配相似度: 0.0647, 阈值: 0.85, 匹配位置: (20, 11)
2025-10-25 20:16:15.942 | DEBUG | MAIN_CHECK 模板匹配结果: False
2025-10-25 20:16:16.073 | DEBUG | MAIN_CHECK 模板匹配相似度: 0.0647, 阈值: 0.85, 匹配位置: (20, 11)
2025-10-25 20:16:16.074 | DEBUG | MAIN_CHECK 模板匹配结果: False
2025-10-25 20:16:16.185 | DEBUG | MAIN_CHECK 模板匹配相似度: 0.0647, 阈值: 0.85, 匹配位置: (20, 11)
2025-10-25 20:16:16.186 | DEBUG | MAIN_CHECK 模板匹配结果: False
2025-10-25 20:16:16.298 | DEBUG | MAIN_CHECK 模板匹配相似度: 0.0647, 阈值: 0.85, 匹配位置: (20, 11)
2025-10-25 20:16:16.299 | DEBUG | MAIN_CHECK 模板匹配结果: False
2025-10-25 20:16:16.416 | DEBUG | MAIN_CHECK 模板匹配相似度: 0.0647, 阈值: 0.85, 匹配位置: (20, 11)
2025-10-25 20:16:16.417 | DEBUG | MAIN_CHECK 模板匹配结果: False
2025-10-25 20:16:16.543 | DEBUG | MAIN_CHECK 模板匹配相似度: 0.0647, 阈值: 0.85, 匹配位置: (20, 11)
2025-10-25 20:16:16.544 | DEBUG | MAIN_CHECK 模板匹配结果: False
2025-10-25 20:16:16.662 | DEBUG | MAIN_CHECK 模板匹配相似度: 0.0647, 阈值: 0.85, 匹配位置: (20, 11)
2025-10-25 20:16:16.663 | DEBUG | MAIN_CHECK 模板匹配结果: False
2025-10-25 20:16:16.781 | DEBUG | MAIN_CHECK 模板匹配相似度: 0.0647, 阈值: 0.85, 匹配位置: (20, 11)
2025-10-25 20:16:16.783 | DEBUG | MAIN_CHECK 模板匹配结果: False
2025-10-25 20:16:16.899 | DEBUG | MAIN_CHECK 模板匹配相似度: 0.0647, 阈值: 0.85, 匹配位置: (20, 11)
2025-10-25 20:16:16.900 | DEBUG | MAIN_CHECK 模板匹配结果: False
2025-10-25 20:16:17.013 | DEBUG | MAIN_CHECK 模板匹配相似度: 0.0647, 阈值: 0.85, 匹配位置: (20, 11)
2025-10-25 20:16:17.015 | DEBUG | MAIN_CHECK 模板匹配结果: False
2025-10-25 20:16:17.136 | DEBUG | MAIN_CHECK 模板匹配相似度: 0.0647, 阈值: 0.85, 匹配位置: (20, 11)
2025-10-25 20:16:17.137 | DEBUG | MAIN_CHECK 模板匹配结果: False
2025-10-25 20:16:17.251 | DEBUG | MAIN_CHECK 模板匹配相似度: 0.0647, 阈值: 0.85, 匹配位置: (20, 11)
2025-10-25 20:16:17.253 | DEBUG | MAIN_CHECK 模板匹配结果: False
2025-10-25 20:16:17.363 | DEBUG | MAIN_CHECK 模板匹配相似度: 0.0647, 阈值: 0.85, 匹配位置: (20, 11)
2025-10-25 20:16:17.364 | DEBUG | MAIN_CHECK 模板匹配结果: False
2025-10-25 20:16:17.479 | DEBUG | MAIN_CHECK 模板匹配相似度: 0.0647, 阈值: 0.85, 匹配位置: (20, 11)
2025-10-25 20:16:17.480 | DEBUG | MAIN_CHECK 模板匹配结果: False
2025-10-25 20:16:17.605 | DEBUG | MAIN_CHECK 模板匹配相似度: 0.0647, 阈值: 0.85, 匹配位置: (20, 11)
2025-10-25 20:16:17.606 | DEBUG | MAIN_CHECK 模板匹配结果: False
2025-10-25 20:16:17.727 | DEBUG | MAIN_CHECK 模板匹配相似度: 0.0647, 阈值: 0.85, 匹配位置: (20, 11)
2025-10-25 20:16:17.729 | DEBUG | MAIN_CHECK 模板匹配结果: False
2025-10-25 20:16:17.942 | DEBUG | MAIN_CHECK 模板匹配相似度: 0.0647, 阈值: 0.85, 匹配位置: (20, 11)
2025-10-25 20:16:17.944 | DEBUG | MAIN_CHECK 模板匹配结果: False
2025-10-25 20:16:18.090 | DEBUG | MAIN_CHECK 模板匹配相似度: 0.0647, 阈值: 0.85, 匹配位置: (20, 11)
2025-10-25 20:16:18.092 | DEBUG | MAIN_CHECK 模板匹配结果: False
2025-10-25 20:16:18.229 | DEBUG | MAIN_CHECK 模板匹配相似度: 0.1506, 阈值: 0.85, 匹配位置: (32, 17)
2025-10-25 20:16:18.230 | DEBUG | MAIN_CHECK 模板匹配结果: False
2025-10-25 20:16:18.364 | DEBUG | MAIN_CHECK 模板匹配相似度: 0.1258, 阈值: 0.85, 匹配位置: (52, 52)
2025-10-25 20:16:18.365 | DEBUG | MAIN_CHECK 模板匹配结果: False
2025-10-25 20:16:18.487 | DEBUG | MAIN_CHECK 模板匹配相似度: 0.1538, 阈值: 0.85, 匹配位置: (0, 8)
2025-10-25 20:16:18.489 | DEBUG | MAIN_CHECK 模板匹配结果: False
2025-10-25 20:16:18.605 | DEBUG | MAIN_CHECK 模板匹配相似度: 0.9792, 阈值: 0.85, 匹配位置: (28, 30)
2025-10-25 20:16:18.607 | DEBUG | MAIN_CHECK 模板匹配结果: True
2025-10-25 20:16:18.750 | DEBUG | MAIN_CHECK 模板匹配相似度: 1.0000, 阈值: 0.85, 匹配位置: (30, 30)
2025-10-25 20:16:18.751 | DEBUG | MAIN_CHECK 模板匹配结果: True
2025-10-25 20:16:18.863 | DEBUG | MAIN_CHECK 模板匹配相似度: 1.0000, 阈值: 0.85, 匹配位置: (30, 30)
2025-10-25 20:16:18.865 | DEBUG | MAIN_CHECK 模板匹配结果: True
2025-10-25 20:16:18.995 | DEBUG | MAIN_CHECK 模板匹配相似度: 1.0000, 阈值: 0.85, 匹配位置: (30, 30)
2025-10-25 20:16:18.996 | DEBUG | MAIN_CHECK 模板匹配结果: True
2025-10-25 20:16:19.118 | DEBUG | MAIN_CHECK 模板匹配相似度: 0.2217, 阈值: 0.85, 匹配位置: (30, 28)
2025-10-25 20:16:19.120 | DEBUG | MAIN_CHECK 模板匹配结果: False
2025-10-25 20:16:19.248 | DEBUG | MAIN_CHECK 模板匹配相似度: 0.0951, 阈值: 0.85, 匹配位置: (19, 10)
2025-10-25 20:16:19.250 | DEBUG | MAIN_CHECK 模板匹配结果: False
2025-10-25 20:16:19.384 | DEBUG | MAIN_CHECK 模板匹配相似度: 0.0946, 阈值: 0.85, 匹配位置: (20, 11)
2025-10-25 20:16:19.385 | DEBUG | MAIN_CHECK 模板匹配结果: False
2025-10-25 20:16:19.529 | DEBUG | MAIN_CHECK 模板匹配相似度: 0.8837, 阈值: 0.85, 匹配位置: (30, 30)
2025-10-25 20:16:19.531 | DEBUG | MAIN_CHECK 模板匹配结果: True
2025-10-25 20:16:19.657 | DEBUG | MAIN_CHECK 模板匹配相似度: 0.9999, 阈值: 0.85, 匹配位置: (30, 30)
2025-10-25 20:16:19.658 | DEBUG | MAIN_CHECK 模板匹配结果: True
2025-10-25 20:16:19.783 | DEBUG | MAIN_CHECK 模板匹配相似度: 1.0000, 阈值: 0.85, 匹配位置: (30, 30)
2025-10-25 20:16:19.785 | DEBUG | MAIN_CHECK 模板匹配结果: True
2025-10-25 20:16:19.909 | DEBUG | MAIN_CHECK 模板匹配相似度: 1.0000, 阈值: 0.85, 匹配位置: (30, 30)
2025-10-25 20:16:19.911 | DEBUG | MAIN_CHECK 模板匹配结果: True
2025-10-25 20:16:20.037 | DEBUG | MAIN_CHECK 模板匹配相似度: 1.0000, 阈值: 0.85, 匹配位置: (30, 30)
2025-10-25 20:16:20.039 | DEBUG | MAIN_CHECK 模板匹配结果: True
2025-10-25 20:16:20.162 | DEBUG | MAIN_CHECK 模板匹配相似度: 1.0000, 阈值: 0.85, 匹配位置: (30, 30)
2025-10-25 20:16:20.164 | DEBUG | MAIN_CHECK 模板匹配结果: True
2025-10-25 20:16:20.278 | DEBUG | MAIN_CHECK 模板匹配相似度: 1.0000, 阈值: 0.85, 匹配位置: (30, 30)
2025-10-25 20:16:20.280 | DEBUG | MAIN_CHECK 模板匹配结果: True
2025-10-25 20:16:20.408 | DEBUG | MAIN_CHECK 模板匹配相似度: 1.0000, 阈值: 0.85, 匹配位置: (30, 30)
2025-10-25 20:16:20.410 | DEBUG | MAIN_CHECK 模板匹配结果: True
2025-10-25 20:16:20.530 | DEBUG | MAIN_CHECK 模板匹配相似度: 1.0000, 阈值: 0.85, 匹配位置: (30, 30)
2025-10-25 20:16:20.532 | DEBUG | MAIN_CHECK 模板匹配结果: True
2025-10-25 20:16:20.653 | DEBUG | MAIN_CHECK 模板匹配相似度: 1.0000, 阈值: 0.85, 匹配位置: (30, 30)
2025-10-25 20:16:20.654 | DEBUG | MAIN_CHECK 模板匹配结果: True
2025-10-25 20:16:20.785 | DEBUG | MAIN_CHECK 模板匹配相似度: 1.0000, 阈值: 0.85, 匹配位置: (30, 30)
2025-10-25 20:16:20.786 | DEBUG | MAIN_CHECK 模板匹配结果: True
2025-10-25 20:16:20.914 | DEBUG | MAIN_CHECK 模板匹配相似度: 1.0000, 阈值: 0.85, 匹配位置: (30, 30)
2025-10-25 20:16:20.916 | DEBUG | MAIN_CHECK 模板匹配结果: True
2025-10-25 20:16:21.039 | DEBUG | MAIN_CHECK 模板匹配相似度: 1.0000, 阈值: 0.85, 匹配位置: (30, 30)
2025-10-25 20:16:21.040 | DEBUG | MAIN_CHECK 模板匹配结果: True
2025-10-25 20:16:21.042 | INFO | Login to main confirmed
2025-10-25 20:16:21.043 | INFO | Scheduler: End task `Start`
2025-10-25 20:16:21.044 | INFO | 没有指定任务，程序结束
2025-10-25 20:16:40.196 | INFO | Found device: 127.0.0.1:16384 (device)
2025-10-25 20:16:40.200 | INFO | Connected to device: auto
2025-10-25 20:16:40.201 | INFO | AdbDevice = AdbDevice(serial=auto)
2025-10-25 20:16:40.205 | INFO | Current config: Serial='auto', PackageName='auto'
2025-10-25 20:16:40.207 | INFO | Found device: 127.0.0.1:16384 (device)
2025-10-25 20:16:40.208 | INFO | Found 1 devices total
2025-10-25 20:16:40.209 | INFO |   [1] 127.0.0.1:16384 - Status: device
2025-10-25 20:16:40.211 | INFO | Available devices (status='device'): 1
2025-10-25 20:16:40.212 | INFO | Using AUTO mode to select device
2025-10-25 20:16:40.212 | INFO |  Auto selected device: 127.0.0.1:16384 (only one available)
2025-10-25 20:16:40.215 | INFO | Selected device: 127.0.0.1:16384
2025-10-25 20:16:40.218 | ERROR | Failed to list packages: device 'auto' not found
2025-10-25 20:16:40.219 | ERROR | Benchmark failed: device 'auto' not found
2025-10-25 20:20:29.423 | INFO | Found device: 127.0.0.1:16384 (device)
2025-10-25 20:20:29.427 | INFO | Connecting to 127.0.0.1:16384 (trial 1/3)
2025-10-25 20:20:30.434 | INFO | Connected to device: 127.0.0.1:16384
2025-10-25 20:20:30.435 | INFO | AdbDevice = AdbDevice(serial=127.0.0.1:16384)
2025-10-25 20:20:30.438 | INFO | Current config: Serial='127.0.0.1:16384', PackageName='auto'
2025-10-25 20:20:30.441 | INFO | Found device: 127.0.0.1:16384 (device)
2025-10-25 20:20:30.442 | INFO | Found 1 devices total
2025-10-25 20:20:30.444 | INFO |   [1] 127.0.0.1:16384 - Status: device
2025-10-25 20:20:30.447 | INFO | Available devices (status='device'): 1
2025-10-25 20:20:30.448 | INFO | Selected device: 127.0.0.1:16384
2025-10-25 20:20:30.488 | INFO | Detected package: com.bilibili.priconne
2025-10-25 20:20:30.489 | INFO | PackageName = com.bilibili.priconne
2025-10-25 20:20:30.491 | INFO | Device initialized successfully
2025-10-25 20:20:30.495 | INFO | [bold]<<< MAATOUCH INIT >>>[/bold]
2025-10-25 20:20:30.495 | INFO | MaaTouch initialized successfully
2025-10-25 20:20:30.534 | INFO | Device Orientation = 1 (HOME key on the right)
2025-10-25 20:20:30.550 | INFO | 01/15 = 0.051s
2025-10-25 20:20:30.603 | INFO | 02/15 = 0.051s
2025-10-25 20:20:30.655 | INFO | 03/15 = 0.051s
2025-10-25 20:20:30.707 | INFO | 04/15 = 0.052s
2025-10-25 20:20:30.759 | INFO | 05/15 = 0.051s
2025-10-25 20:20:30.811 | INFO | 06/15 = 0.051s
2025-10-25 20:20:30.863 | INFO | 07/15 = 0.051s
2025-10-25 20:20:30.915 | INFO | 08/15 = 0.051s
2025-10-25 20:20:30.967 | INFO | 09/15 = 0.051s
2025-10-25 20:20:31.019 | INFO | 10/15 = 0.051s
2025-10-25 20:20:31.071 | INFO | 11/15 = 0.051s
2025-10-25 20:20:31.124 | INFO | 12/15 = 0.051s
2025-10-25 20:20:31.176 | INFO | 13/15 = 0.051s
2025-10-25 20:20:31.227 | INFO | 14/15 = 0.051s
2025-10-25 20:20:31.279 | INFO | 15/15 = 0.051s
2025-10-25 20:20:31.284 | INFO | Average: 0.051s (best 12 out of 15 tests)
2025-10-25 20:20:31.372 | INFO | ^ 10 1280 720 255
2025-10-25 20:20:31.373 | INFO | $ 255
2025-10-25 20:20:31.375 | INFO | MaaTouch stream connected
2025-10-25 20:20:31.379 | INFO | max_contact: 10; max_x: 1280; max_y: 720; max_pressure: 255
2025-10-25 20:20:31.434 | INFO | 01/15 = 0.146s
2025-10-25 20:20:31.489 | INFO | 02/15 = 0.054s
2025-10-25 20:20:31.544 | INFO | 03/15 = 0.054s
2025-10-25 20:20:31.599 | INFO | 04/15 = 0.055s
2025-10-25 20:20:31.654 | INFO | 05/15 = 0.054s
2025-10-25 20:20:31.709 | INFO | 06/15 = 0.054s
2025-10-25 20:20:31.762 | INFO | 07/15 = 0.053s
2025-10-25 20:20:31.818 | INFO | 08/15 = 0.054s
2025-10-25 20:20:31.874 | INFO | 09/15 = 0.054s
2025-10-25 20:20:31.931 | INFO | 10/15 = 0.056s
2025-10-25 20:20:31.984 | INFO | 11/15 = 0.052s
2025-10-25 20:20:32.038 | INFO | 12/15 = 0.054s
2025-10-25 20:20:32.092 | INFO | 13/15 = 0.052s
2025-10-25 20:20:32.145 | INFO | 14/15 = 0.053s
2025-10-25 20:20:32.200 | INFO | 15/15 = 0.053s
2025-10-25 20:20:32.201 | INFO | Average: 0.053s (best 12 out of 15 tests)
2025-10-25 20:20:32.209 | INFO | Recommend click method: ADB (0.051s)
2025-10-25 20:20:32.212 | INFO | ADB is 4.9% faster than MaaTouch
2025-10-25 20:21:18.105 | INFO | Found device: 127.0.0.1:16384 (device)
2025-10-25 20:21:18.110 | INFO | Connecting to 127.0.0.1:16384 (trial 1/3)
2025-10-25 20:21:19.114 | INFO | Connected to device: 127.0.0.1:16384
2025-10-25 20:21:19.116 | INFO | AdbDevice = AdbDevice(serial=127.0.0.1:16384)
2025-10-25 20:21:19.119 | INFO | Current config: Serial='127.0.0.1:16384', PackageName='auto'
2025-10-25 20:21:19.121 | INFO | Found device: 127.0.0.1:16384 (device)
2025-10-25 20:21:19.125 | INFO | Found 1 devices total
2025-10-25 20:21:19.129 | INFO |   [1] 127.0.0.1:16384 - Status: device
2025-10-25 20:21:19.130 | INFO | Available devices (status='device'): 1
2025-10-25 20:21:19.132 | INFO | Selected device: 127.0.0.1:16384
2025-10-25 20:21:19.165 | INFO | Detected package: com.bilibili.priconne
2025-10-25 20:21:19.166 | INFO | PackageName = com.bilibili.priconne
2025-10-25 20:21:19.168 | INFO | Device initialized successfully
2025-10-25 20:21:19.171 | INFO | [bold]<<< MAATOUCH INIT >>>[/bold]
2025-10-25 20:21:19.173 | INFO | MaaTouch initialized successfully
2025-10-25 20:21:19.201 | INFO | Device Orientation = 1 (HOME key on the right)
2025-10-25 20:21:19.226 | INFO | 01/15 = 0.051s
2025-10-25 20:21:19.279 | INFO | 02/15 = 0.051s
2025-10-25 20:21:19.330 | INFO | 03/15 = 0.051s
2025-10-25 20:21:19.383 | INFO | 04/15 = 0.051s
2025-10-25 20:21:19.436 | INFO | 05/15 = 0.051s
2025-10-25 20:21:19.488 | INFO | 06/15 = 0.051s
2025-10-25 20:21:19.541 | INFO | 07/15 = 0.051s
2025-10-25 20:21:19.587 | INFO | ^ 10 1280 720 255
2025-10-25 20:21:19.589 | INFO | $ 255
2025-10-25 20:21:19.591 | INFO | MaaTouch stream connected
2025-10-25 20:21:19.592 | INFO | max_contact: 10; max_x: 1280; max_y: 720; max_pressure: 255
2025-10-25 20:21:19.593 | INFO | 08/15 = 0.051s
2025-10-25 20:21:19.646 | INFO | 09/15 = 0.051s
2025-10-25 20:21:19.697 | INFO | 10/15 = 0.051s
2025-10-25 20:21:19.749 | INFO | 11/15 = 0.051s
2025-10-25 20:21:19.802 | INFO | 12/15 = 0.052s
2025-10-25 20:21:19.853 | INFO | 13/15 = 0.051s
2025-10-25 20:21:19.905 | INFO | 14/15 = 0.051s
2025-10-25 20:21:19.957 | INFO | 15/15 = 0.051s
2025-10-25 20:21:19.958 | INFO | Average: 0.051s (best 12 out of 15 tests)
2025-10-25 20:21:20.013 | INFO | 01/15 = 0.053s
2025-10-25 20:21:20.069 | INFO | 02/15 = 0.055s
2025-10-25 20:21:20.122 | INFO | 03/15 = 0.053s
2025-10-25 20:21:20.177 | INFO | 04/15 = 0.052s
2025-10-25 20:21:20.231 | INFO | 05/15 = 0.054s
2025-10-25 20:21:20.285 | INFO | 06/15 = 0.053s
2025-10-25 20:21:20.340 | INFO | 07/15 = 0.053s
2025-10-25 20:21:20.395 | INFO | 08/15 = 0.055s
2025-10-25 20:21:20.449 | INFO | 09/15 = 0.053s
2025-10-25 20:21:20.505 | INFO | 10/15 = 0.054s
2025-10-25 20:21:20.558 | INFO | 11/15 = 0.053s
2025-10-25 20:21:20.613 | INFO | 12/15 = 0.053s
2025-10-25 20:21:20.666 | INFO | 13/15 = 0.053s
2025-10-25 20:21:20.723 | INFO | 14/15 = 0.054s
2025-10-25 20:21:20.778 | INFO | 15/15 = 0.055s
2025-10-25 20:21:20.780 | INFO | Average: 0.053s (best 12 out of 15 tests)
2025-10-25 20:21:20.787 | INFO | Recommend click method: ADB (0.051s)
2025-10-25 20:21:20.788 | INFO | ADB is 4.6% faster than MaaTouch
2025-10-25 20:21:31.021 | INFO | Found device: 127.0.0.1:16384 (device)
2025-10-25 20:21:31.026 | INFO | Connecting to 127.0.0.1:16384 (trial 1/3)
2025-10-25 20:21:32.029 | INFO | Connected to device: 127.0.0.1:16384
2025-10-25 20:21:32.030 | INFO | AdbDevice = AdbDevice(serial=127.0.0.1:16384)
2025-10-25 20:21:32.033 | INFO | Current config: Serial='127.0.0.1:16384', PackageName='auto'
2025-10-25 20:21:32.035 | INFO | Found device: 127.0.0.1:16384 (device)
2025-10-25 20:21:32.037 | INFO | Found 1 devices total
2025-10-25 20:21:32.038 | INFO |   [1] 127.0.0.1:16384 - Status: device
2025-10-25 20:21:32.039 | INFO | Available devices (status='device'): 1
2025-10-25 20:21:32.041 | INFO | Selected device: 127.0.0.1:16384
2025-10-25 20:21:32.053 | INFO | Detected package: com.bilibili.priconne
2025-10-25 20:21:32.055 | INFO | PackageName = com.bilibili.priconne
2025-10-25 20:21:32.056 | INFO | Device initialized successfully
2025-10-25 20:21:32.059 | INFO | [bold]<<< MAATOUCH INIT >>>[/bold]
2025-10-25 20:21:32.060 | INFO | MaaTouch initialized successfully
2025-10-25 20:21:32.088 | INFO | Device Orientation = 1 (HOME key on the right)
2025-10-25 20:21:32.114 | INFO | 01/15 = 0.051s
2025-10-25 20:21:32.166 | INFO | 02/15 = 0.051s
2025-10-25 20:21:32.217 | INFO | 03/15 = 0.051s
2025-10-25 20:21:32.269 | INFO | 04/15 = 0.050s
2025-10-25 20:21:32.281 | INFO | ^ 10 1280 720 255
2025-10-25 20:21:32.283 | INFO | $ 255
2025-10-25 20:21:32.284 | INFO | MaaTouch stream connected
2025-10-25 20:21:32.285 | INFO | max_contact: 10; max_x: 1280; max_y: 720; max_pressure: 255
2025-10-25 20:21:32.320 | INFO | 05/15 = 0.051s
2025-10-25 20:21:32.373 | INFO | 06/15 = 0.051s
2025-10-25 20:21:32.425 | INFO | 07/15 = 0.051s
2025-10-25 20:21:32.477 | INFO | 08/15 = 0.051s
2025-10-25 20:21:32.529 | INFO | 09/15 = 0.051s
2025-10-25 20:21:32.581 | INFO | 10/15 = 0.051s
2025-10-25 20:21:32.634 | INFO | 11/15 = 0.051s
2025-10-25 20:21:32.686 | INFO | 12/15 = 0.051s
2025-10-25 20:21:32.739 | INFO | 13/15 = 0.051s
2025-10-25 20:21:32.791 | INFO | 14/15 = 0.051s
2025-10-25 20:21:32.843 | INFO | 15/15 = 0.051s
2025-10-25 20:21:32.844 | INFO | Average: 0.051s (best 12 out of 15 tests)
2025-10-25 20:21:32.904 | INFO | 01/15 = 0.058s
2025-10-25 20:21:32.959 | INFO | 02/15 = 0.054s
2025-10-25 20:21:33.013 | INFO | 03/15 = 0.052s
2025-10-25 20:21:33.067 | INFO | 04/15 = 0.053s
2025-10-25 20:21:33.121 | INFO | 05/15 = 0.054s
2025-10-25 20:21:33.176 | INFO | 06/15 = 0.053s
2025-10-25 20:21:33.231 | INFO | 07/15 = 0.054s
2025-10-25 20:21:33.284 | INFO | 08/15 = 0.053s
2025-10-25 20:21:33.339 | INFO | 09/15 = 0.054s
2025-10-25 20:21:33.394 | INFO | 10/15 = 0.053s
2025-10-25 20:21:33.448 | INFO | 11/15 = 0.053s
2025-10-25 20:21:33.502 | INFO | 12/15 = 0.052s
2025-10-25 20:21:33.556 | INFO | 13/15 = 0.053s
2025-10-25 20:21:33.609 | INFO | 14/15 = 0.053s
2025-10-25 20:21:33.662 | INFO | 15/15 = 0.052s
2025-10-25 20:21:33.663 | INFO | Average: 0.053s (best 12 out of 15 tests)
2025-10-25 20:21:33.670 | INFO | Recommend click method: ADB (0.051s)
2025-10-25 20:21:33.672 | INFO | ADB is 3.8% faster than MaaTouch
2025-10-25 20:22:09.560 | INFO | Found device: 127.0.0.1:16384 (device)
2025-10-25 20:22:09.564 | INFO | Connecting to 127.0.0.1:16384 (trial 1/3)
2025-10-25 20:22:10.569 | INFO | Connected to device: 127.0.0.1:16384
2025-10-25 20:22:11.186 | INFO | AdbDevice = AdbDevice(serial=127.0.0.1:16384)
2025-10-25 20:22:11.192 | INFO | Current config: Serial='127.0.0.1:16384', PackageName='auto'
2025-10-25 20:22:11.194 | INFO | Found device: 127.0.0.1:16384 (device)
2025-10-25 20:22:11.196 | INFO | Found 1 devices total
2025-10-25 20:22:11.198 | INFO |   [1] 127.0.0.1:16384 - Status: device
2025-10-25 20:22:11.199 | INFO | Available devices (status='device'): 1
2025-10-25 20:22:11.200 | INFO | Selected device: 127.0.0.1:16384
2025-10-25 20:22:11.224 | INFO | Detected package: com.bilibili.priconne
2025-10-25 20:22:11.225 | INFO | PackageName = com.bilibili.priconne
2025-10-25 20:22:11.226 | INFO | Device initialized successfully
2025-10-25 20:22:11.230 | INFO | [bold]<<< MAATOUCH INIT >>>[/bold]
2025-10-25 20:22:11.232 | INFO | MaaTouch initialized successfully
2025-10-25 20:22:11.252 | INFO | Device Orientation = 1 (HOME key on the right)
2025-10-25 20:22:11.289 | INFO | 01/15 = 0.052s
2025-10-25 20:22:11.340 | INFO | 02/15 = 0.051s
2025-10-25 20:22:11.393 | INFO | 03/15 = 0.051s
2025-10-25 20:22:11.445 | INFO | 04/15 = 0.051s
2025-10-25 20:22:11.489 | INFO | ^ 10 1280 720 255
2025-10-25 20:22:11.491 | INFO | $ 255
2025-10-25 20:22:11.493 | INFO | MaaTouch stream connected
2025-10-25 20:22:11.494 | INFO | max_contact: 10; max_x: 1280; max_y: 720; max_pressure: 255
2025-10-25 20:22:11.498 | INFO | 05/15 = 0.051s
2025-10-25 20:22:11.550 | INFO | 06/15 = 0.051s
2025-10-25 20:22:11.601 | INFO | 07/15 = 0.051s
2025-10-25 20:22:11.654 | INFO | 08/15 = 0.051s
2025-10-25 20:22:11.706 | INFO | 09/15 = 0.051s
2025-10-25 20:22:11.758 | INFO | 10/15 = 0.052s
2025-10-25 20:22:11.810 | INFO | 11/15 = 0.051s
2025-10-25 20:22:11.863 | INFO | 12/15 = 0.051s
2025-10-25 20:22:11.916 | INFO | 13/15 = 0.051s
2025-10-25 20:22:11.968 | INFO | 14/15 = 0.051s
2025-10-25 20:22:12.020 | INFO | 15/15 = 0.051s
2025-10-25 20:22:12.025 | INFO | Average: 0.051s (best 12 out of 15 tests)
2025-10-25 20:22:12.084 | INFO | 01/15 = 0.056s
2025-10-25 20:22:12.139 | INFO | 02/15 = 0.054s
2025-10-25 20:22:12.194 | INFO | 03/15 = 0.053s
2025-10-25 20:22:12.252 | INFO | 04/15 = 0.058s
2025-10-25 20:22:12.308 | INFO | 05/15 = 0.054s
2025-10-25 20:22:12.363 | INFO | 06/15 = 0.054s
2025-10-25 20:22:12.417 | INFO | 07/15 = 0.053s
2025-10-25 20:22:12.473 | INFO | 08/15 = 0.054s
2025-10-25 20:22:12.529 | INFO | 09/15 = 0.054s
2025-10-25 20:22:12.583 | INFO | 10/15 = 0.054s
2025-10-25 20:22:12.638 | INFO | 11/15 = 0.054s
2025-10-25 20:22:12.692 | INFO | 12/15 = 0.053s
2025-10-25 20:22:12.747 | INFO | 13/15 = 0.054s
2025-10-25 20:22:12.802 | INFO | 14/15 = 0.054s
2025-10-25 20:22:12.857 | INFO | 15/15 = 0.054s
2025-10-25 20:22:12.859 | INFO | Average: 0.053s (best 12 out of 15 tests)
2025-10-25 20:22:12.866 | INFO | Recommend click method: ADB (0.051s)
2025-10-25 20:22:12.868 | INFO | ADB is 5.3% faster than MaaTouch
2025-10-25 20:23:11.639 | INFO | 配置文件：cwj.json
2025-10-25 20:23:11.644 | INFO | 截图方式：DroidCast_raw
2025-10-25 20:23:11.645 | INFO | 点击方式：ADB
2025-10-25 20:23:11.649 | INFO | Found device: 127.0.0.1:16384 (device)
2025-10-25 20:23:11.650 | INFO | Connecting to 127.0.0.1:16384 (trial 1/3)
2025-10-25 20:23:12.654 | INFO | Connected to device: 127.0.0.1:16384
2025-10-25 20:23:12.655 | INFO | AdbDevice = AdbDevice(serial=127.0.0.1:16384)
2025-10-25 20:23:12.658 | INFO | Current config: Serial='127.0.0.1:16384', PackageName='auto'
2025-10-25 20:23:12.659 | INFO | Found device: 127.0.0.1:16384 (device)
2025-10-25 20:23:12.660 | INFO | Found 1 devices total
2025-10-25 20:23:12.661 | INFO |   [1] 127.0.0.1:16384 - Status: device
2025-10-25 20:23:12.662 | INFO | Available devices (status='device'): 1
2025-10-25 20:23:12.664 | INFO | Selected device: 127.0.0.1:16384
2025-10-25 20:23:12.689 | INFO | Detected package: com.bilibili.priconne
2025-10-25 20:23:12.691 | INFO | PackageName = com.bilibili.priconne
2025-10-25 20:23:12.694 | INFO | Device initialized successfully
2025-10-25 20:23:12.696 | INFO | Scheduler: Start task `Start`
2025-10-25 20:23:12.702 | INFO | App start: com.bilibili.priconne
2025-10-25 20:23:12.704 | INFO | Starting app via AM: com.bilibili.priconne/com.bilibili.permission.PermissionActivity
2025-10-25 20:23:12.807 | INFO | App started successfully
2025-10-25 20:23:12.820 | INFO | Update droidcast resolution
2025-10-25 20:23:12.954 | INFO | Device Orientation = 1 (HOME key on the right)
2025-10-25 20:23:12.960 | INFO | Droidcast resolution: (720, 1280)
2025-10-25 20:23:12.967 | INFO | Reuse forward: ForwardItem(serial='127.0.0.1:16384', local='tcp:20255', remote='tcp:53516')
2025-10-25 20:23:13.170 | DEBUG | MAIN_CHECK 加载模板图像: ./assets/handler/MAIN_CHECK.png
2025-10-25 20:23:13.218 | DEBUG | MAIN_CHECK 模板图像加载成功, shape: (45, 43, 3)
2025-10-25 20:23:13.243 | DEBUG | LOGIN_CHECK 加载模板图像: ./assets/handler/LOGIN_CHECK.png
2025-10-25 20:23:13.252 | DEBUG | LOGIN_CHECK 模板图像加载成功, shape: (54, 54, 3)
2025-10-25 20:23:13.269 | DEBUG | ANNOUNCE_CLOSE 加载模板图像: ./assets/handler/ANNOUNCE_CLOSE.png
2025-10-25 20:23:13.278 | DEBUG | ANNOUNCE_CLOSE 模板图像加载成功, shape: (66, 277, 3)
2025-10-25 20:23:14.414 | INFO | Login to main confirmed
2025-10-25 20:23:14.416 | INFO | Scheduler: End task `Start`
2025-10-25 20:23:14.418 | INFO | 没有指定任务，程序结束
2025-10-25 20:23:28.402 | INFO | 配置文件：cwj.json
2025-10-25 20:23:28.409 | INFO | 截图方式：DroidCast_raw
2025-10-25 20:23:28.411 | INFO | 点击方式：ADB
2025-10-25 20:23:28.414 | INFO | Found device: 127.0.0.1:16384 (device)
2025-10-25 20:23:28.415 | INFO | Connecting to 127.0.0.1:16384 (trial 1/3)
2025-10-25 20:23:29.421 | INFO | Connected to device: 127.0.0.1:16384
2025-10-25 20:23:29.423 | INFO | AdbDevice = AdbDevice(serial=127.0.0.1:16384)
2025-10-25 20:23:29.425 | INFO | Current config: Serial='127.0.0.1:16384', PackageName='auto'
2025-10-25 20:23:29.427 | INFO | Found device: 127.0.0.1:16384 (device)
2025-10-25 20:23:29.428 | INFO | Found 1 devices total
2025-10-25 20:23:29.430 | INFO |   [1] 127.0.0.1:16384 - Status: device
2025-10-25 20:23:29.431 | INFO | Available devices (status='device'): 1
2025-10-25 20:23:29.432 | INFO | Selected device: 127.0.0.1:16384
2025-10-25 20:23:29.465 | INFO | Detected package: com.bilibili.priconne
2025-10-25 20:23:29.467 | INFO | PackageName = com.bilibili.priconne
2025-10-25 20:23:29.468 | INFO | Device initialized successfully
2025-10-25 20:23:29.469 | INFO | Scheduler: Start task `Start`
2025-10-25 20:23:29.473 | INFO | App start: com.bilibili.priconne
2025-10-25 20:23:29.475 | INFO | Starting app via AM: com.bilibili.priconne/com.bilibili.permission.PermissionActivity
2025-10-25 20:23:29.506 | INFO | App started successfully
2025-10-25 20:23:29.508 | INFO | Update droidcast resolution
2025-10-25 20:23:29.571 | INFO | Device Orientation = 1 (HOME key on the right)
2025-10-25 20:23:29.572 | INFO | Droidcast resolution: (720, 1280)
2025-10-25 20:23:29.574 | INFO | Reuse forward: ForwardItem(serial='127.0.0.1:16384', local='tcp:20255', remote='tcp:53516')
2025-10-25 20:23:29.734 | DEBUG | MAIN_CHECK 加载模板图像: ./assets/handler/MAIN_CHECK.png
2025-10-25 20:23:29.747 | DEBUG | MAIN_CHECK 模板图像加载成功, shape: (45, 43, 3)
2025-10-25 20:23:29.749 | DEBUG | LOGIN_CHECK 加载模板图像: ./assets/handler/LOGIN_CHECK.png
2025-10-25 20:23:29.755 | DEBUG | LOGIN_CHECK 模板图像加载成功, shape: (54, 54, 3)
2025-10-25 20:23:29.758 | DEBUG | ANNOUNCE_CLOSE 加载模板图像: ./assets/handler/ANNOUNCE_CLOSE.png
2025-10-25 20:23:29.764 | DEBUG | ANNOUNCE_CLOSE 模板图像加载成功, shape: (66, 277, 3)
2025-10-25 20:23:37.327 | INFO | Login check button detected - clicking
2025-10-25 20:23:37.330 | INFO | Click at (194, 674)
2025-10-25 20:23:37.382 | INFO | Login success - this is a real app start
2025-10-25 20:23:42.344 | INFO | Login check button detected - clicking
2025-10-25 20:23:42.347 | INFO | Click at (192, 686)
2025-10-25 20:23:47.444 | INFO | Login check button detected - clicking
2025-10-25 20:23:47.446 | INFO | Click at (196, 668)
2025-10-25 20:23:58.247 | INFO | Closing announcement
2025-10-25 20:23:58.248 | INFO | Click at (626, 647)
2025-10-25 20:24:00.029 | INFO | Login to main confirmed
2025-10-25 20:24:00.031 | INFO | Scheduler: End task `Start`
2025-10-25 20:24:00.034 | INFO | 没有指定任务，程序结束
2025-10-25 20:25:45.442 | INFO | 配置文件：cwj.json
2025-10-25 20:25:45.447 | INFO | 截图方式：DroidCast_raw
2025-10-25 20:25:45.449 | INFO | 点击方式：ADB
2025-10-25 20:25:45.452 | INFO | Found device: 127.0.0.1:16384 (device)
2025-10-25 20:25:45.454 | INFO | Connecting to 127.0.0.1:16384 (trial 1/3)
2025-10-25 20:25:46.457 | INFO | Connected to device: 127.0.0.1:16384
2025-10-25 20:25:46.459 | INFO | AdbDevice = AdbDevice(serial=127.0.0.1:16384)
2025-10-25 20:25:46.461 | INFO | Current config: Serial='127.0.0.1:16384', PackageName='auto'
2025-10-25 20:25:46.462 | INFO | Found device: 127.0.0.1:16384 (device)
2025-10-25 20:25:46.463 | INFO | Found 1 devices total
2025-10-25 20:25:46.464 | INFO |   [1] 127.0.0.1:16384 - Status: device
2025-10-25 20:25:46.465 | INFO | Available devices (status='device'): 1
2025-10-25 20:25:46.467 | INFO | Selected device: 127.0.0.1:16384
2025-10-25 20:25:46.500 | INFO | Detected package: com.bilibili.priconne
2025-10-25 20:25:46.501 | INFO | PackageName = com.bilibili.priconne
2025-10-25 20:25:46.503 | INFO | Device initialized successfully
2025-10-25 20:25:46.504 | INFO | Scheduler: Start task `Start`
2025-10-25 20:25:46.508 | INFO | App start: com.bilibili.priconne
2025-10-25 20:25:46.509 | INFO | Starting app via AM: com.bilibili.priconne/com.bilibili.permission.PermissionActivity
2025-10-25 20:25:46.550 | INFO | App started successfully
2025-10-25 20:25:46.555 | INFO | Update droidcast resolution
2025-10-25 20:25:46.587 | INFO | Device Orientation = 1 (HOME key on the right)
2025-10-25 20:25:46.588 | INFO | Droidcast resolution: (720, 1280)
2025-10-25 20:25:46.591 | INFO | Reuse forward: ForwardItem(serial='127.0.0.1:16384', local='tcp:20255', remote='tcp:53516')
2025-10-25 20:25:46.714 | DEBUG | MAIN_CHECK 加载模板图像: ./assets/handler/MAIN_CHECK.png
2025-10-25 20:25:46.728 | DEBUG | MAIN_CHECK 模板图像加载成功, shape: (45, 43, 3)
2025-10-25 20:25:46.730 | DEBUG | LOGIN_CHECK 加载模板图像: ./assets/handler/LOGIN_CHECK.png
2025-10-25 20:25:46.735 | DEBUG | LOGIN_CHECK 模板图像加载成功, shape: (54, 54, 3)
2025-10-25 20:25:46.738 | DEBUG | ANNOUNCE_CLOSE 加载模板图像: ./assets/handler/ANNOUNCE_CLOSE.png
2025-10-25 20:25:46.744 | DEBUG | ANNOUNCE_CLOSE 模板图像加载成功, shape: (66, 277, 3)
2025-10-25 20:25:48.057 | INFO | Login to main confirmed
2025-10-25 20:25:48.060 | INFO | Scheduler: End task `Start`
2025-10-25 20:25:48.065 | INFO | 没有指定任务，程序结束
2025-10-25 20:26:22.447 | INFO | 配置文件：cwj.json
2025-10-25 20:26:22.451 | INFO | 截图方式：ADB
2025-10-25 20:26:22.453 | INFO | 点击方式：ADB
2025-10-25 20:26:22.456 | INFO | Found device: 127.0.0.1:16384 (device)
2025-10-25 20:26:22.459 | INFO | Connecting to 127.0.0.1:16384 (trial 1/3)
2025-10-25 20:26:23.463 | INFO | Connected to device: 127.0.0.1:16384
2025-10-25 20:26:23.464 | INFO | AdbDevice = AdbDevice(serial=127.0.0.1:16384)
2025-10-25 20:26:23.467 | INFO | Current config: Serial='127.0.0.1:16384', PackageName='auto'
2025-10-25 20:26:23.470 | INFO | Found device: 127.0.0.1:16384 (device)
2025-10-25 20:26:23.471 | INFO | Found 1 devices total
2025-10-25 20:26:23.474 | INFO |   [1] 127.0.0.1:16384 - Status: device
2025-10-25 20:26:23.476 | INFO | Available devices (status='device'): 1
2025-10-25 20:26:23.478 | INFO | Selected device: 127.0.0.1:16384
2025-10-25 20:26:23.507 | INFO | Detected package: com.bilibili.priconne
2025-10-25 20:26:23.509 | INFO | PackageName = com.bilibili.priconne
2025-10-25 20:26:23.511 | INFO | Device initialized successfully
2025-10-25 20:26:23.513 | INFO | Scheduler: Start task `Start`
2025-10-25 20:26:23.516 | INFO | App start: com.bilibili.priconne
2025-10-25 20:26:23.517 | INFO | Starting app via AM: com.bilibili.priconne/com.bilibili.permission.PermissionActivity
2025-10-25 20:26:23.545 | INFO | App started successfully
2025-10-25 20:26:24.370 | DEBUG | MAIN_CHECK 加载模板图像: ./assets/handler/MAIN_CHECK.png
2025-10-25 21:10:29.206 | INFO | 配置文件：cwj.json
2025-10-25 21:10:29.212 | INFO | 截图方式：DroidCast_raw
2025-10-25 21:10:29.213 | INFO | 点击方式：ADB
2025-10-25 21:10:29.216 | INFO | Found device: 127.0.0.1:16384 (device)
2025-10-25 21:10:29.218 | INFO | Connecting to 127.0.0.1:16384 (trial 1/3)
2025-10-25 21:10:30.223 | INFO | Connected to device: 127.0.0.1:16384
2025-10-25 21:10:30.224 | INFO | AdbDevice = AdbDevice(serial=127.0.0.1:16384)
2025-10-25 21:10:30.226 | INFO | Current config: Serial='127.0.0.1:16384', PackageName='auto'
2025-10-25 21:10:30.228 | INFO | Found device: 127.0.0.1:16384 (device)
2025-10-25 21:10:30.229 | INFO | Found 1 devices total
2025-10-25 21:10:30.230 | INFO |   [1] 127.0.0.1:16384 - Status: device
2025-10-25 21:10:30.231 | INFO | Available devices (status='device'): 1
2025-10-25 21:10:30.232 | INFO | Selected device: 127.0.0.1:16384
2025-10-25 21:10:30.248 | INFO | Detected package: com.bilibili.priconne
2025-10-25 21:10:30.249 | INFO | PackageName = com.bilibili.priconne
2025-10-25 21:10:30.250 | INFO | Device initialized successfully
2025-10-25 21:10:30.252 | INFO | Scheduler: Start task `Start`
2025-10-25 21:10:30.258 | INFO | App start: com.bilibili.priconne
2025-10-25 21:10:30.259 | INFO | Starting app via AM: com.bilibili.priconne/com.bilibili.permission.PermissionActivity
2025-10-25 21:10:30.337 | INFO | App started successfully
2025-10-25 21:10:30.340 | INFO | Update droidcast resolution
2025-10-25 21:10:30.446 | INFO | Device Orientation = 1 (HOME key on the right)
2025-10-25 21:10:30.447 | INFO | Droidcast resolution: (720, 1280)
2025-10-25 21:10:30.450 | INFO | Reuse forward: ForwardItem(serial='127.0.0.1:16384', local='tcp:20255', remote='tcp:53516')
2025-10-25 21:10:30.587 | DEBUG | MAIN_CHECK 加载模板图像: ./assets/handler/MAIN_CHECK.png
2025-10-25 21:10:30.626 | DEBUG | MAIN_CHECK 模板图像加载成功, shape: (45, 43, 3)
2025-10-25 21:10:30.646 | DEBUG | LOGIN_CHECK 加载模板图像: ./assets/handler/LOGIN_CHECK.png
2025-10-25 21:10:30.653 | DEBUG | LOGIN_CHECK 模板图像加载成功, shape: (54, 54, 3)
2025-10-25 21:10:30.660 | DEBUG | ANNOUNCE_CLOSE 加载模板图像: ./assets/handler/ANNOUNCE_CLOSE.png
2025-10-25 21:10:30.669 | DEBUG | ANNOUNCE_CLOSE 模板图像加载成功, shape: (66, 277, 3)
2025-10-25 21:10:31.939 | INFO | Login to main confirmed
2025-10-25 21:10:31.940 | INFO | Scheduler: End task `Start`
2025-10-25 21:10:31.942 | INFO | 没有指定任务，程序结束
2025-10-25 21:11:51.761 | INFO | 配置文件：cwj.json
2025-10-25 21:11:51.766 | INFO | 截图方式：DroidCast_raw
2025-10-25 21:11:51.767 | INFO | 点击方式：MaaTouch
2025-10-25 21:11:51.771 | INFO | Found device: 127.0.0.1:16384 (device)
2025-10-25 21:11:51.773 | INFO | Connecting to 127.0.0.1:16384 (trial 1/3)
2025-10-25 21:11:52.775 | INFO | Connected to device: 127.0.0.1:16384
2025-10-25 21:11:52.776 | INFO | AdbDevice = AdbDevice(serial=127.0.0.1:16384)
2025-10-25 21:11:52.778 | INFO | Current config: Serial='127.0.0.1:16384', PackageName='auto'
2025-10-25 21:11:52.780 | INFO | Found device: 127.0.0.1:16384 (device)
2025-10-25 21:11:52.782 | INFO | Found 1 devices total
2025-10-25 21:11:52.783 | INFO |   [1] 127.0.0.1:16384 - Status: device
2025-10-25 21:11:52.784 | INFO | Available devices (status='device'): 1
2025-10-25 21:11:52.785 | INFO | Selected device: 127.0.0.1:16384
2025-10-25 21:11:52.808 | INFO | Detected package: com.bilibili.priconne
2025-10-25 21:11:52.809 | INFO | PackageName = com.bilibili.priconne
2025-10-25 21:11:52.811 | INFO | Device initialized successfully
2025-10-25 21:11:52.812 | INFO | Early initializing MaaTouch
2025-10-25 21:11:52.813 | INFO | [bold]<<< MAATOUCH INIT >>>[/bold]
2025-10-25 21:11:52.815 | INFO | Scheduler: Start task `Start`
2025-10-25 21:11:52.820 | INFO | App start: com.bilibili.priconne
2025-10-25 21:11:52.822 | INFO | Starting app via AM: com.bilibili.priconne/com.bilibili.permission.PermissionActivity
2025-10-25 21:11:52.835 | INFO | Device Orientation = 1 (HOME key on the right)
2025-10-25 21:11:52.850 | INFO | App started successfully
2025-10-25 21:11:52.853 | INFO | Update droidcast resolution
2025-10-25 21:11:52.877 | INFO | Device Orientation = 1 (HOME key on the right)
2025-10-25 21:11:52.878 | INFO | Droidcast resolution: (720, 1280)
2025-10-25 21:11:52.881 | INFO | Reuse forward: ForwardItem(serial='127.0.0.1:16384', local='tcp:20255', remote='tcp:53516')
2025-10-25 21:11:52.982 | DEBUG | MAIN_CHECK 加载模板图像: ./assets/handler/MAIN_CHECK.png
2025-10-25 21:11:52.997 | DEBUG | MAIN_CHECK 模板图像加载成功, shape: (45, 43, 3)
2025-10-25 21:11:53.000 | DEBUG | LOGIN_CHECK 加载模板图像: ./assets/handler/LOGIN_CHECK.png
2025-10-25 21:11:53.006 | DEBUG | LOGIN_CHECK 模板图像加载成功, shape: (54, 54, 3)
2025-10-25 21:11:53.008 | DEBUG | ANNOUNCE_CLOSE 加载模板图像: ./assets/handler/ANNOUNCE_CLOSE.png
2025-10-25 21:11:53.014 | DEBUG | ANNOUNCE_CLOSE 模板图像加载成功, shape: (66, 277, 3)
2025-10-25 21:11:53.495 | INFO | ^ 10 1280 720 255
2025-10-25 21:11:53.496 | INFO | $ 255
2025-10-25 21:11:53.497 | INFO | MaaTouch stream connected
2025-10-25 21:11:53.499 | INFO | max_contact: 10; max_x: 1280; max_y: 720; max_pressure: 255
2025-10-25 21:11:54.445 | INFO | Login to main confirmed
2025-10-25 21:11:54.446 | INFO | Scheduler: End task `Start`
2025-10-25 21:11:54.448 | INFO | 没有指定任务，程序结束
2025-10-25 21:12:34.078 | INFO | 配置文件：cwj.json
2025-10-25 21:12:34.083 | INFO | 截图方式：DroidCast_raw
2025-10-25 21:12:34.085 | INFO | 点击方式：ADB
2025-10-25 21:12:34.087 | INFO | Found device: 127.0.0.1:16384 (device)
2025-10-25 21:12:34.089 | INFO | Connecting to 127.0.0.1:16384 (trial 1/3)
2025-10-25 21:12:35.093 | INFO | Connected to device: 127.0.0.1:16384
2025-10-25 21:12:35.095 | INFO | AdbDevice = AdbDevice(serial=127.0.0.1:16384)
2025-10-25 21:12:35.098 | INFO | Current config: Serial='127.0.0.1:16384', PackageName='auto'
2025-10-25 21:12:35.101 | INFO | Found device: 127.0.0.1:16384 (device)
2025-10-25 21:12:35.103 | INFO | Found 1 devices total
2025-10-25 21:12:35.108 | INFO |   [1] 127.0.0.1:16384 - Status: device
2025-10-25 21:12:35.111 | INFO | Available devices (status='device'): 1
2025-10-25 21:12:35.112 | INFO | Selected device: 127.0.0.1:16384
2025-10-25 21:12:35.141 | INFO | Detected package: com.bilibili.priconne
2025-10-25 21:12:35.143 | INFO | PackageName = com.bilibili.priconne
2025-10-25 21:12:35.145 | INFO | Device initialized successfully
2025-10-25 21:12:35.146 | INFO | Scheduler: Start task `Start`
2025-10-25 21:12:35.152 | INFO | App start: com.bilibili.priconne
2025-10-25 21:12:35.154 | INFO | Starting app via AM: com.bilibili.priconne/com.bilibili.permission.PermissionActivity
2025-10-25 21:12:35.186 | INFO | App started successfully
2025-10-25 21:12:35.189 | INFO | Update droidcast resolution
2025-10-25 21:12:35.220 | INFO | Device Orientation = 1 (HOME key on the right)
2025-10-25 21:12:35.221 | INFO | Droidcast resolution: (720, 1280)
2025-10-25 21:12:35.223 | INFO | Reuse forward: ForwardItem(serial='127.0.0.1:16384', local='tcp:20255', remote='tcp:53516')
2025-10-25 21:12:35.330 | DEBUG | MAIN_CHECK 加载模板图像: ./assets/handler/MAIN_CHECK.png
2025-10-25 21:12:35.347 | DEBUG | MAIN_CHECK 模板图像加载成功, shape: (45, 43, 3)
2025-10-25 21:12:35.349 | DEBUG | LOGIN_CHECK 加载模板图像: ./assets/handler/LOGIN_CHECK.png
2025-10-25 21:12:35.355 | DEBUG | LOGIN_CHECK 模板图像加载成功, shape: (54, 54, 3)
2025-10-25 21:12:35.356 | DEBUG | ANNOUNCE_CLOSE 加载模板图像: ./assets/handler/ANNOUNCE_CLOSE.png
2025-10-25 21:12:35.362 | DEBUG | ANNOUNCE_CLOSE 模板图像加载成功, shape: (66, 277, 3)
2025-10-25 21:12:36.807 | INFO | Login to main confirmed
2025-10-25 21:12:36.808 | INFO | Scheduler: End task `Start`
2025-10-25 21:12:36.810 | INFO | 没有指定任务，程序结束
2025-10-25 21:12:38.187 | INFO | 配置文件：cwj.json
2025-10-25 21:12:38.190 | INFO | 截图方式：DroidCast_raw
2025-10-25 21:12:38.191 | INFO | 点击方式：MaaTouch
2025-10-25 21:12:38.195 | INFO | Found device: 127.0.0.1:16384 (device)
2025-10-25 21:12:38.196 | INFO | Connecting to 127.0.0.1:16384 (trial 1/3)
2025-10-25 21:12:39.200 | INFO | Connected to device: 127.0.0.1:16384
2025-10-25 21:12:39.201 | INFO | AdbDevice = AdbDevice(serial=127.0.0.1:16384)
2025-10-25 21:12:39.204 | INFO | Current config: Serial='127.0.0.1:16384', PackageName='auto'
2025-10-25 21:12:39.206 | INFO | Found device: 127.0.0.1:16384 (device)
2025-10-25 21:12:39.207 | INFO | Found 1 devices total
2025-10-25 21:12:39.209 | INFO |   [1] 127.0.0.1:16384 - Status: device
2025-10-25 21:12:39.211 | INFO | Available devices (status='device'): 1
2025-10-25 21:12:39.213 | INFO | Selected device: 127.0.0.1:16384
2025-10-25 21:12:39.237 | INFO | Detected package: com.bilibili.priconne
2025-10-25 21:12:39.239 | INFO | PackageName = com.bilibili.priconne
2025-10-25 21:12:39.240 | INFO | Device initialized successfully
2025-10-25 21:12:39.242 | INFO | Early initializing MaaTouch
2025-10-25 21:12:39.244 | INFO | [bold]<<< MAATOUCH INIT >>>[/bold]
2025-10-25 21:12:39.245 | INFO | Scheduler: Start task `Start`
2025-10-25 21:12:39.249 | INFO | App start: com.bilibili.priconne
2025-10-25 21:12:39.250 | INFO | Starting app via AM: com.bilibili.priconne/com.bilibili.permission.PermissionActivity
2025-10-25 21:12:39.258 | INFO | Device Orientation = 1 (HOME key on the right)
2025-10-25 21:12:39.282 | INFO | App started successfully
2025-10-25 21:12:39.286 | INFO | Update droidcast resolution
2025-10-25 21:12:39.328 | INFO | Device Orientation = 1 (HOME key on the right)
2025-10-25 21:12:39.329 | INFO | Droidcast resolution: (720, 1280)
2025-10-25 21:12:39.332 | INFO | Reuse forward: ForwardItem(serial='127.0.0.1:16384', local='tcp:20255', remote='tcp:53516')
2025-10-25 21:12:39.428 | DEBUG | MAIN_CHECK 加载模板图像: ./assets/handler/MAIN_CHECK.png
2025-10-25 21:12:39.445 | DEBUG | MAIN_CHECK 模板图像加载成功, shape: (45, 43, 3)
2025-10-25 21:12:39.447 | DEBUG | LOGIN_CHECK 加载模板图像: ./assets/handler/LOGIN_CHECK.png
2025-10-25 21:12:39.452 | DEBUG | LOGIN_CHECK 模板图像加载成功, shape: (54, 54, 3)
2025-10-25 21:12:39.454 | DEBUG | ANNOUNCE_CLOSE 加载模板图像: ./assets/handler/ANNOUNCE_CLOSE.png
2025-10-25 21:12:39.460 | DEBUG | ANNOUNCE_CLOSE 模板图像加载成功, shape: (66, 277, 3)
2025-10-25 21:12:39.548 | INFO | ^ 10 1280 720 255
2025-10-25 21:12:39.549 | INFO | $ 255
2025-10-25 21:12:39.551 | INFO | MaaTouch stream connected
2025-10-25 21:12:39.552 | INFO | max_contact: 10; max_x: 1280; max_y: 720; max_pressure: 255
2025-10-25 21:12:40.849 | INFO | Login to main confirmed
2025-10-25 21:12:40.851 | INFO | Scheduler: End task `Start`
2025-10-25 21:12:40.853 | INFO | 没有指定任务，程序结束
2025-10-25 21:14:40.974 | INFO | Found device: 127.0.0.1:16384 (device)
2025-10-25 21:14:40.978 | INFO | Connecting to 127.0.0.1:16384 (trial 1/3)
2025-10-25 21:14:41.981 | INFO | Connected to device: 127.0.0.1:16384
2025-10-25 21:14:41.982 | INFO | AdbDevice = AdbDevice(serial=127.0.0.1:16384)
2025-10-25 21:14:41.984 | INFO | Current config: Serial='127.0.0.1:16384', PackageName='auto'
2025-10-25 21:14:41.986 | INFO | Found device: 127.0.0.1:16384 (device)
2025-10-25 21:14:41.988 | INFO | Found 1 devices total
2025-10-25 21:14:41.989 | INFO |   [1] 127.0.0.1:16384 - Status: device
2025-10-25 21:14:41.990 | INFO | Available devices (status='device'): 1
2025-10-25 21:14:41.992 | INFO | Selected device: 127.0.0.1:16384
2025-10-25 21:14:42.015 | INFO | Detected package: com.bilibili.priconne
2025-10-25 21:14:42.017 | INFO | PackageName = com.bilibili.priconne
2025-10-25 21:14:42.019 | INFO | Device initialized successfully
2025-10-25 21:14:42.019 | INFO | Early initializing MaaTouch
2025-10-25 21:14:42.021 | INFO | [bold]<<< MAATOUCH INIT >>>[/bold]
2025-10-25 21:14:42.025 | INFO | [bold]<<< MAATOUCH INIT >>>[/bold]
2025-10-25 21:14:42.027 | INFO | MaaTouch initialized successfully
2025-10-25 21:14:42.041 | INFO | Device Orientation = 1 (HOME key on the right)
2025-10-25 21:14:42.046 | INFO | Device Orientation = 1 (HOME key on the right)
2025-10-25 21:14:42.080 | INFO | 01/15 = 0.051s
2025-10-25 21:14:42.132 | INFO | 02/15 = 0.051s
2025-10-25 21:14:42.184 | INFO | 03/15 = 0.051s
2025-10-25 21:14:42.236 | INFO | 04/15 = 0.051s
2025-10-25 21:14:42.273 | INFO | ^ 10 1280 720 255
2025-10-25 21:14:42.275 | INFO | $ 255
2025-10-25 21:14:42.276 | INFO | MaaTouch stream connected
2025-10-25 21:14:42.277 | INFO | ^ 10 1280 720 255
2025-10-25 21:14:42.278 | INFO | max_contact: 10; max_x: 1280; max_y: 720; max_pressure: 255
2025-10-25 21:14:42.280 | INFO | $ 255
2025-10-25 21:14:42.281 | INFO | MaaTouch stream connected
2025-10-25 21:14:42.282 | INFO | max_contact: 10; max_x: 1280; max_y: 720; max_pressure: 255
2025-10-25 21:14:42.287 | INFO | 05/15 = 0.051s
2025-10-25 21:14:42.339 | INFO | 06/15 = 0.051s
2025-10-25 21:14:42.391 | INFO | 07/15 = 0.051s
2025-10-25 21:14:42.443 | INFO | 08/15 = 0.051s
2025-10-25 21:14:42.494 | INFO | 09/15 = 0.051s
2025-10-25 21:14:42.546 | INFO | 10/15 = 0.051s
2025-10-25 21:14:42.598 | INFO | 11/15 = 0.051s
2025-10-25 21:14:42.679 | INFO | 12/15 = 0.080s
2025-10-25 21:14:42.731 | INFO | 13/15 = 0.051s
2025-10-25 21:14:42.783 | INFO | 14/15 = 0.051s
2025-10-25 21:14:42.836 | INFO | 15/15 = 0.051s
2025-10-25 21:14:42.841 | INFO | Average: 0.051s (best 12 out of 15 tests)
2025-10-25 21:14:42.897 | INFO | 01/15 = 0.054s
2025-10-25 21:14:42.951 | INFO | 02/15 = 0.053s
2025-10-25 21:14:43.006 | INFO | 03/15 = 0.053s
2025-10-25 21:14:43.059 | INFO | 04/15 = 0.053s
2025-10-25 21:14:43.113 | INFO | 05/15 = 0.053s
2025-10-25 21:14:43.168 | INFO | 06/15 = 0.054s
2025-10-25 21:14:43.221 | INFO | 07/15 = 0.053s
2025-10-25 21:14:43.277 | INFO | 08/15 = 0.055s
2025-10-25 21:14:43.332 | INFO | 09/15 = 0.054s
2025-10-25 21:14:43.387 | INFO | 10/15 = 0.054s
2025-10-25 21:14:43.448 | INFO | 11/15 = 0.060s
2025-10-25 21:14:43.501 | INFO | 12/15 = 0.053s
2025-10-25 21:14:43.555 | INFO | 13/15 = 0.052s
2025-10-25 21:14:43.615 | INFO | 14/15 = 0.060s
2025-10-25 21:14:43.669 | INFO | 15/15 = 0.053s
2025-10-25 21:14:43.670 | INFO | Average: 0.053s (best 12 out of 15 tests)
2025-10-25 21:14:43.677 | INFO | Recommend click method: ADB (0.051s)
2025-10-25 21:14:43.678 | INFO | ADB is 4.5% faster than MaaTouch
2025-10-25 21:14:59.565 | INFO | Found device: 127.0.0.1:16384 (device)
2025-10-25 21:14:59.569 | INFO | Connected to device: auto
2025-10-25 21:14:59.571 | INFO | AdbDevice = AdbDevice(serial=auto)
2025-10-25 21:14:59.573 | INFO | Current config: Serial='auto', PackageName='auto'
2025-10-25 21:14:59.575 | INFO | Found device: 127.0.0.1:16384 (device)
2025-10-25 21:14:59.576 | INFO | Found 1 devices total
2025-10-25 21:14:59.578 | INFO |   [1] 127.0.0.1:16384 - Status: device
2025-10-25 21:14:59.579 | INFO | Available devices (status='device'): 1
2025-10-25 21:14:59.580 | INFO | Using AUTO mode to select device
2025-10-25 21:14:59.581 | INFO |  Auto selected device: 127.0.0.1:16384 (only one available)
2025-10-25 21:14:59.585 | INFO | Selected device: 127.0.0.1:16384
2025-10-25 21:14:59.589 | ERROR | Failed to list packages: device 'auto' not found
2025-10-25 21:14:59.591 | ERROR | Benchmark failed: device 'auto' not found
2025-10-25 21:51:40.802 | INFO | Current config: Serial='auto', PackageName='auto'
2025-10-25 21:51:40.809 | INFO | Found device: 127.0.0.1:16384 (device)
2025-10-25 21:51:40.811 | INFO | Found 1 devices total
2025-10-25 21:51:40.813 | INFO |   [1] 127.0.0.1:16384 - Status: device
2025-10-25 21:51:40.815 | INFO | Available devices (status='device'): 1
2025-10-25 21:51:40.817 | INFO | Using AUTO mode to select device
2025-10-25 21:51:40.818 | INFO |  Auto selected device: 127.0.0.1:16384 (only one available)
2025-10-25 21:51:40.821 | INFO | Selected device: 127.0.0.1:16384
2025-10-25 21:51:40.822 | INFO | Selected Serial = 127.0.0.1:16384
2025-10-25 21:51:40.826 | INFO | Found device: 127.0.0.1:16384 (device)
2025-10-25 21:51:40.827 | INFO | Connecting to 127.0.0.1:16384 (trial 1/3)
2025-10-25 21:51:41.834 | INFO | Connected to device: 127.0.0.1:16384
2025-10-25 21:51:41.835 | INFO | AdbDevice = AdbDevice(serial=127.0.0.1:16384)
2025-10-25 21:51:41.861 | INFO | Detected package: com.bilibili.priconne
2025-10-25 21:51:41.862 | INFO | PackageName = com.bilibili.priconne
2025-10-25 21:51:41.866 | INFO | Device initialized successfully
2025-10-25 21:51:41.870 | INFO | [bold]<<< MAATOUCH INIT >>>[/bold]
2025-10-25 21:51:41.873 | INFO | MaaTouch initialized successfully
2025-10-25 21:51:41.896 | INFO | Device Orientation = 1 (HOME key on the right)
2025-10-25 21:51:41.927 | INFO | 01/15 = 0.051s
2025-10-25 21:51:41.979 | INFO | 02/15 = 0.052s
2025-10-25 21:51:42.031 | INFO | 03/15 = 0.051s
2025-10-25 21:51:42.084 | INFO | 04/15 = 0.051s
2025-10-25 21:51:42.139 | INFO | 05/15 = 0.054s
2025-10-25 21:51:42.191 | INFO | 06/15 = 0.051s
2025-10-25 21:51:42.239 | INFO | ^ 10 1280 720 255
2025-10-25 21:51:42.241 | INFO | $ 255
2025-10-25 21:51:42.243 | INFO | 07/15 = 0.051s
2025-10-25 21:51:42.244 | INFO | MaaTouch stream connected
2025-10-25 21:51:42.245 | INFO | max_contact: 10; max_x: 1280; max_y: 720; max_pressure: 255
2025-10-25 21:51:42.296 | INFO | 08/15 = 0.051s
2025-10-25 21:51:42.347 | INFO | 09/15 = 0.051s
2025-10-25 21:51:42.399 | INFO | 10/15 = 0.051s
2025-10-25 21:51:42.451 | INFO | 11/15 = 0.051s
2025-10-25 21:51:42.503 | INFO | 12/15 = 0.051s
2025-10-25 21:51:42.555 | INFO | 13/15 = 0.051s
2025-10-25 21:51:42.607 | INFO | 14/15 = 0.051s
2025-10-25 21:51:42.659 | INFO | 15/15 = 0.051s
2025-10-25 21:51:42.707 | INFO | Average: 0.051s (best 12 out of 15 tests)
2025-10-25 21:51:42.766 | INFO | 01/15 = 0.055s
2025-10-25 21:51:42.820 | INFO | 02/15 = 0.054s
2025-10-25 21:51:42.875 | INFO | 03/15 = 0.053s
2025-10-25 21:51:42.934 | INFO | 04/15 = 0.058s
2025-10-25 21:51:42.988 | INFO | 05/15 = 0.053s
2025-10-25 21:51:43.043 | INFO | 06/15 = 0.053s
2025-10-25 21:51:43.096 | INFO | 07/15 = 0.053s
2025-10-25 21:51:43.150 | INFO | 08/15 = 0.053s
2025-10-25 21:51:43.204 | INFO | 09/15 = 0.053s
2025-10-25 21:51:43.259 | INFO | 10/15 = 0.053s
2025-10-25 21:51:43.314 | INFO | 11/15 = 0.054s
2025-10-25 21:51:43.367 | INFO | 12/15 = 0.053s
2025-10-25 21:51:43.422 | INFO | 13/15 = 0.053s
2025-10-25 21:51:43.477 | INFO | 14/15 = 0.054s
2025-10-25 21:51:43.532 | INFO | 15/15 = 0.054s
2025-10-25 21:51:43.533 | INFO | Average: 0.053s (best 12 out of 15 tests)
2025-10-25 21:51:43.541 | INFO | Recommend click method: ADB (0.051s)
2025-10-25 21:51:43.545 | INFO | ADB is 4.5% faster than MaaTouch
2025-10-25 21:52:19.306 | INFO | 配置文件：cwj.json
2025-10-25 21:52:19.310 | INFO | 截图方式：DroidCast_raw
2025-10-25 21:52:19.312 | INFO | 点击方式：MaaTouch
2025-10-25 21:52:19.315 | INFO | Current config: Serial='127.0.0.1:16384', PackageName='auto'
2025-10-25 21:52:19.318 | INFO | Found 0 devices total
2025-10-25 21:52:19.320 | INFO | Available devices (status='device'): 0
2025-10-25 21:52:19.322 | ERROR | No available devices found
2025-10-25 21:52:19.323 | CRITICAL | No devices available
2025-10-25 21:52:19.324 | INFO | 可能的原因:
2025-10-25 21:52:19.325 | INFO |   - MuMu 模拟器未启动
2025-10-25 21:52:19.328 | INFO |   - ADB 连接未建立
2025-10-25 21:52:19.329 | INFO |   - 模拟器 ADB 端口配置错误
2025-10-25 21:52:19.331 | WARNING | Emulator not running, trial 1/4
2025-10-25 21:52:19.334 | INFO | Current config: Serial='127.0.0.1:16384', PackageName='auto'
2025-10-25 21:52:19.336 | INFO | Found 0 devices total
2025-10-25 21:52:19.354 | INFO | Available devices (status='device'): 0
2025-10-25 21:52:19.355 | ERROR | No available devices found
2025-10-25 21:52:19.356 | CRITICAL | No devices available
2025-10-25 21:52:19.358 | INFO | 可能的原因:
2025-10-25 21:52:19.359 | INFO |   - MuMu 模拟器未启动
2025-10-25 21:52:19.360 | INFO |   - ADB 连接未建立
2025-10-25 21:52:19.361 | INFO |   - 模拟器 ADB 端口配置错误
2025-10-25 21:52:19.363 | WARNING | Emulator not running, trial 2/4
2025-10-25 21:52:19.365 | INFO | Current config: Serial='127.0.0.1:16384', PackageName='auto'
2025-10-25 21:52:19.367 | INFO | Found 0 devices total
2025-10-25 21:52:19.369 | INFO | Available devices (status='device'): 0
2025-10-25 21:52:19.370 | ERROR | No available devices found
2025-10-25 21:52:19.373 | CRITICAL | No devices available
2025-10-25 21:52:19.374 | INFO | 可能的原因:
2025-10-25 21:52:19.375 | INFO |   - MuMu 模拟器未启动
2025-10-25 21:52:19.377 | INFO |   - ADB 连接未建立
2025-10-25 21:52:19.378 | INFO |   - 模拟器 ADB 端口配置错误
2025-10-25 21:52:19.380 | WARNING | Emulator not running, trial 3/4
2025-10-25 21:52:19.384 | INFO | Current config: Serial='127.0.0.1:16384', PackageName='auto'
2025-10-25 21:52:19.386 | INFO | Found 0 devices total
2025-10-25 21:52:19.387 | INFO | Available devices (status='device'): 0
2025-10-25 21:52:19.388 | ERROR | No available devices found
2025-10-25 21:52:19.390 | CRITICAL | No devices available
2025-10-25 21:52:19.392 | INFO | 可能的原因:
2025-10-25 21:52:19.394 | INFO |   - MuMu 模拟器未启动
2025-10-25 21:52:19.395 | INFO |   - ADB 连接未建立
2025-10-25 21:52:19.396 | INFO |   - 模拟器 ADB 端口配置错误
2025-10-25 21:52:19.398 | CRITICAL | Failed to start emulator after 3 trials
2025-10-25 21:52:19.400 | CRITICAL | Request human takeover
2025-10-25 23:48:15.671 | INFO | 配置文件：cwj.json
2025-10-25 23:48:15.676 | INFO | 截图方式：DroidCast_raw
2025-10-25 23:48:15.678 | INFO | 点击方式：MaaTouch
2025-10-25 23:48:15.682 | INFO | Connecting to 127.0.0.1:16384 (trial 1/3)
2025-10-25 23:48:16.705 | INFO | Connected to device: 127.0.0.1:16384
2025-10-25 23:48:16.706 | INFO | AdbDevice = AdbDevice(serial=127.0.0.1:16384)
2025-10-25 23:48:16.710 | INFO | Current config: Serial='127.0.0.1:16384', PackageName='auto'
2025-10-25 23:48:16.712 | INFO | Attempting to connect to 127.0.0.1:16384
2025-10-25 23:48:17.716 | INFO | Found device: 127.0.0.1:16384 (device)
2025-10-25 23:48:17.718 | INFO | Found 1 devices total
2025-10-25 23:48:17.720 | INFO |   [1] 127.0.0.1:16384 - Status: device
2025-10-25 23:48:17.722 | INFO | Available devices (status='device'): 1
2025-10-25 23:48:17.724 | INFO | Selected device: 127.0.0.1:16384
2025-10-25 23:48:17.755 | INFO | Detected package: com.bilibili.priconne
2025-10-25 23:48:17.756 | INFO | PackageName = com.bilibili.priconne
2025-10-25 23:48:17.759 | INFO | Device initialized successfully
2025-10-25 23:48:17.760 | INFO | Early initializing MaaTouch
2025-10-25 23:48:17.763 | INFO | [bold]<<< MAATOUCH INIT >>>[/bold]
2025-10-25 23:48:17.765 | INFO | Scheduler: Start task `Start`
2025-10-25 23:48:17.769 | INFO | App start: com.bilibili.priconne
2025-10-25 23:48:17.771 | INFO | Starting app via AM: com.bilibili.priconne/com.bilibili.permission.PermissionActivity
2025-10-25 23:48:17.797 | INFO | Device Orientation = 1 (HOME key on the right)
2025-10-25 23:48:17.832 | INFO | App started successfully
2025-10-25 23:48:17.836 | INFO | Update droidcast resolution
2025-10-25 23:48:17.924 | INFO | Device Orientation = 1 (HOME key on the right)
2025-10-25 23:48:17.928 | INFO | Droidcast resolution: (720, 1280)
2025-10-25 23:48:17.932 | INFO | Create forward: ForwardItem(serial='127.0.0.1:16384', local='tcp:20770', remote='tcp:53516')
2025-10-25 23:48:18.140 | DEBUG | MAIN_CHECK 加载模板图像: ./assets/handler/MAIN_CHECK.png
2025-10-25 23:48:18.188 | DEBUG | MAIN_CHECK 模板图像加载成功, shape: (45, 43, 3)
2025-10-25 23:48:18.217 | DEBUG | LOGIN_CHECK 加载模板图像: ./assets/handler/LOGIN_CHECK.png
2025-10-25 23:48:18.224 | DEBUG | LOGIN_CHECK 模板图像加载成功, shape: (54, 54, 3)
2025-10-25 23:48:18.232 | DEBUG | ANNOUNCE_CLOSE 加载模板图像: ./assets/handler/ANNOUNCE_CLOSE.png
2025-10-25 23:48:18.240 | DEBUG | ANNOUNCE_CLOSE 模板图像加载成功, shape: (66, 277, 3)
2025-10-25 23:48:18.427 | INFO | ^ 10 1280 720 255
2025-10-25 23:48:18.428 | INFO | $ 255
2025-10-25 23:48:18.430 | INFO | MaaTouch stream connected
2025-10-25 23:48:18.432 | INFO | max_contact: 10; max_x: 1280; max_y: 720; max_pressure: 255
2025-10-25 23:48:19.382 | INFO | Login to main confirmed
2025-10-25 23:48:19.384 | INFO | Scheduler: End task `Start`
2025-10-25 23:48:19.386 | INFO | 没有指定任务，程序结束
