2025-11-03 21:01:14.502 | INFO | Bind task ['Pcr']
2025-11-03 21:01:14.505 | INFO | Current config: Serial='127.0.0.1:16384', PackageName='auto'
2025-11-03 21:01:19.663 | INFO | Found 0 devices total
2025-11-03 21:01:19.664 | INFO | Available devices: []
2025-11-03 21:01:19.666 | INFO | Found 0 devices total
2025-11-03 21:01:19.667 | INFO | Available devices: []
2025-11-03 21:01:19.668 | INFO | Attempting to connect to 127.0.0.1:16384
2025-11-03 21:01:20.672 | INFO | Found device: 127.0.0.1:16384 (device)
2025-11-03 21:01:20.674 | INFO | Found 1 devices total
2025-11-03 21:01:20.676 | INFO |   [1] 127.0.0.1:16384 - Status: device
2025-11-03 21:01:20.678 | INFO | Available devices (status='device'): 1
2025-11-03 21:01:20.679 | INFO | Selected device: 127.0.0.1:16384
2025-11-03 21:01:20.682 | INFO | Found device: 127.0.0.1:16384 (device)
2025-11-03 21:01:20.683 | INFO | Connecting to 127.0.0.1:16384 (trial 1/3)
2025-11-03 21:01:21.686 | INFO | Connected to device: 127.0.0.1:16384
2025-11-03 21:01:21.687 | INFO | AdbDevice = AdbDevice(serial=127.0.0.1:16384)
2025-11-03 21:01:21.721 | INFO | Detected package: com.bilibili.priconne
2025-11-03 21:01:21.722 | INFO | PackageName = com.bilibili.priconne
2025-11-03 21:01:21.724 | INFO | Device initialized successfully
2025-11-03 21:01:21.726 | INFO | Early initializing MaaTouch
2025-11-03 21:01:21.727 | INFO | [bold]<<< MAATOUCH INIT >>>[/bold]
2025-11-03 21:01:21.728 | INFO | Disable stuck detection
2025-11-03 21:01:21.753 | INFO | Device Orientation = 1 (HOME key on the right)
2025-11-03 21:01:22.047 | INFO | ^ 10 1280 720 255
2025-11-03 21:01:22.048 | INFO | $ 255
2025-11-03 21:01:22.050 | INFO | MaaTouch stream connected
2025-11-03 21:01:22.051 | INFO | max_contact: 10; max_x: 1280; max_y: 720; max_pressure: 255
2025-11-03 21:01:22.228 | INFO | CHARACTER_SCROLL set to 1.0
2025-11-03 21:01:22.230 | INFO | Update droidcast resolution
2025-11-03 21:01:23.092 | INFO | Device Orientation = 1 (HOME key on the right)
2025-11-03 21:01:23.093 | INFO | Droidcast resolution: (720, 1280)
2025-11-03 21:01:23.096 | INFO | Create forward: ForwardItem(serial='127.0.0.1:16384', local='tcp:20778', remote='tcp:53516')
2025-11-03 21:01:23.108 | ERROR | ConnectionError: ('Connection aborted.', RemoteDisconnected('Remote end closed connection without response'))
2025-11-03 21:01:26.111 | INFO | [bold]<<< DROIDCAST INIT >>>[/bold]
2025-11-03 21:01:26.112 | INFO | Stopping DroidCast
2025-11-03 21:01:26.137 | INFO | Update droidcast resolution
2025-11-03 21:01:26.155 | INFO | Device Orientation = 1 (HOME key on the right)
2025-11-03 21:01:26.157 | INFO | Droidcast resolution: (720, 1280)
2025-11-03 21:01:26.159 | INFO | Pushing DroidCast apk
2025-11-03 21:01:26.249 | INFO | Starting DroidCast apk
2025-11-03 21:01:26.255 | INFO | ShellBackgroundResponse(success=True, pid=7263, description='Successfully started program: CLASSPATH=/data/local/tmp/DroidCast_raw.apk app_process / ink.mol.droidcast_raw.Main > /dev/null')
2025-11-03 21:01:26.256 | INFO | Reuse forward: ForwardItem(serial='127.0.0.1:16384', local='tcp:20778', remote='tcp:53516')
2025-11-03 21:01:26.258 | INFO | DroidCast_raw = http://127.0.0.1:20778/screenshot?width=1280&height=720
2025-11-03 21:01:26.527 | INFO | DroidCast = online
2025-11-03 21:01:26.797 | INFO | CHARACTER_SCROLL = 0.28 (91.5-11.0)/(310-22)
2025-11-03 21:01:26.799 | INFO | CHARACTER_SCROLL current position: 0.280, target: 1.000, diff: 0.720
2025-11-03 21:01:26.800 | INFO | CHARACTER_SCROLL swipe from (1223, 269) to (1220, 587), distance: 318.0px
2025-11-03 21:01:26.802 | INFO | Swipe (1223,  269) -> (1220,  587)
2025-11-03 21:01:27.275 | INFO | CHARACTER_SCROLL = 0.27 (85.0-2.0)/(310-4)
2025-11-03 21:01:27.277 | INFO | CHARACTER_SCROLL current position: 0.271, target: 1.000, diff: 0.729
2025-11-03 21:01:27.334 | INFO | CHARACTER_SCROLL = 0.45 (141.0-11.5)/(310-23)
2025-11-03 21:01:27.336 | INFO | CHARACTER_SCROLL current position: 0.451, target: 1.000, diff: 0.549
2025-11-03 21:01:27.393 | INFO | CHARACTER_SCROLL = 0.45 (140.0-10.5)/(310-21)
2025-11-03 21:01:27.395 | INFO | CHARACTER_SCROLL current position: 0.448, target: 1.000, diff: 0.552
2025-11-03 21:01:27.468 | INFO | CHARACTER_SCROLL = 0.45 (139.5-11.0)/(310-22)
2025-11-03 21:01:27.470 | INFO | CHARACTER_SCROLL current position: 0.446, target: 1.000, diff: 0.554
2025-11-03 21:01:27.530 | INFO | CHARACTER_SCROLL = 0.45 (139.5-11.0)/(310-22)
2025-11-03 21:01:27.532 | INFO | CHARACTER_SCROLL current position: 0.446, target: 1.000, diff: 0.554
2025-11-03 21:01:27.594 | INFO | CHARACTER_SCROLL = 0.45 (139.5-11.0)/(310-22)
2025-11-03 21:01:27.595 | INFO | CHARACTER_SCROLL current position: 0.446, target: 1.000, diff: 0.554
2025-11-03 21:01:27.658 | INFO | CHARACTER_SCROLL = 0.45 (139.5-11.0)/(310-22)
2025-11-03 21:01:27.660 | INFO | CHARACTER_SCROLL current position: 0.446, target: 1.000, diff: 0.554
2025-11-03 21:01:27.726 | INFO | CHARACTER_SCROLL = 0.45 (139.5-11.0)/(310-22)
2025-11-03 21:01:27.728 | INFO | CHARACTER_SCROLL current position: 0.446, target: 1.000, diff: 0.554
2025-11-03 21:01:27.792 | INFO | CHARACTER_SCROLL = 0.45 (139.5-11.0)/(310-22)
2025-11-03 21:01:27.793 | INFO | CHARACTER_SCROLL current position: 0.446, target: 1.000, diff: 0.554
2025-11-03 21:01:27.857 | INFO | CHARACTER_SCROLL = 0.45 (139.5-11.0)/(310-22)
2025-11-03 21:01:27.858 | INFO | CHARACTER_SCROLL current position: 0.446, target: 1.000, diff: 0.554
2025-11-03 21:01:27.925 | INFO | CHARACTER_SCROLL = 0.45 (139.5-11.0)/(310-22)
2025-11-03 21:01:27.927 | INFO | CHARACTER_SCROLL current position: 0.446, target: 1.000, diff: 0.554
2025-11-03 21:01:27.986 | INFO | CHARACTER_SCROLL = 0.45 (139.5-11.0)/(310-22)
2025-11-03 21:01:27.987 | INFO | CHARACTER_SCROLL current position: 0.446, target: 1.000, diff: 0.554
2025-11-03 21:01:28.051 | INFO | CHARACTER_SCROLL = 0.45 (139.5-11.0)/(310-22)
2025-11-03 21:01:28.052 | INFO | CHARACTER_SCROLL current position: 0.446, target: 1.000, diff: 0.554
2025-11-03 21:01:28.108 | INFO | CHARACTER_SCROLL = 0.45 (139.5-11.0)/(310-22)
2025-11-03 21:01:28.110 | INFO | CHARACTER_SCROLL current position: 0.446, target: 1.000, diff: 0.554
2025-11-03 21:01:28.174 | INFO | CHARACTER_SCROLL = 0.45 (139.5-11.0)/(310-22)
2025-11-03 21:01:28.176 | INFO | CHARACTER_SCROLL current position: 0.446, target: 1.000, diff: 0.554
2025-11-03 21:01:28.234 | INFO | CHARACTER_SCROLL = 0.45 (139.5-11.0)/(310-22)
2025-11-03 21:01:28.235 | INFO | CHARACTER_SCROLL current position: 0.446, target: 1.000, diff: 0.554
2025-11-03 21:01:28.237 | INFO | CHARACTER_SCROLL swipe from (1226, 323) to (1224, 586), distance: 263.0px
2025-11-03 21:01:28.239 | INFO | Swipe (1226,  323) -> (1224,  586)
2025-11-03 21:01:28.653 | INFO | CHARACTER_SCROLL = 0.45 (139.05-10.0)/(310-20)
2025-11-03 21:01:28.654 | INFO | CHARACTER_SCROLL current position: 0.445, target: 1.000, diff: 0.555
2025-11-03 21:01:28.720 | INFO | CHARACTER_SCROLL = 0.65 (197.5-11.0)/(310-22)
2025-11-03 21:01:28.722 | INFO | CHARACTER_SCROLL current position: 0.648, target: 1.000, diff: 0.352
2025-11-03 21:01:28.783 | INFO | CHARACTER_SCROLL = 0.65 (197.5-11.0)/(310-22)
2025-11-03 21:01:28.784 | INFO | CHARACTER_SCROLL current position: 0.648, target: 1.000, diff: 0.352
2025-11-03 21:01:28.847 | INFO | CHARACTER_SCROLL = 0.65 (197.5-11.0)/(310-22)
2025-11-03 21:01:28.848 | INFO | CHARACTER_SCROLL current position: 0.648, target: 1.000, diff: 0.352
2025-11-03 21:01:28.913 | INFO | CHARACTER_SCROLL = 0.65 (197.5-11.0)/(310-22)
2025-11-03 21:01:28.914 | INFO | CHARACTER_SCROLL current position: 0.648, target: 1.000, diff: 0.352
2025-11-03 21:01:28.972 | INFO | CHARACTER_SCROLL = 0.65 (197.5-11.0)/(310-22)
2025-11-03 21:01:28.974 | INFO | CHARACTER_SCROLL current position: 0.648, target: 1.000, diff: 0.352
2025-11-03 21:01:29.047 | INFO | CHARACTER_SCROLL = 0.65 (197.5-11.0)/(310-22)
2025-11-03 21:01:29.048 | INFO | CHARACTER_SCROLL current position: 0.648, target: 1.000, diff: 0.352
2025-11-03 21:01:29.107 | INFO | CHARACTER_SCROLL = 0.65 (197.5-11.0)/(310-22)
2025-11-03 21:01:29.109 | INFO | CHARACTER_SCROLL current position: 0.648, target: 1.000, diff: 0.352
2025-11-03 21:01:29.171 | INFO | CHARACTER_SCROLL = 0.65 (197.5-11.0)/(310-22)
2025-11-03 21:01:29.173 | INFO | CHARACTER_SCROLL current position: 0.648, target: 1.000, diff: 0.352
2025-11-03 21:01:29.231 | INFO | CHARACTER_SCROLL = 0.65 (197.5-11.0)/(310-22)
2025-11-03 21:01:29.233 | INFO | CHARACTER_SCROLL current position: 0.648, target: 1.000, diff: 0.352
2025-11-03 21:01:29.293 | INFO | CHARACTER_SCROLL = 0.65 (197.5-11.0)/(310-22)
2025-11-03 21:01:29.294 | INFO | CHARACTER_SCROLL current position: 0.648, target: 1.000, diff: 0.352
2025-11-03 21:01:29.355 | INFO | CHARACTER_SCROLL = 0.65 (197.5-11.0)/(310-22)
2025-11-03 21:01:29.357 | INFO | CHARACTER_SCROLL current position: 0.648, target: 1.000, diff: 0.352
2025-11-03 21:01:29.419 | INFO | CHARACTER_SCROLL = 0.65 (197.5-11.0)/(310-22)
2025-11-03 21:01:29.421 | INFO | CHARACTER_SCROLL current position: 0.648, target: 1.000, diff: 0.352
2025-11-03 21:01:29.488 | INFO | CHARACTER_SCROLL = 0.65 (197.5-11.0)/(310-22)
2025-11-03 21:01:29.489 | INFO | CHARACTER_SCROLL current position: 0.648, target: 1.000, diff: 0.352
2025-11-03 21:01:29.548 | INFO | CHARACTER_SCROLL = 0.65 (197.5-11.0)/(310-22)
2025-11-03 21:01:29.549 | INFO | CHARACTER_SCROLL current position: 0.648, target: 1.000, diff: 0.352
2025-11-03 21:01:29.612 | INFO | CHARACTER_SCROLL = 0.65 (197.5-11.0)/(310-22)
2025-11-03 21:01:29.614 | INFO | CHARACTER_SCROLL current position: 0.648, target: 1.000, diff: 0.352
2025-11-03 21:01:29.616 | INFO | CHARACTER_SCROLL swipe from (1219, 383) to (1218, 581), distance: 198.0px
2025-11-03 21:01:29.617 | INFO | Swipe (1219,  383) -> (1218,  581)
2025-11-03 21:01:30.002 | INFO | CHARACTER_SCROLL = 0.66 (202.0-11.0)/(310-22)
2025-11-03 21:01:30.003 | INFO | CHARACTER_SCROLL current position: 0.663, target: 1.000, diff: 0.337
2025-11-03 21:01:30.067 | INFO | CHARACTER_SCROLL = 0.66 (202.0-11.0)/(310-22)
2025-11-03 21:01:30.068 | INFO | CHARACTER_SCROLL current position: 0.663, target: 1.000, diff: 0.337
2025-11-03 21:01:30.132 | INFO | CHARACTER_SCROLL = 0.85 (253.95833333333334-12.0)/(310-24)
2025-11-03 21:01:30.133 | INFO | CHARACTER_SCROLL current position: 0.846, target: 1.000, diff: 0.154
2025-11-03 21:01:30.195 | INFO | CHARACTER_SCROLL = 0.86 (257.5-12.0)/(310-24)
2025-11-03 21:01:30.196 | INFO | CHARACTER_SCROLL current position: 0.858, target: 1.000, diff: 0.142
2025-11-03 21:01:30.256 | INFO | CHARACTER_SCROLL = 0.86 (257.5-12.0)/(310-24)
2025-11-03 21:01:30.257 | INFO | CHARACTER_SCROLL current position: 0.858, target: 1.000, diff: 0.142
2025-11-03 21:01:30.315 | INFO | CHARACTER_SCROLL = 0.85 (256.5-11.0)/(310-22)
2025-11-03 21:01:30.317 | INFO | CHARACTER_SCROLL current position: 0.852, target: 1.000, diff: 0.148
2025-11-03 21:01:30.382 | INFO | CHARACTER_SCROLL = 0.85 (256.5-11.0)/(310-22)
2025-11-03 21:01:30.383 | INFO | CHARACTER_SCROLL current position: 0.852, target: 1.000, diff: 0.148
2025-11-03 21:01:30.454 | INFO | CHARACTER_SCROLL = 0.85 (256.5-11.0)/(310-22)
2025-11-03 21:01:30.456 | INFO | CHARACTER_SCROLL current position: 0.852, target: 1.000, diff: 0.148
2025-11-03 21:01:30.525 | INFO | CHARACTER_SCROLL = 0.85 (256.5-11.0)/(310-22)
2025-11-03 21:01:30.527 | INFO | CHARACTER_SCROLL current position: 0.852, target: 1.000, diff: 0.148
2025-11-03 21:01:30.588 | INFO | CHARACTER_SCROLL = 0.85 (256.5-11.0)/(310-22)
2025-11-03 21:01:30.589 | INFO | CHARACTER_SCROLL current position: 0.852, target: 1.000, diff: 0.148
2025-11-03 21:01:30.652 | INFO | CHARACTER_SCROLL = 0.85 (256.5-11.0)/(310-22)
2025-11-03 21:01:30.653 | INFO | CHARACTER_SCROLL current position: 0.852, target: 1.000, diff: 0.148
2025-11-03 21:01:30.713 | INFO | CHARACTER_SCROLL = 0.85 (256.5-11.0)/(310-22)
2025-11-03 21:01:30.714 | INFO | CHARACTER_SCROLL current position: 0.852, target: 1.000, diff: 0.148
2025-11-03 21:01:30.778 | INFO | CHARACTER_SCROLL = 0.85 (256.5-11.0)/(310-22)
2025-11-03 21:01:30.779 | INFO | CHARACTER_SCROLL current position: 0.852, target: 1.000, diff: 0.148
2025-11-03 21:01:30.845 | INFO | CHARACTER_SCROLL = 0.85 (256.5-11.0)/(310-22)
2025-11-03 21:01:30.846 | INFO | CHARACTER_SCROLL current position: 0.852, target: 1.000, diff: 0.148
2025-11-03 21:01:30.904 | INFO | CHARACTER_SCROLL = 0.85 (256.5-11.0)/(310-22)
2025-11-03 21:01:30.906 | INFO | CHARACTER_SCROLL current position: 0.852, target: 1.000, diff: 0.148
2025-11-03 21:01:30.965 | INFO | CHARACTER_SCROLL = 0.85 (256.5-11.0)/(310-22)
2025-11-03 21:01:30.967 | INFO | CHARACTER_SCROLL current position: 0.852, target: 1.000, diff: 0.148
2025-11-03 21:01:30.968 | INFO | CHARACTER_SCROLL swipe from (1226, 430) to (1224, 581), distance: 151.0px
2025-11-03 21:01:30.969 | INFO | Swipe (1226,  430) -> (1224,  581)
2025-11-03 21:01:31.320 | INFO | CHARACTER_SCROLL = 0.83 (254.33333333333334-3.0)/(310-6)
2025-11-03 21:01:31.321 | INFO | CHARACTER_SCROLL current position: 0.827, target: 1.000, diff: 0.173
2025-11-03 21:01:31.382 | INFO | CHARACTER_SCROLL = 0.99 (296.5-12.0)/(310-24)
2025-11-03 21:01:31.383 | INFO | CHARACTER_SCROLL current position: 0.995, target: 1.000, diff: 0.005
2025-11-03 21:01:31.385 | INFO | CHARACTER_SCROLL reached target position
2025-11-03 21:01:31.386 | INFO | CHARACTER_SCROLL dragged 4 times
2025-11-03 21:01:32.387 | INFO | CHARACTER_SCROLL = 0.99 (296.5-12.0)/(310-24)
2025-11-03 21:01:32.389 | INFO |  成功滚动到底部
2025-11-03 21:01:32.391 | INFO | 搜索第 1/20 页
2025-11-03 21:01:32.582 | INFO |   亮度匹配相似度: 0.6776
2025-11-03 21:01:32.584 | INFO |   未找到目标角色（相似度 0.6776 <= 0.85）
2025-11-03 21:01:32.586 | INFO | CHARACTER_SCROLL = 0.99 (297.0-11.5)/(310-23)
2025-11-03 21:01:32.587 | INFO | 翻页...
2025-11-03 21:01:32.647 | INFO | CHARACTER_SCROLL swipe in area from (776, 255) to (783, 385)
2025-11-03 21:01:32.648 | INFO | Swipe ( 776,  255) -> ( 783,  385)
2025-11-03 21:01:33.706 | INFO | 搜索第 2/20 页
2025-11-03 21:01:33.843 | INFO |   亮度匹配相似度: 0.7021
2025-11-03 21:01:33.845 | INFO |   未找到目标角色（相似度 0.7021 <= 0.85）
2025-11-03 21:01:33.847 | INFO | CHARACTER_SCROLL = 0.95 (285.5-11.0)/(310-22)
2025-11-03 21:01:33.848 | INFO | 翻页...
2025-11-03 21:01:33.908 | INFO | CHARACTER_SCROLL swipe in area from (778, 255) to (785, 385)
2025-11-03 21:01:33.910 | INFO | Swipe ( 778,  255) -> ( 785,  385)
2025-11-03 21:01:34.972 | INFO | 搜索第 3/20 页
2025-11-03 21:01:35.123 | INFO |   亮度匹配相似度: 0.6776
2025-11-03 21:01:35.124 | INFO |   未找到目标角色（相似度 0.6776 <= 0.85）
2025-11-03 21:01:35.127 | INFO | CHARACTER_SCROLL = 0.92 (275.5-11.0)/(310-22)
2025-11-03 21:01:35.128 | INFO | 翻页...
2025-11-03 21:01:35.190 | INFO | CHARACTER_SCROLL swipe in area from (779, 255) to (777, 385)
2025-11-03 21:01:35.192 | INFO | Swipe ( 779,  255) -> ( 777,  385)
2025-11-03 21:01:36.257 | INFO | 搜索第 4/20 页
2025-11-03 21:01:36.397 | INFO |   亮度匹配相似度: 0.6787
2025-11-03 21:01:36.399 | INFO |   未找到目标角色（相似度 0.6787 <= 0.85）
2025-11-03 21:01:36.402 | INFO | CHARACTER_SCROLL = 0.88 (265.0-11.5)/(310-23)
2025-11-03 21:01:36.403 | INFO | 翻页...
2025-11-03 21:01:36.464 | INFO | CHARACTER_SCROLL swipe in area from (779, 255) to (785, 385)
2025-11-03 21:01:36.465 | INFO | Swipe ( 779,  255) -> ( 785,  385)
2025-11-03 21:01:37.522 | INFO | 搜索第 5/20 页
2025-11-03 21:01:37.667 | INFO |   亮度匹配相似度: 0.6847
2025-11-03 21:01:37.668 | INFO |   未找到目标角色（相似度 0.6847 <= 0.85）
2025-11-03 21:01:37.670 | INFO | CHARACTER_SCROLL = 0.85 (254.5-11.0)/(310-22)
2025-11-03 21:01:37.671 | INFO | 翻页...
2025-11-03 21:01:37.731 | INFO | CHARACTER_SCROLL swipe in area from (781, 255) to (785, 385)
2025-11-03 21:01:37.733 | INFO | Swipe ( 781,  255) -> ( 785,  385)
2025-11-03 21:01:38.792 | INFO | 搜索第 6/20 页
2025-11-03 21:01:38.932 | INFO |   亮度匹配相似度: 0.6962
2025-11-03 21:01:38.934 | INFO |   未找到目标角色（相似度 0.6962 <= 0.85）
2025-11-03 21:01:38.935 | INFO | CHARACTER_SCROLL = 0.81 (243.5-11.0)/(310-22)
2025-11-03 21:01:38.937 | INFO | 翻页...
2025-11-03 21:01:38.994 | INFO | CHARACTER_SCROLL swipe in area from (776, 255) to (781, 385)
2025-11-03 21:01:38.995 | INFO | Swipe ( 776,  255) -> ( 781,  385)
2025-11-03 21:01:40.056 | INFO | 搜索第 7/20 页
2025-11-03 21:01:40.187 | INFO |   亮度匹配相似度: 0.6776
2025-11-03 21:01:40.189 | INFO |   未找到目标角色（相似度 0.6776 <= 0.85）
2025-11-03 21:01:40.191 | INFO | CHARACTER_SCROLL = 0.77 (233.0-11.5)/(310-23)
2025-11-03 21:01:40.193 | INFO | 翻页...
2025-11-03 21:01:40.256 | INFO | CHARACTER_SCROLL swipe in area from (780, 255) to (785, 385)
2025-11-03 21:01:40.257 | INFO | Swipe ( 780,  255) -> ( 785,  385)
2025-11-03 21:01:41.322 | INFO | 搜索第 8/20 页
2025-11-03 21:01:41.465 | INFO |   亮度匹配相似度: 0.6776
2025-11-03 21:01:41.466 | INFO |   未找到目标角色（相似度 0.6776 <= 0.85）
2025-11-03 21:01:41.469 | INFO | CHARACTER_SCROLL = 0.73 (222.5-11.0)/(310-22)
2025-11-03 21:01:41.470 | INFO | 翻页...
2025-11-03 21:01:41.532 | INFO | CHARACTER_SCROLL swipe in area from (783, 255) to (776, 385)
2025-11-03 21:01:41.534 | INFO | Swipe ( 783,  255) -> ( 776,  385)
2025-11-03 21:01:42.592 | INFO | 搜索第 9/20 页
2025-11-03 21:01:42.735 | INFO |   亮度匹配相似度: 0.6815
2025-11-03 21:01:42.737 | INFO |   未找到目标角色（相似度 0.6815 <= 0.85）
2025-11-03 21:01:42.739 | INFO | CHARACTER_SCROLL = 0.70 (212.5-11.0)/(310-22)
2025-11-03 21:01:42.741 | INFO | 翻页...
2025-11-03 21:01:42.801 | INFO | CHARACTER_SCROLL swipe in area from (785, 255) to (780, 385)
2025-11-03 21:01:42.802 | INFO | Swipe ( 785,  255) -> ( 780,  385)
2025-11-03 21:01:43.856 | INFO | 搜索第 10/20 页
2025-11-03 21:01:43.988 | INFO |   亮度匹配相似度: 0.7138
2025-11-03 21:01:43.990 | INFO |   未找到目标角色（相似度 0.7138 <= 0.85）
2025-11-03 21:01:43.992 | INFO | CHARACTER_SCROLL = 0.66 (201.5-11.0)/(310-22)
2025-11-03 21:01:43.993 | INFO | 翻页...
2025-11-03 21:01:44.051 | INFO | CHARACTER_SCROLL swipe in area from (781, 255) to (778, 385)
2025-11-03 21:01:44.052 | INFO | Swipe ( 781,  255) -> ( 778,  385)
2025-11-03 21:01:45.105 | INFO | 搜索第 11/20 页
2025-11-03 21:01:45.239 | INFO |   亮度匹配相似度: 0.7011
2025-11-03 21:01:45.241 | INFO |   未找到目标角色（相似度 0.7011 <= 0.85）
2025-11-03 21:01:45.243 | INFO | CHARACTER_SCROLL = 0.62 (190.5-11.0)/(310-22)
2025-11-03 21:01:45.244 | INFO | 翻页...
2025-11-03 21:01:45.308 | INFO | CHARACTER_SCROLL swipe in area from (778, 255) to (781, 385)
2025-11-03 21:01:45.310 | INFO | Swipe ( 778,  255) -> ( 781,  385)
2025-11-03 21:01:46.371 | INFO | 搜索第 12/20 页
2025-11-03 21:01:46.507 | INFO |   亮度匹配相似度: 0.6776
2025-11-03 21:01:46.509 | INFO |   未找到目标角色（相似度 0.6776 <= 0.85）
2025-11-03 21:01:46.511 | INFO | CHARACTER_SCROLL = 0.59 (180.5-11.0)/(310-22)
2025-11-03 21:01:46.513 | INFO | 翻页...
2025-11-03 21:01:46.570 | INFO | CHARACTER_SCROLL swipe in area from (784, 255) to (776, 385)
2025-11-03 21:01:46.572 | INFO | Swipe ( 784,  255) -> ( 776,  385)
2025-11-03 21:01:47.622 | INFO | 搜索第 13/20 页
2025-11-03 21:01:47.776 | INFO |   亮度匹配相似度: 0.6776
2025-11-03 21:01:47.777 | INFO |   未找到目标角色（相似度 0.6776 <= 0.85）
2025-11-03 21:01:47.779 | INFO | CHARACTER_SCROLL = 0.55 (169.5-11.0)/(310-22)
2025-11-03 21:01:47.779 | INFO | 翻页...
2025-11-03 21:01:47.843 | INFO | CHARACTER_SCROLL swipe in area from (784, 255) to (779, 385)
2025-11-03 21:01:47.845 | INFO | Swipe ( 784,  255) -> ( 779,  385)
2025-11-03 21:01:48.906 | INFO | 搜索第 14/20 页
2025-11-03 21:01:49.040 | INFO |   亮度匹配相似度: 0.6882
2025-11-03 21:01:49.042 | INFO |   未找到目标角色（相似度 0.6882 <= 0.85）
2025-11-03 21:01:49.044 | INFO | CHARACTER_SCROLL = 0.51 (158.5-11.0)/(310-22)
2025-11-03 21:01:49.045 | INFO | 翻页...
2025-11-03 21:01:49.102 | INFO | CHARACTER_SCROLL swipe in area from (781, 255) to (783, 385)
2025-11-03 21:01:49.104 | INFO | Swipe ( 781,  255) -> ( 783,  385)
2025-11-03 21:01:50.157 | INFO | 搜索第 15/20 页
2025-11-03 21:01:50.308 | INFO |   亮度匹配相似度: 0.6800
2025-11-03 21:01:50.310 | INFO |   未找到目标角色（相似度 0.6800 <= 0.85）
2025-11-03 21:01:50.312 | INFO | CHARACTER_SCROLL = 0.48 (148.5-11.0)/(310-22)
2025-11-03 21:01:50.314 | INFO | 翻页...
2025-11-03 21:01:50.373 | INFO | CHARACTER_SCROLL swipe in area from (777, 255) to (786, 385)
2025-11-03 21:01:50.374 | INFO | Swipe ( 777,  255) -> ( 786,  385)
2025-11-03 21:01:51.440 | INFO | 搜索第 16/20 页
2025-11-03 21:01:51.574 | INFO |   亮度匹配相似度: 0.6776
2025-11-03 21:01:51.576 | INFO |   未找到目标角色（相似度 0.6776 <= 0.85）
2025-11-03 21:01:51.578 | INFO | CHARACTER_SCROLL = 0.44 (138.5-11.0)/(310-22)
2025-11-03 21:01:51.579 | INFO | 翻页...
2025-11-03 21:01:51.640 | INFO | CHARACTER_SCROLL swipe in area from (784, 255) to (779, 385)
2025-11-03 21:01:51.642 | INFO | Swipe ( 784,  255) -> ( 779,  385)
2025-11-03 21:01:52.707 | INFO | 搜索第 17/20 页
2025-11-03 21:01:52.842 | INFO |   亮度匹配相似度: 0.6776
2025-11-03 21:01:52.845 | INFO |   未找到目标角色（相似度 0.6776 <= 0.85）
2025-11-03 21:01:52.848 | INFO | CHARACTER_SCROLL = 0.40 (127.5-11.0)/(310-22)
2025-11-03 21:01:52.848 | INFO | 翻页...
2025-11-03 21:01:52.906 | INFO | CHARACTER_SCROLL swipe in area from (784, 255) to (786, 385)
2025-11-03 21:01:52.908 | INFO | Swipe ( 784,  255) -> ( 786,  385)
2025-11-03 21:01:53.971 | INFO | 搜索第 18/20 页
2025-11-03 21:01:54.105 | INFO |   亮度匹配相似度: 0.7034
2025-11-03 21:01:54.107 | INFO |   未找到目标角色（相似度 0.7034 <= 0.85）
2025-11-03 21:01:54.109 | INFO | CHARACTER_SCROLL = 0.37 (117.5-11.0)/(310-22)
2025-11-03 21:01:54.110 | INFO | 翻页...
2025-11-03 21:01:54.173 | INFO | CHARACTER_SCROLL swipe in area from (778, 255) to (777, 385)
2025-11-03 21:01:54.174 | INFO | Swipe ( 778,  255) -> ( 777,  385)
2025-11-03 21:01:55.239 | INFO | 搜索第 19/20 页
2025-11-03 21:01:55.372 | INFO |   亮度匹配相似度: 0.6776
2025-11-03 21:01:55.372 | INFO |   未找到目标角色（相似度 0.6776 <= 0.85）
2025-11-03 21:01:55.376 | INFO | CHARACTER_SCROLL = 0.34 (107.5-11.0)/(310-22)
2025-11-03 21:01:55.377 | INFO | 翻页...
2025-11-03 21:01:55.439 | INFO | CHARACTER_SCROLL swipe in area from (782, 255) to (780, 385)
2025-11-03 21:01:55.440 | INFO | Swipe ( 782,  255) -> ( 780,  385)
2025-11-03 21:01:56.505 | INFO | 搜索第 20/20 页
2025-11-03 21:01:56.643 | INFO |   亮度匹配相似度: 0.7234
2025-11-03 21:01:56.644 | INFO |   未找到目标角色（相似度 0.7234 <= 0.85）
2025-11-03 21:01:56.646 | INFO | CHARACTER_SCROLL = 0.30 (96.5-11.0)/(310-22)
2025-11-03 21:01:56.648 | INFO | 翻页...
2025-11-03 21:01:56.710 | INFO | CHARACTER_SCROLL swipe in area from (786, 255) to (780, 385)
2025-11-03 21:01:56.711 | INFO | Swipe ( 786,  255) -> ( 780,  385)
2025-11-03 21:01:57.776 | ERROR |  角色选择失败
2025-11-03 21:01:57.777 | WARNING | 可能原因:
2025-11-03 21:01:57.777 | WARNING |   1. 目标角色不在列表中
2025-11-03 21:01:57.778 | WARNING |   2. 模板文件与实际角色不匹配
2025-11-03 21:01:57.779 | WARNING |   3. 需要增加 max_swipes 翻页次数
2025-11-03 21:01:57.780 | WARNING |   4. 需要降低相似度阈值
2025-11-03 21:01:57.782 | WARNING | 
建议:
2025-11-03 21:01:57.785 | WARNING |   - 运行功能4测试角色在当前页面能否被识别
2025-11-03 21:01:57.787 | WARNING |   - 检查滚动条是否工作正常（功能1-2）
2025-11-03 21:01:57.788 | WARNING |   - 当前设置: similarity=0.85, max_swipes=20
2025-11-03 21:02:27.583 | INFO | Bind task ['Pcr']
2025-11-03 21:02:27.587 | INFO | Current config: Serial='127.0.0.1:16384', PackageName='auto'
2025-11-03 21:02:27.589 | INFO | Found device: 127.0.0.1:16384 (device)
2025-11-03 21:02:27.590 | INFO | Found 1 devices total
2025-11-03 21:02:27.591 | INFO | Available devices: ['127.0.0.1:16384']
2025-11-03 21:02:27.593 | INFO | Attempting to connect to 127.0.0.1:16384
2025-11-03 21:02:28.597 | INFO | Found device: 127.0.0.1:16384 (device)
2025-11-03 21:02:28.598 | INFO | Found 1 devices total
2025-11-03 21:02:28.600 | INFO |   [1] 127.0.0.1:16384 - Status: device
2025-11-03 21:02:28.601 | INFO | Available devices (status='device'): 1
2025-11-03 21:02:28.602 | INFO | Selected device: 127.0.0.1:16384
2025-11-03 21:02:28.603 | INFO | Found device: 127.0.0.1:16384 (device)
2025-11-03 21:02:28.604 | INFO | Connecting to 127.0.0.1:16384 (trial 1/3)
2025-11-03 21:02:29.607 | INFO | Connected to device: 127.0.0.1:16384
2025-11-03 21:02:29.609 | INFO | AdbDevice = AdbDevice(serial=127.0.0.1:16384)
2025-11-03 21:02:29.622 | INFO | Detected package: com.bilibili.priconne
2025-11-03 21:02:29.623 | INFO | PackageName = com.bilibili.priconne
2025-11-03 21:02:29.625 | INFO | Device initialized successfully
2025-11-03 21:02:29.626 | INFO | Early initializing MaaTouch
2025-11-03 21:02:29.627 | INFO | [bold]<<< MAATOUCH INIT >>>[/bold]
2025-11-03 21:02:29.628 | INFO | Disable stuck detection
2025-11-03 21:02:29.646 | INFO | Device Orientation = 1 (HOME key on the right)
2025-11-03 21:02:29.824 | INFO | ^ 10 1280 720 255
2025-11-03 21:02:29.825 | INFO | $ 255
2025-11-03 21:02:29.827 | INFO | MaaTouch stream connected
2025-11-03 21:02:29.827 | INFO | max_contact: 10; max_x: 1280; max_y: 720; max_pressure: 255
2025-11-03 21:02:32.570 | INFO | CHARACTER_SCROLL set to 1.0
2025-11-03 21:02:32.572 | INFO | Update droidcast resolution
2025-11-03 21:02:32.604 | INFO | Device Orientation = 1 (HOME key on the right)
2025-11-03 21:02:32.605 | INFO | Droidcast resolution: (720, 1280)
2025-11-03 21:02:32.608 | INFO | Reuse forward: ForwardItem(serial='127.0.0.1:16384', local='tcp:20778', remote='tcp:53516')
2025-11-03 21:02:32.695 | INFO | CHARACTER_SCROLL = 0.27 (87.5-11.0)/(310-22)
2025-11-03 21:02:32.697 | INFO | CHARACTER_SCROLL current position: 0.266, target: 1.000, diff: 0.734
2025-11-03 21:02:32.698 | INFO | CHARACTER_SCROLL swipe from (1218, 264) to (1228, 591), distance: 327.2px
2025-11-03 21:02:32.699 | INFO | Swipe (1218,  264) -> (1228,  591)
2025-11-03 21:02:33.134 | INFO | CHARACTER_SCROLL = 0.49 (151.3913043478261-11.5)/(310-23)
2025-11-03 21:02:33.135 | INFO | CHARACTER_SCROLL current position: 0.487, target: 1.000, diff: 0.513
2025-11-03 21:02:33.201 | INFO | CHARACTER_SCROLL = 0.99 (296.5-12.0)/(310-24)
2025-11-03 21:02:33.202 | INFO | CHARACTER_SCROLL current position: 0.995, target: 1.000, diff: 0.005
2025-11-03 21:02:33.204 | INFO | CHARACTER_SCROLL reached target position
2025-11-03 21:02:33.205 | INFO | CHARACTER_SCROLL dragged 1 times
2025-11-03 21:02:34.207 | INFO | CHARACTER_SCROLL = 0.99 (296.5-12.0)/(310-24)
2025-11-03 21:02:34.209 | INFO |  成功滚动到底部
2025-11-03 21:02:34.210 | INFO | 搜索第 1/25 页
2025-11-03 21:02:34.365 | INFO |   亮度匹配相似度: 0.6776
2025-11-03 21:02:34.366 | INFO |   未找到目标角色（相似度 0.6776 <= 0.85）
2025-11-03 21:02:34.368 | INFO | CHARACTER_SCROLL = 0.99 (297.0-11.5)/(310-23)
2025-11-03 21:02:34.370 | INFO | 翻页...
2025-11-03 21:02:34.434 | INFO | CHARACTER_SCROLL swipe in area from (781, 255) to (777, 385)
2025-11-03 21:02:34.435 | INFO | Swipe ( 781,  255) -> ( 777,  385)
2025-11-03 21:02:35.490 | INFO | 搜索第 2/25 页
2025-11-03 21:02:35.629 | INFO |   亮度匹配相似度: 0.6795
2025-11-03 21:02:35.630 | INFO |   未找到目标角色（相似度 0.6795 <= 0.85）
2025-11-03 21:02:35.632 | INFO | CHARACTER_SCROLL = 0.95 (284.5-11.0)/(310-22)
2025-11-03 21:02:35.633 | INFO | 翻页...
2025-11-03 21:02:35.699 | INFO | CHARACTER_SCROLL swipe in area from (786, 255) to (786, 385)
2025-11-03 21:02:35.700 | INFO | Swipe ( 786,  255) -> ( 786,  385)
2025-11-03 21:02:36.755 | INFO | 搜索第 3/25 页
2025-11-03 21:02:36.890 | INFO |   亮度匹配相似度: 0.6776
2025-11-03 21:02:36.892 | INFO |   未找到目标角色（相似度 0.6776 <= 0.85）
2025-11-03 21:02:36.894 | INFO | CHARACTER_SCROLL = 0.91 (274.5-11.0)/(310-22)
2025-11-03 21:02:36.896 | INFO | 翻页...
2025-11-03 21:02:36.956 | INFO | CHARACTER_SCROLL swipe in area from (776, 255) to (781, 385)
2025-11-03 21:02:36.958 | INFO | Swipe ( 776,  255) -> ( 781,  385)
2025-11-03 21:02:38.023 | INFO | 搜索第 4/25 页
2025-11-03 21:02:38.153 | INFO |   亮度匹配相似度: 0.7083
2025-11-03 21:02:38.155 | INFO |   未找到目标角色（相似度 0.7083 <= 0.85）
2025-11-03 21:02:38.157 | INFO | CHARACTER_SCROLL = 0.88 (264.0-11.5)/(310-23)
2025-11-03 21:02:38.159 | INFO | 翻页...
2025-11-03 21:02:38.220 | INFO | CHARACTER_SCROLL swipe in area from (777, 255) to (782, 385)
2025-11-03 21:02:38.222 | INFO | Swipe ( 777,  255) -> ( 782,  385)
2025-11-03 21:02:39.289 | INFO | 搜索第 5/25 页
2025-11-03 21:02:39.420 | INFO |   亮度匹配相似度: 0.6847
2025-11-03 21:02:39.421 | INFO |   未找到目标角色（相似度 0.6847 <= 0.85）
2025-11-03 21:02:39.424 | INFO | CHARACTER_SCROLL = 0.84 (253.5-11.0)/(310-22)
2025-11-03 21:02:39.425 | INFO | 翻页...
2025-11-03 21:02:39.486 | INFO | CHARACTER_SCROLL swipe in area from (781, 255) to (785, 385)
2025-11-03 21:02:39.488 | INFO | Swipe ( 781,  255) -> ( 785,  385)
2025-11-03 21:02:40.556 | INFO | 搜索第 6/25 页
2025-11-03 21:02:40.682 | INFO |   亮度匹配相似度: 0.6962
2025-11-03 21:02:40.684 | INFO |   未找到目标角色（相似度 0.6962 <= 0.85）
2025-11-03 21:02:40.686 | INFO | CHARACTER_SCROLL = 0.81 (243.5-11.0)/(310-22)
2025-11-03 21:02:40.688 | INFO | 翻页...
2025-11-03 21:02:40.748 | INFO | CHARACTER_SCROLL swipe in area from (777, 255) to (782, 385)
2025-11-03 21:02:40.750 | INFO | Swipe ( 777,  255) -> ( 782,  385)
2025-11-03 21:02:41.805 | INFO | 搜索第 7/25 页
2025-11-03 21:02:41.941 | INFO |   亮度匹配相似度: 0.6776
2025-11-03 21:02:41.943 | INFO |   未找到目标角色（相似度 0.6776 <= 0.85）
2025-11-03 21:02:41.945 | INFO | CHARACTER_SCROLL = 0.77 (232.5-11.0)/(310-22)
2025-11-03 21:02:41.946 | INFO | 翻页...
2025-11-03 21:02:42.005 | INFO | CHARACTER_SCROLL swipe in area from (779, 255) to (779, 385)
2025-11-03 21:02:42.006 | INFO | Swipe ( 779,  255) -> ( 779,  385)
2025-11-03 21:02:43.073 | INFO | 搜索第 8/25 页
2025-11-03 21:02:43.204 | INFO |   亮度匹配相似度: 0.6776
2025-11-03 21:02:43.206 | INFO |   未找到目标角色（相似度 0.6776 <= 0.85）
2025-11-03 21:02:43.208 | INFO | CHARACTER_SCROLL = 0.73 (222.5-11.0)/(310-22)
2025-11-03 21:02:43.210 | INFO | 翻页...
2025-11-03 21:02:43.270 | INFO | CHARACTER_SCROLL swipe in area from (776, 255) to (785, 385)
2025-11-03 21:02:43.272 | INFO | Swipe ( 776,  255) -> ( 785,  385)
2025-11-03 21:02:44.321 | INFO | 搜索第 9/25 页
2025-11-03 21:02:44.457 | INFO |   亮度匹配相似度: 0.6776
2025-11-03 21:02:44.459 | INFO |   未找到目标角色（相似度 0.6776 <= 0.85）
2025-11-03 21:02:44.460 | INFO | CHARACTER_SCROLL = 0.70 (211.5-11.0)/(310-22)
2025-11-03 21:02:44.461 | INFO | 翻页...
2025-11-03 21:02:44.524 | INFO | CHARACTER_SCROLL swipe in area from (779, 255) to (777, 385)
2025-11-03 21:02:44.526 | INFO | Swipe ( 779,  255) -> ( 777,  385)
2025-11-03 21:02:45.589 | INFO | 搜索第 10/25 页
2025-11-03 21:02:45.718 | INFO |   亮度匹配相似度: 0.6849
2025-11-03 21:02:45.720 | INFO |   未找到目标角色（相似度 0.6849 <= 0.85）
2025-11-03 21:02:45.722 | INFO | CHARACTER_SCROLL = 0.66 (201.5-11.0)/(310-22)
2025-11-03 21:02:45.723 | INFO | 翻页...
2025-11-03 21:02:45.786 | INFO | CHARACTER_SCROLL swipe in area from (781, 255) to (782, 385)
2025-11-03 21:02:45.787 | INFO | Swipe ( 781,  255) -> ( 782,  385)
2025-11-03 21:02:46.860 | INFO | 搜索第 11/25 页
2025-11-03 21:02:46.988 | INFO |   亮度匹配相似度: 0.7310
2025-11-03 21:02:46.989 | INFO |   未找到目标角色（相似度 0.7310 <= 0.85）
2025-11-03 21:02:46.991 | INFO | CHARACTER_SCROLL = 0.63 (192.5-11.0)/(310-22)
2025-11-03 21:02:46.992 | INFO | 翻页...
2025-11-03 21:02:47.054 | INFO | CHARACTER_SCROLL swipe in area from (786, 255) to (779, 385)
2025-11-03 21:02:47.055 | INFO | Swipe ( 786,  255) -> ( 779,  385)
2025-11-03 21:02:48.122 | INFO | 搜索第 12/25 页
2025-11-03 21:02:48.248 | INFO |   亮度匹配相似度: 0.6776
2025-11-03 21:02:48.249 | INFO |   未找到目标角色（相似度 0.6776 <= 0.85）
2025-11-03 21:02:48.251 | INFO | CHARACTER_SCROLL = 0.60 (182.5-11.0)/(310-22)
2025-11-03 21:02:48.253 | INFO | 翻页...
2025-11-03 21:02:48.313 | INFO | CHARACTER_SCROLL swipe in area from (781, 255) to (782, 385)
2025-11-03 21:02:48.314 | INFO | Swipe ( 781,  255) -> ( 782,  385)
2025-11-03 21:02:49.372 | INFO | 搜索第 13/25 页
2025-11-03 21:02:49.503 | INFO |   亮度匹配相似度: 0.6776
2025-11-03 21:02:49.505 | INFO |   未找到目标角色（相似度 0.6776 <= 0.85）
2025-11-03 21:02:49.507 | INFO | CHARACTER_SCROLL = 0.56 (171.5-11.0)/(310-22)
2025-11-03 21:02:49.509 | INFO | 翻页...
2025-11-03 21:02:49.568 | INFO | CHARACTER_SCROLL swipe in area from (776, 255) to (783, 385)
2025-11-03 21:02:49.569 | INFO | Swipe ( 776,  255) -> ( 783,  385)
2025-11-03 21:02:50.621 | INFO | 搜索第 14/25 页
2025-11-03 21:02:50.753 | INFO |   亮度匹配相似度: 0.6932
2025-11-03 21:02:50.755 | INFO |   未找到目标角色（相似度 0.6932 <= 0.85）
2025-11-03 21:02:50.757 | INFO | CHARACTER_SCROLL = 0.52 (161.5-11.0)/(310-22)
2025-11-03 21:02:50.759 | INFO | 翻页...
2025-11-03 21:02:50.824 | INFO | CHARACTER_SCROLL swipe in area from (784, 255) to (786, 385)
2025-11-03 21:02:50.825 | INFO | Swipe ( 784,  255) -> ( 786,  385)
2025-11-03 21:02:51.890 | INFO | 搜索第 15/25 页
2025-11-03 21:02:52.023 | INFO |   亮度匹配相似度: 0.6776
2025-11-03 21:02:52.025 | INFO |   未找到目标角色（相似度 0.6776 <= 0.85）
2025-11-03 21:02:52.028 | INFO | CHARACTER_SCROLL = 0.49 (151.5-11.0)/(310-22)
2025-11-03 21:02:52.029 | INFO | 翻页...
2025-11-03 21:02:52.092 | INFO | CHARACTER_SCROLL swipe in area from (780, 255) to (780, 385)
2025-11-03 21:02:52.094 | INFO | Swipe ( 780,  255) -> ( 780,  385)
2025-11-03 21:02:53.157 | INFO | 搜索第 16/25 页
2025-11-03 21:02:53.293 | INFO |   亮度匹配相似度: 0.6901
2025-11-03 21:02:53.295 | INFO |   未找到目标角色（相似度 0.6901 <= 0.85）
2025-11-03 21:02:53.298 | INFO | CHARACTER_SCROLL = 0.45 (141.5-11.0)/(310-22)
2025-11-03 21:02:53.298 | INFO | 翻页...
2025-11-03 21:02:53.356 | INFO | CHARACTER_SCROLL swipe in area from (777, 255) to (783, 385)
2025-11-03 21:02:53.358 | INFO | Swipe ( 777,  255) -> ( 783,  385)
2025-11-03 21:02:54.424 | INFO | 搜索第 17/25 页
2025-11-03 21:02:54.551 | INFO |   亮度匹配相似度: 0.6776
2025-11-03 21:02:54.553 | INFO |   未找到目标角色（相似度 0.6776 <= 0.85）
2025-11-03 21:02:54.556 | INFO | CHARACTER_SCROLL = 0.41 (130.5-11.0)/(310-22)
2025-11-03 21:02:54.557 | INFO | 翻页...
2025-11-03 21:02:54.618 | INFO | CHARACTER_SCROLL swipe in area from (782, 255) to (778, 385)
2025-11-03 21:02:54.620 | INFO | Swipe ( 782,  255) -> ( 778,  385)
2025-11-03 21:02:55.672 | INFO | 搜索第 18/25 页
2025-11-03 21:02:55.807 | INFO |   亮度匹配相似度: 0.6991
2025-11-03 21:02:55.809 | INFO |   未找到目标角色（相似度 0.6991 <= 0.85）
2025-11-03 21:02:55.811 | INFO | CHARACTER_SCROLL = 0.38 (119.5-11.0)/(310-22)
2025-11-03 21:02:55.812 | INFO | 翻页...
2025-11-03 21:02:55.874 | INFO | CHARACTER_SCROLL swipe in area from (780, 255) to (783, 385)
2025-11-03 21:02:55.876 | INFO | Swipe ( 780,  255) -> ( 783,  385)
2025-11-03 21:02:56.939 | INFO | 搜索第 19/25 页
2025-11-03 21:02:57.066 | INFO |   亮度匹配相似度: 0.6776
2025-11-03 21:02:57.068 | INFO |   未找到目标角色（相似度 0.6776 <= 0.85）
2025-11-03 21:02:57.070 | INFO | CHARACTER_SCROLL = 0.34 (108.5-11.0)/(310-22)
2025-11-03 21:02:57.071 | INFO | 翻页...
2025-11-03 21:02:57.127 | INFO | CHARACTER_SCROLL swipe in area from (783, 255) to (786, 385)
2025-11-03 21:02:57.128 | INFO | Swipe ( 783,  255) -> ( 786,  385)
2025-11-03 21:02:58.189 | INFO | 搜索第 20/25 页
2025-11-03 21:02:58.317 | INFO |   亮度匹配相似度: 0.6880
2025-11-03 21:02:58.318 | INFO |   未找到目标角色（相似度 0.6880 <= 0.85）
2025-11-03 21:02:58.320 | INFO | CHARACTER_SCROLL = 0.30 (98.5-11.0)/(310-22)
2025-11-03 21:02:58.322 | INFO | 翻页...
2025-11-03 21:02:58.384 | INFO | CHARACTER_SCROLL swipe in area from (784, 255) to (780, 385)
2025-11-03 21:02:58.385 | INFO | Swipe ( 784,  255) -> ( 780,  385)
2025-11-03 21:02:59.439 | INFO | 搜索第 21/25 页
2025-11-03 21:02:59.574 | INFO |   亮度匹配相似度: 1.0000
2025-11-03 21:02:59.577 | INFO | 角色: TEMPLATE_CHUNJIAN
2025-11-03 21:02:59.578 | INFO | 相似度: 1.0000 > 0.85
2025-11-03 21:02:59.579 | INFO | 位置: (113, 352, 174, 410)
2025-11-03 21:02:59.600 | INFO | 结果已保存: scroll_search_result.png
2025-11-03 21:02:59.602 | INFO | 点击角色...
2025-11-03 21:02:59.604 | INFO | Click at (134, 396)
2025-11-03 21:03:00.160 | INFO |  角色选择成功！
2025-11-03 21:03:00.162 | INFO |   目标: TEMPLATE_CHUNJIAN
2025-11-03 21:03:00.163 | INFO |   翻页次数: 20
2025-11-03 21:03:13.538 | INFO | Bind task ['Pcr']
2025-11-03 21:03:13.540 | INFO | Current config: Serial='127.0.0.1:16384', PackageName='auto'
2025-11-03 21:03:13.541 | INFO | Found device: 127.0.0.1:16384 (device)
2025-11-03 21:03:13.542 | INFO | Found 1 devices total
2025-11-03 21:03:13.543 | INFO | Available devices: ['127.0.0.1:16384']
2025-11-03 21:03:13.544 | INFO | Attempting to connect to 127.0.0.1:16384
2025-11-03 21:03:14.548 | INFO | Found device: 127.0.0.1:16384 (device)
2025-11-03 21:03:14.550 | INFO | Found 1 devices total
2025-11-03 21:03:14.552 | INFO |   [1] 127.0.0.1:16384 - Status: device
2025-11-03 21:03:14.553 | INFO | Available devices (status='device'): 1
2025-11-03 21:03:14.554 | INFO | Selected device: 127.0.0.1:16384
2025-11-03 21:03:14.556 | INFO | Found device: 127.0.0.1:16384 (device)
2025-11-03 21:03:14.558 | INFO | Connecting to 127.0.0.1:16384 (trial 1/3)
2025-11-03 21:03:15.560 | INFO | Connected to device: 127.0.0.1:16384
2025-11-03 21:03:15.561 | INFO | AdbDevice = AdbDevice(serial=127.0.0.1:16384)
2025-11-03 21:03:15.574 | INFO | Detected package: com.bilibili.priconne
2025-11-03 21:03:15.575 | INFO | PackageName = com.bilibili.priconne
2025-11-03 21:03:15.576 | INFO | Device initialized successfully
2025-11-03 21:03:15.578 | INFO | Early initializing MaaTouch
2025-11-03 21:03:15.579 | INFO | [bold]<<< MAATOUCH INIT >>>[/bold]
2025-11-03 21:03:15.580 | INFO | Disable stuck detection
2025-11-03 21:03:15.591 | INFO | Device Orientation = 1 (HOME key on the right)
2025-11-03 21:03:15.785 | INFO | ^ 10 1280 720 255
2025-11-03 21:03:15.787 | INFO | $ 255
2025-11-03 21:03:15.789 | INFO | MaaTouch stream connected
2025-11-03 21:03:15.790 | INFO | max_contact: 10; max_x: 1280; max_y: 720; max_pressure: 255
2025-11-03 21:03:22.880 | INFO | Bind task ['Pcr']
2025-11-03 21:03:22.883 | INFO | Current config: Serial='127.0.0.1:16384', PackageName='auto'
2025-11-03 21:03:22.885 | INFO | Found device: 127.0.0.1:16384 (device)
2025-11-03 21:03:22.886 | INFO | Found 1 devices total
2025-11-03 21:03:22.887 | INFO | Available devices: ['127.0.0.1:16384']
2025-11-03 21:03:22.888 | INFO | Attempting to connect to 127.0.0.1:16384
2025-11-03 21:03:23.890 | INFO | Found device: 127.0.0.1:16384 (device)
2025-11-03 21:03:23.893 | INFO | Found 1 devices total
2025-11-03 21:03:23.894 | INFO |   [1] 127.0.0.1:16384 - Status: device
2025-11-03 21:03:23.895 | INFO | Available devices (status='device'): 1
2025-11-03 21:03:23.895 | INFO | Selected device: 127.0.0.1:16384
2025-11-03 21:03:23.897 | INFO | Found device: 127.0.0.1:16384 (device)
2025-11-03 21:03:23.898 | INFO | Connecting to 127.0.0.1:16384 (trial 1/3)
2025-11-03 21:03:24.900 | INFO | Connected to device: 127.0.0.1:16384
2025-11-03 21:03:24.901 | INFO | AdbDevice = AdbDevice(serial=127.0.0.1:16384)
2025-11-03 21:03:24.915 | INFO | Detected package: com.bilibili.priconne
2025-11-03 21:03:24.917 | INFO | PackageName = com.bilibili.priconne
2025-11-03 21:03:24.918 | INFO | Device initialized successfully
2025-11-03 21:03:24.919 | INFO | Early initializing MaaTouch
2025-11-03 21:03:24.921 | INFO | [bold]<<< MAATOUCH INIT >>>[/bold]
2025-11-03 21:03:24.922 | INFO | Disable stuck detection
2025-11-03 21:03:24.932 | INFO | Device Orientation = 1 (HOME key on the right)
2025-11-03 21:03:25.095 | INFO | ^ 10 1280 720 255
2025-11-03 21:03:25.096 | INFO | $ 255
2025-11-03 21:03:25.098 | INFO | MaaTouch stream connected
2025-11-03 21:03:25.099 | INFO | max_contact: 10; max_x: 1280; max_y: 720; max_pressure: 255
2025-11-03 21:03:25.765 | INFO | 滚动到底部
2025-11-03 21:03:25.767 | INFO | CHARACTER_SCROLL set to 1.0
2025-11-03 21:03:25.768 | INFO | Update droidcast resolution
2025-11-03 21:03:25.801 | INFO | Device Orientation = 1 (HOME key on the right)
2025-11-03 21:03:25.802 | INFO | Droidcast resolution: (720, 1280)
2025-11-03 21:03:25.804 | INFO | Reuse forward: ForwardItem(serial='127.0.0.1:16384', local='tcp:20778', remote='tcp:53516')
2025-11-03 21:03:25.879 | INFO | CHARACTER_SCROLL = 0.37 (122.0-30.5)/(310-61)
2025-11-03 21:03:25.880 | INFO | CHARACTER_SCROLL current position: 0.367, target: 1.000, diff: 0.633
2025-11-03 21:03:25.882 | INFO | CHARACTER_SCROLL swipe from (1224, 296) to (1230, 547), distance: 251.1px
2025-11-03 21:03:25.883 | INFO | Swipe (1224,  296) -> (1230,  547)
2025-11-03 21:03:26.283 | INFO | CHARACTER_SCROLL = 0.96 (273.0-26.5)/(310-53)
2025-11-03 21:03:26.285 | INFO | CHARACTER_SCROLL current position: 0.959, target: 1.000, diff: 0.041
2025-11-03 21:03:26.286 | INFO | CHARACTER_SCROLL reached target position
2025-11-03 21:03:26.287 | INFO | CHARACTER_SCROLL dragged 1 times
2025-11-03 21:03:31.288 | INFO | CHARACTER_SCROLL = 0.96 (273.0-26.5)/(310-53)
2025-11-03 21:03:31.290 | INFO |  成功滚动到底部
2025-11-03 21:03:31.364 | INFO | CHARACTER_SCROLL swipe in area from (778, 255) to (785, 385)
2025-11-03 21:03:31.365 | INFO | Swipe ( 778,  255) -> ( 785,  385)
2025-11-03 21:03:36.922 | INFO |   第 1 页完成
2025-11-03 21:03:36.995 | INFO | CHARACTER_SCROLL swipe in area from (784, 255) to (778, 385)
2025-11-03 21:03:36.996 | INFO | Swipe ( 784,  255) -> ( 778,  385)
2025-11-03 21:03:45.406 | INFO | Bind task ['Pcr']
2025-11-03 21:03:45.410 | INFO | Current config: Serial='127.0.0.1:16384', PackageName='auto'
2025-11-03 21:03:45.413 | INFO | Found device: 127.0.0.1:16384 (device)
2025-11-03 21:03:45.414 | INFO | Found 1 devices total
2025-11-03 21:03:45.415 | INFO | Available devices: ['127.0.0.1:16384']
2025-11-03 21:03:45.415 | INFO | Attempting to connect to 127.0.0.1:16384
2025-11-03 21:03:46.417 | INFO | Found device: 127.0.0.1:16384 (device)
2025-11-03 21:03:46.419 | INFO | Found 1 devices total
2025-11-03 21:03:46.420 | INFO |   [1] 127.0.0.1:16384 - Status: device
2025-11-03 21:03:46.421 | INFO | Available devices (status='device'): 1
2025-11-03 21:03:46.422 | INFO | Selected device: 127.0.0.1:16384
2025-11-03 21:03:46.425 | INFO | Found device: 127.0.0.1:16384 (device)
2025-11-03 21:03:46.426 | INFO | Connecting to 127.0.0.1:16384 (trial 1/3)
2025-11-03 21:03:47.428 | INFO | Connected to device: 127.0.0.1:16384
2025-11-03 21:03:47.429 | INFO | AdbDevice = AdbDevice(serial=127.0.0.1:16384)
2025-11-03 21:03:47.442 | INFO | Detected package: com.bilibili.priconne
2025-11-03 21:03:47.443 | INFO | PackageName = com.bilibili.priconne
2025-11-03 21:03:47.444 | INFO | Device initialized successfully
2025-11-03 21:03:47.445 | INFO | Early initializing MaaTouch
2025-11-03 21:03:47.446 | INFO | [bold]<<< MAATOUCH INIT >>>[/bold]
2025-11-03 21:03:47.448 | INFO | Disable stuck detection
2025-11-03 21:03:47.459 | INFO | Device Orientation = 1 (HOME key on the right)
2025-11-03 21:03:47.603 | INFO | ^ 10 1280 720 255
2025-11-03 21:03:47.605 | INFO | $ 255
2025-11-03 21:03:47.606 | INFO | MaaTouch stream connected
2025-11-03 21:03:47.607 | INFO | max_contact: 10; max_x: 1280; max_y: 720; max_pressure: 255
2025-11-03 21:03:48.671 | INFO | 滚动到底部
2025-11-03 21:03:48.673 | INFO | CHARACTER_SCROLL set to 1.0
2025-11-03 21:03:48.673 | INFO | Update droidcast resolution
2025-11-03 21:03:48.713 | INFO | Device Orientation = 1 (HOME key on the right)
2025-11-03 21:03:48.714 | INFO | Droidcast resolution: (720, 1280)
2025-11-03 21:03:48.715 | INFO | Reuse forward: ForwardItem(serial='127.0.0.1:16384', local='tcp:20778', remote='tcp:53516')
2025-11-03 21:03:48.805 | INFO | CHARACTER_SCROLL = 0.28 (91.5-11.0)/(310-22)
2025-11-03 21:03:48.806 | INFO | CHARACTER_SCROLL current position: 0.280, target: 1.000, diff: 0.720
2025-11-03 21:03:48.808 | INFO | CHARACTER_SCROLL swipe from (1230, 262) to (1222, 562), distance: 300.1px
2025-11-03 21:03:48.809 | INFO | Swipe (1230,  262) -> (1222,  562)
2025-11-03 21:03:49.232 | INFO | CHARACTER_SCROLL = 0.46 (142.72413793103448-14.5)/(310-29)
2025-11-03 21:03:49.233 | INFO | CHARACTER_SCROLL current position: 0.456, target: 1.000, diff: 0.544
2025-11-03 21:03:49.293 | INFO | CHARACTER_SCROLL = 0.98 (294.0-9.5)/(310-19)
2025-11-03 21:03:49.294 | INFO | CHARACTER_SCROLL current position: 0.978, target: 1.000, diff: 0.022
2025-11-03 21:03:49.296 | INFO | CHARACTER_SCROLL reached target position
2025-11-03 21:03:49.297 | INFO | CHARACTER_SCROLL dragged 1 times
2025-11-03 21:03:54.299 | INFO | CHARACTER_SCROLL = 0.98 (294.0-9.5)/(310-19)
2025-11-03 21:03:54.301 | INFO |  成功滚动到底部
2025-11-03 21:03:54.374 | INFO | CHARACTER_SCROLL swipe in area from (783, 255) to (779, 385)
2025-11-03 21:03:54.376 | INFO | Swipe ( 783,  255) -> ( 779,  385)
2025-11-03 21:03:59.940 | INFO |   第 1 页完成
2025-11-03 21:04:00.013 | INFO | CHARACTER_SCROLL swipe in area from (777, 255) to (782, 385)
2025-11-03 21:04:00.015 | INFO | Swipe ( 777,  255) -> ( 782,  385)
2025-11-03 21:04:05.573 | INFO |   第 2 页完成
2025-11-03 21:04:05.653 | INFO | CHARACTER_SCROLL swipe in area from (781, 255) to (782, 385)
2025-11-03 21:04:05.654 | INFO | Swipe ( 781,  255) -> ( 782,  385)
2025-11-03 21:04:10.996 | INFO | Bind task ['Pcr']
2025-11-03 21:04:11.000 | INFO | Current config: Serial='127.0.0.1:16384', PackageName='auto'
2025-11-03 21:04:11.001 | INFO | Found device: 127.0.0.1:16384 (device)
2025-11-03 21:04:11.003 | INFO | Found 1 devices total
2025-11-03 21:04:11.004 | INFO | Available devices: ['127.0.0.1:16384']
2025-11-03 21:04:11.005 | INFO | Attempting to connect to 127.0.0.1:16384
2025-11-03 21:04:12.007 | INFO | Found device: 127.0.0.1:16384 (device)
2025-11-03 21:04:12.009 | INFO | Found 1 devices total
2025-11-03 21:04:12.011 | INFO |   [1] 127.0.0.1:16384 - Status: device
2025-11-03 21:04:12.012 | INFO | Available devices (status='device'): 1
2025-11-03 21:04:12.013 | INFO | Selected device: 127.0.0.1:16384
2025-11-03 21:04:12.015 | INFO | Found device: 127.0.0.1:16384 (device)
2025-11-03 21:04:12.016 | INFO | Connecting to 127.0.0.1:16384 (trial 1/3)
2025-11-03 21:04:13.018 | INFO | Connected to device: 127.0.0.1:16384
2025-11-03 21:04:13.019 | INFO | AdbDevice = AdbDevice(serial=127.0.0.1:16384)
2025-11-03 21:04:13.034 | INFO | Detected package: com.bilibili.priconne
2025-11-03 21:04:13.035 | INFO | PackageName = com.bilibili.priconne
2025-11-03 21:04:13.036 | INFO | Device initialized successfully
2025-11-03 21:04:13.037 | INFO | Early initializing MaaTouch
2025-11-03 21:04:13.038 | INFO | [bold]<<< MAATOUCH INIT >>>[/bold]
2025-11-03 21:04:13.040 | INFO | Disable stuck detection
2025-11-03 21:04:13.050 | INFO | Device Orientation = 1 (HOME key on the right)
2025-11-03 21:04:13.194 | INFO | ^ 10 1280 720 255
2025-11-03 21:04:13.195 | INFO | $ 255
2025-11-03 21:04:13.197 | INFO | MaaTouch stream connected
2025-11-03 21:04:13.198 | INFO | max_contact: 10; max_x: 1280; max_y: 720; max_pressure: 255
2025-11-03 21:04:13.849 | INFO | 滚动到底部
2025-11-03 21:04:13.850 | INFO | CHARACTER_SCROLL set to 1.0
2025-11-03 21:04:13.851 | INFO | Update droidcast resolution
2025-11-03 21:04:13.870 | INFO | Device Orientation = 1 (HOME key on the right)
2025-11-03 21:04:13.871 | INFO | Droidcast resolution: (720, 1280)
2025-11-03 21:04:13.873 | INFO | Reuse forward: ForwardItem(serial='127.0.0.1:16384', local='tcp:20778', remote='tcp:53516')
2025-11-03 21:04:13.960 | INFO | CHARACTER_SCROLL = 0.39 (128.5-34.0)/(310-68)
2025-11-03 21:04:13.962 | INFO | CHARACTER_SCROLL current position: 0.390, target: 1.000, diff: 0.610
2025-11-03 21:04:13.964 | INFO | CHARACTER_SCROLL swipe from (1230, 303) to (1225, 568), distance: 265.0px
2025-11-03 21:04:13.965 | INFO | Swipe (1230,  303) -> (1225,  568)
2025-11-03 21:04:14.362 | INFO | CHARACTER_SCROLL = 0.99 (274.0-34.5)/(310-69)
2025-11-03 21:04:14.363 | INFO | CHARACTER_SCROLL current position: 0.994, target: 1.000, diff: 0.006
2025-11-03 21:04:14.364 | INFO | CHARACTER_SCROLL reached target position
2025-11-03 21:04:14.365 | INFO | CHARACTER_SCROLL dragged 1 times
2025-11-03 21:04:19.366 | INFO | CHARACTER_SCROLL = 0.99 (274.0-34.5)/(310-69)
2025-11-03 21:04:19.368 | INFO |  成功滚动到底部
2025-11-03 21:04:19.444 | INFO | CHARACTER_SCROLL swipe in area from (783, 255) to (779, 385)
2025-11-03 21:04:19.446 | INFO | Swipe ( 783,  255) -> ( 779,  385)
2025-11-03 21:04:25.005 | INFO |   第 1 页完成
2025-11-03 21:04:25.079 | INFO | CHARACTER_SCROLL swipe in area from (777, 255) to (784, 385)
2025-11-03 21:04:25.080 | INFO | Swipe ( 777,  255) -> ( 784,  385)
2025-11-03 21:04:30.639 | INFO |   第 2 页完成
2025-11-03 21:04:30.715 | INFO | CHARACTER_SCROLL swipe in area from (780, 255) to (778, 385)
2025-11-03 21:04:30.717 | INFO | Swipe ( 780,  255) -> ( 778,  385)
2025-11-03 21:04:36.272 | INFO |   第 3 页完成
2025-11-03 21:04:36.342 | INFO | CHARACTER_SCROLL swipe in area from (778, 255) to (785, 385)
2025-11-03 21:04:36.343 | INFO | Swipe ( 778,  255) -> ( 785,  385)
2025-11-03 21:04:41.905 | INFO |   第 4 页完成
2025-11-03 21:04:41.974 | INFO | CHARACTER_SCROLL swipe in area from (781, 255) to (778, 385)
2025-11-03 21:04:41.976 | INFO | Swipe ( 781,  255) -> ( 778,  385)
2025-11-03 21:04:47.543 | INFO |   第 5 页完成
2025-11-03 21:04:47.615 | INFO | CHARACTER_SCROLL swipe in area from (779, 255) to (786, 385)
2025-11-03 21:04:47.617 | INFO | Swipe ( 779,  255) -> ( 786,  385)
2025-11-03 21:04:53.188 | INFO |   第 6 页完成
2025-11-03 21:04:53.262 | INFO | CHARACTER_SCROLL swipe in area from (782, 255) to (785, 385)
2025-11-03 21:04:53.263 | INFO | Swipe ( 782,  255) -> ( 785,  385)
2025-11-03 21:04:58.856 | INFO |   第 7 页完成
2025-11-03 21:04:58.926 | INFO | CHARACTER_SCROLL swipe in area from (784, 255) to (783, 385)
2025-11-03 21:04:58.927 | INFO | Swipe ( 784,  255) -> ( 783,  385)
2025-11-03 21:05:04.494 | INFO |   第 8 页完成
2025-11-03 21:05:04.562 | INFO | CHARACTER_SCROLL swipe in area from (786, 255) to (786, 385)
2025-11-03 21:05:04.564 | INFO | Swipe ( 786,  255) -> ( 786,  385)
2025-11-03 21:05:50.913 | INFO | Bind task ['Pcr']
2025-11-03 21:05:50.917 | INFO | Current config: Serial='127.0.0.1:16384', PackageName='auto'
2025-11-03 21:05:50.918 | INFO | Found device: 127.0.0.1:16384 (device)
2025-11-03 21:05:50.920 | INFO | Found 1 devices total
2025-11-03 21:05:50.921 | INFO | Available devices: ['127.0.0.1:16384']
2025-11-03 21:05:50.922 | INFO | Attempting to connect to 127.0.0.1:16384
2025-11-03 21:05:51.924 | INFO | Found device: 127.0.0.1:16384 (device)
2025-11-03 21:05:51.925 | INFO | Found 1 devices total
2025-11-03 21:05:51.927 | INFO |   [1] 127.0.0.1:16384 - Status: device
2025-11-03 21:05:51.928 | INFO | Available devices (status='device'): 1
2025-11-03 21:05:51.929 | INFO | Selected device: 127.0.0.1:16384
2025-11-03 21:05:51.930 | INFO | Found device: 127.0.0.1:16384 (device)
2025-11-03 21:05:51.931 | INFO | Connecting to 127.0.0.1:16384 (trial 1/3)
2025-11-03 21:05:52.933 | INFO | Connected to device: 127.0.0.1:16384
2025-11-03 21:05:52.934 | INFO | AdbDevice = AdbDevice(serial=127.0.0.1:16384)
2025-11-03 21:05:52.950 | INFO | Detected package: com.bilibili.priconne
2025-11-03 21:05:52.951 | INFO | PackageName = com.bilibili.priconne
2025-11-03 21:05:52.952 | INFO | Device initialized successfully
2025-11-03 21:05:52.953 | INFO | Early initializing MaaTouch
2025-11-03 21:05:52.954 | INFO | [bold]<<< MAATOUCH INIT >>>[/bold]
2025-11-03 21:05:52.955 | INFO | Disable stuck detection
2025-11-03 21:05:52.968 | INFO | Device Orientation = 1 (HOME key on the right)
2025-11-03 21:05:53.161 | INFO | ^ 10 1280 720 255
2025-11-03 21:05:53.163 | INFO | $ 255
2025-11-03 21:05:53.164 | INFO | MaaTouch stream connected
2025-11-03 21:05:53.165 | INFO | max_contact: 10; max_x: 1280; max_y: 720; max_pressure: 255
2025-11-03 21:05:54.696 | INFO | 滚动到底部
2025-11-03 21:05:54.698 | INFO | CHARACTER_SCROLL set to 1.0
2025-11-03 21:05:54.699 | INFO | Update droidcast resolution
2025-11-03 21:05:54.720 | INFO | Device Orientation = 1 (HOME key on the right)
2025-11-03 21:05:54.721 | INFO | Droidcast resolution: (720, 1280)
2025-11-03 21:05:54.723 | INFO | Reuse forward: ForwardItem(serial='127.0.0.1:16384', local='tcp:20778', remote='tcp:53516')
2025-11-03 21:05:54.817 | INFO | CHARACTER_SCROLL = 0.32 (110.5-34.0)/(310-68)
2025-11-03 21:05:54.819 | INFO | CHARACTER_SCROLL current position: 0.316, target: 1.000, diff: 0.684
2025-11-03 21:05:54.821 | INFO | CHARACTER_SCROLL swipe from (1220, 293) to (1224, 534), distance: 241.0px
2025-11-03 21:05:54.822 | INFO | Swipe (1220,  293) -> (1224,  534)
2025-11-03 21:05:55.218 | INFO | CHARACTER_SCROLL = 0.99 (273.0-33.5)/(310-67)
2025-11-03 21:05:55.220 | INFO | CHARACTER_SCROLL current position: 0.986, target: 1.000, diff: 0.014
2025-11-03 21:05:55.221 | INFO | CHARACTER_SCROLL reached target position
2025-11-03 21:05:55.222 | INFO | CHARACTER_SCROLL dragged 1 times
2025-11-03 21:06:00.224 | INFO | CHARACTER_SCROLL = 0.99 (273.0-33.5)/(310-67)
2025-11-03 21:06:00.226 | INFO |  成功滚动到底部
2025-11-03 21:06:00.294 | INFO | CHARACTER_SCROLL swipe in area from (779, 255) to (784, 385)
2025-11-03 21:06:00.295 | INFO | Swipe ( 779,  255) -> ( 784,  385)
2025-11-03 21:06:01.856 | INFO |   第 1 页完成
2025-11-03 21:06:01.914 | INFO | CHARACTER_SCROLL swipe in area from (784, 255) to (785, 385)
2025-11-03 21:06:01.916 | INFO | Swipe ( 784,  255) -> ( 785,  385)
2025-11-03 21:06:03.472 | INFO |   第 2 页完成
2025-11-03 21:06:03.531 | INFO | CHARACTER_SCROLL swipe in area from (780, 255) to (783, 385)
2025-11-03 21:06:03.533 | INFO | Swipe ( 780,  255) -> ( 783,  385)
2025-11-03 21:06:05.089 | INFO |   第 3 页完成
2025-11-03 21:06:05.156 | INFO | CHARACTER_SCROLL swipe in area from (777, 255) to (779, 385)
2025-11-03 21:06:05.158 | INFO | Swipe ( 777,  255) -> ( 779,  385)
2025-11-03 21:06:06.705 | INFO |   第 4 页完成
2025-11-03 21:06:06.763 | INFO | CHARACTER_SCROLL swipe in area from (779, 255) to (783, 385)
2025-11-03 21:06:06.765 | INFO | Swipe ( 779,  255) -> ( 783,  385)
2025-11-03 21:06:08.341 | INFO |   第 5 页完成
2025-11-03 21:06:08.407 | INFO | CHARACTER_SCROLL swipe in area from (781, 255) to (784, 385)
2025-11-03 21:06:08.408 | INFO | Swipe ( 781,  255) -> ( 784,  385)
2025-11-03 21:06:54.509 | INFO | Bind task ['Pcr']
2025-11-03 21:06:54.513 | INFO | Current config: Serial='127.0.0.1:16384', PackageName='auto'
2025-11-03 21:06:54.514 | INFO | Found device: 127.0.0.1:16384 (device)
2025-11-03 21:06:54.516 | INFO | Found 1 devices total
2025-11-03 21:06:54.517 | INFO | Available devices: ['127.0.0.1:16384']
2025-11-03 21:06:54.518 | INFO | Attempting to connect to 127.0.0.1:16384
2025-11-03 21:06:55.520 | INFO | Found device: 127.0.0.1:16384 (device)
2025-11-03 21:06:55.522 | INFO | Found 1 devices total
2025-11-03 21:06:55.523 | INFO |   [1] 127.0.0.1:16384 - Status: device
2025-11-03 21:06:55.525 | INFO | Available devices (status='device'): 1
2025-11-03 21:06:55.526 | INFO | Selected device: 127.0.0.1:16384
2025-11-03 21:06:55.528 | INFO | Found device: 127.0.0.1:16384 (device)
2025-11-03 21:06:55.529 | INFO | Connecting to 127.0.0.1:16384 (trial 1/3)
2025-11-03 21:06:56.532 | INFO | Connected to device: 127.0.0.1:16384
2025-11-03 21:06:56.533 | INFO | AdbDevice = AdbDevice(serial=127.0.0.1:16384)
2025-11-03 21:06:56.546 | INFO | Detected package: com.bilibili.priconne
2025-11-03 21:06:56.547 | INFO | PackageName = com.bilibili.priconne
2025-11-03 21:06:56.548 | INFO | Device initialized successfully
2025-11-03 21:06:56.549 | INFO | Early initializing MaaTouch
2025-11-03 21:06:56.550 | INFO | [bold]<<< MAATOUCH INIT >>>[/bold]
2025-11-03 21:06:56.551 | INFO | Disable stuck detection
2025-11-03 21:06:56.562 | INFO | Device Orientation = 1 (HOME key on the right)
2025-11-03 21:06:56.713 | INFO | ^ 10 1280 720 255
2025-11-03 21:06:56.714 | INFO | $ 255
2025-11-03 21:06:56.717 | INFO | MaaTouch stream connected
2025-11-03 21:06:56.718 | INFO | max_contact: 10; max_x: 1280; max_y: 720; max_pressure: 255
2025-11-03 21:06:57.422 | INFO | Update droidcast resolution
2025-11-03 21:06:57.448 | INFO | Device Orientation = 1 (HOME key on the right)
2025-11-03 21:06:57.450 | INFO | Droidcast resolution: (720, 1280)
2025-11-03 21:06:57.452 | INFO | Reuse forward: ForwardItem(serial='127.0.0.1:16384', local='tcp:20778', remote='tcp:53516')
2025-11-03 21:06:57.553 | INFO | 完整截图已保存到: debug_full_screenshot.png
2025-11-03 21:06:57.556 | INFO | 滚动条区域截图已保存到: debug_scroll_area.png
2025-11-03 21:06:57.557 | INFO |   区域: (1218, 174, 1230, 484)
2025-11-03 21:06:57.559 | INFO |   大小: (12, 310) (宽x高)
2025-11-03 21:06:57.560 | INFO |   配置颜色: (24, 34, 49)
2025-11-03 21:06:57.562 | INFO | 滚动条长度: 69 像素
2025-11-03 21:06:57.563 | INFO | 总长度: 310 像素
2025-11-03 21:06:57.564 | INFO | 匹配行数: 69 / 310
2025-11-03 21:06:57.593 | INFO |  滚动条检测成功
2025-11-03 21:06:57.594 | INFO | CHARACTER_SCROLL = 0.32 (111.0-34.5)/(310-69)
2025-11-03 21:06:57.595 | INFO |   当前位置: 0.32
2025-11-03 21:06:57.596 | INFO | CHARACTER_SCROLL = 0.32 (111.0-34.5)/(310-69)
2025-11-03 21:06:57.598 | INFO | CHARACTER_SCROLL = 0.32 (111.0-34.5)/(310-69)
2025-11-03 21:06:57.600 | INFO |   当前在中间位置
2025-11-03 21:07:16.815 | INFO | Bind task ['Pcr']
2025-11-03 21:07:16.817 | INFO | Current config: Serial='127.0.0.1:16384', PackageName='auto'
2025-11-03 21:07:16.818 | INFO | Found device: 127.0.0.1:16384 (device)
2025-11-03 21:07:16.819 | INFO | Found 1 devices total
2025-11-03 21:07:16.820 | INFO | Available devices: ['127.0.0.1:16384']
2025-11-03 21:07:16.821 | INFO | Attempting to connect to 127.0.0.1:16384
2025-11-03 21:07:17.825 | INFO | Found device: 127.0.0.1:16384 (device)
2025-11-03 21:07:17.826 | INFO | Found 1 devices total
2025-11-03 21:07:17.828 | INFO |   [1] 127.0.0.1:16384 - Status: device
2025-11-03 21:07:17.829 | INFO | Available devices (status='device'): 1
2025-11-03 21:07:17.830 | INFO | Selected device: 127.0.0.1:16384
2025-11-03 21:07:17.832 | INFO | Found device: 127.0.0.1:16384 (device)
2025-11-03 21:07:17.833 | INFO | Connecting to 127.0.0.1:16384 (trial 1/3)
2025-11-03 21:07:18.836 | INFO | Connected to device: 127.0.0.1:16384
2025-11-03 21:07:18.837 | INFO | AdbDevice = AdbDevice(serial=127.0.0.1:16384)
2025-11-03 21:07:18.850 | INFO | Detected package: com.bilibili.priconne
2025-11-03 21:07:18.852 | INFO | PackageName = com.bilibili.priconne
2025-11-03 21:07:18.853 | INFO | Device initialized successfully
2025-11-03 21:07:18.854 | INFO | Early initializing MaaTouch
2025-11-03 21:07:18.855 | INFO | [bold]<<< MAATOUCH INIT >>>[/bold]
2025-11-03 21:07:18.857 | INFO | Disable stuck detection
2025-11-03 21:07:18.867 | INFO | Device Orientation = 1 (HOME key on the right)
2025-11-03 21:07:19.046 | INFO | ^ 10 1280 720 255
2025-11-03 21:07:19.047 | INFO | $ 255
2025-11-03 21:07:19.049 | INFO | MaaTouch stream connected
2025-11-03 21:07:19.049 | INFO | max_contact: 10; max_x: 1280; max_y: 720; max_pressure: 255
2025-11-03 21:07:19.391 | INFO | Update droidcast resolution
2025-11-03 21:07:19.428 | INFO | Device Orientation = 1 (HOME key on the right)
2025-11-03 21:07:19.429 | INFO | Droidcast resolution: (720, 1280)
2025-11-03 21:07:19.431 | INFO | Reuse forward: ForwardItem(serial='127.0.0.1:16384', local='tcp:20778', remote='tcp:53516')
2025-11-03 21:07:19.539 | INFO | 完整截图已保存到: debug_full_screenshot.png
2025-11-03 21:07:19.541 | INFO | 滚动条区域截图已保存到: debug_scroll_area.png
2025-11-03 21:07:19.542 | INFO |   区域: (1218, 174, 1230, 484)
2025-11-03 21:07:19.544 | INFO |   大小: (12, 310) (宽x高)
2025-11-03 21:07:19.545 | INFO |   配置颜色: (24, 34, 49)
2025-11-03 21:07:19.547 | INFO | 滚动条长度: 22 像素
2025-11-03 21:07:19.548 | INFO | 总长度: 310 像素
2025-11-03 21:07:19.549 | INFO | 匹配行数: 22 / 310
2025-11-03 21:07:19.551 | ERROR |  滚动条检测失败！
2025-11-03 21:07:19.552 | WARNING | 可能原因:
2025-11-03 21:07:19.553 | WARNING |   1. 滚动条区域坐标不正确
2025-11-03 21:07:19.554 | WARNING |   2. 滚动条颜色不匹配
2025-11-03 21:07:19.555 | WARNING |   3. 未进入角色列表界面
2025-11-03 21:07:19.556 | WARNING | 
请检查:
2025-11-03 21:07:19.558 | WARNING |   - debug_full_screenshot.png (完整截图)
2025-11-03 21:07:19.559 | WARNING |   - debug_scroll_area.png (滚动条区域)
2025-11-03 21:07:19.561 | WARNING |   - 滚动条应该在坐标 (1218, 174, 1230, 484)
2025-11-03 21:07:49.069 | INFO | Bind task ['Pcr']
2025-11-03 21:07:49.070 | INFO | Current config: Serial='127.0.0.1:16384', PackageName='auto'
2025-11-03 21:07:49.071 | INFO | Found device: 127.0.0.1:16384 (device)
2025-11-03 21:07:49.073 | INFO | Found 1 devices total
2025-11-03 21:07:49.074 | INFO | Available devices: ['127.0.0.1:16384']
2025-11-03 21:07:49.075 | INFO | Attempting to connect to 127.0.0.1:16384
2025-11-03 21:07:50.079 | INFO | Found device: 127.0.0.1:16384 (device)
2025-11-03 21:07:50.080 | INFO | Found 1 devices total
2025-11-03 21:07:50.082 | INFO |   [1] 127.0.0.1:16384 - Status: device
2025-11-03 21:07:50.083 | INFO | Available devices (status='device'): 1
2025-11-03 21:07:50.084 | INFO | Selected device: 127.0.0.1:16384
2025-11-03 21:07:50.085 | INFO | Found device: 127.0.0.1:16384 (device)
2025-11-03 21:07:50.086 | INFO | Connecting to 127.0.0.1:16384 (trial 1/3)
2025-11-03 21:07:51.088 | INFO | Connected to device: 127.0.0.1:16384
2025-11-03 21:07:51.090 | INFO | AdbDevice = AdbDevice(serial=127.0.0.1:16384)
2025-11-03 21:07:51.102 | INFO | Detected package: com.bilibili.priconne
2025-11-03 21:07:51.104 | INFO | PackageName = com.bilibili.priconne
2025-11-03 21:07:51.105 | INFO | Device initialized successfully
2025-11-03 21:07:51.106 | INFO | Early initializing MaaTouch
2025-11-03 21:07:51.107 | INFO | [bold]<<< MAATOUCH INIT >>>[/bold]
2025-11-03 21:07:51.109 | INFO | Disable stuck detection
2025-11-03 21:07:51.119 | INFO | Device Orientation = 1 (HOME key on the right)
2025-11-03 21:07:51.296 | INFO | ^ 10 1280 720 255
2025-11-03 21:07:51.298 | INFO | $ 255
2025-11-03 21:07:51.300 | INFO | MaaTouch stream connected
2025-11-03 21:07:51.301 | INFO | max_contact: 10; max_x: 1280; max_y: 720; max_pressure: 255
2025-11-03 21:07:51.815 | INFO | Update droidcast resolution
2025-11-03 21:07:51.863 | INFO | Device Orientation = 1 (HOME key on the right)
2025-11-03 21:07:51.865 | INFO | Droidcast resolution: (720, 1280)
2025-11-03 21:07:51.867 | INFO | Reuse forward: ForwardItem(serial='127.0.0.1:16384', local='tcp:20778', remote='tcp:53516')
2025-11-03 21:07:51.978 | INFO | 完整截图已保存到: debug_full_screenshot.png
2025-11-03 21:07:51.980 | INFO | 滚动条区域截图已保存到: debug_scroll_area.png
2025-11-03 21:07:51.981 | INFO |   区域: (1218, 174, 1230, 484)
2025-11-03 21:07:51.982 | INFO |   大小: (12, 310) (宽x高)
2025-11-03 21:07:51.984 | INFO |   配置颜色: (24, 34, 49)
2025-11-03 21:07:51.986 | INFO | 滚动条长度: 68 像素
2025-11-03 21:07:51.987 | INFO | 总长度: 310 像素
2025-11-03 21:07:51.988 | INFO | 匹配行数: 68 / 310
2025-11-03 21:07:51.989 | INFO |  滚动条检测成功
2025-11-03 21:07:51.991 | INFO | CHARACTER_SCROLL = 0.39 (128.5-34.0)/(310-68)
2025-11-03 21:07:51.992 | INFO |   当前位置: 0.39
2025-11-03 21:07:51.993 | INFO | CHARACTER_SCROLL = 0.39 (128.5-34.0)/(310-68)
2025-11-03 21:07:51.995 | INFO | CHARACTER_SCROLL = 0.39 (128.5-34.0)/(310-68)
2025-11-03 21:07:51.996 | INFO |   当前在中间位置
2025-11-03 21:11:25.841 | INFO | Bind task ['Pcr']
2025-11-03 21:11:25.846 | INFO | Current config: Serial='127.0.0.1:16384', PackageName='auto'
2025-11-03 21:11:25.851 | INFO | Found device: 127.0.0.1:16384 (device)
2025-11-03 21:11:25.852 | INFO | Found 1 devices total
2025-11-03 21:11:25.853 | INFO | Available devices: ['127.0.0.1:16384']
2025-11-03 21:11:25.854 | INFO | Attempting to connect to 127.0.0.1:16384
2025-11-03 21:11:26.860 | INFO | Found device: 127.0.0.1:16384 (device)
2025-11-03 21:11:26.862 | INFO | Found 1 devices total
2025-11-03 21:11:26.863 | INFO |   [1] 127.0.0.1:16384 - Status: device
2025-11-03 21:11:26.864 | INFO | Available devices (status='device'): 1
2025-11-03 21:11:26.865 | INFO | Selected device: 127.0.0.1:16384
2025-11-03 21:11:26.867 | INFO | Found device: 127.0.0.1:16384 (device)
2025-11-03 21:11:26.868 | INFO | Connecting to 127.0.0.1:16384 (trial 1/3)
2025-11-03 21:11:27.871 | INFO | Connected to device: 127.0.0.1:16384
2025-11-03 21:11:27.871 | INFO | AdbDevice = AdbDevice(serial=127.0.0.1:16384)
2025-11-03 21:11:27.890 | INFO | Detected package: com.bilibili.priconne
2025-11-03 21:11:27.892 | INFO | PackageName = com.bilibili.priconne
2025-11-03 21:11:27.894 | INFO | Device initialized successfully
2025-11-03 21:11:27.895 | INFO | Early initializing MaaTouch
2025-11-03 21:11:27.897 | INFO | [bold]<<< MAATOUCH INIT >>>[/bold]
2025-11-03 21:11:27.898 | INFO | Disable stuck detection
2025-11-03 21:11:27.936 | INFO | Device Orientation = 1 (HOME key on the right)
2025-11-03 21:11:28.682 | INFO | ^ 10 1280 720 255
2025-11-03 21:11:28.684 | INFO | $ 255
2025-11-03 21:11:28.685 | INFO | MaaTouch stream connected
2025-11-03 21:11:28.686 | INFO | max_contact: 10; max_x: 1280; max_y: 720; max_pressure: 255
2025-11-03 21:11:32.327 | INFO | Update droidcast resolution
2025-11-03 21:11:32.450 | INFO | Device Orientation = 1 (HOME key on the right)
2025-11-03 21:11:32.451 | INFO | Droidcast resolution: (720, 1280)
2025-11-03 21:11:32.453 | INFO | Reuse forward: ForwardItem(serial='127.0.0.1:16384', local='tcp:20778', remote='tcp:53516')
2025-11-03 21:11:32.647 | INFO | 完整截图已保存到: debug_full_screenshot.png
2025-11-03 21:11:32.650 | INFO | 滚动条区域截图已保存到: debug_scroll_area.png
2025-11-03 21:11:32.652 | INFO |   区域: (1218, 174, 1230, 484)
2025-11-03 21:11:32.653 | INFO |   大小: (12, 310) (宽x高)
2025-11-03 21:11:32.655 | INFO |   配置颜色: (24, 34, 49)
2025-11-03 21:11:32.671 | INFO | 滚动条长度: 61 像素
2025-11-03 21:11:32.673 | INFO | 总长度: 310 像素
2025-11-03 21:11:32.674 | INFO | 匹配行数: 61 / 310
2025-11-03 21:11:32.676 | INFO |  滚动条检测成功
2025-11-03 21:11:32.678 | INFO | CHARACTER_SCROLL = 0.37 (122.0-30.5)/(310-61)
2025-11-03 21:11:32.680 | INFO |   当前位置: 0.37
2025-11-03 21:11:32.682 | INFO | CHARACTER_SCROLL = 0.37 (122.0-30.5)/(310-61)
2025-11-03 21:11:32.683 | INFO | CHARACTER_SCROLL = 0.37 (122.0-30.5)/(310-61)
2025-11-03 21:11:32.684 | INFO |   当前在中间位置
2025-11-03 21:12:12.977 | INFO | Bind task ['Pcr']
2025-11-03 21:12:12.978 | INFO | Current config: Serial='127.0.0.1:16384', PackageName='auto'
2025-11-03 21:12:12.979 | INFO | Found device: 127.0.0.1:16384 (device)
2025-11-03 21:12:12.980 | INFO | Found 1 devices total
2025-11-03 21:12:12.981 | INFO | Available devices: ['127.0.0.1:16384']
2025-11-03 21:12:12.983 | INFO | Attempting to connect to 127.0.0.1:16384
2025-11-03 21:12:13.986 | INFO | Found device: 127.0.0.1:16384 (device)
2025-11-03 21:12:13.988 | INFO | Found 1 devices total
2025-11-03 21:12:13.989 | INFO |   [1] 127.0.0.1:16384 - Status: device
2025-11-03 21:12:13.991 | INFO | Available devices (status='device'): 1
2025-11-03 21:12:13.993 | INFO | Selected device: 127.0.0.1:16384
2025-11-03 21:12:13.997 | INFO | Found device: 127.0.0.1:16384 (device)
2025-11-03 21:12:13.999 | INFO | Connecting to 127.0.0.1:16384 (trial 1/3)
2025-11-03 21:12:15.003 | INFO | Connected to device: 127.0.0.1:16384
2025-11-03 21:12:15.004 | INFO | AdbDevice = AdbDevice(serial=127.0.0.1:16384)
2025-11-03 21:12:15.020 | INFO | Detected package: com.bilibili.priconne
2025-11-03 21:12:15.022 | INFO | PackageName = com.bilibili.priconne
2025-11-03 21:12:15.024 | INFO | Device initialized successfully
2025-11-03 21:12:15.024 | INFO | Early initializing MaaTouch
2025-11-03 21:12:15.026 | INFO | [bold]<<< MAATOUCH INIT >>>[/bold]
2025-11-03 21:12:15.027 | INFO | Disable stuck detection
2025-11-03 21:12:15.039 | INFO | Device Orientation = 1 (HOME key on the right)
2025-11-03 21:12:15.342 | INFO | ^ 10 1280 720 255
2025-11-03 21:12:15.343 | INFO | $ 255
2025-11-03 21:12:15.346 | INFO | MaaTouch stream connected
2025-11-03 21:12:15.347 | INFO | max_contact: 10; max_x: 1280; max_y: 720; max_pressure: 255
2025-11-03 21:12:21.138 | INFO | Update droidcast resolution
2025-11-03 21:12:21.160 | INFO | Device Orientation = 1 (HOME key on the right)
2025-11-03 21:12:21.162 | INFO | Droidcast resolution: (720, 1280)
2025-11-03 21:12:21.166 | INFO | Reuse forward: ForwardItem(serial='127.0.0.1:16384', local='tcp:20778', remote='tcp:53516')
2025-11-03 21:12:21.289 | INFO | 完整截图已保存到: debug_full_screenshot.png
2025-11-03 21:12:21.293 | INFO | 滚动条区域截图已保存到: debug_scroll_area.png
2025-11-03 21:12:21.294 | INFO |   区域: (1218, 174, 1230, 484)
2025-11-03 21:12:21.296 | INFO |   大小: (12, 310) (宽x高)
2025-11-03 21:12:21.298 | INFO |   配置颜色: (24, 34, 49)
2025-11-03 21:12:21.300 | INFO | 滚动条长度: 22 像素
2025-11-03 21:12:21.303 | INFO | 总长度: 310 像素
2025-11-03 21:12:21.304 | INFO | 匹配行数: 22 / 310
2025-11-03 21:12:21.306 | ERROR |  滚动条检测失败！
2025-11-03 21:12:21.307 | WARNING | 可能原因:
2025-11-03 21:12:21.308 | WARNING |   1. 滚动条区域坐标不正确
2025-11-03 21:12:21.309 | WARNING |   2. 滚动条颜色不匹配
2025-11-03 21:12:21.310 | WARNING |   3. 未进入角色列表界面
2025-11-03 21:12:21.313 | WARNING | 
请检查:
2025-11-03 21:12:21.315 | WARNING |   - debug_full_screenshot.png (完整截图)
2025-11-03 21:12:21.317 | WARNING |   - debug_scroll_area.png (滚动条区域)
2025-11-03 21:12:21.319 | WARNING |   - 滚动条应该在坐标 (1218, 174, 1230, 484)
