2025-11-20 17:32:42.790 | INFO | PCR OCR 时长识别测试
2025-11-20 17:32:42.793 | INFO | 目标：从 battle03.png 识别时间 1:25
2025-11-20 17:32:42.794 | INFO | 
2025-11-20 17:32:42.794 | INFO | ============================================================
2025-11-20 17:32:42.795 | INFO | 开始测试 OCR 时长识别
2025-11-20 17:32:42.795 | INFO | ============================================================
2025-11-20 17:32:42.795 | INFO | 加载图像: battle03.png
2025-11-20 17:32:42.830 | INFO | 图像尺寸: (720, 1280, 3)
2025-11-20 17:32:42.831 | INFO | 时间识别区域: (1050, 15, 1120, 45)
2025-11-20 17:32:42.832 | INFO | 开始识别时间...
2025-11-20 17:32:42.844 | INFO | Loading OCR dependencies
2025-11-20 17:32:42.845 | ERROR | ✗ 测试出错: No module named 'cnocr'
2025-11-20 17:32:42.847 | INFO | 
2025-11-20 17:32:42.847 | INFO | ============================================================
2025-11-20 17:32:42.848 | INFO | 测试使用裁剪图像识别
2025-11-20 17:32:42.848 | INFO | ============================================================
2025-11-20 17:32:42.849 | INFO | 加载图像: battle03.png
2025-11-20 17:32:42.872 | INFO | 裁剪后图像尺寸: (30, 70, 3)
2025-11-20 17:32:42.877 | INFO | 保存裁剪图像到: tests/timer_debug.png
2025-11-20 17:32:42.877 | INFO | Loading OCR dependencies
2025-11-20 17:32:42.878 | ERROR | ✗ 裁剪测试出错: No module named 'cnocr'
2025-11-20 17:32:42.879 | INFO | 
2025-11-20 17:32:42.879 | INFO | ============================================================
2025-11-20 17:32:42.880 | INFO | 测试总结
2025-11-20 17:32:42.880 | INFO | ============================================================
2025-11-20 17:32:42.881 | INFO | 标准测试: 失败
2025-11-20 17:32:42.881 | INFO | 裁剪测试: 失败
2025-11-20 17:32:42.882 | ERROR | 
2025-11-20 17:32:42.882 | ERROR | ✗ OCR 测试失败，请检查配置
