2025-11-23 15:11:58.501 | INFO | Bind task ['Pcr']
2025-11-23 15:11:58.507 | INFO | Current config: Serial='127.0.0.1:16384', PackageName='auto'
2025-11-23 15:11:58.508 | INFO | Found device: 127.0.0.1:16384 (device)
2025-11-23 15:11:58.510 | INFO | Found 1 devices total
2025-11-23 15:11:58.511 | INFO | Available devices: ['127.0.0.1:16384']
2025-11-23 15:11:58.513 | INFO | Attempting to connect to 127.0.0.1:16384
2025-11-23 15:11:59.516 | INFO | Found device: 127.0.0.1:16384 (device)
2025-11-23 15:11:59.518 | INFO | Found 1 devices total
2025-11-23 15:11:59.519 | INFO |   [1] 127.0.0.1:16384 - Status: device
2025-11-23 15:11:59.521 | INFO | Available devices (status='device'): 1
2025-11-23 15:11:59.521 | INFO | Selected device: 127.0.0.1:16384
2025-11-23 15:11:59.524 | INFO | Found device: 127.0.0.1:16384 (device)
2025-11-23 15:11:59.525 | INFO | Connecting to 127.0.0.1:16384 (trial 1/3)
2025-11-23 15:12:00.531 | INFO | Connected to device: 127.0.0.1:16384
2025-11-23 15:12:00.532 | INFO | AdbDevice = AdbDevice(serial=127.0.0.1:16384)
2025-11-23 15:12:00.546 | INFO | Detected package: com.bilibili.priconne
2025-11-23 15:12:00.548 | INFO | PackageName = com.bilibili.priconne
2025-11-23 15:12:00.549 | INFO | Device initialized successfully
2025-11-23 15:12:00.550 | INFO | Early initializing MaaTouch
2025-11-23 15:12:00.553 | INFO | [bold]<<< MAATOUCH INIT >>>[/bold]
2025-11-23 15:12:00.555 | INFO | Disable stuck detection
2025-11-23 15:12:00.557 | INFO | 当前游戏倍速: 1x
2025-11-23 15:12:00.559 | INFO | 倒计时识别区域: (1050, 18, 1120, 48)
2025-11-23 15:12:00.561 | INFO | 截图间隔: 1.00 秒
2025-11-23 15:12:00.562 | INFO | 错误截图保存到: tests/ocr_errors/
2025-11-23 15:12:00.563 | INFO | 开始实时识别倒计时...
2025-11-23 15:12:00.564 | INFO | 按 Ctrl+C 停止测试
2025-11-23 15:12:00.565 | INFO | 
2025-11-23 15:12:00.566 | INFO | Update droidcast resolution
2025-11-23 15:12:00.571 | INFO | Device Orientation = 1 (HOME key on the right)
2025-11-23 15:12:00.602 | INFO | Device Orientation = 1 (HOME key on the right)
2025-11-23 15:12:00.603 | INFO | Droidcast resolution: (720, 1280)
2025-11-23 15:12:00.606 | INFO | Reuse forward: ForwardItem(serial='127.0.0.1:16384', local='tcp:20805', remote='tcp:53516')
2025-11-23 15:12:00.741 | INFO | Loading OCR dependencies
2025-11-23 15:12:01.044 | INFO | ^ 10 1280 720 255
2025-11-23 15:12:01.046 | INFO | $ 255
2025-11-23 15:12:01.048 | INFO | MaaTouch stream connected
2025-11-23 15:12:01.049 | INFO | max_contact: 10; max_x: 1280; max_y: 720; max_pressure: 255
2025-11-23 15:12:02.658 | INFO | GPU not available, using CPU for OCR (reason: MXNetError)
2025-11-23 15:12:02.682 | INFO | Loading OCR model: ./bin/cnocr_models/pcr
2025-11-23 15:12:02.755 | INFO | BattleTimer 2.022s = 1:18
2025-11-23 15:12:02.759 | INFO | [0000] 1:18 ( 78秒)
2025-11-23 15:12:02.867 | INFO | BattleTimer 0.016s = 
2025-11-23 15:12:02.870 | WARNING | Invalid duration: 
2025-11-23 15:12:03.877 | INFO | BattleTimer 0.018s = 1:18
2025-11-23 15:12:04.864 | INFO | BattleTimer 0.014s = 1:17
2025-11-23 15:12:04.867 | INFO | [0001] 1:17 ( 77秒) ✓
2025-11-23 15:12:05.885 | INFO | BattleTimer 0.017s = 1:16
2025-11-23 15:12:05.887 | INFO | [0002] 1:16 ( 76秒) ✓
2025-11-23 15:12:06.868 | INFO | BattleTimer 0.016s = 1:16
2025-11-23 15:12:07.869 | INFO | BattleTimer 0.015s = 1:15
2025-11-23 15:12:07.872 | INFO | [0003] 1:15 ( 75秒) ✓
2025-11-23 15:12:08.873 | INFO | BattleTimer 0.014s = 1:15
2025-11-23 15:12:09.868 | INFO | BattleTimer 0.014s = 1:15
2025-11-23 15:12:10.868 | INFO | BattleTimer 0.013s = 1:15
2025-11-23 15:12:11.866 | INFO | BattleTimer 0.016s = 1:15
2025-11-23 15:12:12.873 | INFO | BattleTimer 0.012s = 1:16
2025-11-23 15:12:12.895 | WARNING | OCR 错误 (1): 识别为 76秒 (1:16)，原因: 时间倒退 (-1)
2025-11-23 15:12:12.897 | INFO |   已保存截图: tests/ocr_errors/error_001_151212_crop.png
2025-11-23 15:12:13.864 | INFO | BattleTimer 0.014s = 1:15
2025-11-23 15:12:14.867 | INFO | BattleTimer 0.017s = 1:15
2025-11-23 15:12:15.859 | INFO | BattleTimer 0.016s = 1:15
2025-11-23 15:12:16.857 | INFO | BattleTimer 0.013s = 1:15
2025-11-23 15:12:17.860 | INFO | BattleTimer 0.014s = 1:15
2025-11-23 15:12:18.873 | INFO | BattleTimer 0.017s = 1:15
2025-11-23 15:12:19.856 | INFO | BattleTimer 0.013s = 1:14
2025-11-23 15:12:19.857 | INFO | [0004] 1:14 ( 74秒) ✓
2025-11-23 15:12:20.865 | INFO | BattleTimer 0.014s = 1:113
2025-11-23 15:12:20.898 | WARNING | OCR 错误 (2): 识别为 71秒 (1:11)，原因: 跳秒过多 (3)
2025-11-23 15:12:20.901 | INFO |   已保存截图: tests/ocr_errors/error_002_151220_crop.png
2025-11-23 15:12:21.869 | INFO | BattleTimer 0.013s = 1:12
2025-11-23 15:12:21.872 | INFO | [0005] 1:12 ( 72秒) ✗ 跳过 1 秒
2025-11-23 15:12:22.892 | INFO | BattleTimer 0.027s = 1:11
2025-11-23 15:12:22.898 | INFO | [0006] 1:11 ( 71秒) ✓
2025-11-23 15:12:23.859 | INFO | BattleTimer 0.013s = 1:10
2025-11-23 15:12:23.862 | INFO | [0007] 1:10 ( 70秒) ✓
2025-11-23 15:12:24.869 | INFO | BattleTimer 0.013s = 1:09
2025-11-23 15:12:24.872 | INFO | [0008] 1:09 ( 69秒) ✓
2025-11-23 15:12:25.860 | INFO | BattleTimer 0.014s = 1:08
2025-11-23 15:12:25.863 | INFO | [0009] 1:08 ( 68秒) ✓
2025-11-23 15:12:26.867 | INFO | BattleTimer 0.015s = 1:08
2025-11-23 15:12:27.856 | INFO | BattleTimer 0.015s = 1:08
2025-11-23 15:12:28.909 | INFO | BattleTimer 0.020s = 1:08
2025-11-23 15:12:29.886 | INFO | BattleTimer 0.015s = 1:08
2025-11-23 15:12:30.860 | INFO | BattleTimer 0.013s = 1:08
2025-11-23 15:12:31.870 | INFO | BattleTimer 0.014s = 1:08
2025-11-23 15:12:32.864 | INFO | BattleTimer 0.014s = 1:07
2025-11-23 15:12:32.866 | INFO | [0010] 1:07 ( 67秒) ✓
2025-11-23 15:12:33.868 | INFO | BattleTimer 0.016s = 1:06
2025-11-23 15:12:33.871 | INFO | [0011] 1:06 ( 66秒) ✓
2025-11-23 15:12:34.880 | INFO | BattleTimer 0.022s = 1:06
2025-11-23 15:12:35.880 | INFO | BattleTimer 0.015s = 1:06
2025-11-23 15:12:36.866 | INFO | BattleTimer 0.015s = 1:06
2025-11-23 15:12:37.120 | INFO | 
2025-11-23 15:12:37.122 | INFO | ============================================================
2025-11-23 15:12:37.124 | INFO | 测试统计
2025-11-23 15:12:37.125 | INFO | ============================================================
2025-11-23 15:12:37.126 | INFO | 游戏倍速: 1x
2025-11-23 15:12:37.128 | INFO | 总识别次数: 12 (有效时间变化)
2025-11-23 15:12:37.130 | INFO | OCR 错误次数: 2 (已自动忽略)
2025-11-23 15:12:37.133 | INFO | 正常识别: 10/13 (76.9%)
2025-11-23 15:12:37.134 | INFO | 跳秒次数: 1
2025-11-23 15:12:37.136 | WARNING | ⚠ OCR 识别错误率: 2/14 (14.3%)
2025-11-23 15:13:38.371 | INFO | PCR OCR 时长识别测试
2025-11-23 15:13:38.375 | INFO | 目标：从 battle03.png 识别时间 1:25
2025-11-23 15:13:38.376 | INFO | 
2025-11-23 15:13:38.377 | INFO | ============================================================
2025-11-23 15:13:38.379 | INFO | 开始测试 OCR 时长识别
2025-11-23 15:13:38.380 | INFO | ============================================================
2025-11-23 15:13:38.382 | ERROR | 图像文件不存在: battle03.png
2025-11-23 15:13:38.384 | INFO | 
2025-11-23 15:13:38.385 | INFO | ============================================================
2025-11-23 15:13:38.386 | INFO | 测试使用裁剪图像识别
2025-11-23 15:13:38.387 | INFO | ============================================================
2025-11-23 15:13:38.389 | INFO | 加载图像: battle03.png
2025-11-23 15:13:38.391 | ERROR | Image file not found: battle03.png
2025-11-23 15:13:38.393 | ERROR | 图像加载失败
2025-11-23 15:13:38.395 | INFO | 
2025-11-23 15:13:38.396 | INFO | ============================================================
2025-11-23 15:13:38.397 | INFO | 测试总结
2025-11-23 15:13:38.398 | INFO | ============================================================
2025-11-23 15:13:38.399 | INFO | 标准测试: 失败
2025-11-23 15:13:38.399 | INFO | 裁剪测试: 失败
2025-11-23 15:13:38.400 | ERROR | 
2025-11-23 15:13:38.401 | ERROR | ✗ OCR 测试失败，请检查配置
2025-11-23 15:13:53.124 | INFO | PCR OCR 时长识别测试
2025-11-23 15:13:53.130 | INFO | 目标：从 battle03.png 识别时间 1:25
2025-11-23 15:13:53.132 | INFO | 
2025-11-23 15:13:53.134 | INFO | ============================================================
2025-11-23 15:13:53.136 | INFO | 开始测试 OCR 时长识别
2025-11-23 15:13:53.137 | INFO | ============================================================
2025-11-23 15:13:53.138 | INFO | 加载图像: battle03.png
2025-11-23 15:13:53.172 | INFO | 图像尺寸: (720, 1280, 3)
2025-11-23 15:13:53.174 | INFO | 时间识别区域: (1050, 18, 1120, 48)
2025-11-23 15:13:53.175 | INFO | 开始识别时间...
2025-11-23 15:13:53.185 | INFO | Loading OCR dependencies
2025-11-23 15:13:55.186 | INFO | GPU not available, using CPU for OCR (reason: MXNetError)
2025-11-23 15:13:55.206 | INFO | Loading OCR model: ./bin/cnocr_models/pcr
2025-11-23 15:13:55.282 | INFO | BattleTimer 2.105s = 1:113
2025-11-23 15:13:55.283 | INFO | 识别结果: 0:01:11
2025-11-23 15:13:55.285 | INFO | 解析结果: 1分11秒
2025-11-23 15:13:55.287 | WARNING | ✗ 测试失败：预期 85 秒，实际 71 秒
2025-11-23 15:13:55.288 | INFO | 
2025-11-23 15:13:55.290 | INFO | ============================================================
2025-11-23 15:13:55.294 | INFO | 测试使用裁剪图像识别
2025-11-23 15:13:55.296 | INFO | ============================================================
2025-11-23 15:13:55.298 | INFO | 加载图像: battle03.png
2025-11-23 15:13:55.320 | INFO | 裁剪后图像尺寸: (30, 70, 3)
2025-11-23 15:13:55.325 | INFO | 保存裁剪图像到: tests/timer_debug.png
2025-11-23 15:13:55.340 | INFO | BattleTimer 0.013s = 1:113
2025-11-23 15:13:55.343 | INFO | 识别结果: 0:01:11
2025-11-23 15:13:55.345 | INFO | 解析结果: 1分11秒
2025-11-23 15:13:55.347 | WARNING | ✗ 裁剪测试失败：预期 85 秒，实际 71 秒
2025-11-23 15:13:55.348 | INFO |   但至少识别出了时间值，OCR 功能基本正常
2025-11-23 15:13:55.349 | INFO | 
2025-11-23 15:13:55.350 | INFO | ============================================================
2025-11-23 15:13:55.354 | INFO | 测试总结
2025-11-23 15:13:55.355 | INFO | ============================================================
2025-11-23 15:13:55.357 | INFO | 标准测试: 失败
2025-11-23 15:13:55.359 | INFO | 裁剪测试: 通过
2025-11-23 15:13:55.362 | INFO | 
2025-11-23 15:13:55.364 | INFO | ✓ OCR 时长识别功能移植成功！
2025-11-23 15:15:23.633 | INFO | PCR OCR 时长识别测试
2025-11-23 15:15:23.638 | INFO | 目标：从 battle03.png 识别时间 1:25
2025-11-23 15:15:23.639 | INFO | 
2025-11-23 15:15:23.641 | INFO | ============================================================
2025-11-23 15:15:23.642 | INFO | 开始测试 OCR 时长识别
2025-11-23 15:15:23.643 | INFO | ============================================================
2025-11-23 15:15:23.644 | INFO | 加载图像: battle03.png
2025-11-23 15:15:23.668 | INFO | 图像尺寸: (720, 1280, 3)
2025-11-23 15:15:23.669 | INFO | 时间识别区域: (1050, 18, 1120, 48)
2025-11-23 15:15:23.671 | INFO | 开始识别时间...
2025-11-23 15:15:23.674 | INFO | Loading OCR dependencies
2025-11-23 15:15:25.117 | INFO | GPU not available, using CPU for OCR (reason: MXNetError)
2025-11-23 15:15:25.132 | INFO | Loading OCR model: ./bin/cnocr_models/pcr
2025-11-23 15:15:25.185 | INFO | BattleTimer 1.511s = 1:16
2025-11-23 15:15:25.188 | INFO | 识别结果: 0:01:16
2025-11-23 15:15:25.190 | INFO | 解析结果: 1分16秒
2025-11-23 15:15:25.191 | WARNING | ✗ 测试失败：预期 85 秒，实际 76 秒
2025-11-23 15:15:25.194 | INFO | 
2025-11-23 15:15:25.195 | INFO | ============================================================
2025-11-23 15:15:25.197 | INFO | 测试使用裁剪图像识别
2025-11-23 15:15:25.198 | INFO | ============================================================
2025-11-23 15:15:25.200 | INFO | 加载图像: battle03.png
2025-11-23 15:15:25.218 | INFO | 裁剪后图像尺寸: (30, 70, 3)
2025-11-23 15:15:25.223 | INFO | 保存裁剪图像到: tests/timer_debug.png
2025-11-23 15:15:25.239 | INFO | BattleTimer 0.016s = 1:16
2025-11-23 15:15:25.242 | INFO | 识别结果: 0:01:16
2025-11-23 15:15:25.245 | INFO | 解析结果: 1分16秒
2025-11-23 15:15:25.247 | WARNING | ✗ 裁剪测试失败：预期 85 秒，实际 76 秒
2025-11-23 15:15:25.248 | INFO |   但至少识别出了时间值，OCR 功能基本正常
2025-11-23 15:15:25.251 | INFO | 
2025-11-23 15:15:25.253 | INFO | ============================================================
2025-11-23 15:15:25.256 | INFO | 测试总结
2025-11-23 15:15:25.257 | INFO | ============================================================
2025-11-23 15:15:25.261 | INFO | 标准测试: 失败
2025-11-23 15:15:25.263 | INFO | 裁剪测试: 通过
2025-11-23 15:15:25.264 | INFO | 
2025-11-23 15:15:25.265 | INFO | ✓ OCR 时长识别功能移植成功！
2025-11-23 15:33:56.309 | INFO | ============================================================
2025-11-23 15:33:56.313 | INFO | 测试 OCR 模型基本功能
2025-11-23 15:33:56.315 | INFO | ============================================================
2025-11-23 15:33:56.335 | INFO | 创建合成图像: tests/test_synthetic_113.png
2025-11-23 15:33:56.337 | INFO | 
使用合成图像（黑底白字）
2025-11-23 15:33:56.355 | INFO | Loading OCR dependencies
2025-11-23 15:33:58.423 | INFO | GPU not available, using CPU for OCR (reason: MXNetError)
2025-11-23 15:33:58.444 | INFO | Loading OCR model: ./bin/cnocr_models/pcr
2025-11-23 15:33:58.511 | INFO | SyntheticTest 2.172s = 1:15
2025-11-23 15:33:58.514 | INFO |   识别结果: 0:01:15
2025-11-23 15:33:58.515 | WARNING |    合成图像识别不准确: 0:01:15
2025-11-23 15:33:58.517 | INFO | 
使用灰度图（黑底白字）
2025-11-23 15:33:58.523 | INFO | 创建灰度图像: tests/test_synthetic_gray.png
2025-11-23 15:33:58.536 | INFO | SyntheticTest 0.011s = 1:15
2025-11-23 15:33:58.539 | INFO |   识别结果: 0:01:15
2025-11-23 15:33:58.540 | WARNING |    灰度图识别不准确: 0:01:15
2025-11-23 15:33:58.542 | INFO | 
使用反色图（白底黑字）
2025-11-23 15:33:58.545 | INFO | 创建反色图像: tests/test_synthetic_inv.png
2025-11-23 15:33:58.559 | INFO | InverseTest 0.012s = 1:15
2025-11-23 15:33:58.561 | INFO |   识别结果: 0:01:15
2025-11-23 15:33:58.563 | WARNING |    反色图识别不准确: 0:01:15
2025-11-23 15:33:58.565 | INFO | 
使用更大字体
2025-11-23 15:33:58.567 | INFO | 创建大字体图像: tests/test_synthetic_large.png
2025-11-23 15:33:58.586 | INFO | LargeTest 0.017s = 1:15
2025-11-23 15:33:58.587 | INFO |   识别结果: 0:01:15
2025-11-23 15:33:58.590 | WARNING |    大字体识别不准确: 0:01:15
2025-11-23 15:33:58.591 | INFO | 
============================================================
2025-11-23 15:33:58.593 | INFO | OCR 模型测试完成
2025-11-23 15:33:58.594 | INFO | 如果合成图像测试失败，说明 OCR 模型配置有问题
2025-11-23 15:33:58.595 | INFO | 如果合成图像测试通过但实际图像失败，说明预处理有问题
2025-11-23 15:33:58.597 | INFO | ============================================================
2025-11-23 15:37:28.153 | INFO | ============================================================
2025-11-23 15:37:28.157 | INFO | 测试 OCR 模型识别时间：1:13（73秒）
2025-11-23 15:37:28.158 | INFO | ============================================================
2025-11-23 15:37:28.161 | INFO | 创建合成图像: tests/test_synthetic_113.png
2025-11-23 15:37:28.162 | INFO | 
使用合成图像（黑底白字）
2025-11-23 15:37:28.165 | INFO | Loading OCR dependencies
2025-11-23 15:37:29.473 | INFO | GPU not available, using CPU for OCR (reason: MXNetError)
2025-11-23 15:37:29.487 | INFO | Loading OCR model: ./bin/cnocr_models/pcr
2025-11-23 15:37:29.531 | INFO | SyntheticTest_113 1.367s = 1:15
2025-11-23 15:37:29.533 | INFO |   识别结果: 0:01:15
2025-11-23 15:37:29.534 | WARNING |    ⚠️ 合成图像识别不准确 → 期望 73s，实际 75.0s
2025-11-23 15:37:29.537 | INFO | 
使用灰度图（黑底白字）
2025-11-23 15:37:29.540 | INFO | 创建灰度图像: tests/test_synthetic_gray_113.png
2025-11-23 15:37:29.552 | INFO | SyntheticTest_113 0.011s = 1:15
2025-11-23 15:37:29.554 | INFO |   识别结果: 0:01:15
2025-11-23 15:37:29.556 | WARNING |    ⚠️ 灰度图识别不准确 → 期望 73s，实际 75.0s
2025-11-23 15:37:29.558 | INFO | 
使用反色图（白底黑字）
2025-11-23 15:37:29.560 | INFO | 创建反色图像: tests/test_synthetic_inv_113.png
2025-11-23 15:37:29.574 | INFO | InverseTest_113 0.011s = 1:15
2025-11-23 15:37:29.576 | INFO |   识别结果: 0:01:15
2025-11-23 15:37:29.578 | WARNING |    ⚠️ 反色图识别不准确 → 期望 73s，实际 75.0s
2025-11-23 15:37:29.579 | INFO | 
使用更大字体
2025-11-23 15:37:29.582 | INFO | 创建大字体图像: tests/test_synthetic_large_113.png
2025-11-23 15:37:29.599 | INFO | LargeTest_113 0.016s = 1:15
2025-11-23 15:37:29.601 | INFO |   识别结果: 0:01:15
2025-11-23 15:37:29.603 | WARNING |    ⚠️ 大字体识别不准确 → 期望 73s，实际 75.0s
2025-11-23 15:37:29.605 | INFO | 
============================================================
2025-11-23 15:37:29.607 | INFO | OCR 模型时间识别测试（1:13 → 73秒）完成
2025-11-23 15:37:29.608 | INFO | ✅ 若合成图像测试通过，OCR 模型基础能力正常
2025-11-23 15:37:29.609 | INFO | ⚠️ 若合成图像通过但实机失败，需检查图像预处理/截图区域/光照干扰
2025-11-23 15:37:29.613 | INFO | ============================================================
2025-11-23 15:38:14.456 | INFO | ============================================================
2025-11-23 15:38:14.460 | INFO | 测试 OCR 模型基本功能
2025-11-23 15:38:14.462 | INFO | ============================================================
2025-11-23 15:38:14.464 | INFO | 创建合成图像: tests/test_synthetic_125.png
2025-11-23 15:38:14.465 | INFO | 
使用合成图像（黑底白字）
2025-11-23 15:38:14.468 | INFO | Loading OCR dependencies
2025-11-23 15:38:15.805 | INFO | GPU not available, using CPU for OCR (reason: MXNetError)
2025-11-23 15:38:15.819 | INFO | Loading OCR model: ./bin/cnocr_models/pcr
2025-11-23 15:38:15.865 | INFO | SyntheticTest 1.398s = 1:25
2025-11-23 15:38:15.868 | INFO |   识别结果: 0:01:25
2025-11-23 15:38:15.870 | INFO |    合成图像测试通过！OCR 模型工作正常
2025-11-23 15:38:15.871 | INFO | 
使用灰度图（黑底白字）
2025-11-23 15:38:15.874 | INFO | 创建灰度图像: tests/test_synthetic_gray.png
2025-11-23 15:38:15.890 | INFO | SyntheticTest 0.015s = 1:25
2025-11-23 15:38:15.892 | INFO |   识别结果: 0:01:25
2025-11-23 15:38:15.893 | INFO |    灰度图测试通过！
2025-11-23 15:38:15.894 | INFO | 
使用反色图（白底黑字）
2025-11-23 15:38:15.897 | INFO | 创建反色图像: tests/test_synthetic_inv.png
2025-11-23 15:38:15.913 | INFO | InverseTest 0.015s = 1:25
2025-11-23 15:38:15.917 | INFO |   识别结果: 0:01:25
2025-11-23 15:38:15.919 | INFO |    反色图测试通过！
2025-11-23 15:38:15.921 | INFO | 
使用更大字体
2025-11-23 15:38:15.923 | INFO | 创建大字体图像: tests/test_synthetic_large.png
2025-11-23 15:38:15.942 | INFO | LargeTest 0.017s = 1:25
2025-11-23 15:38:15.943 | INFO |   识别结果: 0:01:25
2025-11-23 15:38:15.945 | INFO |    大字体测试通过！
2025-11-23 15:38:15.946 | INFO | 
============================================================
2025-11-23 15:38:15.948 | INFO | OCR 模型测试完成
2025-11-23 15:38:15.950 | INFO | 如果合成图像测试失败，说明 OCR 模型配置有问题
2025-11-23 15:38:15.953 | INFO | 如果合成图像测试通过但实际图像失败，说明预处理有问题
2025-11-23 15:38:15.955 | INFO | ============================================================
2025-11-23 15:38:38.240 | INFO | ============================================================
2025-11-23 15:38:38.245 | INFO | 测试 OCR 模型识别时间：1:13（73秒）
2025-11-23 15:38:38.246 | INFO | ============================================================
2025-11-23 15:38:38.248 | INFO | 创建合成图像: tests/test_synthetic_113.png
2025-11-23 15:38:38.249 | INFO | 
使用合成图像（黑底白字）
2025-11-23 15:38:38.252 | INFO | Loading OCR dependencies
2025-11-23 15:38:39.618 | INFO | GPU not available, using CPU for OCR (reason: MXNetError)
2025-11-23 15:38:39.634 | INFO | Loading OCR model: ./bin/cnocr_models/pcr
2025-11-23 15:38:39.683 | INFO | SyntheticTest_113 1.433s = 1:15
2025-11-23 15:38:39.684 | INFO |   识别结果: 0:01:15
2025-11-23 15:38:39.686 | WARNING |    ⚠️ 合成图像识别不准确 → 期望 73s，实际 75.0s
2025-11-23 15:38:39.688 | INFO | 
使用灰度图（黑底白字）
2025-11-23 15:38:39.691 | INFO | 创建灰度图像: tests/test_synthetic_gray_113.png
2025-11-23 15:38:39.708 | INFO | SyntheticTest_113 0.014s = 1:15
2025-11-23 15:38:39.709 | INFO |   识别结果: 0:01:15
2025-11-23 15:38:39.710 | WARNING |    ⚠️ 灰度图识别不准确 → 期望 73s，实际 75.0s
2025-11-23 15:38:39.713 | INFO | 
使用反色图（白底黑字）
2025-11-23 15:38:39.716 | INFO | 创建反色图像: tests/test_synthetic_inv_113.png
2025-11-23 15:38:39.730 | INFO | InverseTest_113 0.013s = 1:15
2025-11-23 15:38:39.732 | INFO |   识别结果: 0:01:15
2025-11-23 15:38:39.734 | WARNING |    ⚠️ 反色图识别不准确 → 期望 73s，实际 75.0s
2025-11-23 15:38:39.735 | INFO | 
使用更大字体
2025-11-23 15:38:39.739 | INFO | 创建大字体图像: tests/test_synthetic_large_113.png
2025-11-23 15:38:39.760 | INFO | LargeTest_113 0.018s = 1:15
2025-11-23 15:38:39.762 | INFO |   识别结果: 0:01:15
2025-11-23 15:38:39.764 | WARNING |    ⚠️ 大字体识别不准确 → 期望 73s，实际 75.0s
2025-11-23 15:38:39.765 | INFO | 
============================================================
2025-11-23 15:38:39.766 | INFO | OCR 模型时间识别测试（1:13 → 73秒）完成
2025-11-23 15:38:39.768 | INFO | ✅ 若合成图像测试通过，OCR 模型基础能力正常
2025-11-23 15:38:39.772 | INFO | ⚠️ 若合成图像通过但实机失败，需检查图像预处理/截图区域/光照干扰
2025-11-23 15:38:39.774 | INFO | ============================================================
2025-11-23 15:39:54.085 | INFO | ============================================================
2025-11-23 15:39:54.089 | INFO | 测试 OCR 模型基本功能
2025-11-23 15:39:54.090 | INFO | ============================================================
2025-11-23 15:39:54.092 | INFO | 创建合成图像: tests/test_synthetic_125.png
2025-11-23 15:39:54.093 | INFO | 
使用合成图像（黑底白字）
2025-11-23 15:39:54.096 | INFO | Loading OCR dependencies
2025-11-23 15:39:55.419 | INFO | GPU not available, using CPU for OCR (reason: MXNetError)
2025-11-23 15:39:55.435 | INFO | Loading OCR model: ./bin/cnocr_models/pcr
2025-11-23 15:39:55.480 | INFO | SyntheticTest 1.386s = 1:25
2025-11-23 15:39:55.482 | INFO |   识别结果: 0:01:25
2025-11-23 15:39:55.483 | INFO |    合成图像测试通过！OCR 模型工作正常
2025-11-23 15:39:55.485 | INFO | 
使用灰度图（黑底白字）
2025-11-23 15:39:55.488 | INFO | 创建灰度图像: tests/test_synthetic_gray.png
2025-11-23 15:39:55.500 | INFO | SyntheticTest 0.012s = 1:25
2025-11-23 15:39:55.502 | INFO |   识别结果: 0:01:25
2025-11-23 15:39:55.504 | INFO |    灰度图测试通过！
2025-11-23 15:39:55.505 | INFO | 
使用反色图（白底黑字）
2025-11-23 15:39:55.508 | INFO | 创建反色图像: tests/test_synthetic_inv.png
2025-11-23 15:39:55.523 | INFO | InverseTest 0.013s = 1:25
2025-11-23 15:39:55.525 | INFO |   识别结果: 0:01:25
2025-11-23 15:39:55.527 | INFO |    反色图测试通过！
2025-11-23 15:39:55.529 | INFO | 
使用更大字体
2025-11-23 15:39:55.531 | INFO | 创建大字体图像: tests/test_synthetic_large.png
2025-11-23 15:39:55.548 | INFO | LargeTest 0.016s = 1:25
2025-11-23 15:39:55.551 | INFO |   识别结果: 0:01:25
2025-11-23 15:39:55.553 | INFO |    大字体测试通过！
2025-11-23 15:39:55.555 | INFO | 
============================================================
2025-11-23 15:39:55.557 | INFO | OCR 模型测试完成
2025-11-23 15:39:55.559 | INFO | 如果合成图像测试失败，说明 OCR 模型配置有问题
2025-11-23 15:39:55.561 | INFO | 如果合成图像测试通过但实际图像失败，说明预处理有问题
2025-11-23 15:39:55.562 | INFO | ============================================================
2025-11-23 15:44:28.019 | INFO | ============================================================
2025-11-23 15:44:28.023 | INFO | 测试 OCR 模型识别时间：1:13（73秒）
2025-11-23 15:44:28.024 | INFO | ============================================================
2025-11-23 15:44:28.026 | INFO | 创建合成图像: tests/test_synthetic_113.png
2025-11-23 15:44:28.027 | INFO | 
使用合成图像（黑底白字）
2025-11-23 15:44:28.030 | INFO | Loading OCR dependencies
2025-11-23 15:44:29.327 | INFO | GPU not available, using CPU for OCR (reason: MXNetError)
2025-11-23 15:44:29.341 | INFO | Loading OCR model: ./bin/cnocr_models/pcr
2025-11-23 15:44:29.383 | INFO | SyntheticTest_113 1.355s = 1:15
2025-11-23 15:44:29.385 | INFO |   识别结果: 0:01:15
2025-11-23 15:44:29.387 | WARNING |    ⚠️ 合成图像识别不准确 → 期望 73s，实际 75.0s
2025-11-23 15:44:29.388 | INFO | 
使用灰度图（黑底白字）
2025-11-23 15:44:29.391 | INFO | 创建灰度图像: tests/test_synthetic_gray_113.png
2025-11-23 15:44:29.405 | INFO | SyntheticTest_113 0.013s = 1:15
2025-11-23 15:44:29.406 | INFO |   识别结果: 0:01:15
2025-11-23 15:44:29.408 | WARNING |    ⚠️ 灰度图识别不准确 → 期望 73s，实际 75.0s
2025-11-23 15:44:29.409 | INFO | 
使用反色图（白底黑字）
2025-11-23 15:44:29.412 | INFO | 创建反色图像: tests/test_synthetic_inv_113.png
2025-11-23 15:44:29.426 | INFO | InverseTest_113 0.013s = 1:15
2025-11-23 15:44:29.428 | INFO |   识别结果: 0:01:15
2025-11-23 15:44:29.430 | WARNING |    ⚠️ 反色图识别不准确 → 期望 73s，实际 75.0s
2025-11-23 15:44:29.432 | INFO | 
使用更大字体
2025-11-23 15:44:29.434 | INFO | 创建大字体图像: tests/test_synthetic_large_113.png
2025-11-23 15:44:29.452 | INFO | LargeTest_113 0.015s = 1:15
2025-11-23 15:44:29.453 | INFO |   识别结果: 0:01:15
2025-11-23 15:44:29.455 | WARNING |    ⚠️ 大字体识别不准确 → 期望 73s，实际 75.0s
2025-11-23 15:44:29.457 | INFO | 
============================================================
2025-11-23 15:44:29.459 | INFO | OCR 模型时间识别测试（1:13 → 73秒）完成
2025-11-23 15:44:29.460 | INFO | ✅ 若合成图像测试通过，OCR 模型基础能力正常
2025-11-23 15:44:29.461 | INFO | ⚠️ 若合成图像通过但实机失败，需检查图像预处理/截图区域/光照干扰
2025-11-23 15:44:29.463 | INFO | ============================================================
2025-11-23 15:48:52.431 | INFO | ============================================================
2025-11-23 15:48:52.435 | INFO | 测试 OCR 模型基本功能（测试时间：1:25 = 85 秒）
2025-11-23 15:48:52.436 | INFO | ============================================================
2025-11-23 15:48:52.459 | INFO | 创建合成图像: tests/test_synthetic_125.png
2025-11-23 15:48:52.460 | INFO | 
使用合成图像（黑底白字，时间 1:25）
2025-11-23 15:48:52.476 | INFO | Loading OCR dependencies
2025-11-23 15:48:54.383 | INFO | GPU not available, using CPU for OCR (reason: MXNetError)
2025-11-23 15:48:54.411 | INFO | Loading OCR model: ./bin/cnocr_models/pcr
2025-11-23 15:48:54.479 | INFO | SyntheticTest_125 2.018s = 1:25
2025-11-23 15:48:54.482 | INFO |   识别结果: 0:01:25
2025-11-23 15:48:54.483 | INFO |    合成图像测试通过！OCR 模型识别 1:25 正确
2025-11-23 15:48:54.485 | INFO | 
使用灰度图（黑底白字，时间 1:25）
2025-11-23 15:48:54.490 | INFO | 创建灰度图像: tests/test_synthetic_gray_125.png
2025-11-23 15:48:54.504 | INFO | SyntheticTest_125 0.012s = 1:25
2025-11-23 15:48:54.506 | INFO |   识别结果: 0:01:25
2025-11-23 15:48:54.507 | INFO |    灰度图测试通过！
2025-11-23 15:48:54.509 | INFO | 
使用反色图（白底黑字，时间 1:25）
2025-11-23 15:48:54.513 | INFO | 创建反色图像: tests/test_synthetic_inv_125.png
2025-11-23 15:48:54.527 | INFO | InverseTest_125 0.012s = 1:25
2025-11-23 15:48:54.528 | INFO |   识别结果: 0:01:25
2025-11-23 15:48:54.530 | INFO |    反色图测试通过！
2025-11-23 15:48:54.531 | INFO | 
测试大字体（时间 1:25）
2025-11-23 15:48:54.534 | INFO | 创建大字体图像: tests/test_synthetic_large_125.png
2025-11-23 15:48:54.553 | INFO | LargeTest_125 0.017s = 1:25
2025-11-23 15:48:54.555 | INFO |   识别结果: 0:01:25
2025-11-23 15:48:54.557 | INFO |    大字体测试通过！
2025-11-23 15:48:54.558 | INFO | 
============================================================
2025-11-23 15:48:54.559 | INFO | OCR 模型测试完成（测试时间：1:25 = 85 秒）
2025-11-23 15:48:54.561 | INFO | 如果合成图像测试失败，说明 OCR 模型配置有问题
2025-11-23 15:48:54.562 | INFO | 如果合成图像测试通过但实际图像失败，说明预处理有问题
2025-11-23 15:48:54.563 | INFO | ============================================================
2025-11-23 15:49:05.965 | INFO | ============================================================
2025-11-23 15:49:05.969 | INFO | 测试 OCR 模型基本功能（测试时间：1:13 = 73 秒）
2025-11-23 15:49:05.971 | INFO | ============================================================
2025-11-23 15:49:05.973 | INFO | 创建合成图像: tests/test_synthetic_113.png
2025-11-23 15:49:05.974 | INFO | 
使用合成图像（黑底白字，时间 1:13）
2025-11-23 15:49:05.976 | INFO | Loading OCR dependencies
2025-11-23 15:49:07.318 | INFO | GPU not available, using CPU for OCR (reason: MXNetError)
2025-11-23 15:49:07.333 | INFO | Loading OCR model: ./bin/cnocr_models/pcr
2025-11-23 15:49:07.378 | INFO | SyntheticTest_113 1.404s = 1:15
2025-11-23 15:49:07.381 | INFO |   识别结果: 0:01:15
2025-11-23 15:49:07.383 | WARNING |    合成图像识别不准确: 0:01:15（期望 73 秒）
2025-11-23 15:49:07.385 | INFO | 
使用灰度图（黑底白字，时间 1:13）
2025-11-23 15:49:07.388 | INFO | 创建灰度图像: tests/test_synthetic_gray_113.png
2025-11-23 15:49:07.403 | INFO | SyntheticTest_113 0.012s = 1:15
2025-11-23 15:49:07.405 | INFO |   识别结果: 0:01:15
2025-11-23 15:49:07.406 | WARNING |    灰度图识别不准确: 0:01:15（期望 73 秒）
2025-11-23 15:49:07.409 | INFO | 
使用反色图（白底黑字，时间 1:13）
2025-11-23 15:49:07.411 | INFO | 创建反色图像: tests/test_synthetic_inv_113.png
2025-11-23 15:49:07.425 | INFO | InverseTest_113 0.012s = 1:15
2025-11-23 15:49:07.427 | INFO |   识别结果: 0:01:15
2025-11-23 15:49:07.429 | WARNING |    反色图识别不准确: 0:01:15（期望 73 秒）
2025-11-23 15:49:07.431 | INFO | 
测试大字体（时间 1:13）
2025-11-23 15:49:07.434 | INFO | 创建大字体图像: tests/test_synthetic_large_113.png
2025-11-23 15:49:07.450 | INFO | LargeTest_113 0.015s = 1:15
2025-11-23 15:49:07.453 | INFO |   识别结果: 0:01:15
2025-11-23 15:49:07.454 | WARNING |    大字体识别不准确: 0:01:15（期望 73 秒）
2025-11-23 15:49:07.455 | INFO | 
============================================================
2025-11-23 15:49:07.457 | INFO | OCR 模型测试完成（测试时间：1:13 = 73 秒）
2025-11-23 15:49:07.459 | INFO | 如果合成图像测试失败，说明 OCR 模型配置有问题
2025-11-23 15:49:07.461 | INFO | 如果合成图像测试通过但实际图像失败，说明预处理有问题
2025-11-23 15:49:07.463 | INFO | ============================================================
2025-11-23 15:50:21.689 | INFO | ============================================================
2025-11-23 15:50:21.691 | INFO | 测试 OCR 模型基本功能（测试时间：1:13 = 73 秒）
2025-11-23 15:50:21.693 | INFO | ============================================================
2025-11-23 15:50:21.701 | INFO | 创建合成图像: tests/test_synthetic_113.png
2025-11-23 15:50:21.703 | INFO | 
使用合成图像（黑底白字，时间 1:13）
2025-11-23 15:50:21.705 | INFO | Loading OCR dependencies
2025-11-23 15:50:23.068 | INFO | GPU not available, using CPU for OCR (reason: MXNetError)
2025-11-23 15:50:23.083 | INFO | Loading OCR model: ./bin/cnocr_models/pcr
2025-11-23 15:50:23.133 | INFO | SyntheticTest_113 1.428s = 1:15
2025-11-23 15:50:23.135 | INFO |   识别结果: 0:01:15
2025-11-23 15:50:23.137 | WARNING |    合成图像识别不准确: 0:01:15（期望 73 秒）
2025-11-23 15:50:23.138 | INFO | 
使用灰度图（黑底白字，时间 1:13）
2025-11-23 15:50:23.140 | INFO | 创建灰度图像: tests/test_synthetic_gray_113.png
2025-11-23 15:50:23.153 | INFO | SyntheticTest_113 0.013s = 1:15
2025-11-23 15:50:23.154 | INFO |   识别结果: 0:01:15
2025-11-23 15:50:23.156 | WARNING |    灰度图识别不准确: 0:01:15（期望 73 秒）
2025-11-23 15:50:23.158 | INFO | 
使用反色图（白底黑字，时间 1:13）
2025-11-23 15:50:23.160 | INFO | 创建反色图像: tests/test_synthetic_inv_113.png
2025-11-23 15:50:23.175 | INFO | InverseTest_113 0.013s = 1:15
2025-11-23 15:50:23.177 | INFO |   识别结果: 0:01:15
2025-11-23 15:50:23.179 | WARNING |    反色图识别不准确: 0:01:15（期望 73 秒）
2025-11-23 15:50:23.182 | INFO | 
测试大字体（时间 1:13）
2025-11-23 15:50:23.184 | INFO | 创建大字体图像: tests/test_synthetic_large_113.png
2025-11-23 15:50:23.205 | INFO | LargeTest_113 0.019s = 1:15
2025-11-23 15:50:23.208 | INFO |   识别结果: 0:01:15
2025-11-23 15:50:23.209 | WARNING |    大字体识别不准确: 0:01:15（期望 73 秒）
2025-11-23 15:50:23.211 | INFO | 
============================================================
2025-11-23 15:50:23.213 | INFO | OCR 模型测试完成（测试时间：1:13 = 73 秒）
2025-11-23 15:50:23.215 | INFO | 如果合成图像测试失败，说明 OCR 模型配置有问题
2025-11-23 15:50:23.219 | INFO | 如果合成图像测试通过但实际图像失败，说明预处理有问题
2025-11-23 15:50:23.220 | INFO | ============================================================
2025-11-23 16:01:56.143 | INFO | ============================================================
2025-11-23 16:01:56.146 | INFO | 测试 OCR 模型基本功能（测试时间：1:13 = 73 秒）
2025-11-23 16:01:56.148 | INFO | ============================================================
2025-11-23 16:01:56.150 | INFO | 创建合成图像: tests/test_synthetic_113.png
2025-11-23 16:01:56.151 | INFO | 
使用合成图像（黑底白字，时间 1:13）
2025-11-23 16:01:56.153 | INFO | Loading OCR dependencies
2025-11-23 16:01:57.372 | INFO | GPU not available, using CPU for OCR (reason: MXNetError)
2025-11-23 16:01:57.383 | INFO | Loading OCR model: ./bin/cnocr_models/pcr
2025-11-23 16:01:57.423 | INFO | SyntheticTest_113 1.271s = 3
2025-11-23 16:01:57.425 | WARNING | Invalid duration: 3
2025-11-23 16:01:57.426 | INFO |   识别结果: 0:00:00
2025-11-23 16:01:57.427 | WARNING |    合成图像识别不准确: 0:00:00（期望 73 秒）
2025-11-23 16:01:57.429 | INFO | 
使用灰度图（黑底白字，时间 1:13）
2025-11-23 16:01:57.432 | INFO | 创建灰度图像: tests/test_synthetic_gray_113.png
2025-11-23 16:01:57.446 | INFO | SyntheticTest_113 0.011s = 3
2025-11-23 16:01:57.448 | WARNING | Invalid duration: 3
2025-11-23 16:01:57.449 | INFO |   识别结果: 0:00:00
2025-11-23 16:01:57.451 | WARNING |    灰度图识别不准确: 0:00:00（期望 73 秒）
2025-11-23 16:01:57.452 | INFO | 
使用反色图（白底黑字，时间 1:13）
2025-11-23 16:01:57.457 | INFO | 创建反色图像: tests/test_synthetic_inv_113.png
2025-11-23 16:01:57.469 | INFO | InverseTest_113 0.012s = 1:15
2025-11-23 16:01:57.472 | INFO |   识别结果: 0:01:15
2025-11-23 16:01:57.473 | WARNING |    反色图识别不准确: 0:01:15（期望 73 秒）
2025-11-23 16:01:57.474 | INFO | 
测试大字体（时间 1:13）
2025-11-23 16:01:57.477 | INFO | 创建大字体图像: tests/test_synthetic_large_113.png
2025-11-23 16:01:57.495 | INFO | LargeTest_113 0.015s = 1:15
2025-11-23 16:01:57.497 | INFO |   识别结果: 0:01:15
2025-11-23 16:01:57.498 | WARNING |    大字体识别不准确: 0:01:15（期望 73 秒）
2025-11-23 16:01:57.500 | INFO | 
============================================================
2025-11-23 16:01:57.501 | INFO | OCR 模型测试完成（测试时间：1:13 = 73 秒）
2025-11-23 16:01:57.503 | INFO | 如果合成图像测试失败，说明 OCR 模型配置有问题
2025-11-23 16:01:57.504 | INFO | 如果合成图像测试通过但实际图像失败，说明预处理有问题
2025-11-23 16:01:57.505 | INFO | ============================================================
2025-11-23 16:05:29.727 | INFO | PCR OCR 时长识别测试
2025-11-23 16:05:29.730 | INFO | 
2025-11-23 16:05:29.731 | INFO | ============================================================
2025-11-23 16:05:29.732 | INFO | 开始测试 OCR 时长识别
2025-11-23 16:05:29.733 | INFO | ============================================================
2025-11-23 16:05:29.734 | INFO | 加载图像: battle03.png
2025-11-23 16:05:29.771 | INFO | 图像尺寸: (720, 1280, 3)
2025-11-23 16:05:29.772 | INFO | 时间识别区域: (1050, 18, 1120, 48)
2025-11-23 16:05:29.774 | INFO | 开始识别时间...
2025-11-23 16:05:29.776 | INFO | Loading OCR dependencies
2025-11-23 16:05:31.014 | INFO | GPU not available, using CPU for OCR (reason: MXNetError)
2025-11-23 16:05:31.026 | INFO | Loading OCR model: ./bin/cnocr_models/pcr
2025-11-23 16:05:31.070 | INFO | BattleTimer 1.294s = 1:113
2025-11-23 16:05:31.073 | INFO | 识别结果: 0:01:11
2025-11-23 16:05:31.075 | INFO | 解析结果: 1分11秒
2025-11-23 16:05:31.076 | WARNING |  测试失败：预期 85 秒，实际 71 秒
2025-11-23 16:05:31.078 | INFO | 
2025-11-23 16:05:31.080 | INFO | ============================================================
2025-11-23 16:05:31.082 | INFO | 测试使用裁剪图像识别
2025-11-23 16:05:31.084 | INFO | ============================================================
2025-11-23 16:05:31.085 | INFO | 加载图像: battle03.png
2025-11-23 16:05:31.104 | INFO | 裁剪后图像尺寸: (30, 70, 3)
2025-11-23 16:05:31.110 | INFO | 保存裁剪图像到: tests/timer_debug.png
2025-11-23 16:05:31.124 | INFO | BattleTimer 0.013s = 1:113
2025-11-23 16:05:31.126 | INFO | 识别结果: 0:01:11
2025-11-23 16:05:31.128 | INFO | 解析结果: 1分11秒
2025-11-23 16:05:31.129 | WARNING |  裁剪测试失败：预期 85 秒，实际 71 秒
2025-11-23 16:05:31.131 | INFO |   识别出了时间值，OCR 功能基本正常
2025-11-23 16:05:31.132 | INFO | 
2025-11-23 16:05:31.134 | INFO | ============================================================
2025-11-23 16:05:31.136 | INFO | 测试总结
2025-11-23 16:05:31.138 | INFO | ============================================================
2025-11-23 16:05:31.139 | INFO | 标准测试: 失败
2025-11-23 16:05:31.141 | INFO | 裁剪测试: 通过
2025-11-23 16:05:31.142 | INFO | 
2025-11-23 16:05:31.144 | INFO |  OCR 时长识别功能移植成功！
2025-11-23 16:13:03.060 | INFO | PCR OCR 时长识别测试
2025-11-23 16:13:03.063 | INFO | 
2025-11-23 16:13:03.064 | INFO | ============================================================
2025-11-23 16:13:03.065 | INFO | 开始测试 OCR 时长识别
2025-11-23 16:13:03.066 | INFO | ============================================================
2025-11-23 16:13:03.067 | INFO | 加载图像: battle03.png
2025-11-23 16:13:03.095 | INFO | 图像尺寸: (720, 1280, 3)
2025-11-23 16:13:03.096 | INFO | 时间识别区域: (1050, 18, 1120, 48)
2025-11-23 16:13:03.097 | INFO | 开始识别时间...
2025-11-23 16:13:03.100 | INFO | Loading OCR dependencies
2025-11-23 16:13:04.306 | INFO | GPU not available, using CPU for OCR (reason: MXNetError)
2025-11-23 16:13:04.318 | INFO | Loading OCR model: ./bin/cnocr_models/pcr
2025-11-23 16:13:04.360 | INFO | BattleTimer 1.261s = 1:113
2025-11-23 16:13:04.362 | INFO | 识别结果: 0:01:11
2025-11-23 16:13:04.364 | INFO | 解析结果: 1分11秒
2025-11-23 16:13:04.365 | WARNING |  测试失败：预期 85 秒，实际 71 秒
2025-11-23 16:13:04.367 | INFO | 
2025-11-23 16:13:04.368 | INFO | ============================================================
2025-11-23 16:13:04.370 | INFO | 测试使用裁剪图像识别
2025-11-23 16:13:04.372 | INFO | ============================================================
2025-11-23 16:13:04.373 | INFO | 加载图像: battle03.png
2025-11-23 16:13:04.393 | INFO | 裁剪后图像尺寸: (30, 70, 3)
2025-11-23 16:13:04.397 | INFO | 保存裁剪图像到: tests/timer_debug.png
2025-11-23 16:13:04.410 | INFO | BattleTimer 0.011s = 1:113
2025-11-23 16:13:04.412 | INFO | 识别结果: 0:01:11
2025-11-23 16:13:04.414 | INFO | 解析结果: 1分11秒
2025-11-23 16:13:04.415 | WARNING |  裁剪测试失败：预期 85 秒，实际 71 秒
2025-11-23 16:13:04.416 | INFO |   识别出了时间值，OCR 功能基本正常
2025-11-23 16:13:04.418 | INFO | 
2025-11-23 16:13:04.419 | INFO | ============================================================
2025-11-23 16:13:04.421 | INFO | 测试总结
2025-11-23 16:13:04.423 | INFO | ============================================================
2025-11-23 16:13:04.425 | INFO | 标准测试: 失败
2025-11-23 16:13:04.426 | INFO | 裁剪测试: 通过
2025-11-23 16:13:04.428 | INFO | 
2025-11-23 16:13:04.429 | INFO |  OCR 时长识别功能移植成功！
2025-11-23 16:16:26.508 | INFO | PCR OCR 时长识别测试
2025-11-23 16:16:26.512 | INFO | 
2025-11-23 16:16:26.513 | INFO | ============================================================
2025-11-23 16:16:26.515 | INFO | 开始测试 OCR 时长识别
2025-11-23 16:16:26.516 | INFO | ============================================================
2025-11-23 16:16:26.518 | INFO | 加载图像: battle03.png
2025-11-23 16:16:26.539 | INFO | 图像尺寸: (720, 1280, 3)
2025-11-23 16:16:26.541 | INFO | 时间识别区域: (1050, 18, 1120, 48)
2025-11-23 16:16:26.543 | INFO | 开始识别时间...
2025-11-23 16:16:26.545 | INFO | Loading OCR dependencies
2025-11-23 16:16:27.731 | INFO | GPU not available, using CPU for OCR (reason: MXNetError)
2025-11-23 16:16:27.744 | INFO | Loading OCR model: ./bin/cnocr_models/pcr
2025-11-23 16:16:27.787 | INFO | BattleTimer 1.243s = 1:113
2025-11-23 16:16:27.791 | INFO | 识别结果: 0:01:11
2025-11-23 16:16:27.792 | INFO | 解析结果: 1分11秒
2025-11-23 16:16:27.794 | WARNING |  测试失败：预期 85 秒，实际 71 秒
2025-11-23 16:16:27.795 | INFO | 
2025-11-23 16:16:27.797 | INFO | ============================================================
2025-11-23 16:16:27.798 | INFO | 测试使用裁剪图像识别
2025-11-23 16:16:27.801 | INFO | ============================================================
2025-11-23 16:16:27.803 | INFO | 加载图像: battle03.png
2025-11-23 16:16:27.822 | INFO | 裁剪后图像尺寸: (30, 70, 3)
2025-11-23 16:16:27.825 | INFO | 保存裁剪图像到: tests/timer_debug.png
2025-11-23 16:16:27.842 | INFO | BattleTimer 0.014s = 1:113
2025-11-23 16:16:27.845 | INFO | 识别结果: 0:01:11
2025-11-23 16:16:27.847 | INFO | 解析结果: 1分11秒
2025-11-23 16:16:27.849 | WARNING |  裁剪测试失败：预期 85 秒，实际 71 秒
2025-11-23 16:16:27.851 | INFO |   识别出了时间值，OCR 功能基本正常
2025-11-23 16:16:27.852 | INFO | 
2025-11-23 16:16:27.854 | INFO | ============================================================
2025-11-23 16:16:27.856 | INFO | 测试总结
2025-11-23 16:16:27.857 | INFO | ============================================================
2025-11-23 16:16:27.859 | INFO | 标准测试: 失败
2025-11-23 16:16:27.860 | INFO | 裁剪测试: 通过
2025-11-23 16:16:27.862 | INFO | 
2025-11-23 16:16:27.864 | INFO |  OCR 时长识别功能移植成功！
2025-11-23 16:20:44.482 | INFO | PCR OCR 时长识别测试
2025-11-23 16:20:44.486 | INFO | 
2025-11-23 16:20:44.487 | INFO | ============================================================
2025-11-23 16:20:44.488 | INFO | 开始测试 OCR 时长识别
2025-11-23 16:20:44.489 | INFO | ============================================================
2025-11-23 16:20:44.490 | INFO | 加载图像: battle03.png
2025-11-23 16:20:44.513 | INFO | 图像尺寸: (720, 1280, 3)
2025-11-23 16:20:44.514 | INFO | 时间识别区域: (1050, 18, 1120, 48)
2025-11-23 16:20:44.515 | INFO | 开始识别时间...
2025-11-23 16:20:44.518 | INFO | Loading OCR dependencies
2025-11-23 16:20:45.742 | INFO | GPU not available, using CPU for OCR (reason: MXNetError)
2025-11-23 16:20:45.754 | INFO | Loading OCR model: ./bin/cnocr_models/pcr
2025-11-23 16:20:45.797 | INFO | BattleTimer 1.281s = 1:113
2025-11-23 16:20:45.799 | INFO | 识别结果: 0:01:11
2025-11-23 16:20:45.800 | INFO | 解析结果: 1分11秒
2025-11-23 16:20:45.801 | WARNING |  测试失败：预期 85 秒，实际 71 秒
2025-11-23 16:20:45.803 | INFO | 
2025-11-23 16:20:45.804 | INFO | ============================================================
2025-11-23 16:20:45.805 | INFO | 测试使用裁剪图像识别
2025-11-23 16:20:45.806 | INFO | ============================================================
2025-11-23 16:20:45.808 | INFO | 加载图像: battle03.png
2025-11-23 16:20:45.829 | INFO | 裁剪后图像尺寸: (30, 70, 3)
2025-11-23 16:20:45.832 | INFO | 保存裁剪图像到: tests/timer_debug.png
2025-11-23 16:20:45.846 | INFO | BattleTimer 0.012s = 1:113
2025-11-23 16:20:45.848 | INFO | 识别结果: 0:01:11
2025-11-23 16:20:45.849 | INFO | 解析结果: 1分11秒
2025-11-23 16:20:45.851 | WARNING |  裁剪测试失败：预期 85 秒，实际 71 秒
2025-11-23 16:20:45.852 | INFO |   识别出了时间值，OCR 功能基本正常
2025-11-23 16:20:45.854 | INFO | 
2025-11-23 16:20:45.855 | INFO | ============================================================
2025-11-23 16:20:45.856 | INFO | 测试总结
2025-11-23 16:20:45.857 | INFO | ============================================================
2025-11-23 16:20:45.860 | INFO | 标准测试: 失败
2025-11-23 16:20:45.861 | INFO | 裁剪测试: 通过
2025-11-23 16:20:45.862 | INFO | 
2025-11-23 16:20:45.864 | INFO |  OCR 时长识别功能移植成功！
2025-11-23 16:24:50.523 | INFO | PCR OCR 时长识别测试
2025-11-23 16:24:50.527 | INFO | 
2025-11-23 16:24:50.528 | INFO | ============================================================
2025-11-23 16:24:50.530 | INFO | 开始测试 OCR 时长识别
2025-11-23 16:24:50.531 | INFO | ============================================================
2025-11-23 16:24:50.533 | INFO | 加载图像: battle03.png
2025-11-23 16:24:50.555 | INFO | 图像尺寸: (720, 1280, 3)
2025-11-23 16:24:50.557 | INFO | 时间识别区域: (1050, 18, 1120, 48)
2025-11-23 16:24:50.558 | INFO | 开始识别时间...
2025-11-23 16:24:50.561 | INFO | Loading OCR dependencies
2025-11-23 16:24:51.776 | INFO | GPU not available, using CPU for OCR (reason: MXNetError)
2025-11-23 16:24:51.788 | INFO | Loading OCR model: ./bin/cnocr_models/pcr
2025-11-23 16:24:51.834 | INFO | BattleTimer 1.275s = 1:113
2025-11-23 16:24:51.837 | INFO | 识别结果: 0:01:11
2025-11-23 16:24:51.838 | INFO | 解析结果: 1分11秒
2025-11-23 16:24:51.839 | WARNING |  测试失败：预期 85 秒，实际 71 秒
2025-11-23 16:24:51.841 | INFO | 
2025-11-23 16:24:51.842 | INFO | ============================================================
2025-11-23 16:24:51.843 | INFO | 测试使用裁剪图像识别
2025-11-23 16:24:51.844 | INFO | ============================================================
2025-11-23 16:24:51.846 | INFO | 加载图像: battle03.png
2025-11-23 16:24:51.863 | INFO | 裁剪后图像尺寸: (30, 70, 3)
2025-11-23 16:24:51.867 | INFO | 保存裁剪图像到: tests/timer_debug.png
2025-11-23 16:24:51.881 | INFO | BattleTimer 0.012s = 1:113
2025-11-23 16:24:51.883 | INFO | 识别结果: 0:01:11
2025-11-23 16:24:51.883 | INFO | 解析结果: 1分11秒
2025-11-23 16:24:51.886 | WARNING |  裁剪测试失败：预期 85 秒，实际 71 秒
2025-11-23 16:24:51.887 | INFO |   识别出了时间值，OCR 功能基本正常
2025-11-23 16:24:51.889 | INFO | 
2025-11-23 16:24:51.891 | INFO | ============================================================
2025-11-23 16:24:51.893 | INFO | 测试总结
2025-11-23 16:24:51.894 | INFO | ============================================================
2025-11-23 16:24:51.896 | INFO | 标准测试: 失败
2025-11-23 16:24:51.897 | INFO | 裁剪测试: 通过
2025-11-23 16:24:51.898 | INFO | 
2025-11-23 16:24:51.900 | INFO |  OCR 时长识别功能移植成功！
