2025-10-19 00:00:14.414 | INFO | 配置文件：cwj.json
2025-10-19 00:00:14.420 | INFO | 截图方式：DroidCast_raw
2025-10-19 00:00:14.422 | INFO | 点击方式：ADB
2025-10-19 00:00:14.425 | INFO | Found 1 devices
2025-10-19 00:00:14.426 | INFO | Auto selected device: 127.0.0.1:16384
2025-10-19 00:00:14.428 | INFO | Selected device: 127.0.0.1:16384
2025-10-19 00:00:14.433 | INFO | Connecting to 127.0.0.1:16384 (trial 1/3)
2025-10-19 00:00:15.437 | INFO | Connected to device: 127.0.0.1:16384
2025-10-19 00:00:15.438 | INFO | AdbDevice = AdbDevice(serial=127.0.0.1:16384)
2025-10-19 00:00:15.470 | INFO | Detected package: com.bilibili.priconne
2025-10-19 00:00:15.472 | INFO | PackageName = com.bilibili.priconne
2025-10-19 00:00:15.474 | INFO | Device initialized successfully
2025-10-19 00:00:15.475 | INFO | Scheduler: Start task `Start`
2025-10-19 00:00:15.478 | INFO | App start: com.bilibili.priconne
2025-10-19 00:00:15.479 | INFO | Starting app via AM: com.bilibili.priconne/com.bilibili.permission.PermissionActivity
2025-10-19 00:00:15.621 | INFO | App started successfully
2025-10-19 00:00:15.624 | INFO | Update droidcast resolution
2025-10-19 00:00:16.737 | INFO | Device Orientation = 1 (HOME key on the right)
2025-10-19 00:00:16.739 | INFO | Droidcast resolution: (720, 1280)
2025-10-19 00:00:16.742 | INFO | Create forward: ForwardItem(serial='127.0.0.1:16384', local='tcp:20896', remote='tcp:53516')
2025-10-19 00:00:16.748 | ERROR | ConnectionError: ('Connection aborted.', RemoteDisconnected('Remote end closed connection without response'))
2025-10-19 00:00:19.751 | INFO | [bold]<<< DROIDCAST INIT >>>[/bold]
2025-10-19 00:00:19.753 | INFO | Stopping DroidCast
2025-10-19 00:00:19.815 | INFO | Update droidcast resolution
2025-10-19 00:00:19.876 | INFO | Device Orientation = 1 (HOME key on the right)
2025-10-19 00:00:19.878 | INFO | Droidcast resolution: (720, 1280)
2025-10-19 00:00:19.881 | INFO | Pushing DroidCast apk
2025-10-19 00:00:20.022 | INFO | Starting DroidCast apk
2025-10-19 00:00:20.043 | INFO | ShellBackgroundResponse(success=True, pid=3165, description='Successfully started program: CLASSPATH=/data/local/tmp/DroidCast_raw.apk app_process / ink.mol.droidcast_raw.Main > /dev/null')
2025-10-19 00:00:20.060 | INFO | Reuse forward: ForwardItem(serial='127.0.0.1:16384', local='tcp:20896', remote='tcp:53516')
2025-10-19 00:00:20.063 | INFO | DroidCast_raw = http://127.0.0.1:20896/screenshot?width=1280&height=720
2025-10-19 00:00:20.318 | INFO | DroidCast = offline
2025-10-19 00:00:20.575 | INFO | DroidCast = offline
2025-10-19 00:00:20.839 | INFO | DroidCast = online
2025-10-19 00:00:21.199 | INFO | Trying template matching for MAIN_CHECK with file: ./assets/main/MAIN_CHECK.png
2025-10-19 00:00:21.201 | DEBUG | MAIN_CHECK 加载模板图像: ./assets/main/MAIN_CHECK.png
2025-10-19 00:00:21.235 | DEBUG | MAIN_CHECK 模板图像加载成功, shape: (26, 87, 3)
2025-10-19 00:00:21.240 | DEBUG | MAIN_CHECK 模板匹配相似度: 0.0000, 阈值: 0.85, 匹配位置: (0, 0)
2025-10-19 00:00:21.242 | DEBUG | MAIN_CHECK 模板匹配结果: False
2025-10-19 00:00:21.248 | INFO | Template matching result for MAIN_CHECK: False
2025-10-19 00:00:21.250 | INFO | Not in main page
2025-10-19 00:00:21.252 | INFO | Trying template matching for UPDATE_CONFIRM with file: ./assets/login/UPDATE_CONFIRM.png
2025-10-19 00:00:21.253 | DEBUG | UPDATE_CONFIRM 加载模板图像: ./assets/login/UPDATE_CONFIRM.png
2025-10-19 00:00:21.256 | DEBUG | UPDATE_CONFIRM 模板图像加载成功, shape: (61, 275, 3)
2025-10-19 00:00:21.259 | DEBUG | UPDATE_CONFIRM 模板匹配相似度: 0.2052, 阈值: 0.85, 匹配位置: (20, 27)
2025-10-19 00:00:21.262 | DEBUG | UPDATE_CONFIRM 模板匹配结果: False
2025-10-19 00:00:21.264 | INFO | Template matching result for UPDATE_CONFIRM: False
2025-10-19 00:00:22.111 | INFO | Trying template matching for MAIN_CHECK with file: ./assets/main/MAIN_CHECK.png
2025-10-19 00:00:22.115 | DEBUG | MAIN_CHECK 模板匹配相似度: 0.0000, 阈值: 0.85, 匹配位置: (0, 0)
2025-10-19 00:00:22.118 | DEBUG | MAIN_CHECK 模板匹配结果: False
2025-10-19 00:00:22.119 | INFO | Template matching result for MAIN_CHECK: False
2025-10-19 00:00:22.121 | INFO | Not in main page
2025-10-19 00:00:22.122 | INFO | Trying template matching for UPDATE_CONFIRM with file: ./assets/login/UPDATE_CONFIRM.png
2025-10-19 00:00:22.128 | DEBUG | UPDATE_CONFIRM 模板匹配相似度: 0.2053, 阈值: 0.85, 匹配位置: (20, 27)
2025-10-19 00:00:22.129 | DEBUG | UPDATE_CONFIRM 模板匹配结果: False
2025-10-19 00:00:22.130 | INFO | Template matching result for UPDATE_CONFIRM: False
2025-10-19 00:00:23.169 | INFO | Trying template matching for MAIN_CHECK with file: ./assets/main/MAIN_CHECK.png
2025-10-19 00:00:23.172 | DEBUG | MAIN_CHECK 模板匹配相似度: 0.0000, 阈值: 0.85, 匹配位置: (0, 0)
2025-10-19 00:00:23.174 | DEBUG | MAIN_CHECK 模板匹配结果: False
2025-10-19 00:00:23.174 | INFO | Template matching result for MAIN_CHECK: False
2025-10-19 00:00:23.176 | INFO | Not in main page
2025-10-19 00:00:23.180 | INFO | Trying template matching for UPDATE_CONFIRM with file: ./assets/login/UPDATE_CONFIRM.png
2025-10-19 00:00:23.183 | DEBUG | UPDATE_CONFIRM 模板匹配相似度: 0.0000, 阈值: 0.85, 匹配位置: (0, 0)
2025-10-19 00:00:23.185 | DEBUG | UPDATE_CONFIRM 模板匹配结果: False
2025-10-19 00:00:23.186 | INFO | Template matching result for UPDATE_CONFIRM: False
2025-10-19 00:00:23.880 | INFO | Trying template matching for MAIN_CHECK with file: ./assets/main/MAIN_CHECK.png
2025-10-19 00:00:23.883 | DEBUG | MAIN_CHECK 模板匹配相似度: 0.0000, 阈值: 0.85, 匹配位置: (0, 0)
2025-10-19 00:00:23.885 | DEBUG | MAIN_CHECK 模板匹配结果: False
2025-10-19 00:00:23.887 | INFO | Template matching result for MAIN_CHECK: False
2025-10-19 00:00:23.888 | INFO | Not in main page
2025-10-19 00:00:23.890 | INFO | Trying template matching for UPDATE_CONFIRM with file: ./assets/login/UPDATE_CONFIRM.png
2025-10-19 00:00:23.896 | DEBUG | UPDATE_CONFIRM 模板匹配相似度: 0.0000, 阈值: 0.85, 匹配位置: (0, 0)
2025-10-19 00:00:23.899 | DEBUG | UPDATE_CONFIRM 模板匹配结果: False
2025-10-19 00:00:23.900 | INFO | Template matching result for UPDATE_CONFIRM: False
2025-10-19 00:00:24.556 | INFO | Trying template matching for MAIN_CHECK with file: ./assets/main/MAIN_CHECK.png
2025-10-19 00:00:24.558 | DEBUG | MAIN_CHECK 模板匹配相似度: 0.0000, 阈值: 0.85, 匹配位置: (0, 0)
2025-10-19 00:00:24.560 | DEBUG | MAIN_CHECK 模板匹配结果: False
2025-10-19 00:00:24.562 | INFO | Template matching result for MAIN_CHECK: False
2025-10-19 00:00:24.563 | INFO | Not in main page
2025-10-19 00:00:24.565 | INFO | Trying template matching for UPDATE_CONFIRM with file: ./assets/login/UPDATE_CONFIRM.png
2025-10-19 00:00:24.569 | DEBUG | UPDATE_CONFIRM 模板匹配相似度: 0.0000, 阈值: 0.85, 匹配位置: (0, 0)
2025-10-19 00:00:24.572 | DEBUG | UPDATE_CONFIRM 模板匹配结果: False
2025-10-19 00:00:24.573 | INFO | Template matching result for UPDATE_CONFIRM: False
2025-10-19 00:00:26.493 | INFO | Trying template matching for MAIN_CHECK with file: ./assets/main/MAIN_CHECK.png
2025-10-19 00:00:26.495 | DEBUG | MAIN_CHECK 模板匹配相似度: 0.0000, 阈值: 0.85, 匹配位置: (0, 0)
2025-10-19 00:00:26.497 | DEBUG | MAIN_CHECK 模板匹配结果: False
2025-10-19 00:00:26.500 | INFO | Template matching result for MAIN_CHECK: False
2025-10-19 00:00:26.507 | INFO | Not in main page
2025-10-19 00:00:26.508 | INFO | Trying template matching for UPDATE_CONFIRM with file: ./assets/login/UPDATE_CONFIRM.png
2025-10-19 00:00:26.511 | DEBUG | UPDATE_CONFIRM 模板匹配相似度: 0.0000, 阈值: 0.85, 匹配位置: (0, 0)
2025-10-19 00:00:26.513 | DEBUG | UPDATE_CONFIRM 模板匹配结果: False
2025-10-19 00:00:26.517 | INFO | Template matching result for UPDATE_CONFIRM: False
2025-10-19 00:00:27.180 | INFO | Trying template matching for MAIN_CHECK with file: ./assets/main/MAIN_CHECK.png
2025-10-19 00:00:27.183 | DEBUG | MAIN_CHECK 模板匹配相似度: 0.0000, 阈值: 0.85, 匹配位置: (0, 0)
2025-10-19 00:00:27.185 | DEBUG | MAIN_CHECK 模板匹配结果: False
2025-10-19 00:00:27.187 | INFO | Template matching result for MAIN_CHECK: False
2025-10-19 00:00:27.188 | INFO | Not in main page
2025-10-19 00:00:27.190 | INFO | Trying template matching for UPDATE_CONFIRM with file: ./assets/login/UPDATE_CONFIRM.png
2025-10-19 00:00:27.192 | DEBUG | UPDATE_CONFIRM 模板匹配相似度: 0.0000, 阈值: 0.85, 匹配位置: (0, 0)
2025-10-19 00:00:27.195 | DEBUG | UPDATE_CONFIRM 模板匹配结果: False
2025-10-19 00:00:27.198 | INFO | Template matching result for UPDATE_CONFIRM: False
2025-10-19 00:00:27.853 | INFO | Trying template matching for MAIN_CHECK with file: ./assets/main/MAIN_CHECK.png
2025-10-19 00:00:27.856 | DEBUG | MAIN_CHECK 模板匹配相似度: 0.0000, 阈值: 0.85, 匹配位置: (0, 0)
2025-10-19 00:00:27.857 | DEBUG | MAIN_CHECK 模板匹配结果: False
2025-10-19 00:00:27.857 | INFO | Template matching result for MAIN_CHECK: False
2025-10-19 00:00:27.859 | INFO | Not in main page
2025-10-19 00:00:27.860 | INFO | Trying template matching for UPDATE_CONFIRM with file: ./assets/login/UPDATE_CONFIRM.png
2025-10-19 00:00:27.863 | DEBUG | UPDATE_CONFIRM 模板匹配相似度: 0.0000, 阈值: 0.85, 匹配位置: (0, 0)
2025-10-19 00:00:27.866 | DEBUG | UPDATE_CONFIRM 模板匹配结果: False
2025-10-19 00:00:27.867 | INFO | Template matching result for UPDATE_CONFIRM: False
2025-10-19 00:00:28.502 | INFO | Trying template matching for MAIN_CHECK with file: ./assets/main/MAIN_CHECK.png
2025-10-19 00:00:28.504 | DEBUG | MAIN_CHECK 模板匹配相似度: 0.0000, 阈值: 0.85, 匹配位置: (0, 0)
2025-10-19 00:00:28.506 | DEBUG | MAIN_CHECK 模板匹配结果: False
2025-10-19 00:00:28.507 | INFO | Template matching result for MAIN_CHECK: False
2025-10-19 00:00:28.508 | INFO | Not in main page
2025-10-19 00:00:28.509 | INFO | Trying template matching for UPDATE_CONFIRM with file: ./assets/login/UPDATE_CONFIRM.png
2025-10-19 00:00:28.511 | DEBUG | UPDATE_CONFIRM 模板匹配相似度: 0.0000, 阈值: 0.85, 匹配位置: (0, 0)
2025-10-19 00:00:28.514 | DEBUG | UPDATE_CONFIRM 模板匹配结果: False
2025-10-19 00:00:28.517 | INFO | Template matching result for UPDATE_CONFIRM: False
2025-10-19 00:00:29.201 | INFO | Trying template matching for MAIN_CHECK with file: ./assets/main/MAIN_CHECK.png
2025-10-19 00:00:29.203 | DEBUG | MAIN_CHECK 模板匹配相似度: 0.0000, 阈值: 0.85, 匹配位置: (0, 0)
2025-10-19 00:00:29.205 | DEBUG | MAIN_CHECK 模板匹配结果: False
2025-10-19 00:00:29.207 | INFO | Template matching result for MAIN_CHECK: False
2025-10-19 00:00:29.208 | INFO | Not in main page
2025-10-19 00:00:29.210 | INFO | Trying template matching for UPDATE_CONFIRM with file: ./assets/login/UPDATE_CONFIRM.png
2025-10-19 00:00:29.214 | DEBUG | UPDATE_CONFIRM 模板匹配相似度: 0.0000, 阈值: 0.85, 匹配位置: (0, 0)
2025-10-19 00:00:29.216 | DEBUG | UPDATE_CONFIRM 模板匹配结果: False
2025-10-19 00:00:29.217 | INFO | Template matching result for UPDATE_CONFIRM: False
2025-10-19 00:00:30.066 | INFO | Trying template matching for MAIN_CHECK with file: ./assets/main/MAIN_CHECK.png
2025-10-19 00:00:30.068 | DEBUG | MAIN_CHECK 模板匹配相似度: 0.0000, 阈值: 0.85, 匹配位置: (0, 0)
2025-10-19 00:00:30.069 | DEBUG | MAIN_CHECK 模板匹配结果: False
2025-10-19 00:00:30.071 | INFO | Template matching result for MAIN_CHECK: False
2025-10-19 00:00:30.072 | INFO | Not in main page
2025-10-19 00:00:30.074 | INFO | Trying template matching for UPDATE_CONFIRM with file: ./assets/login/UPDATE_CONFIRM.png
2025-10-19 00:00:30.077 | DEBUG | UPDATE_CONFIRM 模板匹配相似度: 0.0000, 阈值: 0.85, 匹配位置: (0, 0)
2025-10-19 00:00:30.079 | DEBUG | UPDATE_CONFIRM 模板匹配结果: False
2025-10-19 00:00:30.081 | INFO | Template matching result for UPDATE_CONFIRM: False
2025-10-19 00:00:30.786 | INFO | Trying template matching for MAIN_CHECK with file: ./assets/main/MAIN_CHECK.png
2025-10-19 00:00:30.788 | DEBUG | MAIN_CHECK 模板匹配相似度: 0.0000, 阈值: 0.85, 匹配位置: (0, 0)
2025-10-19 00:00:30.788 | DEBUG | MAIN_CHECK 模板匹配结果: False
2025-10-19 00:00:30.790 | INFO | Template matching result for MAIN_CHECK: False
2025-10-19 00:00:30.791 | INFO | Not in main page
2025-10-19 00:00:30.792 | INFO | Trying template matching for UPDATE_CONFIRM with file: ./assets/login/UPDATE_CONFIRM.png
2025-10-19 00:00:30.795 | DEBUG | UPDATE_CONFIRM 模板匹配相似度: 0.0000, 阈值: 0.85, 匹配位置: (0, 0)
2025-10-19 00:00:30.797 | DEBUG | UPDATE_CONFIRM 模板匹配结果: False
2025-10-19 00:00:30.798 | INFO | Template matching result for UPDATE_CONFIRM: False
2025-10-19 00:00:31.429 | INFO | Trying template matching for MAIN_CHECK with file: ./assets/main/MAIN_CHECK.png
2025-10-19 00:00:31.431 | DEBUG | MAIN_CHECK 模板匹配相似度: 0.1388, 阈值: 0.85, 匹配位置: (45, 15)
2025-10-19 00:00:31.432 | DEBUG | MAIN_CHECK 模板匹配结果: False
2025-10-19 00:00:31.433 | INFO | Template matching result for MAIN_CHECK: False
2025-10-19 00:00:31.435 | INFO | Not in main page
2025-10-19 00:00:31.436 | INFO | Trying template matching for UPDATE_CONFIRM with file: ./assets/login/UPDATE_CONFIRM.png
2025-10-19 00:00:31.439 | DEBUG | UPDATE_CONFIRM 模板匹配相似度: 0.0939, 阈值: 0.85, 匹配位置: (0, 29)
2025-10-19 00:00:31.441 | DEBUG | UPDATE_CONFIRM 模板匹配结果: False
2025-10-19 00:00:31.442 | INFO | Template matching result for UPDATE_CONFIRM: False
2025-10-19 00:00:32.079 | INFO | Trying template matching for MAIN_CHECK with file: ./assets/main/MAIN_CHECK.png
2025-10-19 00:00:32.081 | DEBUG | MAIN_CHECK 模板匹配相似度: 0.1405, 阈值: 0.85, 匹配位置: (45, 15)
2025-10-19 00:00:32.083 | DEBUG | MAIN_CHECK 模板匹配结果: False
2025-10-19 00:00:32.084 | INFO | Template matching result for MAIN_CHECK: False
2025-10-19 00:00:32.086 | INFO | Not in main page
2025-10-19 00:00:32.087 | INFO | Trying template matching for UPDATE_CONFIRM with file: ./assets/login/UPDATE_CONFIRM.png
2025-10-19 00:00:32.090 | DEBUG | UPDATE_CONFIRM 模板匹配相似度: 0.0402, 阈值: 0.85, 匹配位置: (8, 3)
2025-10-19 00:00:32.092 | DEBUG | UPDATE_CONFIRM 模板匹配结果: False
2025-10-19 00:00:32.093 | INFO | Template matching result for UPDATE_CONFIRM: False
2025-10-19 00:00:32.731 | INFO | Trying template matching for MAIN_CHECK with file: ./assets/main/MAIN_CHECK.png
2025-10-19 00:00:32.733 | DEBUG | MAIN_CHECK 模板匹配相似度: 0.1329, 阈值: 0.85, 匹配位置: (18, 5)
2025-10-19 00:00:32.735 | DEBUG | MAIN_CHECK 模板匹配结果: False
2025-10-19 00:00:32.736 | INFO | Template matching result for MAIN_CHECK: False
2025-10-19 00:00:32.738 | INFO | Not in main page
2025-10-19 00:00:32.739 | INFO | Trying template matching for UPDATE_CONFIRM with file: ./assets/login/UPDATE_CONFIRM.png
2025-10-19 00:00:32.741 | DEBUG | UPDATE_CONFIRM 模板匹配相似度: 0.0724, 阈值: 0.85, 匹配位置: (14, 2)
2025-10-19 00:00:32.744 | DEBUG | UPDATE_CONFIRM 模板匹配结果: False
2025-10-19 00:00:32.746 | INFO | Template matching result for UPDATE_CONFIRM: False
2025-10-19 00:00:33.463 | INFO | Trying template matching for MAIN_CHECK with file: ./assets/main/MAIN_CHECK.png
2025-10-19 00:00:33.466 | DEBUG | MAIN_CHECK 模板匹配相似度: 0.1343, 阈值: 0.85, 匹配位置: (18, 5)
2025-10-19 00:00:33.468 | DEBUG | MAIN_CHECK 模板匹配结果: False
2025-10-19 00:00:33.470 | INFO | Template matching result for MAIN_CHECK: False
2025-10-19 00:00:33.472 | INFO | Not in main page
2025-10-19 00:00:33.473 | INFO | Trying template matching for UPDATE_CONFIRM with file: ./assets/login/UPDATE_CONFIRM.png
2025-10-19 00:00:33.478 | DEBUG | UPDATE_CONFIRM 模板匹配相似度: 0.0729, 阈值: 0.85, 匹配位置: (14, 2)
2025-10-19 00:00:33.480 | DEBUG | UPDATE_CONFIRM 模板匹配结果: False
2025-10-19 00:00:33.481 | INFO | Template matching result for UPDATE_CONFIRM: False
2025-10-19 00:00:34.167 | INFO | Trying template matching for MAIN_CHECK with file: ./assets/main/MAIN_CHECK.png
2025-10-19 00:00:34.170 | DEBUG | MAIN_CHECK 模板匹配相似度: 0.1343, 阈值: 0.85, 匹配位置: (18, 5)
2025-10-19 00:00:34.171 | DEBUG | MAIN_CHECK 模板匹配结果: False
2025-10-19 00:00:34.173 | INFO | Template matching result for MAIN_CHECK: False
2025-10-19 00:00:34.174 | INFO | Not in main page
2025-10-19 00:00:34.175 | INFO | Trying template matching for UPDATE_CONFIRM with file: ./assets/login/UPDATE_CONFIRM.png
2025-10-19 00:00:34.177 | DEBUG | UPDATE_CONFIRM 模板匹配相似度: 0.0729, 阈值: 0.85, 匹配位置: (14, 2)
2025-10-19 00:00:34.180 | DEBUG | UPDATE_CONFIRM 模板匹配结果: False
2025-10-19 00:00:34.181 | INFO | Template matching result for UPDATE_CONFIRM: False
2025-10-19 00:00:34.809 | INFO | Trying template matching for MAIN_CHECK with file: ./assets/main/MAIN_CHECK.png
2025-10-19 00:00:34.811 | DEBUG | MAIN_CHECK 模板匹配相似度: 0.1343, 阈值: 0.85, 匹配位置: (18, 5)
2025-10-19 00:00:34.813 | DEBUG | MAIN_CHECK 模板匹配结果: False
2025-10-19 00:00:34.815 | INFO | Template matching result for MAIN_CHECK: False
2025-10-19 00:00:34.816 | INFO | Not in main page
2025-10-19 00:00:34.817 | INFO | Trying template matching for UPDATE_CONFIRM with file: ./assets/login/UPDATE_CONFIRM.png
2025-10-19 00:00:34.819 | DEBUG | UPDATE_CONFIRM 模板匹配相似度: 0.0729, 阈值: 0.85, 匹配位置: (14, 2)
2025-10-19 00:00:34.822 | DEBUG | UPDATE_CONFIRM 模板匹配结果: False
2025-10-19 00:00:34.824 | INFO | Template matching result for UPDATE_CONFIRM: False
2025-10-19 00:00:35.458 | INFO | Trying template matching for MAIN_CHECK with file: ./assets/main/MAIN_CHECK.png
2025-10-19 00:00:35.460 | DEBUG | MAIN_CHECK 模板匹配相似度: 0.1343, 阈值: 0.85, 匹配位置: (18, 5)
2025-10-19 00:00:35.462 | DEBUG | MAIN_CHECK 模板匹配结果: False
2025-10-19 00:00:35.465 | INFO | Template matching result for MAIN_CHECK: False
2025-10-19 00:00:35.467 | INFO | Not in main page
2025-10-19 00:00:35.468 | INFO | Trying template matching for UPDATE_CONFIRM with file: ./assets/login/UPDATE_CONFIRM.png
2025-10-19 00:00:35.471 | DEBUG | UPDATE_CONFIRM 模板匹配相似度: 0.0729, 阈值: 0.85, 匹配位置: (14, 2)
2025-10-19 00:00:35.472 | DEBUG | UPDATE_CONFIRM 模板匹配结果: False
2025-10-19 00:00:35.474 | INFO | Template matching result for UPDATE_CONFIRM: False
2025-10-19 00:00:36.113 | INFO | Trying template matching for MAIN_CHECK with file: ./assets/main/MAIN_CHECK.png
2025-10-19 00:00:36.115 | DEBUG | MAIN_CHECK 模板匹配相似度: 0.1343, 阈值: 0.85, 匹配位置: (18, 5)
2025-10-19 00:00:36.118 | DEBUG | MAIN_CHECK 模板匹配结果: False
2025-10-19 00:00:36.120 | INFO | Template matching result for MAIN_CHECK: False
2025-10-19 00:00:36.121 | INFO | Not in main page
2025-10-19 00:00:36.123 | INFO | Trying template matching for UPDATE_CONFIRM with file: ./assets/login/UPDATE_CONFIRM.png
2025-10-19 00:00:36.124 | DEBUG | UPDATE_CONFIRM 模板匹配相似度: 0.0729, 阈值: 0.85, 匹配位置: (14, 2)
2025-10-19 00:00:36.126 | DEBUG | UPDATE_CONFIRM 模板匹配结果: False
2025-10-19 00:00:36.127 | INFO | Template matching result for UPDATE_CONFIRM: False
2025-10-19 00:00:36.762 | INFO | Trying template matching for MAIN_CHECK with file: ./assets/main/MAIN_CHECK.png
2025-10-19 00:00:36.764 | DEBUG | MAIN_CHECK 模板匹配相似度: 0.1343, 阈值: 0.85, 匹配位置: (18, 5)
2025-10-19 00:00:36.766 | DEBUG | MAIN_CHECK 模板匹配结果: False
2025-10-19 00:00:36.767 | INFO | Template matching result for MAIN_CHECK: False
2025-10-19 00:00:36.768 | INFO | Not in main page
2025-10-19 00:00:36.769 | INFO | Trying template matching for UPDATE_CONFIRM with file: ./assets/login/UPDATE_CONFIRM.png
2025-10-19 00:00:36.772 | DEBUG | UPDATE_CONFIRM 模板匹配相似度: 0.0729, 阈值: 0.85, 匹配位置: (14, 2)
2025-10-19 00:00:36.775 | DEBUG | UPDATE_CONFIRM 模板匹配结果: False
2025-10-19 00:00:36.776 | INFO | Template matching result for UPDATE_CONFIRM: False
2025-10-19 00:00:37.402 | INFO | Trying template matching for MAIN_CHECK with file: ./assets/main/MAIN_CHECK.png
2025-10-19 00:00:37.404 | DEBUG | MAIN_CHECK 模板匹配相似度: 0.1329, 阈值: 0.85, 匹配位置: (18, 5)
2025-10-19 00:00:37.406 | DEBUG | MAIN_CHECK 模板匹配结果: False
2025-10-19 00:00:37.407 | INFO | Template matching result for MAIN_CHECK: False
2025-10-19 00:00:37.408 | INFO | Not in main page
2025-10-19 00:00:37.409 | INFO | Trying template matching for UPDATE_CONFIRM with file: ./assets/login/UPDATE_CONFIRM.png
2025-10-19 00:00:37.412 | DEBUG | UPDATE_CONFIRM 模板匹配相似度: 0.0906, 阈值: 0.85, 匹配位置: (14, 2)
2025-10-19 00:00:37.414 | DEBUG | UPDATE_CONFIRM 模板匹配结果: False
2025-10-19 00:00:37.415 | INFO | Template matching result for UPDATE_CONFIRM: False
2025-10-19 00:00:38.041 | INFO | Trying template matching for MAIN_CHECK with file: ./assets/main/MAIN_CHECK.png
2025-10-19 00:00:38.043 | DEBUG | MAIN_CHECK 模板匹配相似度: 0.1329, 阈值: 0.85, 匹配位置: (18, 5)
2025-10-19 00:00:38.044 | DEBUG | MAIN_CHECK 模板匹配结果: False
2025-10-19 00:00:38.044 | INFO | Template matching result for MAIN_CHECK: False
2025-10-19 00:00:38.045 | INFO | Not in main page
2025-10-19 00:00:38.047 | INFO | Trying template matching for UPDATE_CONFIRM with file: ./assets/login/UPDATE_CONFIRM.png
2025-10-19 00:00:38.049 | DEBUG | UPDATE_CONFIRM 模板匹配相似度: 0.1122, 阈值: 0.85, 匹配位置: (14, 2)
2025-10-19 00:00:38.052 | DEBUG | UPDATE_CONFIRM 模板匹配结果: False
2025-10-19 00:00:38.054 | INFO | Template matching result for UPDATE_CONFIRM: False
2025-10-19 00:00:38.691 | INFO | Trying template matching for MAIN_CHECK with file: ./assets/main/MAIN_CHECK.png
2025-10-19 00:00:38.693 | DEBUG | MAIN_CHECK 模板匹配相似度: 0.1589, 阈值: 0.85, 匹配位置: (46, 15)
2025-10-19 00:00:38.695 | DEBUG | MAIN_CHECK 模板匹配结果: False
2025-10-19 00:00:38.696 | INFO | Template matching result for MAIN_CHECK: False
2025-10-19 00:00:38.697 | INFO | Not in main page
2025-10-19 00:00:38.698 | INFO | Trying template matching for UPDATE_CONFIRM with file: ./assets/login/UPDATE_CONFIRM.png
2025-10-19 00:00:38.700 | DEBUG | UPDATE_CONFIRM 模板匹配相似度: 0.0070, 阈值: 0.85, 匹配位置: (8, 27)
2025-10-19 00:00:38.701 | DEBUG | UPDATE_CONFIRM 模板匹配结果: False
2025-10-19 00:00:38.704 | INFO | Template matching result for UPDATE_CONFIRM: False
2025-10-19 00:00:39.336 | INFO | Trying template matching for MAIN_CHECK with file: ./assets/main/MAIN_CHECK.png
2025-10-19 00:00:39.338 | DEBUG | MAIN_CHECK 模板匹配相似度: 0.1329, 阈值: 0.85, 匹配位置: (18, 5)
2025-10-19 00:00:39.339 | DEBUG | MAIN_CHECK 模板匹配结果: False
2025-10-19 00:00:39.341 | INFO | Template matching result for MAIN_CHECK: False
2025-10-19 00:00:39.342 | INFO | Not in main page
2025-10-19 00:00:39.343 | INFO | Trying template matching for UPDATE_CONFIRM with file: ./assets/login/UPDATE_CONFIRM.png
2025-10-19 00:00:39.346 | DEBUG | UPDATE_CONFIRM 模板匹配相似度: 0.0072, 阈值: 0.85, 匹配位置: (8, 27)
2025-10-19 00:00:39.350 | DEBUG | UPDATE_CONFIRM 模板匹配结果: False
2025-10-19 00:00:39.351 | INFO | Template matching result for UPDATE_CONFIRM: False
2025-10-19 00:00:39.975 | INFO | Trying template matching for MAIN_CHECK with file: ./assets/main/MAIN_CHECK.png
2025-10-19 00:00:39.978 | DEBUG | MAIN_CHECK 模板匹配相似度: 0.1329, 阈值: 0.85, 匹配位置: (18, 5)
2025-10-19 00:00:39.979 | DEBUG | MAIN_CHECK 模板匹配结果: False
2025-10-19 00:00:39.981 | INFO | Template matching result for MAIN_CHECK: False
2025-10-19 00:00:39.982 | INFO | Not in main page
2025-10-19 00:00:39.984 | INFO | Trying template matching for UPDATE_CONFIRM with file: ./assets/login/UPDATE_CONFIRM.png
2025-10-19 00:00:39.987 | DEBUG | UPDATE_CONFIRM 模板匹配相似度: 0.0070, 阈值: 0.85, 匹配位置: (8, 27)
2025-10-19 00:00:39.988 | DEBUG | UPDATE_CONFIRM 模板匹配结果: False
2025-10-19 00:00:39.990 | INFO | Template matching result for UPDATE_CONFIRM: False
2025-10-19 00:00:40.621 | INFO | Trying template matching for MAIN_CHECK with file: ./assets/main/MAIN_CHECK.png
2025-10-19 00:00:40.624 | DEBUG | MAIN_CHECK 模板匹配相似度: 0.1329, 阈值: 0.85, 匹配位置: (18, 5)
2025-10-19 00:00:40.625 | DEBUG | MAIN_CHECK 模板匹配结果: False
2025-10-19 00:00:40.627 | INFO | Template matching result for MAIN_CHECK: False
2025-10-19 00:00:40.628 | INFO | Not in main page
2025-10-19 00:00:40.629 | INFO | Trying template matching for UPDATE_CONFIRM with file: ./assets/login/UPDATE_CONFIRM.png
2025-10-19 00:00:40.631 | DEBUG | UPDATE_CONFIRM 模板匹配相似度: 0.0070, 阈值: 0.85, 匹配位置: (8, 27)
2025-10-19 00:00:40.632 | DEBUG | UPDATE_CONFIRM 模板匹配结果: False
2025-10-19 00:00:40.635 | INFO | Template matching result for UPDATE_CONFIRM: False
2025-10-19 00:00:41.271 | INFO | Trying template matching for MAIN_CHECK with file: ./assets/main/MAIN_CHECK.png
2025-10-19 00:00:41.273 | DEBUG | MAIN_CHECK 模板匹配相似度: 0.1329, 阈值: 0.85, 匹配位置: (18, 5)
2025-10-19 00:00:41.275 | DEBUG | MAIN_CHECK 模板匹配结果: False
2025-10-19 00:00:41.277 | INFO | Template matching result for MAIN_CHECK: False
2025-10-19 00:00:41.278 | INFO | Not in main page
2025-10-19 00:00:41.280 | INFO | Trying template matching for UPDATE_CONFIRM with file: ./assets/login/UPDATE_CONFIRM.png
2025-10-19 00:00:41.283 | DEBUG | UPDATE_CONFIRM 模板匹配相似度: 0.0070, 阈值: 0.85, 匹配位置: (8, 27)
2025-10-19 00:00:41.285 | DEBUG | UPDATE_CONFIRM 模板匹配结果: False
2025-10-19 00:00:41.285 | INFO | Template matching result for UPDATE_CONFIRM: False
2025-10-19 00:00:41.924 | INFO | Trying template matching for MAIN_CHECK with file: ./assets/main/MAIN_CHECK.png
2025-10-19 00:00:41.926 | DEBUG | MAIN_CHECK 模板匹配相似度: 0.1329, 阈值: 0.85, 匹配位置: (18, 5)
2025-10-19 00:00:41.928 | DEBUG | MAIN_CHECK 模板匹配结果: False
2025-10-19 00:00:41.929 | INFO | Template matching result for MAIN_CHECK: False
2025-10-19 00:00:41.930 | INFO | Not in main page
2025-10-19 00:00:41.932 | INFO | Trying template matching for UPDATE_CONFIRM with file: ./assets/login/UPDATE_CONFIRM.png
2025-10-19 00:00:41.935 | DEBUG | UPDATE_CONFIRM 模板匹配相似度: 0.0070, 阈值: 0.85, 匹配位置: (8, 27)
2025-10-19 00:00:41.937 | DEBUG | UPDATE_CONFIRM 模板匹配结果: False
2025-10-19 00:00:41.938 | INFO | Template matching result for UPDATE_CONFIRM: False
2025-10-19 00:00:42.578 | INFO | Trying template matching for MAIN_CHECK with file: ./assets/main/MAIN_CHECK.png
2025-10-19 00:00:42.580 | DEBUG | MAIN_CHECK 模板匹配相似度: 0.1329, 阈值: 0.85, 匹配位置: (18, 5)
2025-10-19 00:00:42.582 | DEBUG | MAIN_CHECK 模板匹配结果: False
2025-10-19 00:00:42.583 | INFO | Template matching result for MAIN_CHECK: False
2025-10-19 00:00:42.584 | INFO | Not in main page
2025-10-19 00:00:42.587 | INFO | Trying template matching for UPDATE_CONFIRM with file: ./assets/login/UPDATE_CONFIRM.png
2025-10-19 00:00:42.590 | DEBUG | UPDATE_CONFIRM 模板匹配相似度: 0.0070, 阈值: 0.85, 匹配位置: (8, 27)
2025-10-19 00:00:42.591 | DEBUG | UPDATE_CONFIRM 模板匹配结果: False
2025-10-19 00:00:42.592 | INFO | Template matching result for UPDATE_CONFIRM: False
2025-10-19 00:00:43.234 | INFO | Trying template matching for MAIN_CHECK with file: ./assets/main/MAIN_CHECK.png
2025-10-19 00:00:43.236 | DEBUG | MAIN_CHECK 模板匹配相似度: 0.1329, 阈值: 0.85, 匹配位置: (18, 5)
2025-10-19 00:00:43.238 | DEBUG | MAIN_CHECK 模板匹配结果: False
2025-10-19 00:00:43.240 | INFO | Template matching result for MAIN_CHECK: False
2025-10-19 00:00:43.242 | INFO | Not in main page
2025-10-19 00:00:43.243 | INFO | Trying template matching for UPDATE_CONFIRM with file: ./assets/login/UPDATE_CONFIRM.png
2025-10-19 00:00:43.247 | DEBUG | UPDATE_CONFIRM 模板匹配相似度: 0.0070, 阈值: 0.85, 匹配位置: (8, 27)
2025-10-19 00:00:43.248 | DEBUG | UPDATE_CONFIRM 模板匹配结果: False
2025-10-19 00:00:43.250 | INFO | Template matching result for UPDATE_CONFIRM: False
2025-10-19 00:00:43.875 | INFO | Trying template matching for MAIN_CHECK with file: ./assets/main/MAIN_CHECK.png
2025-10-19 00:00:43.877 | DEBUG | MAIN_CHECK 模板匹配相似度: 0.1329, 阈值: 0.85, 匹配位置: (18, 5)
2025-10-19 00:00:43.878 | DEBUG | MAIN_CHECK 模板匹配结果: False
2025-10-19 00:00:43.880 | INFO | Template matching result for MAIN_CHECK: False
2025-10-19 00:00:43.882 | INFO | Not in main page
2025-10-19 00:00:43.882 | INFO | Trying template matching for UPDATE_CONFIRM with file: ./assets/login/UPDATE_CONFIRM.png
2025-10-19 00:00:43.884 | DEBUG | UPDATE_CONFIRM 模板匹配相似度: 0.0070, 阈值: 0.85, 匹配位置: (8, 27)
2025-10-19 00:00:43.886 | DEBUG | UPDATE_CONFIRM 模板匹配结果: False
2025-10-19 00:00:43.888 | INFO | Template matching result for UPDATE_CONFIRM: False
2025-10-19 00:00:44.520 | INFO | Trying template matching for MAIN_CHECK with file: ./assets/main/MAIN_CHECK.png
2025-10-19 00:00:44.522 | DEBUG | MAIN_CHECK 模板匹配相似度: 0.1329, 阈值: 0.85, 匹配位置: (18, 5)
2025-10-19 00:00:44.524 | DEBUG | MAIN_CHECK 模板匹配结果: False
2025-10-19 00:00:44.525 | INFO | Template matching result for MAIN_CHECK: False
2025-10-19 00:00:44.527 | INFO | Not in main page
2025-10-19 00:00:44.528 | INFO | Trying template matching for UPDATE_CONFIRM with file: ./assets/login/UPDATE_CONFIRM.png
2025-10-19 00:00:44.530 | DEBUG | UPDATE_CONFIRM 模板匹配相似度: 0.0070, 阈值: 0.85, 匹配位置: (8, 27)
2025-10-19 00:00:44.533 | DEBUG | UPDATE_CONFIRM 模板匹配结果: False
2025-10-19 00:00:44.534 | INFO | Template matching result for UPDATE_CONFIRM: False
2025-10-19 00:00:45.182 | INFO | Trying template matching for MAIN_CHECK with file: ./assets/main/MAIN_CHECK.png
2025-10-19 00:00:45.184 | DEBUG | MAIN_CHECK 模板匹配相似度: 0.1329, 阈值: 0.85, 匹配位置: (18, 5)
2025-10-19 00:00:45.186 | DEBUG | MAIN_CHECK 模板匹配结果: False
2025-10-19 00:00:45.189 | INFO | Template matching result for MAIN_CHECK: False
2025-10-19 00:00:45.190 | INFO | Not in main page
2025-10-19 00:00:45.192 | INFO | Trying template matching for UPDATE_CONFIRM with file: ./assets/login/UPDATE_CONFIRM.png
2025-10-19 00:00:45.194 | DEBUG | UPDATE_CONFIRM 模板匹配相似度: 0.0637, 阈值: 0.85, 匹配位置: (0, 29)
2025-10-19 00:00:45.195 | DEBUG | UPDATE_CONFIRM 模板匹配结果: False
2025-10-19 00:00:45.196 | INFO | Template matching result for UPDATE_CONFIRM: False
2025-10-19 00:00:45.837 | INFO | Trying template matching for MAIN_CHECK with file: ./assets/main/MAIN_CHECK.png
2025-10-19 00:00:45.840 | DEBUG | MAIN_CHECK 模板匹配相似度: 0.0841, 阈值: 0.85, 匹配位置: (9, 5)
2025-10-19 00:00:45.842 | DEBUG | MAIN_CHECK 模板匹配结果: False
2025-10-19 00:00:45.843 | INFO | Template matching result for MAIN_CHECK: False
2025-10-19 00:00:45.844 | INFO | Not in main page
2025-10-19 00:00:45.845 | INFO | Trying template matching for UPDATE_CONFIRM with file: ./assets/login/UPDATE_CONFIRM.png
2025-10-19 00:00:45.848 | DEBUG | UPDATE_CONFIRM 模板匹配相似度: 0.9999, 阈值: 0.85, 匹配位置: (10, 18)
2025-10-19 00:00:45.849 | DEBUG | UPDATE_CONFIRM 模板匹配结果: True
2025-10-19 00:00:45.851 | DEBUG | UPDATE_CONFIRM 颜色匹配 - 实际颜色: (104.00941176470589, 164.40501960784314, 239.63929411764707), 期望颜色: (104, 164, 239), 匹配结果: True
2025-10-19 00:00:45.855 | INFO | Template matching result for UPDATE_CONFIRM: True
2025-10-19 00:00:45.857 | INFO | Clicking update
2025-10-19 00:00:45.858 | INFO | Click at (760, 440)
2025-10-19 00:00:46.013 | INFO | Trying template matching for MAIN_CHECK with file: ./assets/main/MAIN_CHECK.png
2025-10-19 00:00:46.015 | DEBUG | MAIN_CHECK 模板匹配相似度: 0.0841, 阈值: 0.85, 匹配位置: (9, 5)
2025-10-19 00:00:46.017 | DEBUG | MAIN_CHECK 模板匹配结果: False
2025-10-19 00:00:46.018 | INFO | Template matching result for MAIN_CHECK: False
2025-10-19 00:00:46.019 | INFO | Not in main page
2025-10-19 00:00:46.022 | INFO | Trying template matching for UPDATE_CONFIRM with file: ./assets/login/UPDATE_CONFIRM.png
2025-10-19 00:00:46.025 | DEBUG | UPDATE_CONFIRM 模板匹配相似度: 0.9999, 阈值: 0.85, 匹配位置: (10, 18)
2025-10-19 00:00:46.027 | DEBUG | UPDATE_CONFIRM 模板匹配结果: True
2025-10-19 00:00:46.029 | DEBUG | UPDATE_CONFIRM 颜色匹配 - 实际颜色: (104.00941176470589, 164.40501960784314, 239.63929411764707), 期望颜色: (104, 164, 239), 匹配结果: True
2025-10-19 00:00:46.031 | INFO | Template matching result for UPDATE_CONFIRM: True
2025-10-19 00:00:46.032 | INFO | Clicking update
2025-10-19 00:00:46.033 | INFO | Click at (751, 470)
2025-10-19 00:00:46.173 | INFO | Trying template matching for MAIN_CHECK with file: ./assets/main/MAIN_CHECK.png
2025-10-19 00:00:46.176 | DEBUG | MAIN_CHECK 模板匹配相似度: 0.0841, 阈值: 0.85, 匹配位置: (9, 5)
2025-10-19 00:00:46.177 | DEBUG | MAIN_CHECK 模板匹配结果: False
2025-10-19 00:00:46.178 | INFO | Template matching result for MAIN_CHECK: False
2025-10-19 00:00:46.179 | INFO | Not in main page
2025-10-19 00:00:46.180 | INFO | Trying template matching for UPDATE_CONFIRM with file: ./assets/login/UPDATE_CONFIRM.png
2025-10-19 00:00:46.182 | DEBUG | UPDATE_CONFIRM 模板匹配相似度: 0.9302, 阈值: 0.85, 匹配位置: (10, 18)
2025-10-19 00:00:46.183 | DEBUG | UPDATE_CONFIRM 模板匹配结果: True
2025-10-19 00:00:46.184 | DEBUG | UPDATE_CONFIRM 颜色匹配 - 实际颜色: (105.15866666666668, 165.67600000000002, 240.04666666666668), 期望颜色: (104, 164, 239), 匹配结果: True
2025-10-19 00:00:46.190 | INFO | Template matching result for UPDATE_CONFIRM: True
2025-10-19 00:00:46.191 | INFO | Clicking update
2025-10-19 00:00:46.193 | INFO | Click at (781, 434)
2025-10-19 00:00:46.363 | INFO | Trying template matching for MAIN_CHECK with file: ./assets/main/MAIN_CHECK.png
2025-10-19 00:00:46.366 | DEBUG | MAIN_CHECK 模板匹配相似度: 0.1039, 阈值: 0.85, 匹配位置: (52, 17)
2025-10-19 00:00:46.370 | DEBUG | MAIN_CHECK 模板匹配结果: False
2025-10-19 00:00:46.372 | INFO | Template matching result for MAIN_CHECK: False
2025-10-19 00:00:46.373 | INFO | Not in main page
2025-10-19 00:00:46.375 | INFO | Trying template matching for UPDATE_CONFIRM with file: ./assets/login/UPDATE_CONFIRM.png
2025-10-19 00:00:46.380 | DEBUG | UPDATE_CONFIRM 模板匹配相似度: 0.6320, 阈值: 0.85, 匹配位置: (10, 18)
2025-10-19 00:00:46.383 | DEBUG | UPDATE_CONFIRM 模板匹配结果: False
2025-10-19 00:00:46.385 | INFO | Template matching result for UPDATE_CONFIRM: False
2025-10-19 00:00:47.058 | INFO | Trying template matching for MAIN_CHECK with file: ./assets/main/MAIN_CHECK.png
2025-10-19 00:00:47.061 | DEBUG | MAIN_CHECK 模板匹配相似度: 0.0000, 阈值: 0.85, 匹配位置: (0, 0)
2025-10-19 00:00:47.063 | DEBUG | MAIN_CHECK 模板匹配结果: False
2025-10-19 00:00:47.064 | INFO | Template matching result for MAIN_CHECK: False
2025-10-19 00:00:47.065 | INFO | Not in main page
2025-10-19 00:00:47.066 | INFO | Trying template matching for UPDATE_CONFIRM with file: ./assets/login/UPDATE_CONFIRM.png
2025-10-19 00:00:47.070 | DEBUG | UPDATE_CONFIRM 模板匹配相似度: 0.0464, 阈值: 0.85, 匹配位置: (18, 22)
2025-10-19 00:00:47.072 | DEBUG | UPDATE_CONFIRM 模板匹配结果: False
2025-10-19 00:00:47.073 | INFO | Template matching result for UPDATE_CONFIRM: False
2025-10-19 00:00:47.706 | INFO | Trying template matching for MAIN_CHECK with file: ./assets/main/MAIN_CHECK.png
2025-10-19 00:00:47.709 | DEBUG | MAIN_CHECK 模板匹配相似度: 0.1937, 阈值: 0.85, 匹配位置: (19, 29)
2025-10-19 00:00:47.713 | DEBUG | MAIN_CHECK 模板匹配结果: False
2025-10-19 00:00:47.715 | INFO | Template matching result for MAIN_CHECK: False
2025-10-19 00:00:47.718 | INFO | Not in main page
2025-10-19 00:00:47.722 | INFO | Trying template matching for UPDATE_CONFIRM with file: ./assets/login/UPDATE_CONFIRM.png
2025-10-19 00:00:47.726 | DEBUG | UPDATE_CONFIRM 模板匹配相似度: 0.0629, 阈值: 0.85, 匹配位置: (4, 28)
2025-10-19 00:00:47.728 | DEBUG | UPDATE_CONFIRM 模板匹配结果: False
2025-10-19 00:00:47.732 | INFO | Template matching result for UPDATE_CONFIRM: False
2025-10-19 00:00:48.364 | INFO | Trying template matching for MAIN_CHECK with file: ./assets/main/MAIN_CHECK.png
2025-10-19 00:00:48.366 | DEBUG | MAIN_CHECK 模板匹配相似度: 0.0000, 阈值: 0.85, 匹配位置: (0, 0)
2025-10-19 00:00:48.368 | DEBUG | MAIN_CHECK 模板匹配结果: False
2025-10-19 00:00:48.369 | INFO | Template matching result for MAIN_CHECK: False
2025-10-19 00:00:48.370 | INFO | Not in main page
2025-10-19 00:00:48.371 | INFO | Trying template matching for UPDATE_CONFIRM with file: ./assets/login/UPDATE_CONFIRM.png
2025-10-19 00:00:48.374 | DEBUG | UPDATE_CONFIRM 模板匹配相似度: 0.0000, 阈值: 0.85, 匹配位置: (0, 0)
2025-10-19 00:00:48.377 | DEBUG | UPDATE_CONFIRM 模板匹配结果: False
2025-10-19 00:00:48.378 | INFO | Template matching result for UPDATE_CONFIRM: False
2025-10-19 00:00:49.021 | INFO | Trying template matching for MAIN_CHECK with file: ./assets/main/MAIN_CHECK.png
2025-10-19 00:00:49.023 | DEBUG | MAIN_CHECK 模板匹配相似度: 0.0000, 阈值: 0.85, 匹配位置: (0, 0)
2025-10-19 00:00:49.025 | DEBUG | MAIN_CHECK 模板匹配结果: False
2025-10-19 00:00:49.026 | INFO | Template matching result for MAIN_CHECK: False
2025-10-19 00:00:49.027 | INFO | Not in main page
2025-10-19 00:00:49.028 | INFO | Trying template matching for UPDATE_CONFIRM with file: ./assets/login/UPDATE_CONFIRM.png
2025-10-19 00:00:49.031 | DEBUG | UPDATE_CONFIRM 模板匹配相似度: 0.0000, 阈值: 0.85, 匹配位置: (0, 0)
2025-10-19 00:00:49.033 | DEBUG | UPDATE_CONFIRM 模板匹配结果: False
2025-10-19 00:00:49.033 | INFO | Template matching result for UPDATE_CONFIRM: False
2025-10-19 00:00:49.660 | INFO | Trying template matching for MAIN_CHECK with file: ./assets/main/MAIN_CHECK.png
2025-10-19 00:00:49.662 | DEBUG | MAIN_CHECK 模板匹配相似度: 0.0000, 阈值: 0.85, 匹配位置: (0, 0)
2025-10-19 00:00:49.664 | DEBUG | MAIN_CHECK 模板匹配结果: False
2025-10-19 00:00:49.665 | INFO | Template matching result for MAIN_CHECK: False
2025-10-19 00:00:49.666 | INFO | Not in main page
2025-10-19 00:00:49.667 | INFO | Trying template matching for UPDATE_CONFIRM with file: ./assets/login/UPDATE_CONFIRM.png
2025-10-19 00:00:49.669 | DEBUG | UPDATE_CONFIRM 模板匹配相似度: 0.0000, 阈值: 0.85, 匹配位置: (0, 0)
2025-10-19 00:00:49.672 | DEBUG | UPDATE_CONFIRM 模板匹配结果: False
2025-10-19 00:00:49.673 | INFO | Template matching result for UPDATE_CONFIRM: False
2025-10-19 00:00:50.297 | INFO | Trying template matching for MAIN_CHECK with file: ./assets/main/MAIN_CHECK.png
2025-10-19 00:00:50.300 | DEBUG | MAIN_CHECK 模板匹配相似度: 0.0000, 阈值: 0.85, 匹配位置: (0, 0)
2025-10-19 00:00:50.302 | DEBUG | MAIN_CHECK 模板匹配结果: False
2025-10-19 00:00:50.303 | INFO | Template matching result for MAIN_CHECK: False
2025-10-19 00:00:50.305 | INFO | Not in main page
2025-10-19 00:00:50.306 | INFO | Trying template matching for UPDATE_CONFIRM with file: ./assets/login/UPDATE_CONFIRM.png
2025-10-19 00:00:50.308 | DEBUG | UPDATE_CONFIRM 模板匹配相似度: 0.0000, 阈值: 0.85, 匹配位置: (0, 0)
2025-10-19 00:00:50.311 | DEBUG | UPDATE_CONFIRM 模板匹配结果: False
2025-10-19 00:00:50.312 | INFO | Template matching result for UPDATE_CONFIRM: False
2025-10-19 00:00:50.938 | INFO | Trying template matching for MAIN_CHECK with file: ./assets/main/MAIN_CHECK.png
2025-10-19 00:00:50.940 | DEBUG | MAIN_CHECK 模板匹配相似度: 0.0000, 阈值: 0.85, 匹配位置: (0, 0)
2025-10-19 00:00:50.941 | DEBUG | MAIN_CHECK 模板匹配结果: False
2025-10-19 00:00:50.943 | INFO | Template matching result for MAIN_CHECK: False
2025-10-19 00:00:50.944 | INFO | Not in main page
2025-10-19 00:00:50.945 | INFO | Trying template matching for UPDATE_CONFIRM with file: ./assets/login/UPDATE_CONFIRM.png
2025-10-19 00:00:50.947 | DEBUG | UPDATE_CONFIRM 模板匹配相似度: 0.0000, 阈值: 0.85, 匹配位置: (0, 0)
2025-10-19 00:00:50.948 | DEBUG | UPDATE_CONFIRM 模板匹配结果: False
2025-10-19 00:00:50.951 | INFO | Template matching result for UPDATE_CONFIRM: False
2025-10-19 00:00:51.577 | INFO | Trying template matching for MAIN_CHECK with file: ./assets/main/MAIN_CHECK.png
2025-10-19 00:00:51.579 | DEBUG | MAIN_CHECK 模板匹配相似度: 0.0000, 阈值: 0.85, 匹配位置: (0, 0)
2025-10-19 00:00:51.580 | DEBUG | MAIN_CHECK 模板匹配结果: False
2025-10-19 00:00:51.581 | INFO | Template matching result for MAIN_CHECK: False
2025-10-19 00:00:51.582 | INFO | Not in main page
2025-10-19 00:00:51.583 | INFO | Trying template matching for UPDATE_CONFIRM with file: ./assets/login/UPDATE_CONFIRM.png
2025-10-19 00:00:51.586 | DEBUG | UPDATE_CONFIRM 模板匹配相似度: 0.0000, 阈值: 0.85, 匹配位置: (0, 0)
2025-10-19 00:00:51.587 | DEBUG | UPDATE_CONFIRM 模板匹配结果: False
2025-10-19 00:00:51.590 | INFO | Template matching result for UPDATE_CONFIRM: False
2025-10-19 00:00:52.266 | INFO | Trying template matching for MAIN_CHECK with file: ./assets/main/MAIN_CHECK.png
2025-10-19 00:00:52.268 | DEBUG | MAIN_CHECK 模板匹配相似度: 0.0000, 阈值: 0.85, 匹配位置: (0, 0)
2025-10-19 00:00:52.269 | DEBUG | MAIN_CHECK 模板匹配结果: False
2025-10-19 00:00:52.272 | INFO | Template matching result for MAIN_CHECK: False
2025-10-19 00:00:52.274 | INFO | Not in main page
2025-10-19 00:00:52.277 | INFO | Trying template matching for UPDATE_CONFIRM with file: ./assets/login/UPDATE_CONFIRM.png
2025-10-19 00:00:52.279 | DEBUG | UPDATE_CONFIRM 模板匹配相似度: 0.0000, 阈值: 0.85, 匹配位置: (0, 0)
2025-10-19 00:00:52.281 | DEBUG | UPDATE_CONFIRM 模板匹配结果: False
2025-10-19 00:00:52.282 | INFO | Template matching result for UPDATE_CONFIRM: False
2025-10-19 00:00:52.969 | INFO | Trying template matching for MAIN_CHECK with file: ./assets/main/MAIN_CHECK.png
2025-10-19 00:00:52.971 | DEBUG | MAIN_CHECK 模板匹配相似度: 0.0000, 阈值: 0.85, 匹配位置: (0, 0)
2025-10-19 00:00:52.973 | DEBUG | MAIN_CHECK 模板匹配结果: False
2025-10-19 00:00:52.976 | INFO | Template matching result for MAIN_CHECK: False
2025-10-19 00:00:52.978 | INFO | Not in main page
2025-10-19 00:00:52.979 | INFO | Trying template matching for UPDATE_CONFIRM with file: ./assets/login/UPDATE_CONFIRM.png
2025-10-19 00:00:52.983 | DEBUG | UPDATE_CONFIRM 模板匹配相似度: 0.0000, 阈值: 0.85, 匹配位置: (0, 0)
2025-10-19 00:00:52.984 | DEBUG | UPDATE_CONFIRM 模板匹配结果: False
2025-10-19 00:00:52.986 | INFO | Template matching result for UPDATE_CONFIRM: False
2025-10-19 00:00:53.617 | INFO | Trying template matching for MAIN_CHECK with file: ./assets/main/MAIN_CHECK.png
2025-10-19 00:00:53.620 | DEBUG | MAIN_CHECK 模板匹配相似度: 0.9999, 阈值: 0.85, 匹配位置: (28, 27)
2025-10-19 00:00:53.621 | DEBUG | MAIN_CHECK 模板匹配结果: True
2025-10-19 00:00:53.622 | DEBUG | MAIN_CHECK 颜色匹配 - 实际颜色: (247.6085693536674, 156.02178649237473, 198.42992011619464), 期望颜色: (255, 159, 207), 匹配结果: True
2025-10-19 00:00:53.624 | INFO | Template matching result for MAIN_CHECK: True
2025-10-19 00:00:53.625 | INFO | Trying template matching for UPDATE_CONFIRM with file: ./assets/login/UPDATE_CONFIRM.png
2025-10-19 00:00:53.626 | DEBUG | UPDATE_CONFIRM 模板匹配相似度: 0.1900, 阈值: 0.85, 匹配位置: (10, 2)
2025-10-19 00:00:53.628 | DEBUG | UPDATE_CONFIRM 模板匹配结果: False
2025-10-19 00:00:53.629 | INFO | Template matching result for UPDATE_CONFIRM: False
2025-10-19 00:00:54.254 | INFO | Trying template matching for MAIN_CHECK with file: ./assets/main/MAIN_CHECK.png
2025-10-19 00:00:54.257 | DEBUG | MAIN_CHECK 模板匹配相似度: 0.4578, 阈值: 0.85, 匹配位置: (28, 26)
2025-10-19 00:00:54.259 | DEBUG | MAIN_CHECK 模板匹配结果: False
2025-10-19 00:00:54.260 | INFO | Template matching result for MAIN_CHECK: False
2025-10-19 00:00:54.261 | INFO | Not in main page
2025-10-19 00:00:54.262 | INFO | Trying template matching for UPDATE_CONFIRM with file: ./assets/login/UPDATE_CONFIRM.png
2025-10-19 00:00:54.264 | DEBUG | UPDATE_CONFIRM 模板匹配相似度: 0.0763, 阈值: 0.85, 匹配位置: (4, 26)
2025-10-19 00:00:54.265 | DEBUG | UPDATE_CONFIRM 模板匹配结果: False
2025-10-19 00:00:54.267 | INFO | Template matching result for UPDATE_CONFIRM: False
2025-10-19 00:00:54.894 | INFO | Trying template matching for MAIN_CHECK with file: ./assets/main/MAIN_CHECK.png
2025-10-19 00:00:54.897 | DEBUG | MAIN_CHECK 模板匹配相似度: 0.9999, 阈值: 0.85, 匹配位置: (28, 27)
2025-10-19 00:00:54.899 | DEBUG | MAIN_CHECK 模板匹配结果: True
2025-10-19 00:00:54.900 | DEBUG | MAIN_CHECK 颜色匹配 - 实际颜色: (247.6085693536674, 156.02178649237473, 198.42992011619464), 期望颜色: (255, 159, 207), 匹配结果: True
2025-10-19 00:00:54.902 | INFO | Template matching result for MAIN_CHECK: True
2025-10-19 00:00:54.904 | INFO | Trying template matching for UPDATE_CONFIRM with file: ./assets/login/UPDATE_CONFIRM.png
2025-10-19 00:00:54.906 | DEBUG | UPDATE_CONFIRM 模板匹配相似度: 0.1867, 阈值: 0.85, 匹配位置: (20, 0)
2025-10-19 00:00:54.907 | DEBUG | UPDATE_CONFIRM 模板匹配结果: False
2025-10-19 00:00:54.908 | INFO | Template matching result for UPDATE_CONFIRM: False
2025-10-19 00:00:55.536 | INFO | Trying template matching for MAIN_CHECK with file: ./assets/main/MAIN_CHECK.png
2025-10-19 00:00:55.539 | DEBUG | MAIN_CHECK 模板匹配相似度: 0.7344, 阈值: 0.85, 匹配位置: (28, 27)
2025-10-19 00:00:55.541 | DEBUG | MAIN_CHECK 模板匹配结果: False
2025-10-19 00:00:55.543 | INFO | Template matching result for MAIN_CHECK: False
2025-10-19 00:00:55.544 | INFO | Not in main page
2025-10-19 00:00:55.545 | INFO | Trying template matching for UPDATE_CONFIRM with file: ./assets/login/UPDATE_CONFIRM.png
2025-10-19 00:00:55.547 | DEBUG | UPDATE_CONFIRM 模板匹配相似度: 0.2038, 阈值: 0.85, 匹配位置: (20, 0)
2025-10-19 00:00:55.549 | DEBUG | UPDATE_CONFIRM 模板匹配结果: False
2025-10-19 00:00:55.550 | INFO | Template matching result for UPDATE_CONFIRM: False
2025-10-19 00:00:56.189 | INFO | Trying template matching for MAIN_CHECK with file: ./assets/main/MAIN_CHECK.png
2025-10-19 00:00:56.192 | DEBUG | MAIN_CHECK 模板匹配相似度: 0.4635, 阈值: 0.85, 匹配位置: (27, 29)
2025-10-19 00:00:56.193 | DEBUG | MAIN_CHECK 模板匹配结果: False
2025-10-19 00:00:56.194 | INFO | Template matching result for MAIN_CHECK: False
2025-10-19 00:00:56.195 | INFO | Not in main page
2025-10-19 00:00:56.196 | INFO | Trying template matching for UPDATE_CONFIRM with file: ./assets/login/UPDATE_CONFIRM.png
2025-10-19 00:00:56.198 | DEBUG | UPDATE_CONFIRM 模板匹配相似度: 0.1719, 阈值: 0.85, 匹配位置: (0, 19)
2025-10-19 00:00:56.199 | DEBUG | UPDATE_CONFIRM 模板匹配结果: False
2025-10-19 00:00:56.200 | INFO | Template matching result for UPDATE_CONFIRM: False
2025-10-19 00:00:56.829 | INFO | Trying template matching for MAIN_CHECK with file: ./assets/main/MAIN_CHECK.png
2025-10-19 00:00:56.832 | DEBUG | MAIN_CHECK 模板匹配相似度: 0.4635, 阈值: 0.85, 匹配位置: (27, 29)
2025-10-19 00:00:56.833 | DEBUG | MAIN_CHECK 模板匹配结果: False
2025-10-19 00:00:56.835 | INFO | Template matching result for MAIN_CHECK: False
2025-10-19 00:00:56.836 | INFO | Not in main page
2025-10-19 00:00:56.837 | INFO | Trying template matching for UPDATE_CONFIRM with file: ./assets/login/UPDATE_CONFIRM.png
2025-10-19 00:00:56.840 | DEBUG | UPDATE_CONFIRM 模板匹配相似度: 0.1719, 阈值: 0.85, 匹配位置: (0, 19)
2025-10-19 00:00:56.842 | DEBUG | UPDATE_CONFIRM 模板匹配结果: False
2025-10-19 00:00:56.844 | INFO | Template matching result for UPDATE_CONFIRM: False
2025-10-19 00:00:57.464 | INFO | Trying template matching for MAIN_CHECK with file: ./assets/main/MAIN_CHECK.png
2025-10-19 00:00:57.466 | DEBUG | MAIN_CHECK 模板匹配相似度: 0.4491, 阈值: 0.85, 匹配位置: (28, 29)
2025-10-19 00:00:57.467 | DEBUG | MAIN_CHECK 模板匹配结果: False
2025-10-19 00:00:57.468 | INFO | Template matching result for MAIN_CHECK: False
2025-10-19 00:00:57.469 | INFO | Not in main page
2025-10-19 00:00:57.471 | INFO | Trying template matching for UPDATE_CONFIRM with file: ./assets/login/UPDATE_CONFIRM.png
2025-10-19 00:00:57.474 | DEBUG | UPDATE_CONFIRM 模板匹配相似度: 0.1719, 阈值: 0.85, 匹配位置: (0, 19)
2025-10-19 00:00:57.477 | DEBUG | UPDATE_CONFIRM 模板匹配结果: False
2025-10-19 00:00:57.478 | INFO | Template matching result for UPDATE_CONFIRM: False
2025-10-19 00:00:58.107 | INFO | Trying template matching for MAIN_CHECK with file: ./assets/main/MAIN_CHECK.png
2025-10-19 00:00:58.109 | DEBUG | MAIN_CHECK 模板匹配相似度: 0.4635, 阈值: 0.85, 匹配位置: (27, 29)
2025-10-19 00:00:58.111 | DEBUG | MAIN_CHECK 模板匹配结果: False
2025-10-19 00:00:58.113 | INFO | Template matching result for MAIN_CHECK: False
2025-10-19 00:00:58.115 | INFO | Not in main page
2025-10-19 00:00:58.117 | INFO | Trying template matching for UPDATE_CONFIRM with file: ./assets/login/UPDATE_CONFIRM.png
2025-10-19 00:00:58.121 | DEBUG | UPDATE_CONFIRM 模板匹配相似度: 0.1719, 阈值: 0.85, 匹配位置: (0, 19)
2025-10-19 00:00:58.123 | DEBUG | UPDATE_CONFIRM 模板匹配结果: False
2025-10-19 00:00:58.124 | INFO | Template matching result for UPDATE_CONFIRM: False
2025-10-19 00:00:58.754 | INFO | Trying template matching for MAIN_CHECK with file: ./assets/main/MAIN_CHECK.png
2025-10-19 00:00:58.757 | DEBUG | MAIN_CHECK 模板匹配相似度: 0.2836, 阈值: 0.85, 匹配位置: (27, 29)
2025-10-19 00:00:58.758 | DEBUG | MAIN_CHECK 模板匹配结果: False
2025-10-19 00:00:58.759 | INFO | Template matching result for MAIN_CHECK: False
2025-10-19 00:00:58.760 | INFO | Not in main page
2025-10-19 00:00:58.761 | INFO | Trying template matching for UPDATE_CONFIRM with file: ./assets/login/UPDATE_CONFIRM.png
2025-10-19 00:00:58.763 | DEBUG | UPDATE_CONFIRM 模板匹配相似度: 0.1719, 阈值: 0.85, 匹配位置: (0, 19)
2025-10-19 00:00:58.765 | DEBUG | UPDATE_CONFIRM 模板匹配结果: False
2025-10-19 00:00:58.768 | INFO | Template matching result for UPDATE_CONFIRM: False
2025-10-19 00:00:59.402 | INFO | Trying template matching for MAIN_CHECK with file: ./assets/main/MAIN_CHECK.png
2025-10-19 00:00:59.405 | DEBUG | MAIN_CHECK 模板匹配相似度: 0.4635, 阈值: 0.85, 匹配位置: (27, 29)
2025-10-19 00:00:59.407 | DEBUG | MAIN_CHECK 模板匹配结果: False
2025-10-19 00:00:59.408 | INFO | Template matching result for MAIN_CHECK: False
2025-10-19 00:00:59.411 | INFO | Not in main page
2025-10-19 00:00:59.412 | INFO | Trying template matching for UPDATE_CONFIRM with file: ./assets/login/UPDATE_CONFIRM.png
2025-10-19 00:00:59.414 | DEBUG | UPDATE_CONFIRM 模板匹配相似度: 0.1719, 阈值: 0.85, 匹配位置: (0, 19)
2025-10-19 00:00:59.416 | DEBUG | UPDATE_CONFIRM 模板匹配结果: False
2025-10-19 00:00:59.417 | INFO | Template matching result for UPDATE_CONFIRM: False
2025-10-19 00:01:00.044 | INFO | Trying template matching for MAIN_CHECK with file: ./assets/main/MAIN_CHECK.png
2025-10-19 00:01:00.047 | DEBUG | MAIN_CHECK 模板匹配相似度: 0.4635, 阈值: 0.85, 匹配位置: (27, 29)
2025-10-19 00:01:00.048 | DEBUG | MAIN_CHECK 模板匹配结果: False
2025-10-19 00:01:00.049 | INFO | Template matching result for MAIN_CHECK: False
2025-10-19 00:01:00.050 | INFO | Not in main page
2025-10-19 00:01:00.052 | INFO | Trying template matching for UPDATE_CONFIRM with file: ./assets/login/UPDATE_CONFIRM.png
2025-10-19 00:01:00.055 | DEBUG | UPDATE_CONFIRM 模板匹配相似度: 0.1719, 阈值: 0.85, 匹配位置: (0, 19)
2025-10-19 00:01:00.057 | DEBUG | UPDATE_CONFIRM 模板匹配结果: False
2025-10-19 00:01:00.057 | INFO | Template matching result for UPDATE_CONFIRM: False
2025-10-19 00:01:00.685 | INFO | Trying template matching for MAIN_CHECK with file: ./assets/main/MAIN_CHECK.png
2025-10-19 00:01:00.688 | DEBUG | MAIN_CHECK 模板匹配相似度: 0.4565, 阈值: 0.85, 匹配位置: (28, 29)
2025-10-19 00:01:00.690 | DEBUG | MAIN_CHECK 模板匹配结果: False
2025-10-19 00:01:00.692 | INFO | Template matching result for MAIN_CHECK: False
2025-10-19 00:01:00.693 | INFO | Not in main page
2025-10-19 00:01:00.694 | INFO | Trying template matching for UPDATE_CONFIRM with file: ./assets/login/UPDATE_CONFIRM.png
2025-10-19 00:01:00.696 | DEBUG | UPDATE_CONFIRM 模板匹配相似度: 0.1719, 阈值: 0.85, 匹配位置: (0, 19)
2025-10-19 00:01:00.698 | DEBUG | UPDATE_CONFIRM 模板匹配结果: False
2025-10-19 00:01:00.700 | INFO | Template matching result for UPDATE_CONFIRM: False
2025-10-19 00:01:01.348 | INFO | Trying template matching for MAIN_CHECK with file: ./assets/main/MAIN_CHECK.png
2025-10-19 00:01:01.351 | DEBUG | MAIN_CHECK 模板匹配相似度: 0.4635, 阈值: 0.85, 匹配位置: (27, 29)
2025-10-19 00:01:01.353 | DEBUG | MAIN_CHECK 模板匹配结果: False
2025-10-19 00:01:01.354 | INFO | Template matching result for MAIN_CHECK: False
2025-10-19 00:01:01.357 | INFO | Not in main page
2025-10-19 00:01:01.358 | INFO | Trying template matching for UPDATE_CONFIRM with file: ./assets/login/UPDATE_CONFIRM.png
2025-10-19 00:01:01.360 | DEBUG | UPDATE_CONFIRM 模板匹配相似度: 0.1719, 阈值: 0.85, 匹配位置: (0, 19)
2025-10-19 00:01:01.362 | DEBUG | UPDATE_CONFIRM 模板匹配结果: False
2025-10-19 00:01:01.362 | INFO | Template matching result for UPDATE_CONFIRM: False
2025-10-19 17:17:21.378 | INFO | 配置文件：cwj.json
2025-10-19 17:17:21.382 | INFO | 截图方式：DroidCast_raw
2025-10-19 17:17:21.383 | INFO | 点击方式：ADB
2025-10-19 17:17:21.385 | INFO | Found 0 devices
2025-10-19 17:17:21.386 | ERROR | No available devices found
2025-10-19 17:17:21.387 | ERROR | 'PriconneConfig' object has no attribute 'Emulator'
Traceback (most recent call last):
  File "pcr.py", line 53, in device
    device = Device(config=self.config)
  File "C:\Users\Alc29\Desktop\del\GameScript\PCR_GBA_Tool\module\device\device.py", line 32, in __init__
    super().__init__(config)
  File "C:\Users\Alc29\Desktop\del\GameScript\PCR_GBA_Tool\module\device\connection.py", line 76, in __init__
    self.detect_device()
  File "C:\Users\Alc29\Desktop\del\GameScript\PCR_GBA_Tool\module\device\connection.py", line 227, in detect_device
    if self.config.Emulator.AdbRestart:
AttributeError: 'PriconneConfig' object has no attribute 'Emulator'
2025-10-19 17:22:41.709 | INFO | 配置文件：cwj.json
2025-10-19 17:22:41.713 | INFO | 截图方式：DroidCast_raw
2025-10-19 17:22:41.714 | INFO | 点击方式：ADB
2025-10-19 17:22:41.716 | INFO | Found 0 devices
2025-10-19 17:22:41.717 | ERROR | No available devices found
2025-10-19 17:22:41.718 | CRITICAL | No devices available
2025-10-19 17:22:41.719 | INFO | 可能的原因:
2025-10-19 17:22:41.721 | INFO |   - MuMu 模拟器未启动
2025-10-19 17:22:41.722 | INFO |   - ADB 连接未建立
2025-10-19 17:22:41.723 | INFO |   - 模拟器 ADB 端口配置错误
2025-10-19 17:22:41.723 | WARNING | Emulator not running, trial 1/4
2025-10-19 17:22:41.725 | INFO | Found 0 devices
2025-10-19 17:22:41.726 | ERROR | No available devices found
2025-10-19 17:22:41.727 | CRITICAL | No devices available
2025-10-19 17:22:41.728 | INFO | 可能的原因:
2025-10-19 17:22:41.729 | INFO |   - MuMu 模拟器未启动
2025-10-19 17:22:41.729 | INFO |   - ADB 连接未建立
2025-10-19 17:22:41.749 | INFO |   - 模拟器 ADB 端口配置错误
2025-10-19 17:22:41.751 | WARNING | Emulator not running, trial 2/4
2025-10-19 17:22:41.753 | INFO | Found 0 devices
2025-10-19 17:22:41.754 | ERROR | No available devices found
2025-10-19 17:22:41.755 | CRITICAL | No devices available
2025-10-19 17:22:41.756 | INFO | 可能的原因:
2025-10-19 17:22:41.756 | INFO |   - MuMu 模拟器未启动
2025-10-19 17:22:41.758 | INFO |   - ADB 连接未建立
2025-10-19 17:22:41.759 | INFO |   - 模拟器 ADB 端口配置错误
2025-10-19 17:22:41.761 | WARNING | Emulator not running, trial 3/4
2025-10-19 17:22:41.763 | INFO | Found 0 devices
2025-10-19 17:22:41.764 | ERROR | No available devices found
2025-10-19 17:22:41.764 | CRITICAL | No devices available
2025-10-19 17:22:41.765 | INFO | 可能的原因:
2025-10-19 17:22:41.766 | INFO |   - MuMu 模拟器未启动
2025-10-19 17:22:41.768 | INFO |   - ADB 连接未建立
2025-10-19 17:22:41.769 | INFO |   - 模拟器 ADB 端口配置错误
2025-10-19 17:22:41.769 | CRITICAL | Failed to start emulator after 3 trials
2025-10-19 17:22:41.770 | CRITICAL | Request human takeover
2025-10-19 17:26:43.590 | INFO | 配置文件：cwj.json
2025-10-19 17:26:43.594 | INFO | 截图方式：DroidCast_raw
2025-10-19 17:26:43.595 | INFO | 点击方式：ADB
2025-10-19 17:26:43.599 | INFO | Found 1 devices
2025-10-19 17:26:43.602 | INFO | Auto selected device: 127.0.0.1:16384
2025-10-19 17:26:43.603 | INFO | Selected device: 127.0.0.1:16384
2025-10-19 17:26:43.605 | INFO | Connecting to 127.0.0.1:16384 (trial 1/3)
2025-10-19 17:26:44.613 | INFO | Connected to device: 127.0.0.1:16384
2025-10-19 17:26:44.614 | INFO | AdbDevice = AdbDevice(serial=127.0.0.1:16384)
2025-10-19 17:26:44.678 | INFO | Detected package: com.bilibili.priconne
2025-10-19 17:26:44.680 | INFO | PackageName = com.bilibili.priconne
2025-10-19 17:26:44.682 | INFO | Device initialized successfully
2025-10-19 17:26:44.683 | INFO | Scheduler: Start task `Start`
2025-10-19 17:26:44.685 | INFO | App start: com.bilibili.priconne
2025-10-19 17:26:44.686 | INFO | Starting app via AM: com.bilibili.priconne/com.bilibili.permission.PermissionActivity
2025-10-19 17:26:44.727 | INFO | App started successfully
2025-10-19 17:26:44.729 | INFO | Update droidcast resolution
2025-10-19 17:26:45.880 | INFO | Device Orientation = 1 (HOME key on the right)
2025-10-19 17:26:45.882 | INFO | Droidcast resolution: (720, 1280)
2025-10-19 17:26:45.883 | INFO | Create forward: ForwardItem(serial='127.0.0.1:16384', local='tcp:20147', remote='tcp:53516')
2025-10-19 17:26:45.889 | ERROR | ConnectionError: ('Connection aborted.', RemoteDisconnected('Remote end closed connection without response'))
2025-10-19 17:26:48.892 | INFO | [bold]<<< DROIDCAST INIT >>>[/bold]
2025-10-19 17:26:48.894 | INFO | Stopping DroidCast
2025-10-19 17:26:48.919 | INFO | Update droidcast resolution
2025-10-19 17:26:48.942 | INFO | Device Orientation = 1 (HOME key on the right)
2025-10-19 17:26:48.943 | INFO | Droidcast resolution: (720, 1280)
2025-10-19 17:26:48.961 | INFO | Pushing DroidCast apk
2025-10-19 17:26:49.033 | INFO | Starting DroidCast apk
2025-10-19 17:26:49.040 | INFO | ShellBackgroundResponse(success=True, pid=3218, description='Successfully started program: CLASSPATH=/data/local/tmp/DroidCast_raw.apk app_process / ink.mol.droidcast_raw.Main > /dev/null')
2025-10-19 17:26:49.042 | INFO | Reuse forward: ForwardItem(serial='127.0.0.1:16384', local='tcp:20147', remote='tcp:53516')
2025-10-19 17:26:49.044 | INFO | DroidCast_raw = http://127.0.0.1:20147/screenshot?width=1280&height=720
2025-10-19 17:26:49.299 | INFO | DroidCast = offline
2025-10-19 17:26:49.557 | INFO | DroidCast = online
2025-10-19 17:26:49.949 | INFO | Trying template matching for MAIN_CHECK with file: ./assets/main/MAIN_CHECK.png
2025-10-19 17:26:49.950 | DEBUG | MAIN_CHECK 加载模板图像: ./assets/main/MAIN_CHECK.png
2025-10-19 17:26:49.982 | DEBUG | MAIN_CHECK 模板图像加载成功, shape: (26, 87, 3)
2025-10-19 17:26:50.060 | DEBUG | MAIN_CHECK 模板匹配相似度: 0.0000, 阈值: 0.85, 匹配位置: (0, 0)
2025-10-19 17:26:50.061 | DEBUG | MAIN_CHECK 模板匹配结果: False
2025-10-19 17:26:50.075 | INFO | Template matching result for MAIN_CHECK: False
2025-10-19 17:26:50.076 | INFO | Not in main page
2025-10-19 17:26:50.077 | INFO | Trying template matching for UPDATE_CONFIRM with file: ./assets/login/UPDATE_CONFIRM.png
2025-10-19 17:26:50.078 | DEBUG | UPDATE_CONFIRM 加载模板图像: ./assets/login/UPDATE_CONFIRM.png
2025-10-19 17:26:50.081 | DEBUG | UPDATE_CONFIRM 模板图像加载成功, shape: (61, 275, 3)
2025-10-19 17:26:50.095 | DEBUG | UPDATE_CONFIRM 模板匹配相似度: 0.0000, 阈值: 0.85, 匹配位置: (0, 0)
2025-10-19 17:26:50.097 | DEBUG | UPDATE_CONFIRM 模板匹配结果: False
2025-10-19 17:26:50.098 | INFO | Template matching result for UPDATE_CONFIRM: False
2025-10-19 17:26:50.757 | INFO | Trying template matching for MAIN_CHECK with file: ./assets/main/MAIN_CHECK.png
2025-10-19 17:26:50.759 | DEBUG | MAIN_CHECK 模板匹配相似度: 0.0000, 阈值: 0.85, 匹配位置: (0, 0)
2025-10-19 17:26:50.761 | DEBUG | MAIN_CHECK 模板匹配结果: False
2025-10-19 17:26:50.762 | INFO | Template matching result for MAIN_CHECK: False
2025-10-19 17:26:50.763 | INFO | Not in main page
2025-10-19 17:26:50.764 | INFO | Trying template matching for UPDATE_CONFIRM with file: ./assets/login/UPDATE_CONFIRM.png
2025-10-19 17:26:50.766 | DEBUG | UPDATE_CONFIRM 模板匹配相似度: 0.0000, 阈值: 0.85, 匹配位置: (0, 0)
2025-10-19 17:26:50.767 | DEBUG | UPDATE_CONFIRM 模板匹配结果: False
2025-10-19 17:26:50.769 | INFO | Template matching result for UPDATE_CONFIRM: False
2025-10-19 17:26:51.501 | INFO | Trying template matching for MAIN_CHECK with file: ./assets/main/MAIN_CHECK.png
2025-10-19 17:26:51.503 | DEBUG | MAIN_CHECK 模板匹配相似度: 0.0000, 阈值: 0.85, 匹配位置: (0, 0)
2025-10-19 17:26:51.505 | DEBUG | MAIN_CHECK 模板匹配结果: False
2025-10-19 17:26:51.506 | INFO | Template matching result for MAIN_CHECK: False
2025-10-19 17:26:51.508 | INFO | Not in main page
2025-10-19 17:26:51.509 | INFO | Trying template matching for UPDATE_CONFIRM with file: ./assets/login/UPDATE_CONFIRM.png
2025-10-19 17:26:51.511 | DEBUG | UPDATE_CONFIRM 模板匹配相似度: 0.0000, 阈值: 0.85, 匹配位置: (0, 0)
2025-10-19 17:26:51.513 | DEBUG | UPDATE_CONFIRM 模板匹配结果: False
2025-10-19 17:26:51.514 | INFO | Template matching result for UPDATE_CONFIRM: False
2025-10-19 17:26:52.252 | INFO | Trying template matching for MAIN_CHECK with file: ./assets/main/MAIN_CHECK.png
2025-10-19 17:26:52.254 | DEBUG | MAIN_CHECK 模板匹配相似度: 0.0000, 阈值: 0.85, 匹配位置: (0, 0)
2025-10-19 17:26:52.256 | DEBUG | MAIN_CHECK 模板匹配结果: False
2025-10-19 17:26:52.257 | INFO | Template matching result for MAIN_CHECK: False
2025-10-19 17:26:52.258 | INFO | Not in main page
2025-10-19 17:26:52.259 | INFO | Trying template matching for UPDATE_CONFIRM with file: ./assets/login/UPDATE_CONFIRM.png
2025-10-19 17:26:52.261 | DEBUG | UPDATE_CONFIRM 模板匹配相似度: 0.0000, 阈值: 0.85, 匹配位置: (0, 0)
2025-10-19 17:26:52.262 | DEBUG | UPDATE_CONFIRM 模板匹配结果: False
2025-10-19 17:26:52.265 | INFO | Template matching result for UPDATE_CONFIRM: False
2025-10-19 17:26:53.035 | INFO | Trying template matching for MAIN_CHECK with file: ./assets/main/MAIN_CHECK.png
2025-10-19 17:26:53.038 | DEBUG | MAIN_CHECK 模板匹配相似度: 0.0000, 阈值: 0.85, 匹配位置: (0, 0)
2025-10-19 17:26:53.039 | DEBUG | MAIN_CHECK 模板匹配结果: False
2025-10-19 17:26:53.040 | INFO | Template matching result for MAIN_CHECK: False
2025-10-19 17:26:53.042 | INFO | Not in main page
2025-10-19 17:26:53.044 | INFO | Trying template matching for UPDATE_CONFIRM with file: ./assets/login/UPDATE_CONFIRM.png
2025-10-19 17:26:53.046 | DEBUG | UPDATE_CONFIRM 模板匹配相似度: 0.0000, 阈值: 0.85, 匹配位置: (0, 0)
2025-10-19 17:26:53.048 | DEBUG | UPDATE_CONFIRM 模板匹配结果: False
2025-10-19 17:26:53.049 | INFO | Template matching result for UPDATE_CONFIRM: False
2025-10-19 17:26:54.027 | INFO | Trying template matching for MAIN_CHECK with file: ./assets/main/MAIN_CHECK.png
2025-10-19 17:26:54.028 | DEBUG | MAIN_CHECK 模板匹配相似度: 0.0000, 阈值: 0.85, 匹配位置: (0, 0)
2025-10-19 17:26:54.030 | DEBUG | MAIN_CHECK 模板匹配结果: False
2025-10-19 17:26:54.031 | INFO | Template matching result for MAIN_CHECK: False
2025-10-19 17:26:54.032 | INFO | Not in main page
2025-10-19 17:26:54.033 | INFO | Trying template matching for UPDATE_CONFIRM with file: ./assets/login/UPDATE_CONFIRM.png
2025-10-19 17:26:54.034 | DEBUG | UPDATE_CONFIRM 模板匹配相似度: 0.0000, 阈值: 0.85, 匹配位置: (0, 0)
2025-10-19 17:26:54.035 | DEBUG | UPDATE_CONFIRM 模板匹配结果: False
2025-10-19 17:26:54.036 | INFO | Template matching result for UPDATE_CONFIRM: False
2025-10-19 17:26:54.664 | INFO | Trying template matching for MAIN_CHECK with file: ./assets/main/MAIN_CHECK.png
2025-10-19 17:26:54.665 | DEBUG | MAIN_CHECK 模板匹配相似度: 0.0056, 阈值: 0.85, 匹配位置: (0, 35)
2025-10-19 17:26:54.666 | DEBUG | MAIN_CHECK 模板匹配结果: False
2025-10-19 17:26:54.667 | INFO | Template matching result for MAIN_CHECK: False
2025-10-19 17:26:54.668 | INFO | Not in main page
2025-10-19 17:26:54.669 | INFO | Trying template matching for UPDATE_CONFIRM with file: ./assets/login/UPDATE_CONFIRM.png
2025-10-19 17:26:54.671 | DEBUG | UPDATE_CONFIRM 模板匹配相似度: 0.0000, 阈值: 0.85, 匹配位置: (0, 0)
2025-10-19 17:26:54.672 | DEBUG | UPDATE_CONFIRM 模板匹配结果: False
2025-10-19 17:26:54.673 | INFO | Template matching result for UPDATE_CONFIRM: False
2025-10-19 17:26:55.289 | INFO | Trying template matching for MAIN_CHECK with file: ./assets/main/MAIN_CHECK.png
2025-10-19 17:26:55.291 | DEBUG | MAIN_CHECK 模板匹配相似度: 0.0056, 阈值: 0.85, 匹配位置: (9, 35)
2025-10-19 17:26:55.292 | DEBUG | MAIN_CHECK 模板匹配结果: False
2025-10-19 17:26:55.293 | INFO | Template matching result for MAIN_CHECK: False
2025-10-19 17:26:55.294 | INFO | Not in main page
2025-10-19 17:26:55.295 | INFO | Trying template matching for UPDATE_CONFIRM with file: ./assets/login/UPDATE_CONFIRM.png
2025-10-19 17:26:55.297 | DEBUG | UPDATE_CONFIRM 模板匹配相似度: 0.0000, 阈值: 0.85, 匹配位置: (0, 0)
2025-10-19 17:26:55.299 | DEBUG | UPDATE_CONFIRM 模板匹配结果: False
2025-10-19 17:26:55.299 | INFO | Template matching result for UPDATE_CONFIRM: False
2025-10-19 17:26:55.927 | INFO | Trying template matching for MAIN_CHECK with file: ./assets/main/MAIN_CHECK.png
2025-10-19 17:26:55.928 | DEBUG | MAIN_CHECK 模板匹配相似度: 0.0000, 阈值: 0.85, 匹配位置: (0, 0)
2025-10-19 17:26:55.930 | DEBUG | MAIN_CHECK 模板匹配结果: False
2025-10-19 17:26:55.931 | INFO | Template matching result for MAIN_CHECK: False
2025-10-19 17:26:55.932 | INFO | Not in main page
2025-10-19 17:26:55.933 | INFO | Trying template matching for UPDATE_CONFIRM with file: ./assets/login/UPDATE_CONFIRM.png
2025-10-19 17:26:55.934 | DEBUG | UPDATE_CONFIRM 模板匹配相似度: 0.0000, 阈值: 0.85, 匹配位置: (0, 0)
2025-10-19 17:26:55.936 | DEBUG | UPDATE_CONFIRM 模板匹配结果: False
2025-10-19 17:26:55.937 | INFO | Template matching result for UPDATE_CONFIRM: False
2025-10-19 17:26:56.634 | INFO | Trying template matching for MAIN_CHECK with file: ./assets/main/MAIN_CHECK.png
2025-10-19 17:26:56.636 | DEBUG | MAIN_CHECK 模板匹配相似度: 0.1403, 阈值: 0.85, 匹配位置: (45, 15)
2025-10-19 17:26:56.637 | DEBUG | MAIN_CHECK 模板匹配结果: False
2025-10-19 17:26:56.638 | INFO | Template matching result for MAIN_CHECK: False
2025-10-19 17:26:56.639 | INFO | Not in main page
2025-10-19 17:26:56.640 | INFO | Trying template matching for UPDATE_CONFIRM with file: ./assets/login/UPDATE_CONFIRM.png
2025-10-19 17:26:56.642 | DEBUG | UPDATE_CONFIRM 模板匹配相似度: 0.0898, 阈值: 0.85, 匹配位置: (0, 29)
2025-10-19 17:26:56.643 | DEBUG | UPDATE_CONFIRM 模板匹配结果: False
2025-10-19 17:26:56.644 | INFO | Template matching result for UPDATE_CONFIRM: False
2025-10-19 17:26:57.282 | INFO | Trying template matching for MAIN_CHECK with file: ./assets/main/MAIN_CHECK.png
2025-10-19 17:26:57.284 | DEBUG | MAIN_CHECK 模板匹配相似度: 0.1397, 阈值: 0.85, 匹配位置: (45, 15)
2025-10-19 17:26:57.286 | DEBUG | MAIN_CHECK 模板匹配结果: False
2025-10-19 17:26:57.287 | INFO | Template matching result for MAIN_CHECK: False
2025-10-19 17:26:57.288 | INFO | Not in main page
2025-10-19 17:26:57.289 | INFO | Trying template matching for UPDATE_CONFIRM with file: ./assets/login/UPDATE_CONFIRM.png
2025-10-19 17:26:57.291 | DEBUG | UPDATE_CONFIRM 模板匹配相似度: 0.0455, 阈值: 0.85, 匹配位置: (8, 3)
2025-10-19 17:26:57.292 | DEBUG | UPDATE_CONFIRM 模板匹配结果: False
2025-10-19 17:26:57.295 | INFO | Template matching result for UPDATE_CONFIRM: False
2025-10-19 17:26:57.952 | INFO | Trying template matching for MAIN_CHECK with file: ./assets/main/MAIN_CHECK.png
2025-10-19 17:26:57.954 | DEBUG | MAIN_CHECK 模板匹配相似度: 0.1383, 阈值: 0.85, 匹配位置: (45, 15)
2025-10-19 17:26:57.955 | DEBUG | MAIN_CHECK 模板匹配结果: False
2025-10-19 17:26:57.956 | INFO | Template matching result for MAIN_CHECK: False
2025-10-19 17:26:57.957 | INFO | Not in main page
2025-10-19 17:26:57.958 | INFO | Trying template matching for UPDATE_CONFIRM with file: ./assets/login/UPDATE_CONFIRM.png
2025-10-19 17:26:57.960 | DEBUG | UPDATE_CONFIRM 模板匹配相似度: 0.0479, 阈值: 0.85, 匹配位置: (8, 3)
2025-10-19 17:26:57.961 | DEBUG | UPDATE_CONFIRM 模板匹配结果: False
2025-10-19 17:26:57.962 | INFO | Template matching result for UPDATE_CONFIRM: False
2025-10-19 17:26:58.595 | INFO | Trying template matching for MAIN_CHECK with file: ./assets/main/MAIN_CHECK.png
2025-10-19 17:26:58.597 | DEBUG | MAIN_CHECK 模板匹配相似度: 0.1383, 阈值: 0.85, 匹配位置: (45, 15)
2025-10-19 17:26:58.598 | DEBUG | MAIN_CHECK 模板匹配结果: False
2025-10-19 17:26:58.599 | INFO | Template matching result for MAIN_CHECK: False
2025-10-19 17:26:58.600 | INFO | Not in main page
2025-10-19 17:26:58.601 | INFO | Trying template matching for UPDATE_CONFIRM with file: ./assets/login/UPDATE_CONFIRM.png
2025-10-19 17:26:58.602 | DEBUG | UPDATE_CONFIRM 模板匹配相似度: 0.0479, 阈值: 0.85, 匹配位置: (8, 3)
2025-10-19 17:26:58.603 | DEBUG | UPDATE_CONFIRM 模板匹配结果: False
2025-10-19 17:26:58.603 | INFO | Template matching result for UPDATE_CONFIRM: False
2025-10-19 17:26:59.221 | INFO | Trying template matching for MAIN_CHECK with file: ./assets/main/MAIN_CHECK.png
2025-10-19 17:26:59.223 | DEBUG | MAIN_CHECK 模板匹配相似度: 0.1383, 阈值: 0.85, 匹配位置: (45, 15)
2025-10-19 17:26:59.224 | DEBUG | MAIN_CHECK 模板匹配结果: False
2025-10-19 17:26:59.225 | INFO | Template matching result for MAIN_CHECK: False
2025-10-19 17:26:59.226 | INFO | Not in main page
2025-10-19 17:26:59.227 | INFO | Trying template matching for UPDATE_CONFIRM with file: ./assets/login/UPDATE_CONFIRM.png
2025-10-19 17:26:59.228 | DEBUG | UPDATE_CONFIRM 模板匹配相似度: 0.0479, 阈值: 0.85, 匹配位置: (8, 3)
2025-10-19 17:26:59.229 | DEBUG | UPDATE_CONFIRM 模板匹配结果: False
2025-10-19 17:26:59.231 | INFO | Template matching result for UPDATE_CONFIRM: False
2025-10-19 17:26:59.841 | INFO | Trying template matching for MAIN_CHECK with file: ./assets/main/MAIN_CHECK.png
2025-10-19 17:26:59.843 | DEBUG | MAIN_CHECK 模板匹配相似度: 0.1383, 阈值: 0.85, 匹配位置: (45, 15)
2025-10-19 17:26:59.844 | DEBUG | MAIN_CHECK 模板匹配结果: False
2025-10-19 17:26:59.845 | INFO | Template matching result for MAIN_CHECK: False
2025-10-19 17:26:59.846 | INFO | Not in main page
2025-10-19 17:26:59.847 | INFO | Trying template matching for UPDATE_CONFIRM with file: ./assets/login/UPDATE_CONFIRM.png
2025-10-19 17:26:59.848 | DEBUG | UPDATE_CONFIRM 模板匹配相似度: 0.0479, 阈值: 0.85, 匹配位置: (8, 3)
2025-10-19 17:26:59.849 | DEBUG | UPDATE_CONFIRM 模板匹配结果: False
2025-10-19 17:26:59.849 | INFO | Template matching result for UPDATE_CONFIRM: False
2025-10-19 17:27:00.482 | INFO | Trying template matching for MAIN_CHECK with file: ./assets/main/MAIN_CHECK.png
2025-10-19 17:27:00.484 | DEBUG | MAIN_CHECK 模板匹配相似度: 0.1383, 阈值: 0.85, 匹配位置: (45, 15)
2025-10-19 17:27:00.485 | DEBUG | MAIN_CHECK 模板匹配结果: False
2025-10-19 17:27:00.486 | INFO | Template matching result for MAIN_CHECK: False
2025-10-19 17:27:00.487 | INFO | Not in main page
2025-10-19 17:27:00.488 | INFO | Trying template matching for UPDATE_CONFIRM with file: ./assets/login/UPDATE_CONFIRM.png
2025-10-19 17:27:00.490 | DEBUG | UPDATE_CONFIRM 模板匹配相似度: 0.0479, 阈值: 0.85, 匹配位置: (8, 3)
2025-10-19 17:27:00.491 | DEBUG | UPDATE_CONFIRM 模板匹配结果: False
2025-10-19 17:27:00.492 | INFO | Template matching result for UPDATE_CONFIRM: False
2025-10-19 17:27:01.172 | INFO | Trying template matching for MAIN_CHECK with file: ./assets/main/MAIN_CHECK.png
2025-10-19 17:27:01.174 | DEBUG | MAIN_CHECK 模板匹配相似度: 0.1383, 阈值: 0.85, 匹配位置: (45, 15)
2025-10-19 17:27:01.176 | DEBUG | MAIN_CHECK 模板匹配结果: False
2025-10-19 17:27:01.177 | INFO | Template matching result for MAIN_CHECK: False
2025-10-19 17:27:01.178 | INFO | Not in main page
2025-10-19 17:27:01.179 | INFO | Trying template matching for UPDATE_CONFIRM with file: ./assets/login/UPDATE_CONFIRM.png
2025-10-19 17:27:01.181 | DEBUG | UPDATE_CONFIRM 模板匹配相似度: 0.0479, 阈值: 0.85, 匹配位置: (8, 3)
2025-10-19 17:27:01.184 | DEBUG | UPDATE_CONFIRM 模板匹配结果: False
2025-10-19 17:27:01.186 | INFO | Template matching result for UPDATE_CONFIRM: False
2025-10-19 17:27:01.813 | INFO | Trying template matching for MAIN_CHECK with file: ./assets/main/MAIN_CHECK.png
2025-10-19 17:27:01.815 | DEBUG | MAIN_CHECK 模板匹配相似度: 0.1329, 阈值: 0.85, 匹配位置: (18, 5)
2025-10-19 17:27:01.816 | DEBUG | MAIN_CHECK 模板匹配结果: False
2025-10-19 17:27:01.817 | INFO | Template matching result for MAIN_CHECK: False
2025-10-19 17:27:01.818 | INFO | Not in main page
2025-10-19 17:27:01.819 | INFO | Trying template matching for UPDATE_CONFIRM with file: ./assets/login/UPDATE_CONFIRM.png
2025-10-19 17:27:01.821 | DEBUG | UPDATE_CONFIRM 模板匹配相似度: 0.0791, 阈值: 0.85, 匹配位置: (15, 2)
2025-10-19 17:27:01.822 | DEBUG | UPDATE_CONFIRM 模板匹配结果: False
2025-10-19 17:27:01.822 | INFO | Template matching result for UPDATE_CONFIRM: False
2025-10-19 17:27:02.441 | INFO | Trying template matching for MAIN_CHECK with file: ./assets/main/MAIN_CHECK.png
2025-10-19 17:27:02.443 | DEBUG | MAIN_CHECK 模板匹配相似度: 0.1329, 阈值: 0.85, 匹配位置: (18, 5)
2025-10-19 17:27:02.444 | DEBUG | MAIN_CHECK 模板匹配结果: False
2025-10-19 17:27:02.445 | INFO | Template matching result for MAIN_CHECK: False
2025-10-19 17:27:02.446 | INFO | Not in main page
2025-10-19 17:27:02.447 | INFO | Trying template matching for UPDATE_CONFIRM with file: ./assets/login/UPDATE_CONFIRM.png
2025-10-19 17:27:02.449 | DEBUG | UPDATE_CONFIRM 模板匹配相似度: 0.0906, 阈值: 0.85, 匹配位置: (14, 2)
2025-10-19 17:27:02.450 | DEBUG | UPDATE_CONFIRM 模板匹配结果: False
2025-10-19 17:27:02.450 | INFO | Template matching result for UPDATE_CONFIRM: False
2025-10-19 17:27:03.071 | INFO | Trying template matching for MAIN_CHECK with file: ./assets/main/MAIN_CHECK.png
2025-10-19 17:27:03.073 | DEBUG | MAIN_CHECK 模板匹配相似度: 0.1329, 阈值: 0.85, 匹配位置: (18, 5)
2025-10-19 17:27:03.075 | DEBUG | MAIN_CHECK 模板匹配结果: False
2025-10-19 17:27:03.076 | INFO | Template matching result for MAIN_CHECK: False
2025-10-19 17:27:03.077 | INFO | Not in main page
2025-10-19 17:27:03.078 | INFO | Trying template matching for UPDATE_CONFIRM with file: ./assets/login/UPDATE_CONFIRM.png
2025-10-19 17:27:03.080 | DEBUG | UPDATE_CONFIRM 模板匹配相似度: 0.1122, 阈值: 0.85, 匹配位置: (14, 2)
2025-10-19 17:27:03.081 | DEBUG | UPDATE_CONFIRM 模板匹配结果: False
2025-10-19 17:27:03.083 | INFO | Template matching result for UPDATE_CONFIRM: False
2025-10-19 17:27:03.700 | INFO | Trying template matching for MAIN_CHECK with file: ./assets/main/MAIN_CHECK.png
2025-10-19 17:27:03.702 | DEBUG | MAIN_CHECK 模板匹配相似度: 0.1329, 阈值: 0.85, 匹配位置: (18, 5)
2025-10-19 17:27:03.704 | DEBUG | MAIN_CHECK 模板匹配结果: False
2025-10-19 17:27:03.705 | INFO | Template matching result for MAIN_CHECK: False
2025-10-19 17:27:03.705 | INFO | Not in main page
2025-10-19 17:27:03.707 | INFO | Trying template matching for UPDATE_CONFIRM with file: ./assets/login/UPDATE_CONFIRM.png
2025-10-19 17:27:03.709 | DEBUG | UPDATE_CONFIRM 模板匹配相似度: 0.0074, 阈值: 0.85, 匹配位置: (8, 27)
2025-10-19 17:27:03.710 | DEBUG | UPDATE_CONFIRM 模板匹配结果: False
2025-10-19 17:27:03.711 | INFO | Template matching result for UPDATE_CONFIRM: False
2025-10-19 17:27:04.331 | INFO | Trying template matching for MAIN_CHECK with file: ./assets/main/MAIN_CHECK.png
2025-10-19 17:27:04.332 | DEBUG | MAIN_CHECK 模板匹配相似度: 0.1329, 阈值: 0.85, 匹配位置: (18, 5)
2025-10-19 17:27:04.334 | DEBUG | MAIN_CHECK 模板匹配结果: False
2025-10-19 17:27:04.334 | INFO | Template matching result for MAIN_CHECK: False
2025-10-19 17:27:04.335 | INFO | Not in main page
2025-10-19 17:27:04.336 | INFO | Trying template matching for UPDATE_CONFIRM with file: ./assets/login/UPDATE_CONFIRM.png
2025-10-19 17:27:04.338 | DEBUG | UPDATE_CONFIRM 模板匹配相似度: 0.0071, 阈值: 0.85, 匹配位置: (8, 27)
2025-10-19 17:27:04.339 | DEBUG | UPDATE_CONFIRM 模板匹配结果: False
2025-10-19 17:27:04.340 | INFO | Template matching result for UPDATE_CONFIRM: False
2025-10-19 17:27:04.964 | INFO | Trying template matching for MAIN_CHECK with file: ./assets/main/MAIN_CHECK.png
2025-10-19 17:27:04.966 | DEBUG | MAIN_CHECK 模板匹配相似度: 0.1329, 阈值: 0.85, 匹配位置: (18, 5)
2025-10-19 17:27:04.967 | DEBUG | MAIN_CHECK 模板匹配结果: False
2025-10-19 17:27:04.968 | INFO | Template matching result for MAIN_CHECK: False
2025-10-19 17:27:04.969 | INFO | Not in main page
2025-10-19 17:27:04.970 | INFO | Trying template matching for UPDATE_CONFIRM with file: ./assets/login/UPDATE_CONFIRM.png
2025-10-19 17:27:04.972 | DEBUG | UPDATE_CONFIRM 模板匹配相似度: 0.0070, 阈值: 0.85, 匹配位置: (8, 27)
2025-10-19 17:27:04.973 | DEBUG | UPDATE_CONFIRM 模板匹配结果: False
2025-10-19 17:27:04.974 | INFO | Template matching result for UPDATE_CONFIRM: False
2025-10-19 17:27:05.591 | INFO | Trying template matching for MAIN_CHECK with file: ./assets/main/MAIN_CHECK.png
2025-10-19 17:27:05.593 | DEBUG | MAIN_CHECK 模板匹配相似度: 0.1329, 阈值: 0.85, 匹配位置: (18, 5)
2025-10-19 17:27:05.594 | DEBUG | MAIN_CHECK 模板匹配结果: False
2025-10-19 17:27:05.595 | INFO | Template matching result for MAIN_CHECK: False
2025-10-19 17:27:05.596 | INFO | Not in main page
2025-10-19 17:27:05.597 | INFO | Trying template matching for UPDATE_CONFIRM with file: ./assets/login/UPDATE_CONFIRM.png
2025-10-19 17:27:05.599 | DEBUG | UPDATE_CONFIRM 模板匹配相似度: 0.0070, 阈值: 0.85, 匹配位置: (8, 27)
2025-10-19 17:27:05.600 | DEBUG | UPDATE_CONFIRM 模板匹配结果: False
2025-10-19 17:27:05.601 | INFO | Template matching result for UPDATE_CONFIRM: False
2025-10-19 17:27:06.222 | INFO | Trying template matching for MAIN_CHECK with file: ./assets/main/MAIN_CHECK.png
2025-10-19 17:27:06.224 | DEBUG | MAIN_CHECK 模板匹配相似度: 0.1329, 阈值: 0.85, 匹配位置: (18, 5)
2025-10-19 17:27:06.225 | DEBUG | MAIN_CHECK 模板匹配结果: False
2025-10-19 17:27:06.226 | INFO | Template matching result for MAIN_CHECK: False
2025-10-19 17:27:06.227 | INFO | Not in main page
2025-10-19 17:27:06.228 | INFO | Trying template matching for UPDATE_CONFIRM with file: ./assets/login/UPDATE_CONFIRM.png
2025-10-19 17:27:06.229 | DEBUG | UPDATE_CONFIRM 模板匹配相似度: 0.0070, 阈值: 0.85, 匹配位置: (8, 27)
2025-10-19 17:27:06.230 | DEBUG | UPDATE_CONFIRM 模板匹配结果: False
2025-10-19 17:27:06.231 | INFO | Template matching result for UPDATE_CONFIRM: False
2025-10-19 17:27:06.850 | INFO | Trying template matching for MAIN_CHECK with file: ./assets/main/MAIN_CHECK.png
2025-10-19 17:27:06.852 | DEBUG | MAIN_CHECK 模板匹配相似度: 0.1329, 阈值: 0.85, 匹配位置: (18, 5)
2025-10-19 17:27:06.853 | DEBUG | MAIN_CHECK 模板匹配结果: False
2025-10-19 17:27:06.854 | INFO | Template matching result for MAIN_CHECK: False
2025-10-19 17:27:06.855 | INFO | Not in main page
2025-10-19 17:27:06.856 | INFO | Trying template matching for UPDATE_CONFIRM with file: ./assets/login/UPDATE_CONFIRM.png
2025-10-19 17:27:06.857 | DEBUG | UPDATE_CONFIRM 模板匹配相似度: 0.0070, 阈值: 0.85, 匹配位置: (8, 27)
2025-10-19 17:27:06.858 | DEBUG | UPDATE_CONFIRM 模板匹配结果: False
2025-10-19 17:27:06.859 | INFO | Template matching result for UPDATE_CONFIRM: False
2025-10-19 17:27:07.476 | INFO | Trying template matching for MAIN_CHECK with file: ./assets/main/MAIN_CHECK.png
2025-10-19 17:27:07.478 | DEBUG | MAIN_CHECK 模板匹配相似度: 0.1329, 阈值: 0.85, 匹配位置: (18, 5)
2025-10-19 17:27:07.479 | DEBUG | MAIN_CHECK 模板匹配结果: False
2025-10-19 17:27:07.480 | INFO | Template matching result for MAIN_CHECK: False
2025-10-19 17:27:07.481 | INFO | Not in main page
2025-10-19 17:27:07.481 | INFO | Trying template matching for UPDATE_CONFIRM with file: ./assets/login/UPDATE_CONFIRM.png
2025-10-19 17:27:07.483 | DEBUG | UPDATE_CONFIRM 模板匹配相似度: 0.0070, 阈值: 0.85, 匹配位置: (8, 27)
2025-10-19 17:27:07.484 | DEBUG | UPDATE_CONFIRM 模板匹配结果: False
2025-10-19 17:27:07.485 | INFO | Template matching result for UPDATE_CONFIRM: False
2025-10-19 17:27:08.140 | INFO | Trying template matching for MAIN_CHECK with file: ./assets/main/MAIN_CHECK.png
2025-10-19 17:27:08.142 | DEBUG | MAIN_CHECK 模板匹配相似度: 0.1329, 阈值: 0.85, 匹配位置: (18, 5)
2025-10-19 17:27:08.143 | DEBUG | MAIN_CHECK 模板匹配结果: False
2025-10-19 17:27:08.144 | INFO | Template matching result for MAIN_CHECK: False
2025-10-19 17:27:08.145 | INFO | Not in main page
2025-10-19 17:27:08.145 | INFO | Trying template matching for UPDATE_CONFIRM with file: ./assets/login/UPDATE_CONFIRM.png
2025-10-19 17:27:08.147 | DEBUG | UPDATE_CONFIRM 模板匹配相似度: 0.1200, 阈值: 0.85, 匹配位置: (20, 3)
2025-10-19 17:27:08.148 | DEBUG | UPDATE_CONFIRM 模板匹配结果: False
2025-10-19 17:27:08.149 | INFO | Template matching result for UPDATE_CONFIRM: False
2025-10-19 17:27:08.777 | INFO | Trying template matching for MAIN_CHECK with file: ./assets/main/MAIN_CHECK.png
2025-10-19 17:27:08.779 | DEBUG | MAIN_CHECK 模板匹配相似度: 0.1339, 阈值: 0.85, 匹配位置: (18, 5)
2025-10-19 17:27:08.780 | DEBUG | MAIN_CHECK 模板匹配结果: False
2025-10-19 17:27:08.781 | INFO | Template matching result for MAIN_CHECK: False
2025-10-19 17:27:08.783 | INFO | Not in main page
2025-10-19 17:27:08.784 | INFO | Trying template matching for UPDATE_CONFIRM with file: ./assets/login/UPDATE_CONFIRM.png
2025-10-19 17:27:08.785 | DEBUG | UPDATE_CONFIRM 模板匹配相似度: 0.0690, 阈值: 0.85, 匹配位置: (14, 2)
2025-10-19 17:27:08.787 | DEBUG | UPDATE_CONFIRM 模板匹配结果: False
2025-10-19 17:27:08.789 | INFO | Template matching result for UPDATE_CONFIRM: False
2025-10-19 17:27:09.412 | INFO | Trying template matching for MAIN_CHECK with file: ./assets/main/MAIN_CHECK.png
2025-10-19 17:27:09.414 | DEBUG | MAIN_CHECK 模板匹配相似度: 0.0000, 阈值: 0.85, 匹配位置: (0, 0)
2025-10-19 17:27:09.415 | DEBUG | MAIN_CHECK 模板匹配结果: False
2025-10-19 17:27:09.416 | INFO | Template matching result for MAIN_CHECK: False
2025-10-19 17:27:09.417 | INFO | Not in main page
2025-10-19 17:27:09.417 | INFO | Trying template matching for UPDATE_CONFIRM with file: ./assets/login/UPDATE_CONFIRM.png
2025-10-19 17:27:09.418 | DEBUG | UPDATE_CONFIRM 模板匹配相似度: 0.1484, 阈值: 0.85, 匹配位置: (15, 3)
2025-10-19 17:27:09.420 | DEBUG | UPDATE_CONFIRM 模板匹配结果: False
2025-10-19 17:27:09.421 | INFO | Template matching result for UPDATE_CONFIRM: False
2025-10-19 17:27:10.030 | INFO | Trying template matching for MAIN_CHECK with file: ./assets/main/MAIN_CHECK.png
2025-10-19 17:27:10.032 | DEBUG | MAIN_CHECK 模板匹配相似度: 0.0000, 阈值: 0.85, 匹配位置: (0, 0)
2025-10-19 17:27:10.033 | DEBUG | MAIN_CHECK 模板匹配结果: False
2025-10-19 17:27:10.034 | INFO | Template matching result for MAIN_CHECK: False
2025-10-19 17:27:10.035 | INFO | Not in main page
2025-10-19 17:27:10.036 | INFO | Trying template matching for UPDATE_CONFIRM with file: ./assets/login/UPDATE_CONFIRM.png
2025-10-19 17:27:10.038 | DEBUG | UPDATE_CONFIRM 模板匹配相似度: 0.1484, 阈值: 0.85, 匹配位置: (15, 3)
2025-10-19 17:27:10.039 | DEBUG | UPDATE_CONFIRM 模板匹配结果: False
2025-10-19 17:27:10.040 | INFO | Template matching result for UPDATE_CONFIRM: False
2025-10-19 17:27:10.654 | INFO | Trying template matching for MAIN_CHECK with file: ./assets/main/MAIN_CHECK.png
2025-10-19 17:27:10.656 | DEBUG | MAIN_CHECK 模板匹配相似度: 0.0000, 阈值: 0.85, 匹配位置: (0, 0)
2025-10-19 17:27:10.657 | DEBUG | MAIN_CHECK 模板匹配结果: False
2025-10-19 17:27:10.658 | INFO | Template matching result for MAIN_CHECK: False
2025-10-19 17:27:10.658 | INFO | Not in main page
2025-10-19 17:27:10.659 | INFO | Trying template matching for UPDATE_CONFIRM with file: ./assets/login/UPDATE_CONFIRM.png
2025-10-19 17:27:10.661 | DEBUG | UPDATE_CONFIRM 模板匹配相似度: 0.1484, 阈值: 0.85, 匹配位置: (15, 3)
2025-10-19 17:27:10.662 | DEBUG | UPDATE_CONFIRM 模板匹配结果: False
2025-10-19 17:27:10.663 | INFO | Template matching result for UPDATE_CONFIRM: False
2025-10-19 17:27:11.282 | INFO | Trying template matching for MAIN_CHECK with file: ./assets/main/MAIN_CHECK.png
2025-10-19 17:27:11.284 | DEBUG | MAIN_CHECK 模板匹配相似度: 0.0000, 阈值: 0.85, 匹配位置: (0, 0)
2025-10-19 17:27:11.285 | DEBUG | MAIN_CHECK 模板匹配结果: False
2025-10-19 17:27:11.286 | INFO | Template matching result for MAIN_CHECK: False
2025-10-19 17:27:11.287 | INFO | Not in main page
2025-10-19 17:27:11.288 | INFO | Trying template matching for UPDATE_CONFIRM with file: ./assets/login/UPDATE_CONFIRM.png
2025-10-19 17:27:11.290 | DEBUG | UPDATE_CONFIRM 模板匹配相似度: 0.1484, 阈值: 0.85, 匹配位置: (15, 3)
2025-10-19 17:27:11.291 | DEBUG | UPDATE_CONFIRM 模板匹配结果: False
2025-10-19 17:27:11.292 | INFO | Template matching result for UPDATE_CONFIRM: False
2025-10-19 17:27:11.909 | INFO | Trying template matching for MAIN_CHECK with file: ./assets/main/MAIN_CHECK.png
2025-10-19 17:27:11.911 | DEBUG | MAIN_CHECK 模板匹配相似度: 0.0000, 阈值: 0.85, 匹配位置: (0, 0)
2025-10-19 17:27:11.912 | DEBUG | MAIN_CHECK 模板匹配结果: False
2025-10-19 17:27:11.913 | INFO | Template matching result for MAIN_CHECK: False
2025-10-19 17:27:11.914 | INFO | Not in main page
2025-10-19 17:27:11.915 | INFO | Trying template matching for UPDATE_CONFIRM with file: ./assets/login/UPDATE_CONFIRM.png
2025-10-19 17:27:11.917 | DEBUG | UPDATE_CONFIRM 模板匹配相似度: 0.1484, 阈值: 0.85, 匹配位置: (15, 3)
2025-10-19 17:27:11.918 | DEBUG | UPDATE_CONFIRM 模板匹配结果: False
2025-10-19 17:27:11.919 | INFO | Template matching result for UPDATE_CONFIRM: False
2025-10-19 17:27:12.534 | INFO | Trying template matching for MAIN_CHECK with file: ./assets/main/MAIN_CHECK.png
2025-10-19 17:27:12.536 | DEBUG | MAIN_CHECK 模板匹配相似度: 0.0000, 阈值: 0.85, 匹配位置: (0, 0)
2025-10-19 17:27:12.538 | DEBUG | MAIN_CHECK 模板匹配结果: False
2025-10-19 17:27:12.539 | INFO | Template matching result for MAIN_CHECK: False
2025-10-19 17:27:12.540 | INFO | Not in main page
2025-10-19 17:27:12.541 | INFO | Trying template matching for UPDATE_CONFIRM with file: ./assets/login/UPDATE_CONFIRM.png
2025-10-19 17:27:12.543 | DEBUG | UPDATE_CONFIRM 模板匹配相似度: 0.1484, 阈值: 0.85, 匹配位置: (15, 3)
2025-10-19 17:27:12.547 | DEBUG | UPDATE_CONFIRM 模板匹配结果: False
2025-10-19 17:27:12.548 | INFO | Template matching result for UPDATE_CONFIRM: False
2025-10-19 17:27:13.253 | INFO | Trying template matching for MAIN_CHECK with file: ./assets/main/MAIN_CHECK.png
2025-10-19 17:27:13.255 | DEBUG | MAIN_CHECK 模板匹配相似度: 0.0000, 阈值: 0.85, 匹配位置: (0, 0)
2025-10-19 17:27:13.256 | DEBUG | MAIN_CHECK 模板匹配结果: False
2025-10-19 17:27:13.258 | INFO | Template matching result for MAIN_CHECK: False
2025-10-19 17:27:13.259 | INFO | Not in main page
2025-10-19 17:27:13.260 | INFO | Trying template matching for UPDATE_CONFIRM with file: ./assets/login/UPDATE_CONFIRM.png
2025-10-19 17:27:13.263 | DEBUG | UPDATE_CONFIRM 模板匹配相似度: 0.1484, 阈值: 0.85, 匹配位置: (15, 3)
2025-10-19 17:27:13.266 | DEBUG | UPDATE_CONFIRM 模板匹配结果: False
2025-10-19 17:27:13.267 | INFO | Template matching result for UPDATE_CONFIRM: False
2025-10-19 17:27:13.912 | INFO | Trying template matching for MAIN_CHECK with file: ./assets/main/MAIN_CHECK.png
2025-10-19 17:27:13.915 | DEBUG | MAIN_CHECK 模板匹配相似度: 0.9999, 阈值: 0.85, 匹配位置: (28, 27)
2025-10-19 17:27:13.917 | DEBUG | MAIN_CHECK 模板匹配结果: True
2025-10-19 17:27:13.962 | DEBUG | MAIN_CHECK 颜色匹配 - 实际颜色: (247.6085693536674, 156.02178649237473, 198.42992011619464), 期望颜色: (255, 159, 207), 匹配结果: True
2025-10-19 17:27:13.983 | INFO | Template matching result for MAIN_CHECK: True
2025-10-19 17:27:13.985 | INFO | Trying template matching for UPDATE_CONFIRM with file: ./assets/login/UPDATE_CONFIRM.png
2025-10-19 17:27:13.987 | DEBUG | UPDATE_CONFIRM 模板匹配相似度: 0.1912, 阈值: 0.85, 匹配位置: (0, 4)
2025-10-19 17:27:13.988 | DEBUG | UPDATE_CONFIRM 模板匹配结果: False
2025-10-19 17:27:13.989 | INFO | Template matching result for UPDATE_CONFIRM: False
2025-10-19 17:27:14.612 | INFO | Trying template matching for MAIN_CHECK with file: ./assets/main/MAIN_CHECK.png
2025-10-19 17:27:14.614 | DEBUG | MAIN_CHECK 模板匹配相似度: 0.2853, 阈值: 0.85, 匹配位置: (27, 25)
2025-10-19 17:27:14.615 | DEBUG | MAIN_CHECK 模板匹配结果: False
2025-10-19 17:27:14.616 | INFO | Template matching result for MAIN_CHECK: False
2025-10-19 17:27:14.617 | INFO | Not in main page
2025-10-19 17:27:14.618 | INFO | Trying template matching for UPDATE_CONFIRM with file: ./assets/login/UPDATE_CONFIRM.png
2025-10-19 17:27:14.620 | DEBUG | UPDATE_CONFIRM 模板匹配相似度: 0.0000, 阈值: 0.85, 匹配位置: (0, 0)
2025-10-19 17:27:14.621 | DEBUG | UPDATE_CONFIRM 模板匹配结果: False
2025-10-19 17:27:14.623 | INFO | Template matching result for UPDATE_CONFIRM: False
2025-10-19 17:27:15.256 | INFO | Trying template matching for MAIN_CHECK with file: ./assets/main/MAIN_CHECK.png
2025-10-19 17:27:15.258 | DEBUG | MAIN_CHECK 模板匹配相似度: 0.9999, 阈值: 0.85, 匹配位置: (28, 27)
2025-10-19 17:27:15.259 | DEBUG | MAIN_CHECK 模板匹配结果: True
2025-10-19 17:27:15.260 | DEBUG | MAIN_CHECK 颜色匹配 - 实际颜色: (247.6085693536674, 156.02178649237473, 198.42992011619464), 期望颜色: (255, 159, 207), 匹配结果: True
2025-10-19 17:27:15.262 | INFO | Template matching result for MAIN_CHECK: True
2025-10-19 17:27:15.262 | INFO | Trying template matching for UPDATE_CONFIRM with file: ./assets/login/UPDATE_CONFIRM.png
2025-10-19 17:27:15.265 | DEBUG | UPDATE_CONFIRM 模板匹配相似度: 0.1870, 阈值: 0.85, 匹配位置: (9, 2)
2025-10-19 17:27:15.266 | DEBUG | UPDATE_CONFIRM 模板匹配结果: False
2025-10-19 17:27:15.268 | INFO | Template matching result for UPDATE_CONFIRM: False
2025-10-19 17:27:15.890 | INFO | Trying template matching for MAIN_CHECK with file: ./assets/main/MAIN_CHECK.png
2025-10-19 17:27:15.893 | DEBUG | MAIN_CHECK 模板匹配相似度: 0.6086, 阈值: 0.85, 匹配位置: (28, 27)
2025-10-19 17:27:15.894 | DEBUG | MAIN_CHECK 模板匹配结果: False
2025-10-19 17:27:15.895 | INFO | Template matching result for MAIN_CHECK: False
2025-10-19 17:27:15.896 | INFO | Not in main page
2025-10-19 17:27:15.897 | INFO | Trying template matching for UPDATE_CONFIRM with file: ./assets/login/UPDATE_CONFIRM.png
2025-10-19 17:27:15.899 | DEBUG | UPDATE_CONFIRM 模板匹配相似度: 0.1763, 阈值: 0.85, 匹配位置: (0, 13)
2025-10-19 17:27:15.900 | DEBUG | UPDATE_CONFIRM 模板匹配结果: False
2025-10-19 17:27:15.901 | INFO | Template matching result for UPDATE_CONFIRM: False
2025-10-19 17:27:16.525 | INFO | Trying template matching for MAIN_CHECK with file: ./assets/main/MAIN_CHECK.png
2025-10-19 17:27:16.528 | DEBUG | MAIN_CHECK 模板匹配相似度: 0.4635, 阈值: 0.85, 匹配位置: (27, 29)
2025-10-19 17:27:16.529 | DEBUG | MAIN_CHECK 模板匹配结果: False
2025-10-19 17:27:16.530 | INFO | Template matching result for MAIN_CHECK: False
2025-10-19 17:27:16.532 | INFO | Not in main page
2025-10-19 17:27:16.532 | INFO | Trying template matching for UPDATE_CONFIRM with file: ./assets/login/UPDATE_CONFIRM.png
2025-10-19 17:27:16.535 | DEBUG | UPDATE_CONFIRM 模板匹配相似度: 0.1719, 阈值: 0.85, 匹配位置: (0, 19)
2025-10-19 17:27:16.536 | DEBUG | UPDATE_CONFIRM 模板匹配结果: False
2025-10-19 17:27:16.537 | INFO | Template matching result for UPDATE_CONFIRM: False
2025-10-19 17:27:17.165 | INFO | Trying template matching for MAIN_CHECK with file: ./assets/main/MAIN_CHECK.png
2025-10-19 17:27:17.167 | DEBUG | MAIN_CHECK 模板匹配相似度: 0.4635, 阈值: 0.85, 匹配位置: (27, 29)
2025-10-19 17:27:17.168 | DEBUG | MAIN_CHECK 模板匹配结果: False
2025-10-19 17:27:17.169 | INFO | Template matching result for MAIN_CHECK: False
2025-10-19 17:27:17.171 | INFO | Not in main page
2025-10-19 17:27:17.172 | INFO | Trying template matching for UPDATE_CONFIRM with file: ./assets/login/UPDATE_CONFIRM.png
2025-10-19 17:27:17.174 | DEBUG | UPDATE_CONFIRM 模板匹配相似度: 0.1719, 阈值: 0.85, 匹配位置: (0, 19)
2025-10-19 17:27:17.175 | DEBUG | UPDATE_CONFIRM 模板匹配结果: False
2025-10-19 17:27:17.177 | INFO | Template matching result for UPDATE_CONFIRM: False
2025-10-19 17:27:17.799 | INFO | Trying template matching for MAIN_CHECK with file: ./assets/main/MAIN_CHECK.png
2025-10-19 17:27:17.802 | DEBUG | MAIN_CHECK 模板匹配相似度: 0.2583, 阈值: 0.85, 匹配位置: (28, 19)
2025-10-19 17:27:17.804 | DEBUG | MAIN_CHECK 模板匹配结果: False
2025-10-19 17:27:17.805 | INFO | Template matching result for MAIN_CHECK: False
2025-10-19 17:27:17.806 | INFO | Not in main page
2025-10-19 17:27:17.807 | INFO | Trying template matching for UPDATE_CONFIRM with file: ./assets/login/UPDATE_CONFIRM.png
2025-10-19 17:27:17.809 | DEBUG | UPDATE_CONFIRM 模板匹配相似度: 0.1719, 阈值: 0.85, 匹配位置: (0, 19)
2025-10-19 17:27:17.809 | DEBUG | UPDATE_CONFIRM 模板匹配结果: False
2025-10-19 17:27:17.811 | INFO | Template matching result for UPDATE_CONFIRM: False
2025-10-19 17:27:18.434 | INFO | Trying template matching for MAIN_CHECK with file: ./assets/main/MAIN_CHECK.png
2025-10-19 17:27:18.435 | DEBUG | MAIN_CHECK 模板匹配相似度: 0.4635, 阈值: 0.85, 匹配位置: (27, 29)
2025-10-19 17:27:18.437 | DEBUG | MAIN_CHECK 模板匹配结果: False
2025-10-19 17:27:18.438 | INFO | Template matching result for MAIN_CHECK: False
2025-10-19 17:27:18.441 | INFO | Not in main page
2025-10-19 17:27:18.442 | INFO | Trying template matching for UPDATE_CONFIRM with file: ./assets/login/UPDATE_CONFIRM.png
2025-10-19 17:27:18.443 | DEBUG | UPDATE_CONFIRM 模板匹配相似度: 0.1719, 阈值: 0.85, 匹配位置: (0, 19)
2025-10-19 17:27:18.445 | DEBUG | UPDATE_CONFIRM 模板匹配结果: False
2025-10-19 17:27:18.447 | INFO | Template matching result for UPDATE_CONFIRM: False
2025-10-19 17:27:19.081 | INFO | Trying template matching for MAIN_CHECK with file: ./assets/main/MAIN_CHECK.png
2025-10-19 17:27:19.083 | DEBUG | MAIN_CHECK 模板匹配相似度: 0.2840, 阈值: 0.85, 匹配位置: (27, 29)
2025-10-19 17:27:19.085 | DEBUG | MAIN_CHECK 模板匹配结果: False
2025-10-19 17:27:19.087 | INFO | Template matching result for MAIN_CHECK: False
2025-10-19 17:27:19.088 | INFO | Not in main page
2025-10-19 17:27:19.090 | INFO | Trying template matching for UPDATE_CONFIRM with file: ./assets/login/UPDATE_CONFIRM.png
2025-10-19 17:27:19.094 | DEBUG | UPDATE_CONFIRM 模板匹配相似度: 0.1719, 阈值: 0.85, 匹配位置: (0, 19)
2025-10-19 17:27:19.095 | DEBUG | UPDATE_CONFIRM 模板匹配结果: False
2025-10-19 17:27:19.096 | INFO | Template matching result for UPDATE_CONFIRM: False
2025-10-19 17:35:08.031 | INFO | 配置文件：cwj.json
2025-10-19 17:35:08.036 | INFO | 截图方式：DroidCast_raw
2025-10-19 17:35:08.037 | INFO | 点击方式：ADB
2025-10-19 17:35:08.041 | INFO | Found 1 devices
2025-10-19 17:35:08.042 | INFO | Auto selected device: 127.0.0.1:16384
2025-10-19 17:35:08.043 | INFO | Selected device: 127.0.0.1:16384
2025-10-19 17:35:08.046 | INFO | Connecting to 127.0.0.1:16384 (trial 1/3)
2025-10-19 17:35:09.048 | INFO | Connected to device: 127.0.0.1:16384
2025-10-19 17:35:09.049 | INFO | AdbDevice = AdbDevice(serial=127.0.0.1:16384)
2025-10-19 17:35:09.066 | INFO | Detected package: com.bilibili.priconne
2025-10-19 17:35:09.068 | INFO | PackageName = com.bilibili.priconne
2025-10-19 17:35:09.072 | INFO | Device initialized successfully
2025-10-19 17:35:09.073 | INFO | Scheduler: Start task `Start`
2025-10-19 17:35:09.076 | INFO | App start: com.bilibili.priconne
2025-10-19 17:35:09.077 | INFO | Starting app via AM: com.bilibili.priconne/com.bilibili.permission.PermissionActivity
2025-10-19 17:35:09.107 | INFO | App started successfully
2025-10-19 17:35:09.110 | INFO | Update droidcast resolution
2025-10-19 17:35:09.166 | INFO | Device Orientation = 1 (HOME key on the right)
2025-10-19 17:35:09.168 | INFO | Droidcast resolution: (720, 1280)
2025-10-19 17:35:09.169 | INFO | Reuse forward: ForwardItem(serial='127.0.0.1:16384', local='tcp:20147', remote='tcp:53516')
2025-10-19 17:35:09.275 | INFO | Trying template matching for MAIN_CHECK with file: ./assets/main/MAIN_CHECK.png
2025-10-19 17:35:09.276 | DEBUG | MAIN_CHECK 加载模板图像: ./assets/main/MAIN_CHECK.png
2025-10-19 17:35:09.286 | DEBUG | MAIN_CHECK 模板图像加载成功, shape: (26, 87, 3)
2025-10-19 17:35:09.289 | DEBUG | MAIN_CHECK 模板匹配相似度: 0.9999, 阈值: 0.85, 匹配位置: (28, 27)
2025-10-19 17:35:09.290 | DEBUG | MAIN_CHECK 模板匹配结果: True
2025-10-19 17:35:09.291 | DEBUG | MAIN_CHECK 颜色匹配 - 实际颜色: (247.6085693536674, 156.02178649237473, 198.42992011619464), 期望颜色: (255, 159, 207), 匹配结果: True
2025-10-19 17:35:09.293 | INFO | Template matching result for MAIN_CHECK: True
2025-10-19 17:35:09.294 | INFO | Trying template matching for ANNOUNCE_CLOSE with file: ./assets/popup/ANNOUNCE_CLOSE.png
2025-10-19 17:35:09.296 | DEBUG | ANNOUNCE_CLOSE 加载模板图像: ./assets/popup/ANNOUNCE_CLOSE.png
2025-10-19 17:35:09.298 | DEBUG | ANNOUNCE_CLOSE 模板图像加载成功, shape: (54, 254, 3)
2025-10-19 17:35:09.301 | DEBUG | ANNOUNCE_CLOSE 模板匹配相似度: 0.0881, 阈值: 0.85, 匹配位置: (45, 30)
2025-10-19 17:35:09.302 | DEBUG | ANNOUNCE_CLOSE 模板匹配结果: False
2025-10-19 17:35:09.303 | INFO | Template matching result for ANNOUNCE_CLOSE: False
2025-10-19 17:35:09.305 | INFO | Trying template matching for UPDATE_CONFIRM with file: ./assets/login/UPDATE_CONFIRM.png
2025-10-19 17:35:09.307 | DEBUG | UPDATE_CONFIRM 加载模板图像: ./assets/login/UPDATE_CONFIRM.png
2025-10-19 17:35:09.309 | DEBUG | UPDATE_CONFIRM 模板图像加载成功, shape: (61, 275, 3)
2025-10-19 17:35:09.311 | DEBUG | UPDATE_CONFIRM 模板匹配相似度: 0.0429, 阈值: 0.85, 匹配位置: (0, 20)
2025-10-19 17:35:09.312 | DEBUG | UPDATE_CONFIRM 模板匹配结果: False
2025-10-19 17:35:09.312 | INFO | Template matching result for UPDATE_CONFIRM: False
2025-10-19 17:35:09.934 | INFO | Trying template matching for MAIN_CHECK with file: ./assets/main/MAIN_CHECK.png
2025-10-19 17:35:09.936 | DEBUG | MAIN_CHECK 模板匹配相似度: 0.9999, 阈值: 0.85, 匹配位置: (28, 27)
2025-10-19 17:35:09.938 | DEBUG | MAIN_CHECK 模板匹配结果: True
2025-10-19 17:35:09.939 | DEBUG | MAIN_CHECK 颜色匹配 - 实际颜色: (247.6085693536674, 156.02178649237473, 198.42992011619464), 期望颜色: (255, 159, 207), 匹配结果: True
2025-10-19 17:35:09.942 | INFO | Template matching result for MAIN_CHECK: True
2025-10-19 17:35:09.943 | INFO | Trying template matching for ANNOUNCE_CLOSE with file: ./assets/popup/ANNOUNCE_CLOSE.png
2025-10-19 17:35:09.945 | DEBUG | ANNOUNCE_CLOSE 模板匹配相似度: 0.0873, 阈值: 0.85, 匹配位置: (26, 0)
2025-10-19 17:35:09.946 | DEBUG | ANNOUNCE_CLOSE 模板匹配结果: False
2025-10-19 17:35:09.948 | INFO | Template matching result for ANNOUNCE_CLOSE: False
2025-10-19 17:35:09.948 | INFO | Trying template matching for UPDATE_CONFIRM with file: ./assets/login/UPDATE_CONFIRM.png
2025-10-19 17:35:09.950 | DEBUG | UPDATE_CONFIRM 模板匹配相似度: 0.0360, 阈值: 0.85, 匹配位置: (0, 19)
2025-10-19 17:35:09.952 | DEBUG | UPDATE_CONFIRM 模板匹配结果: False
2025-10-19 17:35:09.953 | INFO | Template matching result for UPDATE_CONFIRM: False
2025-10-19 17:35:10.580 | INFO | Trying template matching for MAIN_CHECK with file: ./assets/main/MAIN_CHECK.png
2025-10-19 17:35:10.582 | DEBUG | MAIN_CHECK 模板匹配相似度: 0.9818, 阈值: 0.85, 匹配位置: (28, 27)
2025-10-19 17:35:10.583 | DEBUG | MAIN_CHECK 模板匹配结果: True
2025-10-19 17:35:10.584 | DEBUG | MAIN_CHECK 颜色匹配 - 实际颜色: (247.87363834422658, 155.86347131445171, 198.02904865649964), 期望颜色: (255, 159, 207), 匹配结果: True
2025-10-19 17:35:10.586 | INFO | Template matching result for MAIN_CHECK: True
2025-10-19 17:35:10.587 | INFO | Trying template matching for ANNOUNCE_CLOSE with file: ./assets/popup/ANNOUNCE_CLOSE.png
2025-10-19 17:35:10.589 | DEBUG | ANNOUNCE_CLOSE 模板匹配相似度: 0.0899, 阈值: 0.85, 匹配位置: (45, 30)
2025-10-19 17:35:10.590 | DEBUG | ANNOUNCE_CLOSE 模板匹配结果: False
2025-10-19 17:35:10.592 | INFO | Template matching result for ANNOUNCE_CLOSE: False
2025-10-19 17:35:10.593 | INFO | Trying template matching for UPDATE_CONFIRM with file: ./assets/login/UPDATE_CONFIRM.png
2025-10-19 17:35:10.595 | DEBUG | UPDATE_CONFIRM 模板匹配相似度: 0.0371, 阈值: 0.85, 匹配位置: (0, 22)
2025-10-19 17:35:10.596 | DEBUG | UPDATE_CONFIRM 模板匹配结果: False
2025-10-19 17:35:10.597 | INFO | Template matching result for UPDATE_CONFIRM: False
2025-10-19 17:35:11.221 | INFO | Trying template matching for MAIN_CHECK with file: ./assets/main/MAIN_CHECK.png
2025-10-19 17:35:11.223 | DEBUG | MAIN_CHECK 模板匹配相似度: 0.9999, 阈值: 0.85, 匹配位置: (28, 27)
2025-10-19 17:35:11.224 | DEBUG | MAIN_CHECK 模板匹配结果: True
2025-10-19 17:35:11.225 | DEBUG | MAIN_CHECK 颜色匹配 - 实际颜色: (247.6085693536674, 156.02178649237473, 198.42992011619464), 期望颜色: (255, 159, 207), 匹配结果: True
2025-10-19 17:35:11.226 | INFO | Template matching result for MAIN_CHECK: True
2025-10-19 17:35:11.227 | INFO | Login to main confirmed
2025-10-19 17:35:11.228 | INFO | Scheduler: End task `Start`
